# Test #0: PROTO: broadcast; LOSS: 0%; ARGS: 
## Sourcing local environment...
## Starting test (args: --loss-chance 0 --nodes 100 broadcast)...
INFO:root:total: 99 msgs, discarded: 0 msgs
INFO:root:expected: 0.000000, actual: 0.000000
INFO:root:SUCCEED in dissemination: (1/2000) rounds
# ok: test finished successfully
#####################################################################
# Test #1: PROTO: broadcast; LOSS: 0%; ARGS: 
## Sourcing local environment...
## Starting test (args: --loss-chance 0 --nodes 100 broadcast)...
INFO:root:total: 99 msgs, discarded: 0 msgs
INFO:root:expected: 0.000000, actual: 0.000000
INFO:root:SUCCEED in dissemination: (1/2000) rounds
# ok: test finished successfully
#####################################################################
# Test #2: PROTO: broadcast; LOSS: 0%; ARGS: 
## Sourcing local environment...
## Starting test (args: --loss-chance 0 --nodes 100 broadcast)...
INFO:root:total: 99 msgs, discarded: 0 msgs
INFO:root:expected: 0.000000, actual: 0.000000
INFO:root:SUCCEED in dissemination: (1/2000) rounds
# ok: test finished successfully
#####################################################################
# Test #3: PROTO: broadcast; LOSS: 0%; ARGS: 
## Sourcing local environment...
## Starting test (args: --loss-chance 0 --nodes 100 broadcast)...
INFO:root:total: 99 msgs, discarded: 0 msgs
INFO:root:expected: 0.000000, actual: 0.000000
INFO:root:SUCCEED in dissemination: (1/2000) rounds
# ok: test finished successfully
#####################################################################
# Test #4: PROTO: broadcast; LOSS: 0%; ARGS: 
## Sourcing local environment...
## Starting test (args: --loss-chance 0 --nodes 100 broadcast)...
INFO:root:total: 99 msgs, discarded: 0 msgs
INFO:root:expected: 0.000000, actual: 0.000000
INFO:root:SUCCEED in dissemination: (1/2000) rounds
# ok: test finished successfully
#####################################################################
# Test #5: PROTO: broadcast; LOSS: 0%; ARGS: 
## Sourcing local environment...
## Starting test (args: --loss-chance 0 --nodes 100 broadcast)...
INFO:root:total: 99 msgs, discarded: 0 msgs
INFO:root:expected: 0.000000, actual: 0.000000
INFO:root:SUCCEED in dissemination: (1/2000) rounds
# ok: test finished successfully
#####################################################################
# Test #6: PROTO: broadcast; LOSS: 0%; ARGS: 
## Sourcing local environment...
## Starting test (args: --loss-chance 0 --nodes 100 broadcast)...
INFO:root:total: 99 msgs, discarded: 0 msgs
INFO:root:expected: 0.000000, actual: 0.000000
INFO:root:SUCCEED in dissemination: (1/2000) rounds
# ok: test finished successfully
#####################################################################
# Test #7: PROTO: broadcast; LOSS: 0%; ARGS: 
## Sourcing local environment...
## Starting test (args: --loss-chance 0 --nodes 100 broadcast)...
INFO:root:total: 99 msgs, discarded: 0 msgs
INFO:root:expected: 0.000000, actual: 0.000000
INFO:root:SUCCEED in dissemination: (1/2000) rounds
# ok: test finished successfully
#####################################################################
# Test #8: PROTO: broadcast; LOSS: 0%; ARGS: 
## Sourcing local environment...
## Starting test (args: --loss-chance 0 --nodes 100 broadcast)...
INFO:root:total: 99 msgs, discarded: 0 msgs
INFO:root:expected: 0.000000, actual: 0.000000
INFO:root:SUCCEED in dissemination: (1/2000) rounds
# ok: test finished successfully
#####################################################################
# Test #9: PROTO: broadcast; LOSS: 0%; ARGS: 
## Sourcing local environment...
## Starting test (args: --loss-chance 0 --nodes 100 broadcast)...
INFO:root:total: 99 msgs, discarded: 0 msgs
INFO:root:expected: 0.000000, actual: 0.000000
INFO:root:SUCCEED in dissemination: (1/2000) rounds
# ok: test finished successfully
#####################################################################
