# Test #0: PROTO: broadcast; LOSS: 25%; ARGS: 
## Sourcing local environment...
## Starting test (args: --loss-chance 25 --nodes 100 broadcast)...
INFO:root:total: 7920 msgs, discarded: 1957 msgs
INFO:root:expected: 0.250000, actual: 0.247096
INFO:root:SUCCEED in dissemination: (2/2000) rounds
# ok: test finished successfully
#####################################################################
# Test #1: PROTO: broadcast; LOSS: 25%; ARGS: 
## Sourcing local environment...
## Starting test (args: --loss-chance 25 --nodes 100 broadcast)...
INFO:root:total: 7920 msgs, discarded: 1933 msgs
INFO:root:expected: 0.250000, actual: 0.244066
INFO:root:SUCCEED in dissemination: (2/2000) rounds
# ok: test finished successfully
#####################################################################
# Test #2: PROTO: broadcast; LOSS: 25%; ARGS: 
## Sourcing local environment...
## Starting test (args: --loss-chance 25 --nodes 100 broadcast)...
INFO:root:total: 7623 msgs, discarded: 1814 msgs
INFO:root:expected: 0.250000, actual: 0.237964
INFO:root:SUCCEED in dissemination: (2/2000) rounds
# ok: test finished successfully
#####################################################################
# Test #3: PROTO: broadcast; LOSS: 25%; ARGS: 
## Sourcing local environment...
## Starting test (args: --loss-chance 25 --nodes 100 broadcast)...
INFO:root:total: 7524 msgs, discarded: 1920 msgs
INFO:root:expected: 0.250000, actual: 0.255183
INFO:root:SUCCEED in dissemination: (2/2000) rounds
# ok: test finished successfully
#####################################################################
# Test #4: PROTO: broadcast; LOSS: 25%; ARGS: 
## Sourcing local environment...
## Starting test (args: --loss-chance 25 --nodes 100 broadcast)...
INFO:root:total: 7227 msgs, discarded: 1819 msgs
INFO:root:expected: 0.250000, actual: 0.251695
INFO:root:SUCCEED in dissemination: (2/2000) rounds
# ok: test finished successfully
#####################################################################
# Test #5: PROTO: broadcast; LOSS: 25%; ARGS: 
## Sourcing local environment...
## Starting test (args: --loss-chance 25 --nodes 100 broadcast)...
INFO:root:total: 8217 msgs, discarded: 1970 msgs
INFO:root:expected: 0.250000, actual: 0.239747
INFO:root:SUCCEED in dissemination: (2/2000) rounds
# ok: test finished successfully
#####################################################################
# Test #6: PROTO: broadcast; LOSS: 25%; ARGS: 
## Sourcing local environment...
## Starting test (args: --loss-chance 25 --nodes 100 broadcast)...
INFO:root:total: 8019 msgs, discarded: 2047 msgs
INFO:root:expected: 0.250000, actual: 0.255269
INFO:root:SUCCEED in dissemination: (2/2000) rounds
# ok: test finished successfully
#####################################################################
# Test #7: PROTO: broadcast; LOSS: 25%; ARGS: 
## Sourcing local environment...
## Starting test (args: --loss-chance 25 --nodes 100 broadcast)...
INFO:root:total: 7029 msgs, discarded: 1803 msgs
INFO:root:expected: 0.250000, actual: 0.256509
INFO:root:SUCCEED in dissemination: (2/2000) rounds
# ok: test finished successfully
#####################################################################
# Test #8: PROTO: broadcast; LOSS: 25%; ARGS: 
## Sourcing local environment...
## Starting test (args: --loss-chance 25 --nodes 100 broadcast)...
INFO:root:total: 6831 msgs, discarded: 1721 msgs
INFO:root:expected: 0.250000, actual: 0.251940
INFO:root:SUCCEED in dissemination: (2/2000) rounds
# ok: test finished successfully
#####################################################################
# Test #9: PROTO: broadcast; LOSS: 25%; ARGS: 
## Sourcing local environment...
## Starting test (args: --loss-chance 25 --nodes 100 broadcast)...
INFO:root:total: 8019 msgs, discarded: 1973 msgs
INFO:root:expected: 0.250000, actual: 0.246041
INFO:root:SUCCEED in dissemination: (2/2000) rounds
# ok: test finished successfully
#####################################################################
