# Test #0: PROTO: broadcast; LOSS: 50%; ARGS: 
## Sourcing local environment...
## Starting test (args: --loss-chance 50 --nodes 100 broadcast)...
INFO:root:total: 4851 msgs, discarded: 2399 msgs
INFO:root:expected: 0.500000, actual: 0.494537
INFO:root:SUCCEED in dissemination: (2/500) rounds
# ok: test finished successfully
#####################################################################
# Test #1: PROTO: broadcast; LOSS: 50%; ARGS: 
## Sourcing local environment...
## Starting test (args: --loss-chance 50 --nodes 100 broadcast)...
INFO:root:total: 5049 msgs, discarded: 2547 msgs
INFO:root:expected: 0.500000, actual: 0.504456
INFO:root:SUCCEED in dissemination: (2/500) rounds
# ok: test finished successfully
#####################################################################
# Test #2: PROTO: broadcast; LOSS: 50%; ARGS: 
## Sourcing local environment...
## Starting test (args: --loss-chance 50 --nodes 100 broadcast)...
INFO:root:total: 5346 msgs, discarded: 2679 msgs
INFO:root:expected: 0.500000, actual: 0.501122
INFO:root:SUCCEED in dissemination: (2/500) rounds
# ok: test finished successfully
#####################################################################
# Test #3: PROTO: broadcast; LOSS: 50%; ARGS: 
## Sourcing local environment...
## Starting test (args: --loss-chance 50 --nodes 100 broadcast)...
INFO:root:total: 6039 msgs, discarded: 3036 msgs
INFO:root:expected: 0.500000, actual: 0.502732
INFO:root:SUCCEED in dissemination: (2/500) rounds
# ok: test finished successfully
#####################################################################
# Test #4: PROTO: broadcast; LOSS: 50%; ARGS: 
## Sourcing local environment...
## Starting test (args: --loss-chance 50 --nodes 100 broadcast)...
INFO:root:total: 4356 msgs, discarded: 2206 msgs
INFO:root:expected: 0.500000, actual: 0.506428
INFO:root:SUCCEED in dissemination: (2/500) rounds
# ok: test finished successfully
#####################################################################
# Test #5: PROTO: broadcast; LOSS: 50%; ARGS: 
## Sourcing local environment...
## Starting test (args: --loss-chance 50 --nodes 100 broadcast)...
INFO:root:total: 4752 msgs, discarded: 2380 msgs
INFO:root:expected: 0.500000, actual: 0.500842
INFO:root:SUCCEED in dissemination: (2/500) rounds
# ok: test finished successfully
#####################################################################
# Test #6: PROTO: broadcast; LOSS: 50%; ARGS: 
## Sourcing local environment...
## Starting test (args: --loss-chance 50 --nodes 100 broadcast)...
INFO:root:total: 4851 msgs, discarded: 2442 msgs
INFO:root:expected: 0.500000, actual: 0.503401
INFO:root:SUCCEED in dissemination: (2/500) rounds
# ok: test finished successfully
#####################################################################
# Test #7: PROTO: broadcast; LOSS: 50%; ARGS: 
## Sourcing local environment...
## Starting test (args: --loss-chance 50 --nodes 100 broadcast)...
INFO:root:total: 4059 msgs, discarded: 2032 msgs
INFO:root:expected: 0.500000, actual: 0.500616
INFO:root:SUCCEED in dissemination: (2/500) rounds
# ok: test finished successfully
#####################################################################
# Test #8: PROTO: broadcast; LOSS: 50%; ARGS: 
## Sourcing local environment...
## Starting test (args: --loss-chance 50 --nodes 100 broadcast)...
INFO:root:total: 4752 msgs, discarded: 2397 msgs
INFO:root:expected: 0.500000, actual: 0.504419
INFO:root:SUCCEED in dissemination: (2/500) rounds
# ok: test finished successfully
#####################################################################
# Test #9: PROTO: broadcast; LOSS: 50%; ARGS: 
## Sourcing local environment...
## Starting test (args: --loss-chance 50 --nodes 100 broadcast)...
INFO:root:total: 6039 msgs, discarded: 3031 msgs
INFO:root:expected: 0.500000, actual: 0.501904
INFO:root:SUCCEED in dissemination: (2/500) rounds
# ok: test finished successfully
#####################################################################
