# Test #0: PROTO: broadcast; LOSS: 75%; ARGS: 
## Sourcing local environment...
## Starting test (args: --loss-chance 75 --nodes 100 broadcast)...
INFO:root:total: 2970 msgs, discarded: 2225 msgs
INFO:root:expected: 0.750000, actual: 0.749158
INFO:root:SUCCEED in dissemination: (2/500) rounds
# ok: test finished successfully
#####################################################################
# Test #1: PROTO: broadcast; LOSS: 75%; ARGS: 
## Sourcing local environment...
## Starting test (args: --loss-chance 75 --nodes 100 broadcast)...
INFO:root:total: 3663 msgs, discarded: 2765 msgs
INFO:root:expected: 0.750000, actual: 0.754846
INFO:root:SUCCEED in dissemination: (2/500) rounds
# ok: test finished successfully
#####################################################################
# Test #2: PROTO: broadcast; LOSS: 75%; ARGS: 
## Sourcing local environment...
## Starting test (args: --loss-chance 75 --nodes 100 broadcast)...
INFO:root:total: 2475 msgs, discarded: 1869 msgs
INFO:root:expected: 0.750000, actual: 0.755152
INFO:root:SUCCEED in dissemination: (2/500) rounds
# ok: test finished successfully
#####################################################################
# Test #3: PROTO: broadcast; LOSS: 75%; ARGS: 
## Sourcing local environment...
## Starting test (args: --loss-chance 75 --nodes 100 broadcast)...
INFO:root:total: 2079 msgs, discarded: 1526 msgs
INFO:root:expected: 0.750000, actual: 0.734007
INFO:root:SUCCEED in dissemination: (2/500) rounds
# ok: test finished successfully
#####################################################################
# Test #4: PROTO: broadcast; LOSS: 75%; ARGS: 
## Sourcing local environment...
## Starting test (args: --loss-chance 75 --nodes 100 broadcast)...
INFO:root:total: 2475 msgs, discarded: 1841 msgs
INFO:root:expected: 0.750000, actual: 0.743838
INFO:root:SUCCEED in dissemination: (2/500) rounds
# ok: test finished successfully
#####################################################################
# Test #5: PROTO: broadcast; LOSS: 75%; ARGS: 
## Sourcing local environment...
## Starting test (args: --loss-chance 75 --nodes 100 broadcast)...
INFO:root:total: 2772 msgs, discarded: 2100 msgs
INFO:root:expected: 0.750000, actual: 0.757576
INFO:root:SUCCEED in dissemination: (2/500) rounds
# ok: test finished successfully
#####################################################################
# Test #6: PROTO: broadcast; LOSS: 75%; ARGS: 
## Sourcing local environment...
## Starting test (args: --loss-chance 75 --nodes 100 broadcast)...
INFO:root:total: 3069 msgs, discarded: 2343 msgs
INFO:root:expected: 0.750000, actual: 0.763441
INFO:root:SUCCEED in dissemination: (2/500) rounds
# ok: test finished successfully
#####################################################################
# Test #7: PROTO: broadcast; LOSS: 75%; ARGS: 
## Sourcing local environment...
## Starting test (args: --loss-chance 75 --nodes 100 broadcast)...
INFO:root:total: 2178 msgs, discarded: 1658 msgs
INFO:root:expected: 0.750000, actual: 0.761249
INFO:root:SUCCEED in dissemination: (2/500) rounds
# ok: test finished successfully
#####################################################################
# Test #8: PROTO: broadcast; LOSS: 75%; ARGS: 
## Sourcing local environment...
## Starting test (args: --loss-chance 75 --nodes 100 broadcast)...
INFO:root:total: 3069 msgs, discarded: 2334 msgs
INFO:root:expected: 0.750000, actual: 0.760508
INFO:root:SUCCEED in dissemination: (2/500) rounds
# ok: test finished successfully
#####################################################################
# Test #9: PROTO: broadcast; LOSS: 75%; ARGS: 
## Sourcing local environment...
## Starting test (args: --loss-chance 75 --nodes 100 broadcast)...
INFO:root:total: 2871 msgs, discarded: 2126 msgs
INFO:root:expected: 0.750000, actual: 0.740509
INFO:root:SUCCEED in dissemination: (2/500) rounds
# ok: test finished successfully
#####################################################################
