# Test #0: PROTO: broadcast; LOSS: 90%; ARGS: 
## Sourcing local environment...
## Starting test (args: --loss-chance 90 --nodes 100 broadcast)...
INFO:root:total: 9405 msgs, discarded: 8437 msgs
INFO:root:expected: 0.900000, actual: 0.897076
INFO:root:SUCCEED in dissemination: (3/2000) rounds
# ok: test finished successfully
#####################################################################
# Test #1: PROTO: broadcast; LOSS: 90%; ARGS: 
## Sourcing local environment...
## Starting test (args: --loss-chance 90 --nodes 100 broadcast)...
INFO:root:total: 9108 msgs, discarded: 8154 msgs
INFO:root:expected: 0.900000, actual: 0.895257
INFO:root:SUCCEED in dissemination: (3/2000) rounds
# ok: test finished successfully
#####################################################################
# Test #2: PROTO: broadcast; LOSS: 90%; ARGS: 
## Sourcing local environment...
## Starting test (args: --loss-chance 90 --nodes 100 broadcast)...
INFO:root:total: 8811 msgs, discarded: 7950 msgs
INFO:root:expected: 0.900000, actual: 0.902281
INFO:root:SUCCEED in dissemination: (3/2000) rounds
# ok: test finished successfully
#####################################################################
# Test #3: PROTO: broadcast; LOSS: 90%; ARGS: 
## Sourcing local environment...
## Starting test (args: --loss-chance 90 --nodes 100 broadcast)...
INFO:root:total: 9207 msgs, discarded: 8303 msgs
INFO:root:expected: 0.900000, actual: 0.901814
INFO:root:SUCCEED in dissemination: (3/2000) rounds
# ok: test finished successfully
#####################################################################
# Test #4: PROTO: broadcast; LOSS: 90%; ARGS: 
## Sourcing local environment...
## Starting test (args: --loss-chance 90 --nodes 100 broadcast)...
INFO:root:total: 7326 msgs, discarded: 6547 msgs
INFO:root:expected: 0.900000, actual: 0.893666
INFO:root:SUCCEED in dissemination: (3/2000) rounds
# ok: test finished successfully
#####################################################################
# Test #5: PROTO: broadcast; LOSS: 90%; ARGS: 
## Sourcing local environment...
## Starting test (args: --loss-chance 90 --nodes 100 broadcast)...
INFO:root:total: 7920 msgs, discarded: 7150 msgs
INFO:root:expected: 0.900000, actual: 0.902778
INFO:root:SUCCEED in dissemination: (3/2000) rounds
# ok: test finished successfully
#####################################################################
# Test #6: PROTO: broadcast; LOSS: 90%; ARGS: 
## Sourcing local environment...
## Starting test (args: --loss-chance 90 --nodes 100 broadcast)...
INFO:root:total: 8712 msgs, discarded: 7846 msgs
INFO:root:expected: 0.900000, actual: 0.900597
INFO:root:SUCCEED in dissemination: (3/2000) rounds
# ok: test finished successfully
#####################################################################
# Test #7: PROTO: broadcast; LOSS: 90%; ARGS: 
## Sourcing local environment...
## Starting test (args: --loss-chance 90 --nodes 100 broadcast)...
INFO:root:total: 10593 msgs, discarded: 9536 msgs
INFO:root:expected: 0.900000, actual: 0.900217
INFO:root:SUCCEED in dissemination: (3/2000) rounds
# ok: test finished successfully
#####################################################################
# Test #8: PROTO: broadcast; LOSS: 90%; ARGS: 
## Sourcing local environment...
## Starting test (args: --loss-chance 90 --nodes 100 broadcast)...
INFO:root:total: 8613 msgs, discarded: 7772 msgs
INFO:root:expected: 0.900000, actual: 0.902357
INFO:root:SUCCEED in dissemination: (3/2000) rounds
# ok: test finished successfully
#####################################################################
# Test #9: PROTO: broadcast; LOSS: 90%; ARGS: 
## Sourcing local environment...
## Starting test (args: --loss-chance 90 --nodes 100 broadcast)...
INFO:root:total: 18117 msgs, discarded: 16287 msgs
INFO:root:expected: 0.900000, actual: 0.898990
INFO:root:SUCCEED in dissemination: (4/2000) rounds
# ok: test finished successfully
#####################################################################
