# Test #0: PROTO: gossip; LOSS: 0%; ARGS: pull 5
## Sourcing local environment...
## Starting test (args: --loss-chance 0 --nodes 100 gossip pull 5)...
INFO:root:total: 1224 msgs, discarded: 0 msgs
INFO:root:expected: 0.000000, actual: 0.000000
INFO:root:SUCCEED in dissemination: (3/2000) rounds
# ok: test finished successfully
#####################################################################
# Test #1: PROTO: gossip; LOSS: 0%; ARGS: pull 5
## Sourcing local environment...
## Starting test (args: --loss-chance 0 --nodes 100 gossip pull 5)...
INFO:root:total: 1035 msgs, discarded: 0 msgs
INFO:root:expected: 0.000000, actual: 0.000000
INFO:root:SUCCEED in dissemination: (2/2000) rounds
# ok: test finished successfully
#####################################################################
# Test #2: PROTO: gossip; LOSS: 0%; ARGS: pull 5
## Sourcing local environment...
## Starting test (args: --loss-chance 0 --nodes 100 gossip pull 5)...
INFO:root:total: 1120 msgs, discarded: 0 msgs
INFO:root:expected: 0.000000, actual: 0.000000
INFO:root:SUCCEED in dissemination: (3/2000) rounds
# ok: test finished successfully
#####################################################################
# Test #3: PROTO: gossip; LOSS: 0%; ARGS: pull 5
## Sourcing local environment...
## Starting test (args: --loss-chance 0 --nodes 100 gossip pull 5)...
INFO:root:total: 1306 msgs, discarded: 0 msgs
INFO:root:expected: 0.000000, actual: 0.000000
INFO:root:SUCCEED in dissemination: (3/2000) rounds
# ok: test finished successfully
#####################################################################
# Test #4: PROTO: gossip; LOSS: 0%; ARGS: pull 5
## Sourcing local environment...
## Starting test (args: --loss-chance 0 --nodes 100 gossip pull 5)...
INFO:root:total: 1078 msgs, discarded: 0 msgs
INFO:root:expected: 0.000000, actual: 0.000000
INFO:root:SUCCEED in dissemination: (3/2000) rounds
# ok: test finished successfully
#####################################################################
# Test #5: PROTO: gossip; LOSS: 0%; ARGS: pull 5
## Sourcing local environment...
## Starting test (args: --loss-chance 0 --nodes 100 gossip pull 5)...
INFO:root:total: 1296 msgs, discarded: 0 msgs
INFO:root:expected: 0.000000, actual: 0.000000
INFO:root:SUCCEED in dissemination: (3/2000) rounds
# ok: test finished successfully
#####################################################################
# Test #6: PROTO: gossip; LOSS: 0%; ARGS: pull 5
## Sourcing local environment...
## Starting test (args: --loss-chance 0 --nodes 100 gossip pull 5)...
INFO:root:total: 1223 msgs, discarded: 0 msgs
INFO:root:expected: 0.000000, actual: 0.000000
INFO:root:SUCCEED in dissemination: (3/2000) rounds
# ok: test finished successfully
#####################################################################
# Test #7: PROTO: gossip; LOSS: 0%; ARGS: pull 5
## Sourcing local environment...
## Starting test (args: --loss-chance 0 --nodes 100 gossip pull 5)...
INFO:root:total: 1041 msgs, discarded: 0 msgs
INFO:root:expected: 0.000000, actual: 0.000000
INFO:root:SUCCEED in dissemination: (2/2000) rounds
# ok: test finished successfully
#####################################################################
# Test #8: PROTO: gossip; LOSS: 0%; ARGS: pull 5
## Sourcing local environment...
## Starting test (args: --loss-chance 0 --nodes 100 gossip pull 5)...
INFO:root:total: 1296 msgs, discarded: 0 msgs
INFO:root:expected: 0.000000, actual: 0.000000
INFO:root:SUCCEED in dissemination: (3/2000) rounds
# ok: test finished successfully
#####################################################################
# Test #9: PROTO: gossip; LOSS: 0%; ARGS: pull 5
## Sourcing local environment...
## Starting test (args: --loss-chance 0 --nodes 100 gossip pull 5)...
INFO:root:total: 1152 msgs, discarded: 0 msgs
INFO:root:expected: 0.000000, actual: 0.000000
INFO:root:SUCCEED in dissemination: (3/2000) rounds
# ok: test finished successfully
#####################################################################
