# Test #0: PROTO: gossip; LOSS: 0%; ARGS: push-pull 5 80
## Sourcing local environment...
## Starting test (args: --loss-chance 0 --nodes 100 gossip push-pull 5 80)...
INFO:root:total: 12071 msgs, discarded: 0 msgs
INFO:root:expected: 0.000000, actual: 0.000000
INFO:root:SUCCEED in dissemination: (1/2000) rounds
# ok: test finished successfully
#####################################################################
# Test #1: PROTO: gossip; LOSS: 0%; ARGS: push-pull 5 80
## Sourcing local environment...
## Starting test (args: --loss-chance 0 --nodes 100 gossip push-pull 5 80)...
INFO:root:total: 12044 msgs, discarded: 0 msgs
INFO:root:expected: 0.000000, actual: 0.000000
INFO:root:SUCCEED in dissemination: (1/2000) rounds
# ok: test finished successfully
#####################################################################
# Test #2: PROTO: gossip; LOSS: 0%; ARGS: push-pull 5 80
## Sourcing local environment...
## Starting test (args: --loss-chance 0 --nodes 100 gossip push-pull 5 80)...
INFO:root:total: 12171 msgs, discarded: 0 msgs
INFO:root:expected: 0.000000, actual: 0.000000
INFO:root:SUCCEED in dissemination: (1/2000) rounds
# ok: test finished successfully
#####################################################################
# Test #3: PROTO: gossip; LOSS: 0%; ARGS: push-pull 5 80
## Sourcing local environment...
## Starting test (args: --loss-chance 0 --nodes 100 gossip push-pull 5 80)...
INFO:root:total: 12158 msgs, discarded: 0 msgs
INFO:root:expected: 0.000000, actual: 0.000000
INFO:root:SUCCEED in dissemination: (1/2000) rounds
# ok: test finished successfully
#####################################################################
# Test #4: PROTO: gossip; LOSS: 0%; ARGS: push-pull 5 80
## Sourcing local environment...
## Starting test (args: --loss-chance 0 --nodes 100 gossip push-pull 5 80)...
INFO:root:total: 12160 msgs, discarded: 0 msgs
INFO:root:expected: 0.000000, actual: 0.000000
INFO:root:SUCCEED in dissemination: (1/2000) rounds
# ok: test finished successfully
#####################################################################
# Test #5: PROTO: gossip; LOSS: 0%; ARGS: push-pull 5 80
## Sourcing local environment...
## Starting test (args: --loss-chance 0 --nodes 100 gossip push-pull 5 80)...
INFO:root:total: 12224 msgs, discarded: 0 msgs
INFO:root:expected: 0.000000, actual: 0.000000
INFO:root:SUCCEED in dissemination: (1/2000) rounds
# ok: test finished successfully
#####################################################################
# Test #6: PROTO: gossip; LOSS: 0%; ARGS: push-pull 5 80
## Sourcing local environment...
## Starting test (args: --loss-chance 0 --nodes 100 gossip push-pull 5 80)...
INFO:root:total: 12141 msgs, discarded: 0 msgs
INFO:root:expected: 0.000000, actual: 0.000000
INFO:root:SUCCEED in dissemination: (1/2000) rounds
# ok: test finished successfully
#####################################################################
# Test #7: PROTO: gossip; LOSS: 0%; ARGS: push-pull 5 80
## Sourcing local environment...
## Starting test (args: --loss-chance 0 --nodes 100 gossip push-pull 5 80)...
INFO:root:total: 12054 msgs, discarded: 0 msgs
INFO:root:expected: 0.000000, actual: 0.000000
INFO:root:SUCCEED in dissemination: (1/2000) rounds
# ok: test finished successfully
#####################################################################
# Test #8: PROTO: gossip; LOSS: 0%; ARGS: push-pull 5 80
## Sourcing local environment...
## Starting test (args: --loss-chance 0 --nodes 100 gossip push-pull 5 80)...
INFO:root:total: 12126 msgs, discarded: 0 msgs
INFO:root:expected: 0.000000, actual: 0.000000
INFO:root:SUCCEED in dissemination: (1/2000) rounds
# ok: test finished successfully
#####################################################################
# Test #9: PROTO: gossip; LOSS: 0%; ARGS: push-pull 5 80
## Sourcing local environment...
## Starting test (args: --loss-chance 0 --nodes 100 gossip push-pull 5 80)...
INFO:root:total: 12110 msgs, discarded: 0 msgs
INFO:root:expected: 0.000000, actual: 0.000000
INFO:root:SUCCEED in dissemination: (1/2000) rounds
# ok: test finished successfully
#####################################################################
