# Test #0: PROTO: gossip; LOSS: 0%; ARGS: pull 30
## Sourcing local environment...
## Starting test (args: --loss-chance 0 --nodes 100 gossip pull 30)...
INFO:root:total: 4663 msgs, discarded: 0 msgs
INFO:root:expected: 0.000000, actual: 0.000000
INFO:root:SUCCEED in dissemination: (2/1000) rounds
# ok: test finished successfully
#####################################################################
# Test #1: PROTO: gossip; LOSS: 0%; ARGS: pull 30
## Sourcing local environment...
## Starting test (args: --loss-chance 0 --nodes 100 gossip pull 30)...
INFO:root:total: 4551 msgs, discarded: 0 msgs
INFO:root:expected: 0.000000, actual: 0.000000
INFO:root:SUCCEED in dissemination: (2/1000) rounds
# ok: test finished successfully
#####################################################################
# Test #2: PROTO: gossip; LOSS: 0%; ARGS: pull 30
## Sourcing local environment...
## Starting test (args: --loss-chance 0 --nodes 100 gossip pull 30)...
INFO:root:total: 4611 msgs, discarded: 0 msgs
INFO:root:expected: 0.000000, actual: 0.000000
INFO:root:SUCCEED in dissemination: (2/1000) rounds
# ok: test finished successfully
#####################################################################
# Test #3: PROTO: gossip; LOSS: 0%; ARGS: pull 30
## Sourcing local environment...
## Starting test (args: --loss-chance 0 --nodes 100 gossip pull 30)...
INFO:root:total: 4820 msgs, discarded: 0 msgs
INFO:root:expected: 0.000000, actual: 0.000000
INFO:root:SUCCEED in dissemination: (2/1000) rounds
# ok: test finished successfully
#####################################################################
# Test #4: PROTO: gossip; LOSS: 0%; ARGS: pull 30
## Sourcing local environment...
## Starting test (args: --loss-chance 0 --nodes 100 gossip pull 30)...
INFO:root:total: 4825 msgs, discarded: 0 msgs
INFO:root:expected: 0.000000, actual: 0.000000
INFO:root:SUCCEED in dissemination: (2/1000) rounds
# ok: test finished successfully
#####################################################################
# Test #5: PROTO: gossip; LOSS: 0%; ARGS: pull 30
## Sourcing local environment...
## Starting test (args: --loss-chance 0 --nodes 100 gossip pull 30)...
INFO:root:total: 4766 msgs, discarded: 0 msgs
INFO:root:expected: 0.000000, actual: 0.000000
INFO:root:SUCCEED in dissemination: (2/1000) rounds
# ok: test finished successfully
#####################################################################
# Test #6: PROTO: gossip; LOSS: 0%; ARGS: pull 30
## Sourcing local environment...
## Starting test (args: --loss-chance 0 --nodes 100 gossip pull 30)...
INFO:root:total: 4453 msgs, discarded: 0 msgs
INFO:root:expected: 0.000000, actual: 0.000000
INFO:root:SUCCEED in dissemination: (1/1000) rounds
# ok: test finished successfully
#####################################################################
# Test #7: PROTO: gossip; LOSS: 0%; ARGS: pull 30
## Sourcing local environment...
## Starting test (args: --loss-chance 0 --nodes 100 gossip pull 30)...
INFO:root:total: 4589 msgs, discarded: 0 msgs
INFO:root:expected: 0.000000, actual: 0.000000
INFO:root:SUCCEED in dissemination: (2/1000) rounds
# ok: test finished successfully
#####################################################################
# Test #8: PROTO: gossip; LOSS: 0%; ARGS: pull 30
## Sourcing local environment...
## Starting test (args: --loss-chance 0 --nodes 100 gossip pull 30)...
INFO:root:total: 4539 msgs, discarded: 0 msgs
INFO:root:expected: 0.000000, actual: 0.000000
INFO:root:SUCCEED in dissemination: (2/1000) rounds
# ok: test finished successfully
#####################################################################
# Test #9: PROTO: gossip; LOSS: 0%; ARGS: pull 30
## Sourcing local environment...
## Starting test (args: --loss-chance 0 --nodes 100 gossip pull 30)...
INFO:root:total: 4566 msgs, discarded: 0 msgs
INFO:root:expected: 0.000000, actual: 0.000000
INFO:root:SUCCEED in dissemination: (2/1000) rounds
# ok: test finished successfully
#####################################################################
