# Test #0: PROTO: gossip; LOSS: 0%; ARGS: push-pull 10 40
## Sourcing local environment...
## Starting test (args: --loss-chance 0 --nodes 100 gossip push-pull 10 40)...
INFO:root:total: 6095 msgs, discarded: 0 msgs
INFO:root:expected: 0.000000, actual: 0.000000
INFO:root:SUCCEED in dissemination: (1/500) rounds
# ok: test finished successfully
#####################################################################
# Test #1: PROTO: gossip; LOSS: 0%; ARGS: push-pull 10 40
## Sourcing local environment...
## Starting test (args: --loss-chance 0 --nodes 100 gossip push-pull 10 40)...
INFO:root:total: 6120 msgs, discarded: 0 msgs
INFO:root:expected: 0.000000, actual: 0.000000
INFO:root:SUCCEED in dissemination: (1/500) rounds
# ok: test finished successfully
#####################################################################
# Test #2: PROTO: gossip; LOSS: 0%; ARGS: push-pull 10 40
## Sourcing local environment...
## Starting test (args: --loss-chance 0 --nodes 100 gossip push-pull 10 40)...
INFO:root:total: 6075 msgs, discarded: 0 msgs
INFO:root:expected: 0.000000, actual: 0.000000
INFO:root:SUCCEED in dissemination: (1/500) rounds
# ok: test finished successfully
#####################################################################
# Test #3: PROTO: gossip; LOSS: 0%; ARGS: push-pull 10 40
## Sourcing local environment...
## Starting test (args: --loss-chance 0 --nodes 100 gossip push-pull 10 40)...
INFO:root:total: 6145 msgs, discarded: 0 msgs
INFO:root:expected: 0.000000, actual: 0.000000
INFO:root:SUCCEED in dissemination: (1/500) rounds
# ok: test finished successfully
#####################################################################
# Test #4: PROTO: gossip; LOSS: 0%; ARGS: push-pull 10 40
## Sourcing local environment...
## Starting test (args: --loss-chance 0 --nodes 100 gossip push-pull 10 40)...
INFO:root:total: 6122 msgs, discarded: 0 msgs
INFO:root:expected: 0.000000, actual: 0.000000
INFO:root:SUCCEED in dissemination: (1/500) rounds
# ok: test finished successfully
#####################################################################
# Test #5: PROTO: gossip; LOSS: 0%; ARGS: push-pull 10 40
## Sourcing local environment...
## Starting test (args: --loss-chance 0 --nodes 100 gossip push-pull 10 40)...
INFO:root:total: 6130 msgs, discarded: 0 msgs
INFO:root:expected: 0.000000, actual: 0.000000
INFO:root:SUCCEED in dissemination: (1/500) rounds
# ok: test finished successfully
#####################################################################
# Test #6: PROTO: gossip; LOSS: 0%; ARGS: push-pull 10 40
## Sourcing local environment...
## Starting test (args: --loss-chance 0 --nodes 100 gossip push-pull 10 40)...
INFO:root:total: 6144 msgs, discarded: 0 msgs
INFO:root:expected: 0.000000, actual: 0.000000
INFO:root:SUCCEED in dissemination: (1/500) rounds
# ok: test finished successfully
#####################################################################
# Test #7: PROTO: gossip; LOSS: 0%; ARGS: push-pull 10 40
## Sourcing local environment...
## Starting test (args: --loss-chance 0 --nodes 100 gossip push-pull 10 40)...
INFO:root:total: 6204 msgs, discarded: 0 msgs
INFO:root:expected: 0.000000, actual: 0.000000
INFO:root:SUCCEED in dissemination: (1/500) rounds
# ok: test finished successfully
#####################################################################
# Test #8: PROTO: gossip; LOSS: 0%; ARGS: push-pull 10 40
## Sourcing local environment...
## Starting test (args: --loss-chance 0 --nodes 100 gossip push-pull 10 40)...
INFO:root:total: 6133 msgs, discarded: 0 msgs
INFO:root:expected: 0.000000, actual: 0.000000
INFO:root:SUCCEED in dissemination: (1/500) rounds
# ok: test finished successfully
#####################################################################
# Test #9: PROTO: gossip; LOSS: 0%; ARGS: push-pull 10 40
## Sourcing local environment...
## Starting test (args: --loss-chance 0 --nodes 100 gossip push-pull 10 40)...
INFO:root:total: 6104 msgs, discarded: 0 msgs
INFO:root:expected: 0.000000, actual: 0.000000
INFO:root:SUCCEED in dissemination: (1/500) rounds
# ok: test finished successfully
#####################################################################
