# Test #0: PROTO: gossip; LOSS: 0%; ARGS: push-pull 30 80
## Sourcing local environment...
## Starting test (args: --loss-chance 0 --nodes 100 gossip push-pull 30 80)...
INFO:root:total: 13124 msgs, discarded: 0 msgs
INFO:root:expected: 0.000000, actual: 0.000000
INFO:root:SUCCEED in dissemination: (1/2000) rounds
# ok: test finished successfully
#####################################################################
# Test #1: PROTO: gossip; LOSS: 0%; ARGS: push-pull 30 80
## Sourcing local environment...
## Starting test (args: --loss-chance 0 --nodes 100 gossip push-pull 30 80)...
INFO:root:total: 13189 msgs, discarded: 0 msgs
INFO:root:expected: 0.000000, actual: 0.000000
INFO:root:SUCCEED in dissemination: (1/2000) rounds
# ok: test finished successfully
#####################################################################
# Test #2: PROTO: gossip; LOSS: 0%; ARGS: push-pull 30 80
## Sourcing local environment...
## Starting test (args: --loss-chance 0 --nodes 100 gossip push-pull 30 80)...
INFO:root:total: 13164 msgs, discarded: 0 msgs
INFO:root:expected: 0.000000, actual: 0.000000
INFO:root:SUCCEED in dissemination: (1/2000) rounds
# ok: test finished successfully
#####################################################################
# Test #3: PROTO: gossip; LOSS: 0%; ARGS: push-pull 30 80
## Sourcing local environment...
## Starting test (args: --loss-chance 0 --nodes 100 gossip push-pull 30 80)...
INFO:root:total: 13088 msgs, discarded: 0 msgs
INFO:root:expected: 0.000000, actual: 0.000000
INFO:root:SUCCEED in dissemination: (1/2000) rounds
# ok: test finished successfully
#####################################################################
# Test #4: PROTO: gossip; LOSS: 0%; ARGS: push-pull 30 80
## Sourcing local environment...
## Starting test (args: --loss-chance 0 --nodes 100 gossip push-pull 30 80)...
INFO:root:total: 13220 msgs, discarded: 0 msgs
INFO:root:expected: 0.000000, actual: 0.000000
INFO:root:SUCCEED in dissemination: (1/2000) rounds
# ok: test finished successfully
#####################################################################
# Test #5: PROTO: gossip; LOSS: 0%; ARGS: push-pull 30 80
## Sourcing local environment...
## Starting test (args: --loss-chance 0 --nodes 100 gossip push-pull 30 80)...
INFO:root:total: 13269 msgs, discarded: 0 msgs
INFO:root:expected: 0.000000, actual: 0.000000
INFO:root:SUCCEED in dissemination: (1/2000) rounds
# ok: test finished successfully
#####################################################################
# Test #6: PROTO: gossip; LOSS: 0%; ARGS: push-pull 30 80
## Sourcing local environment...
## Starting test (args: --loss-chance 0 --nodes 100 gossip push-pull 30 80)...
INFO:root:total: 13172 msgs, discarded: 0 msgs
INFO:root:expected: 0.000000, actual: 0.000000
INFO:root:SUCCEED in dissemination: (1/2000) rounds
# ok: test finished successfully
#####################################################################
# Test #7: PROTO: gossip; LOSS: 0%; ARGS: push-pull 30 80
## Sourcing local environment...
## Starting test (args: --loss-chance 0 --nodes 100 gossip push-pull 30 80)...
INFO:root:total: 13215 msgs, discarded: 0 msgs
INFO:root:expected: 0.000000, actual: 0.000000
INFO:root:SUCCEED in dissemination: (1/2000) rounds
# ok: test finished successfully
#####################################################################
# Test #8: PROTO: gossip; LOSS: 0%; ARGS: push-pull 30 80
## Sourcing local environment...
## Starting test (args: --loss-chance 0 --nodes 100 gossip push-pull 30 80)...
INFO:root:total: 13047 msgs, discarded: 0 msgs
INFO:root:expected: 0.000000, actual: 0.000000
INFO:root:SUCCEED in dissemination: (1/2000) rounds
# ok: test finished successfully
#####################################################################
# Test #9: PROTO: gossip; LOSS: 0%; ARGS: push-pull 30 80
## Sourcing local environment...
## Starting test (args: --loss-chance 0 --nodes 100 gossip push-pull 30 80)...
INFO:root:total: 13100 msgs, discarded: 0 msgs
INFO:root:expected: 0.000000, actual: 0.000000
INFO:root:SUCCEED in dissemination: (1/2000) rounds
# ok: test finished successfully
#####################################################################
