# Test #0: PROTO: gossip; LOSS: 0%; ARGS: pull 55
## Sourcing local environment...
## Starting test (args: --loss-chance 0 --nodes 100 gossip pull 55)...
INFO:root:total: 8307 msgs, discarded: 0 msgs
INFO:root:expected: 0.000000, actual: 0.000000
INFO:root:SUCCEED in dissemination: (2/1000) rounds
# ok: test finished successfully
#####################################################################
# Test #1: PROTO: gossip; LOSS: 0%; ARGS: pull 55
## Sourcing local environment...
## Starting test (args: --loss-chance 0 --nodes 100 gossip pull 55)...
INFO:root:total: 8234 msgs, discarded: 0 msgs
INFO:root:expected: 0.000000, actual: 0.000000
INFO:root:SUCCEED in dissemination: (2/1000) rounds
# ok: test finished successfully
#####################################################################
# Test #2: PROTO: gossip; LOSS: 0%; ARGS: pull 55
## Sourcing local environment...
## Starting test (args: --loss-chance 0 --nodes 100 gossip pull 55)...
INFO:root:total: 8346 msgs, discarded: 0 msgs
INFO:root:expected: 0.000000, actual: 0.000000
INFO:root:SUCCEED in dissemination: (2/1000) rounds
# ok: test finished successfully
#####################################################################
# Test #3: PROTO: gossip; LOSS: 0%; ARGS: pull 55
## Sourcing local environment...
## Starting test (args: --loss-chance 0 --nodes 100 gossip pull 55)...
INFO:root:total: 8189 msgs, discarded: 0 msgs
INFO:root:expected: 0.000000, actual: 0.000000
INFO:root:SUCCEED in dissemination: (1/1000) rounds
# ok: test finished successfully
#####################################################################
# Test #4: PROTO: gossip; LOSS: 0%; ARGS: pull 55
## Sourcing local environment...
## Starting test (args: --loss-chance 0 --nodes 100 gossip pull 55)...
INFO:root:total: 8168 msgs, discarded: 0 msgs
INFO:root:expected: 0.000000, actual: 0.000000
INFO:root:SUCCEED in dissemination: (1/1000) rounds
# ok: test finished successfully
#####################################################################
# Test #5: PROTO: gossip; LOSS: 0%; ARGS: pull 55
## Sourcing local environment...
## Starting test (args: --loss-chance 0 --nodes 100 gossip pull 55)...
INFO:root:total: 8299 msgs, discarded: 0 msgs
INFO:root:expected: 0.000000, actual: 0.000000
INFO:root:SUCCEED in dissemination: (2/1000) rounds
# ok: test finished successfully
#####################################################################
# Test #6: PROTO: gossip; LOSS: 0%; ARGS: pull 55
## Sourcing local environment...
## Starting test (args: --loss-chance 0 --nodes 100 gossip pull 55)...
INFO:root:total: 8250 msgs, discarded: 0 msgs
INFO:root:expected: 0.000000, actual: 0.000000
INFO:root:SUCCEED in dissemination: (2/1000) rounds
# ok: test finished successfully
#####################################################################
# Test #7: PROTO: gossip; LOSS: 0%; ARGS: pull 55
## Sourcing local environment...
## Starting test (args: --loss-chance 0 --nodes 100 gossip pull 55)...
INFO:root:total: 8262 msgs, discarded: 0 msgs
INFO:root:expected: 0.000000, actual: 0.000000
INFO:root:SUCCEED in dissemination: (2/1000) rounds
# ok: test finished successfully
#####################################################################
# Test #8: PROTO: gossip; LOSS: 0%; ARGS: pull 55
## Sourcing local environment...
## Starting test (args: --loss-chance 0 --nodes 100 gossip pull 55)...
INFO:root:total: 8182 msgs, discarded: 0 msgs
INFO:root:expected: 0.000000, actual: 0.000000
INFO:root:SUCCEED in dissemination: (1/1000) rounds
# ok: test finished successfully
#####################################################################
# Test #9: PROTO: gossip; LOSS: 0%; ARGS: pull 55
## Sourcing local environment...
## Starting test (args: --loss-chance 0 --nodes 100 gossip pull 55)...
INFO:root:total: 8234 msgs, discarded: 0 msgs
INFO:root:expected: 0.000000, actual: 0.000000
INFO:root:SUCCEED in dissemination: (2/1000) rounds
# ok: test finished successfully
#####################################################################
