# Test #0: PROTO: gossip; LOSS: 0%; ARGS: push-pull 70 10
## Sourcing local environment...
## Starting test (args: --loss-chance 0 --nodes 100 gossip push-pull 70 10)...
INFO:root:total: 1892 msgs, discarded: 0 msgs
INFO:root:expected: 0.000000, actual: 0.000000
INFO:root:SUCCEED in dissemination: (1/500) rounds
# ok: test finished successfully
#####################################################################
# Test #1: PROTO: gossip; LOSS: 0%; ARGS: push-pull 70 10
## Sourcing local environment...
## Starting test (args: --loss-chance 0 --nodes 100 gossip push-pull 70 10)...
INFO:root:total: 1914 msgs, discarded: 0 msgs
INFO:root:expected: 0.000000, actual: 0.000000
INFO:root:SUCCEED in dissemination: (1/500) rounds
# ok: test finished successfully
#####################################################################
# Test #2: PROTO: gossip; LOSS: 0%; ARGS: push-pull 70 10
## Sourcing local environment...
## Starting test (args: --loss-chance 0 --nodes 100 gossip push-pull 70 10)...
INFO:root:total: 1880 msgs, discarded: 0 msgs
INFO:root:expected: 0.000000, actual: 0.000000
INFO:root:SUCCEED in dissemination: (1/500) rounds
# ok: test finished successfully
#####################################################################
# Test #3: PROTO: gossip; LOSS: 0%; ARGS: push-pull 70 10
## Sourcing local environment...
## Starting test (args: --loss-chance 0 --nodes 100 gossip push-pull 70 10)...
INFO:root:total: 1883 msgs, discarded: 0 msgs
INFO:root:expected: 0.000000, actual: 0.000000
INFO:root:SUCCEED in dissemination: (1/500) rounds
# ok: test finished successfully
#####################################################################
# Test #4: PROTO: gossip; LOSS: 0%; ARGS: push-pull 70 10
## Sourcing local environment...
## Starting test (args: --loss-chance 0 --nodes 100 gossip push-pull 70 10)...
INFO:root:total: 1878 msgs, discarded: 0 msgs
INFO:root:expected: 0.000000, actual: 0.000000
INFO:root:SUCCEED in dissemination: (1/500) rounds
# ok: test finished successfully
#####################################################################
# Test #5: PROTO: gossip; LOSS: 0%; ARGS: push-pull 70 10
## Sourcing local environment...
## Starting test (args: --loss-chance 0 --nodes 100 gossip push-pull 70 10)...
INFO:root:total: 1899 msgs, discarded: 0 msgs
INFO:root:expected: 0.000000, actual: 0.000000
INFO:root:SUCCEED in dissemination: (1/500) rounds
# ok: test finished successfully
#####################################################################
# Test #6: PROTO: gossip; LOSS: 0%; ARGS: push-pull 70 10
## Sourcing local environment...
## Starting test (args: --loss-chance 0 --nodes 100 gossip push-pull 70 10)...
INFO:root:total: 1874 msgs, discarded: 0 msgs
INFO:root:expected: 0.000000, actual: 0.000000
INFO:root:SUCCEED in dissemination: (1/500) rounds
# ok: test finished successfully
#####################################################################
# Test #7: PROTO: gossip; LOSS: 0%; ARGS: push-pull 70 10
## Sourcing local environment...
## Starting test (args: --loss-chance 0 --nodes 100 gossip push-pull 70 10)...
INFO:root:total: 1925 msgs, discarded: 0 msgs
INFO:root:expected: 0.000000, actual: 0.000000
INFO:root:SUCCEED in dissemination: (1/500) rounds
# ok: test finished successfully
#####################################################################
# Test #8: PROTO: gossip; LOSS: 0%; ARGS: push-pull 70 10
## Sourcing local environment...
## Starting test (args: --loss-chance 0 --nodes 100 gossip push-pull 70 10)...
INFO:root:total: 1882 msgs, discarded: 0 msgs
INFO:root:expected: 0.000000, actual: 0.000000
INFO:root:SUCCEED in dissemination: (1/500) rounds
# ok: test finished successfully
#####################################################################
# Test #9: PROTO: gossip; LOSS: 0%; ARGS: push-pull 70 10
## Sourcing local environment...
## Starting test (args: --loss-chance 0 --nodes 100 gossip push-pull 70 10)...
INFO:root:total: 1904 msgs, discarded: 0 msgs
INFO:root:expected: 0.000000, actual: 0.000000
INFO:root:SUCCEED in dissemination: (1/500) rounds
# ok: test finished successfully
#####################################################################
