# Test #0: PROTO: gossip; LOSS: 0%; ARGS: push-pull 30 55
## Sourcing local environment...
## Starting test (args: --loss-chance 0 --nodes 100 gossip push-pull 30 55)...
INFO:root:total: 9161 msgs, discarded: 0 msgs
INFO:root:expected: 0.000000, actual: 0.000000
INFO:root:SUCCEED in dissemination: (1/2000) rounds
# ok: test finished successfully
#####################################################################
# Test #1: PROTO: gossip; LOSS: 0%; ARGS: push-pull 30 55
## Sourcing local environment...
## Starting test (args: --loss-chance 0 --nodes 100 gossip push-pull 30 55)...
INFO:root:total: 9074 msgs, discarded: 0 msgs
INFO:root:expected: 0.000000, actual: 0.000000
INFO:root:SUCCEED in dissemination: (1/2000) rounds
# ok: test finished successfully
#####################################################################
# Test #2: PROTO: gossip; LOSS: 0%; ARGS: push-pull 30 55
## Sourcing local environment...
## Starting test (args: --loss-chance 0 --nodes 100 gossip push-pull 30 55)...
INFO:root:total: 8951 msgs, discarded: 0 msgs
INFO:root:expected: 0.000000, actual: 0.000000
INFO:root:SUCCEED in dissemination: (1/2000) rounds
# ok: test finished successfully
#####################################################################
# Test #3: PROTO: gossip; LOSS: 0%; ARGS: push-pull 30 55
## Sourcing local environment...
## Starting test (args: --loss-chance 0 --nodes 100 gossip push-pull 30 55)...
INFO:root:total: 8957 msgs, discarded: 0 msgs
INFO:root:expected: 0.000000, actual: 0.000000
INFO:root:SUCCEED in dissemination: (1/2000) rounds
# ok: test finished successfully
#####################################################################
# Test #4: PROTO: gossip; LOSS: 0%; ARGS: push-pull 30 55
## Sourcing local environment...
## Starting test (args: --loss-chance 0 --nodes 100 gossip push-pull 30 55)...
INFO:root:total: 9050 msgs, discarded: 0 msgs
INFO:root:expected: 0.000000, actual: 0.000000
INFO:root:SUCCEED in dissemination: (1/2000) rounds
# ok: test finished successfully
#####################################################################
# Test #5: PROTO: gossip; LOSS: 0%; ARGS: push-pull 30 55
## Sourcing local environment...
## Starting test (args: --loss-chance 0 --nodes 100 gossip push-pull 30 55)...
INFO:root:total: 9136 msgs, discarded: 0 msgs
INFO:root:expected: 0.000000, actual: 0.000000
INFO:root:SUCCEED in dissemination: (1/2000) rounds
# ok: test finished successfully
#####################################################################
# Test #6: PROTO: gossip; LOSS: 0%; ARGS: push-pull 30 55
## Sourcing local environment...
## Starting test (args: --loss-chance 0 --nodes 100 gossip push-pull 30 55)...
INFO:root:total: 9093 msgs, discarded: 0 msgs
INFO:root:expected: 0.000000, actual: 0.000000
INFO:root:SUCCEED in dissemination: (1/2000) rounds
# ok: test finished successfully
#####################################################################
# Test #7: PROTO: gossip; LOSS: 0%; ARGS: push-pull 30 55
## Sourcing local environment...
## Starting test (args: --loss-chance 0 --nodes 100 gossip push-pull 30 55)...
INFO:root:total: 8989 msgs, discarded: 0 msgs
INFO:root:expected: 0.000000, actual: 0.000000
INFO:root:SUCCEED in dissemination: (1/2000) rounds
# ok: test finished successfully
#####################################################################
# Test #8: PROTO: gossip; LOSS: 0%; ARGS: push-pull 30 55
## Sourcing local environment...
## Starting test (args: --loss-chance 0 --nodes 100 gossip push-pull 30 55)...
INFO:root:total: 9122 msgs, discarded: 0 msgs
INFO:root:expected: 0.000000, actual: 0.000000
INFO:root:SUCCEED in dissemination: (1/2000) rounds
# ok: test finished successfully
#####################################################################
# Test #9: PROTO: gossip; LOSS: 0%; ARGS: push-pull 30 55
## Sourcing local environment...
## Starting test (args: --loss-chance 0 --nodes 100 gossip push-pull 30 55)...
INFO:root:total: 9022 msgs, discarded: 0 msgs
INFO:root:expected: 0.000000, actual: 0.000000
INFO:root:SUCCEED in dissemination: (1/2000) rounds
# ok: test finished successfully
#####################################################################
