# Test #0: PROTO: gossip; LOSS: 0%; ARGS: push-pull 70 40
## Sourcing local environment...
## Starting test (args: --loss-chance 0 --nodes 100 gossip push-pull 70 40)...
INFO:root:total: 7405 msgs, discarded: 0 msgs
INFO:root:expected: 0.000000, actual: 0.000000
INFO:root:SUCCEED in dissemination: (1/500) rounds
# ok: test finished successfully
#####################################################################
# Test #1: PROTO: gossip; LOSS: 0%; ARGS: push-pull 70 40
## Sourcing local environment...
## Starting test (args: --loss-chance 0 --nodes 100 gossip push-pull 70 40)...
INFO:root:total: 7344 msgs, discarded: 0 msgs
INFO:root:expected: 0.000000, actual: 0.000000
INFO:root:SUCCEED in dissemination: (1/500) rounds
# ok: test finished successfully
#####################################################################
# Test #2: PROTO: gossip; LOSS: 0%; ARGS: push-pull 70 40
## Sourcing local environment...
## Starting test (args: --loss-chance 0 --nodes 100 gossip push-pull 70 40)...
INFO:root:total: 7314 msgs, discarded: 0 msgs
INFO:root:expected: 0.000000, actual: 0.000000
INFO:root:SUCCEED in dissemination: (1/500) rounds
# ok: test finished successfully
#####################################################################
# Test #3: PROTO: gossip; LOSS: 0%; ARGS: push-pull 70 40
## Sourcing local environment...
## Starting test (args: --loss-chance 0 --nodes 100 gossip push-pull 70 40)...
INFO:root:total: 7302 msgs, discarded: 0 msgs
INFO:root:expected: 0.000000, actual: 0.000000
INFO:root:SUCCEED in dissemination: (1/500) rounds
# ok: test finished successfully
#####################################################################
# Test #4: PROTO: gossip; LOSS: 0%; ARGS: push-pull 70 40
## Sourcing local environment...
## Starting test (args: --loss-chance 0 --nodes 100 gossip push-pull 70 40)...
INFO:root:total: 7352 msgs, discarded: 0 msgs
INFO:root:expected: 0.000000, actual: 0.000000
INFO:root:SUCCEED in dissemination: (1/500) rounds
# ok: test finished successfully
#####################################################################
# Test #5: PROTO: gossip; LOSS: 0%; ARGS: push-pull 70 40
## Sourcing local environment...
## Starting test (args: --loss-chance 0 --nodes 100 gossip push-pull 70 40)...
INFO:root:total: 7415 msgs, discarded: 0 msgs
INFO:root:expected: 0.000000, actual: 0.000000
INFO:root:SUCCEED in dissemination: (1/500) rounds
# ok: test finished successfully
#####################################################################
# Test #6: PROTO: gossip; LOSS: 0%; ARGS: push-pull 70 40
## Sourcing local environment...
## Starting test (args: --loss-chance 0 --nodes 100 gossip push-pull 70 40)...
INFO:root:total: 7429 msgs, discarded: 0 msgs
INFO:root:expected: 0.000000, actual: 0.000000
INFO:root:SUCCEED in dissemination: (1/500) rounds
# ok: test finished successfully
#####################################################################
# Test #7: PROTO: gossip; LOSS: 0%; ARGS: push-pull 70 40
## Sourcing local environment...
## Starting test (args: --loss-chance 0 --nodes 100 gossip push-pull 70 40)...
INFO:root:total: 7508 msgs, discarded: 0 msgs
INFO:root:expected: 0.000000, actual: 0.000000
INFO:root:SUCCEED in dissemination: (1/500) rounds
# ok: test finished successfully
#####################################################################
# Test #8: PROTO: gossip; LOSS: 0%; ARGS: push-pull 70 40
## Sourcing local environment...
## Starting test (args: --loss-chance 0 --nodes 100 gossip push-pull 70 40)...
INFO:root:total: 7480 msgs, discarded: 0 msgs
INFO:root:expected: 0.000000, actual: 0.000000
INFO:root:SUCCEED in dissemination: (1/500) rounds
# ok: test finished successfully
#####################################################################
# Test #9: PROTO: gossip; LOSS: 0%; ARGS: push-pull 70 40
## Sourcing local environment...
## Starting test (args: --loss-chance 0 --nodes 100 gossip push-pull 70 40)...
INFO:root:total: 7448 msgs, discarded: 0 msgs
INFO:root:expected: 0.000000, actual: 0.000000
INFO:root:SUCCEED in dissemination: (1/500) rounds
# ok: test finished successfully
#####################################################################
