# Test #0: PROTO: gossip; LOSS: 0%; ARGS: push-pull 40 10
## Sourcing local environment...
## Starting test (args: --loss-chance 0 --nodes 100 gossip push-pull 40 10)...
INFO:root:total: 1687 msgs, discarded: 0 msgs
INFO:root:expected: 0.000000, actual: 0.000000
INFO:root:SUCCEED in dissemination: (1/500) rounds
# ok: test finished successfully
#####################################################################
# Test #1: PROTO: gossip; LOSS: 0%; ARGS: push-pull 40 10
## Sourcing local environment...
## Starting test (args: --loss-chance 0 --nodes 100 gossip push-pull 40 10)...
INFO:root:total: 1722 msgs, discarded: 0 msgs
INFO:root:expected: 0.000000, actual: 0.000000
INFO:root:SUCCEED in dissemination: (1/500) rounds
# ok: test finished successfully
#####################################################################
# Test #2: PROTO: gossip; LOSS: 0%; ARGS: push-pull 40 10
## Sourcing local environment...
## Starting test (args: --loss-chance 0 --nodes 100 gossip push-pull 40 10)...
INFO:root:total: 1744 msgs, discarded: 0 msgs
INFO:root:expected: 0.000000, actual: 0.000000
INFO:root:SUCCEED in dissemination: (1/500) rounds
# ok: test finished successfully
#####################################################################
# Test #3: PROTO: gossip; LOSS: 0%; ARGS: push-pull 40 10
## Sourcing local environment...
## Starting test (args: --loss-chance 0 --nodes 100 gossip push-pull 40 10)...
INFO:root:total: 1751 msgs, discarded: 0 msgs
INFO:root:expected: 0.000000, actual: 0.000000
INFO:root:SUCCEED in dissemination: (1/500) rounds
# ok: test finished successfully
#####################################################################
# Test #4: PROTO: gossip; LOSS: 0%; ARGS: push-pull 40 10
## Sourcing local environment...
## Starting test (args: --loss-chance 0 --nodes 100 gossip push-pull 40 10)...
INFO:root:total: 1738 msgs, discarded: 0 msgs
INFO:root:expected: 0.000000, actual: 0.000000
INFO:root:SUCCEED in dissemination: (1/500) rounds
# ok: test finished successfully
#####################################################################
# Test #5: PROTO: gossip; LOSS: 0%; ARGS: push-pull 40 10
## Sourcing local environment...
## Starting test (args: --loss-chance 0 --nodes 100 gossip push-pull 40 10)...
INFO:root:total: 1705 msgs, discarded: 0 msgs
INFO:root:expected: 0.000000, actual: 0.000000
INFO:root:SUCCEED in dissemination: (1/500) rounds
# ok: test finished successfully
#####################################################################
# Test #6: PROTO: gossip; LOSS: 0%; ARGS: push-pull 40 10
## Sourcing local environment...
## Starting test (args: --loss-chance 0 --nodes 100 gossip push-pull 40 10)...
INFO:root:total: 1742 msgs, discarded: 0 msgs
INFO:root:expected: 0.000000, actual: 0.000000
INFO:root:SUCCEED in dissemination: (1/500) rounds
# ok: test finished successfully
#####################################################################
# Test #7: PROTO: gossip; LOSS: 0%; ARGS: push-pull 40 10
## Sourcing local environment...
## Starting test (args: --loss-chance 0 --nodes 100 gossip push-pull 40 10)...
INFO:root:total: 1734 msgs, discarded: 0 msgs
INFO:root:expected: 0.000000, actual: 0.000000
INFO:root:SUCCEED in dissemination: (1/500) rounds
# ok: test finished successfully
#####################################################################
# Test #8: PROTO: gossip; LOSS: 0%; ARGS: push-pull 40 10
## Sourcing local environment...
## Starting test (args: --loss-chance 0 --nodes 100 gossip push-pull 40 10)...
INFO:root:total: 1702 msgs, discarded: 0 msgs
INFO:root:expected: 0.000000, actual: 0.000000
INFO:root:SUCCEED in dissemination: (1/500) rounds
# ok: test finished successfully
#####################################################################
# Test #9: PROTO: gossip; LOSS: 0%; ARGS: push-pull 40 10
## Sourcing local environment...
## Starting test (args: --loss-chance 0 --nodes 100 gossip push-pull 40 10)...
INFO:root:total: 1719 msgs, discarded: 0 msgs
INFO:root:expected: 0.000000, actual: 0.000000
INFO:root:SUCCEED in dissemination: (1/500) rounds
# ok: test finished successfully
#####################################################################
