# Test #0: PROTO: gossip; LOSS: 0%; ARGS: push-pull 80 5
## Sourcing local environment...
## Starting test (args: --loss-chance 0 --nodes 100 gossip push-pull 80 5)...
INFO:root:total: 1028 msgs, discarded: 0 msgs
INFO:root:expected: 0.000000, actual: 0.000000
INFO:root:SUCCEED in dissemination: (1/1000) rounds
# ok: test finished successfully
#####################################################################
# Test #1: PROTO: gossip; LOSS: 0%; ARGS: push-pull 80 5
## Sourcing local environment...
## Starting test (args: --loss-chance 0 --nodes 100 gossip push-pull 80 5)...
INFO:root:total: 1024 msgs, discarded: 0 msgs
INFO:root:expected: 0.000000, actual: 0.000000
INFO:root:SUCCEED in dissemination: (1/1000) rounds
# ok: test finished successfully
#####################################################################
# Test #2: PROTO: gossip; LOSS: 0%; ARGS: push-pull 80 5
## Sourcing local environment...
## Starting test (args: --loss-chance 0 --nodes 100 gossip push-pull 80 5)...
INFO:root:total: 1035 msgs, discarded: 0 msgs
INFO:root:expected: 0.000000, actual: 0.000000
INFO:root:SUCCEED in dissemination: (1/1000) rounds
# ok: test finished successfully
#####################################################################
# Test #3: PROTO: gossip; LOSS: 0%; ARGS: push-pull 80 5
## Sourcing local environment...
## Starting test (args: --loss-chance 0 --nodes 100 gossip push-pull 80 5)...
INFO:root:total: 1022 msgs, discarded: 0 msgs
INFO:root:expected: 0.000000, actual: 0.000000
INFO:root:SUCCEED in dissemination: (1/1000) rounds
# ok: test finished successfully
#####################################################################
# Test #4: PROTO: gossip; LOSS: 0%; ARGS: push-pull 80 5
## Sourcing local environment...
## Starting test (args: --loss-chance 0 --nodes 100 gossip push-pull 80 5)...
INFO:root:total: 1021 msgs, discarded: 0 msgs
INFO:root:expected: 0.000000, actual: 0.000000
INFO:root:SUCCEED in dissemination: (1/1000) rounds
# ok: test finished successfully
#####################################################################
# Test #5: PROTO: gossip; LOSS: 0%; ARGS: push-pull 80 5
## Sourcing local environment...
## Starting test (args: --loss-chance 0 --nodes 100 gossip push-pull 80 5)...
INFO:root:total: 1041 msgs, discarded: 0 msgs
INFO:root:expected: 0.000000, actual: 0.000000
INFO:root:SUCCEED in dissemination: (1/1000) rounds
# ok: test finished successfully
#####################################################################
# Test #6: PROTO: gossip; LOSS: 0%; ARGS: push-pull 80 5
## Sourcing local environment...
## Starting test (args: --loss-chance 0 --nodes 100 gossip push-pull 80 5)...
INFO:root:total: 1040 msgs, discarded: 0 msgs
INFO:root:expected: 0.000000, actual: 0.000000
INFO:root:SUCCEED in dissemination: (1/1000) rounds
# ok: test finished successfully
#####################################################################
# Test #7: PROTO: gossip; LOSS: 0%; ARGS: push-pull 80 5
## Sourcing local environment...
## Starting test (args: --loss-chance 0 --nodes 100 gossip push-pull 80 5)...
INFO:root:total: 1030 msgs, discarded: 0 msgs
INFO:root:expected: 0.000000, actual: 0.000000
INFO:root:SUCCEED in dissemination: (1/1000) rounds
# ok: test finished successfully
#####################################################################
# Test #8: PROTO: gossip; LOSS: 0%; ARGS: push-pull 80 5
## Sourcing local environment...
## Starting test (args: --loss-chance 0 --nodes 100 gossip push-pull 80 5)...
INFO:root:total: 1013 msgs, discarded: 0 msgs
INFO:root:expected: 0.000000, actual: 0.000000
INFO:root:SUCCEED in dissemination: (1/1000) rounds
# ok: test finished successfully
#####################################################################
# Test #9: PROTO: gossip; LOSS: 0%; ARGS: push-pull 80 5
## Sourcing local environment...
## Starting test (args: --loss-chance 0 --nodes 100 gossip push-pull 80 5)...
INFO:root:total: 1024 msgs, discarded: 0 msgs
INFO:root:expected: 0.000000, actual: 0.000000
INFO:root:SUCCEED in dissemination: (1/1000) rounds
# ok: test finished successfully
#####################################################################
