# Test #0: PROTO: gossip; LOSS: 0%; ARGS: push-pull 55 80
## Sourcing local environment...
## Starting test (args: --loss-chance 0 --nodes 100 gossip push-pull 55 80)...
INFO:root:total: 14255 msgs, discarded: 0 msgs
INFO:root:expected: 0.000000, actual: 0.000000
INFO:root:SUCCEED in dissemination: (1/1000) rounds
# ok: test finished successfully
#####################################################################
# Test #1: PROTO: gossip; LOSS: 0%; ARGS: push-pull 55 80
## Sourcing local environment...
## Starting test (args: --loss-chance 0 --nodes 100 gossip push-pull 55 80)...
INFO:root:total: 14098 msgs, discarded: 0 msgs
INFO:root:expected: 0.000000, actual: 0.000000
INFO:root:SUCCEED in dissemination: (1/1000) rounds
# ok: test finished successfully
#####################################################################
# Test #2: PROTO: gossip; LOSS: 0%; ARGS: push-pull 55 80
## Sourcing local environment...
## Starting test (args: --loss-chance 0 --nodes 100 gossip push-pull 55 80)...
INFO:root:total: 14167 msgs, discarded: 0 msgs
INFO:root:expected: 0.000000, actual: 0.000000
INFO:root:SUCCEED in dissemination: (1/1000) rounds
# ok: test finished successfully
#####################################################################
# Test #3: PROTO: gossip; LOSS: 0%; ARGS: push-pull 55 80
## Sourcing local environment...
## Starting test (args: --loss-chance 0 --nodes 100 gossip push-pull 55 80)...
INFO:root:total: 14292 msgs, discarded: 0 msgs
INFO:root:expected: 0.000000, actual: 0.000000
INFO:root:SUCCEED in dissemination: (1/1000) rounds
# ok: test finished successfully
#####################################################################
# Test #4: PROTO: gossip; LOSS: 0%; ARGS: push-pull 55 80
## Sourcing local environment...
## Starting test (args: --loss-chance 0 --nodes 100 gossip push-pull 55 80)...
INFO:root:total: 14057 msgs, discarded: 0 msgs
INFO:root:expected: 0.000000, actual: 0.000000
INFO:root:SUCCEED in dissemination: (1/1000) rounds
# ok: test finished successfully
#####################################################################
# Test #5: PROTO: gossip; LOSS: 0%; ARGS: push-pull 55 80
## Sourcing local environment...
## Starting test (args: --loss-chance 0 --nodes 100 gossip push-pull 55 80)...
INFO:root:total: 14276 msgs, discarded: 0 msgs
INFO:root:expected: 0.000000, actual: 0.000000
INFO:root:SUCCEED in dissemination: (1/1000) rounds
# ok: test finished successfully
#####################################################################
# Test #6: PROTO: gossip; LOSS: 0%; ARGS: push-pull 55 80
## Sourcing local environment...
## Starting test (args: --loss-chance 0 --nodes 100 gossip push-pull 55 80)...
INFO:root:total: 14021 msgs, discarded: 0 msgs
INFO:root:expected: 0.000000, actual: 0.000000
INFO:root:SUCCEED in dissemination: (1/1000) rounds
# ok: test finished successfully
#####################################################################
# Test #7: PROTO: gossip; LOSS: 0%; ARGS: push-pull 55 80
## Sourcing local environment...
## Starting test (args: --loss-chance 0 --nodes 100 gossip push-pull 55 80)...
INFO:root:total: 14030 msgs, discarded: 0 msgs
INFO:root:expected: 0.000000, actual: 0.000000
INFO:root:SUCCEED in dissemination: (1/1000) rounds
# ok: test finished successfully
#####################################################################
# Test #8: PROTO: gossip; LOSS: 0%; ARGS: push-pull 55 80
## Sourcing local environment...
## Starting test (args: --loss-chance 0 --nodes 100 gossip push-pull 55 80)...
INFO:root:total: 14335 msgs, discarded: 0 msgs
INFO:root:expected: 0.000000, actual: 0.000000
INFO:root:SUCCEED in dissemination: (1/1000) rounds
# ok: test finished successfully
#####################################################################
# Test #9: PROTO: gossip; LOSS: 0%; ARGS: push-pull 55 80
## Sourcing local environment...
## Starting test (args: --loss-chance 0 --nodes 100 gossip push-pull 55 80)...
INFO:root:total: 14202 msgs, discarded: 0 msgs
INFO:root:expected: 0.000000, actual: 0.000000
INFO:root:SUCCEED in dissemination: (1/1000) rounds
# ok: test finished successfully
#####################################################################
