# Test #0: PROTO: gossip; LOSS: 0%; ARGS: push-pull 80 55
## Sourcing local environment...
## Starting test (args: --loss-chance 0 --nodes 100 gossip push-pull 80 55)...
INFO:root:total: 10434 msgs, discarded: 0 msgs
INFO:root:expected: 0.000000, actual: 0.000000
INFO:root:SUCCEED in dissemination: (1/1000) rounds
# ok: test finished successfully
#####################################################################
# Test #1: PROTO: gossip; LOSS: 0%; ARGS: push-pull 80 55
## Sourcing local environment...
## Starting test (args: --loss-chance 0 --nodes 100 gossip push-pull 80 55)...
INFO:root:total: 10469 msgs, discarded: 0 msgs
INFO:root:expected: 0.000000, actual: 0.000000
INFO:root:SUCCEED in dissemination: (1/1000) rounds
# ok: test finished successfully
#####################################################################
# Test #2: PROTO: gossip; LOSS: 0%; ARGS: push-pull 80 55
## Sourcing local environment...
## Starting test (args: --loss-chance 0 --nodes 100 gossip push-pull 80 55)...
INFO:root:total: 10456 msgs, discarded: 0 msgs
INFO:root:expected: 0.000000, actual: 0.000000
INFO:root:SUCCEED in dissemination: (1/1000) rounds
# ok: test finished successfully
#####################################################################
# Test #3: PROTO: gossip; LOSS: 0%; ARGS: push-pull 80 55
## Sourcing local environment...
## Starting test (args: --loss-chance 0 --nodes 100 gossip push-pull 80 55)...
INFO:root:total: 10462 msgs, discarded: 0 msgs
INFO:root:expected: 0.000000, actual: 0.000000
INFO:root:SUCCEED in dissemination: (1/1000) rounds
# ok: test finished successfully
#####################################################################
# Test #4: PROTO: gossip; LOSS: 0%; ARGS: push-pull 80 55
## Sourcing local environment...
## Starting test (args: --loss-chance 0 --nodes 100 gossip push-pull 80 55)...
INFO:root:total: 10563 msgs, discarded: 0 msgs
INFO:root:expected: 0.000000, actual: 0.000000
INFO:root:SUCCEED in dissemination: (1/1000) rounds
# ok: test finished successfully
#####################################################################
# Test #5: PROTO: gossip; LOSS: 0%; ARGS: push-pull 80 55
## Sourcing local environment...
## Starting test (args: --loss-chance 0 --nodes 100 gossip push-pull 80 55)...
INFO:root:total: 10392 msgs, discarded: 0 msgs
INFO:root:expected: 0.000000, actual: 0.000000
INFO:root:SUCCEED in dissemination: (1/1000) rounds
# ok: test finished successfully
#####################################################################
# Test #6: PROTO: gossip; LOSS: 0%; ARGS: push-pull 80 55
## Sourcing local environment...
## Starting test (args: --loss-chance 0 --nodes 100 gossip push-pull 80 55)...
INFO:root:total: 10570 msgs, discarded: 0 msgs
INFO:root:expected: 0.000000, actual: 0.000000
INFO:root:SUCCEED in dissemination: (1/1000) rounds
# ok: test finished successfully
#####################################################################
# Test #7: PROTO: gossip; LOSS: 0%; ARGS: push-pull 80 55
## Sourcing local environment...
## Starting test (args: --loss-chance 0 --nodes 100 gossip push-pull 80 55)...
INFO:root:total: 10511 msgs, discarded: 0 msgs
INFO:root:expected: 0.000000, actual: 0.000000
INFO:root:SUCCEED in dissemination: (1/1000) rounds
# ok: test finished successfully
#####################################################################
# Test #8: PROTO: gossip; LOSS: 0%; ARGS: push-pull 80 55
## Sourcing local environment...
## Starting test (args: --loss-chance 0 --nodes 100 gossip push-pull 80 55)...
INFO:root:total: 10450 msgs, discarded: 0 msgs
INFO:root:expected: 0.000000, actual: 0.000000
INFO:root:SUCCEED in dissemination: (1/1000) rounds
# ok: test finished successfully
#####################################################################
# Test #9: PROTO: gossip; LOSS: 0%; ARGS: push-pull 80 55
## Sourcing local environment...
## Starting test (args: --loss-chance 0 --nodes 100 gossip push-pull 80 55)...
INFO:root:total: 10538 msgs, discarded: 0 msgs
INFO:root:expected: 0.000000, actual: 0.000000
INFO:root:SUCCEED in dissemination: (1/1000) rounds
# ok: test finished successfully
#####################################################################
