# Test #0: PROTO: gossip; LOSS: 0%; ARGS: push-pull 30 5
## Sourcing local environment...
## Starting test (args: --loss-chance 0 --nodes 100 gossip push-pull 30 5)...
INFO:root:total: 1798 msgs, discarded: 0 msgs
INFO:root:expected: 0.000000, actual: 0.000000
INFO:root:SUCCEED in dissemination: (2/1000) rounds
# ok: test finished successfully
#####################################################################
# Test #1: PROTO: gossip; LOSS: 0%; ARGS: push-pull 30 5
## Sourcing local environment...
## Starting test (args: --loss-chance 0 --nodes 100 gossip push-pull 30 5)...
INFO:root:total: 1794 msgs, discarded: 0 msgs
INFO:root:expected: 0.000000, actual: 0.000000
INFO:root:SUCCEED in dissemination: (2/1000) rounds
# ok: test finished successfully
#####################################################################
# Test #2: PROTO: gossip; LOSS: 0%; ARGS: push-pull 30 5
## Sourcing local environment...
## Starting test (args: --loss-chance 0 --nodes 100 gossip push-pull 30 5)...
INFO:root:total: 1796 msgs, discarded: 0 msgs
INFO:root:expected: 0.000000, actual: 0.000000
INFO:root:SUCCEED in dissemination: (2/1000) rounds
# ok: test finished successfully
#####################################################################
# Test #3: PROTO: gossip; LOSS: 0%; ARGS: push-pull 30 5
## Sourcing local environment...
## Starting test (args: --loss-chance 0 --nodes 100 gossip push-pull 30 5)...
INFO:root:total: 1810 msgs, discarded: 0 msgs
INFO:root:expected: 0.000000, actual: 0.000000
INFO:root:SUCCEED in dissemination: (2/1000) rounds
# ok: test finished successfully
#####################################################################
# Test #4: PROTO: gossip; LOSS: 0%; ARGS: push-pull 30 5
## Sourcing local environment...
## Starting test (args: --loss-chance 0 --nodes 100 gossip push-pull 30 5)...
INFO:root:total: 1773 msgs, discarded: 0 msgs
INFO:root:expected: 0.000000, actual: 0.000000
INFO:root:SUCCEED in dissemination: (2/1000) rounds
# ok: test finished successfully
#####################################################################
# Test #5: PROTO: gossip; LOSS: 0%; ARGS: push-pull 30 5
## Sourcing local environment...
## Starting test (args: --loss-chance 0 --nodes 100 gossip push-pull 30 5)...
INFO:root:total: 863 msgs, discarded: 0 msgs
INFO:root:expected: 0.000000, actual: 0.000000
INFO:root:SUCCEED in dissemination: (1/1000) rounds
# ok: test finished successfully
#####################################################################
# Test #6: PROTO: gossip; LOSS: 0%; ARGS: push-pull 30 5
## Sourcing local environment...
## Starting test (args: --loss-chance 0 --nodes 100 gossip push-pull 30 5)...
INFO:root:total: 1798 msgs, discarded: 0 msgs
INFO:root:expected: 0.000000, actual: 0.000000
INFO:root:SUCCEED in dissemination: (2/1000) rounds
# ok: test finished successfully
#####################################################################
# Test #7: PROTO: gossip; LOSS: 0%; ARGS: push-pull 30 5
## Sourcing local environment...
## Starting test (args: --loss-chance 0 --nodes 100 gossip push-pull 30 5)...
INFO:root:total: 1788 msgs, discarded: 0 msgs
INFO:root:expected: 0.000000, actual: 0.000000
INFO:root:SUCCEED in dissemination: (2/1000) rounds
# ok: test finished successfully
#####################################################################
# Test #8: PROTO: gossip; LOSS: 0%; ARGS: push-pull 30 5
## Sourcing local environment...
## Starting test (args: --loss-chance 0 --nodes 100 gossip push-pull 30 5)...
INFO:root:total: 1803 msgs, discarded: 0 msgs
INFO:root:expected: 0.000000, actual: 0.000000
INFO:root:SUCCEED in dissemination: (2/1000) rounds
# ok: test finished successfully
#####################################################################
# Test #9: PROTO: gossip; LOSS: 0%; ARGS: push-pull 30 5
## Sourcing local environment...
## Starting test (args: --loss-chance 0 --nodes 100 gossip push-pull 30 5)...
INFO:root:total: 1799 msgs, discarded: 0 msgs
INFO:root:expected: 0.000000, actual: 0.000000
INFO:root:SUCCEED in dissemination: (2/1000) rounds
# ok: test finished successfully
#####################################################################
