# Test #0: PROTO: gossip; LOSS: 0%; ARGS: push-pull 55 55
## Sourcing local environment...
## Starting test (args: --loss-chance 0 --nodes 100 gossip push-pull 55 55)...
INFO:root:total: 9656 msgs, discarded: 0 msgs
INFO:root:expected: 0.000000, actual: 0.000000
INFO:root:SUCCEED in dissemination: (1/1000) rounds
# ok: test finished successfully
#####################################################################
# Test #1: PROTO: gossip; LOSS: 0%; ARGS: push-pull 55 55
## Sourcing local environment...
## Starting test (args: --loss-chance 0 --nodes 100 gossip push-pull 55 55)...
INFO:root:total: 9655 msgs, discarded: 0 msgs
INFO:root:expected: 0.000000, actual: 0.000000
INFO:root:SUCCEED in dissemination: (1/1000) rounds
# ok: test finished successfully
#####################################################################
# Test #2: PROTO: gossip; LOSS: 0%; ARGS: push-pull 55 55
## Sourcing local environment...
## Starting test (args: --loss-chance 0 --nodes 100 gossip push-pull 55 55)...
INFO:root:total: 9738 msgs, discarded: 0 msgs
INFO:root:expected: 0.000000, actual: 0.000000
INFO:root:SUCCEED in dissemination: (1/1000) rounds
# ok: test finished successfully
#####################################################################
# Test #3: PROTO: gossip; LOSS: 0%; ARGS: push-pull 55 55
## Sourcing local environment...
## Starting test (args: --loss-chance 0 --nodes 100 gossip push-pull 55 55)...
INFO:root:total: 9763 msgs, discarded: 0 msgs
INFO:root:expected: 0.000000, actual: 0.000000
INFO:root:SUCCEED in dissemination: (1/1000) rounds
# ok: test finished successfully
#####################################################################
# Test #4: PROTO: gossip; LOSS: 0%; ARGS: push-pull 55 55
## Sourcing local environment...
## Starting test (args: --loss-chance 0 --nodes 100 gossip push-pull 55 55)...
INFO:root:total: 9899 msgs, discarded: 0 msgs
INFO:root:expected: 0.000000, actual: 0.000000
INFO:root:SUCCEED in dissemination: (1/1000) rounds
# ok: test finished successfully
#####################################################################
# Test #5: PROTO: gossip; LOSS: 0%; ARGS: push-pull 55 55
## Sourcing local environment...
## Starting test (args: --loss-chance 0 --nodes 100 gossip push-pull 55 55)...
INFO:root:total: 9692 msgs, discarded: 0 msgs
INFO:root:expected: 0.000000, actual: 0.000000
INFO:root:SUCCEED in dissemination: (1/1000) rounds
# ok: test finished successfully
#####################################################################
# Test #6: PROTO: gossip; LOSS: 0%; ARGS: push-pull 55 55
## Sourcing local environment...
## Starting test (args: --loss-chance 0 --nodes 100 gossip push-pull 55 55)...
INFO:root:total: 9783 msgs, discarded: 0 msgs
INFO:root:expected: 0.000000, actual: 0.000000
INFO:root:SUCCEED in dissemination: (1/1000) rounds
# ok: test finished successfully
#####################################################################
# Test #7: PROTO: gossip; LOSS: 0%; ARGS: push-pull 55 55
## Sourcing local environment...
## Starting test (args: --loss-chance 0 --nodes 100 gossip push-pull 55 55)...
INFO:root:total: 9658 msgs, discarded: 0 msgs
INFO:root:expected: 0.000000, actual: 0.000000
INFO:root:SUCCEED in dissemination: (1/1000) rounds
# ok: test finished successfully
#####################################################################
# Test #8: PROTO: gossip; LOSS: 0%; ARGS: push-pull 55 55
## Sourcing local environment...
## Starting test (args: --loss-chance 0 --nodes 100 gossip push-pull 55 55)...
INFO:root:total: 9670 msgs, discarded: 0 msgs
INFO:root:expected: 0.000000, actual: 0.000000
INFO:root:SUCCEED in dissemination: (1/1000) rounds
# ok: test finished successfully
#####################################################################
# Test #9: PROTO: gossip; LOSS: 0%; ARGS: push-pull 55 55
## Sourcing local environment...
## Starting test (args: --loss-chance 0 --nodes 100 gossip push-pull 55 55)...
INFO:root:total: 9717 msgs, discarded: 0 msgs
INFO:root:expected: 0.000000, actual: 0.000000
INFO:root:SUCCEED in dissemination: (1/1000) rounds
# ok: test finished successfully
#####################################################################
