# Test #0: PROTO: gossip; LOSS: 0%; ARGS: push-pull 5 30
## Sourcing local environment...
## Starting test (args: --loss-chance 0 --nodes 100 gossip push-pull 5 30)...
INFO:root:total: 4610 msgs, discarded: 0 msgs
INFO:root:expected: 0.000000, actual: 0.000000
INFO:root:SUCCEED in dissemination: (2/1000) rounds
# ok: test finished successfully
#####################################################################
# Test #1: PROTO: gossip; LOSS: 0%; ARGS: push-pull 5 30
## Sourcing local environment...
## Starting test (args: --loss-chance 0 --nodes 100 gossip push-pull 5 30)...
INFO:root:total: 4554 msgs, discarded: 0 msgs
INFO:root:expected: 0.000000, actual: 0.000000
INFO:root:SUCCEED in dissemination: (1/1000) rounds
# ok: test finished successfully
#####################################################################
# Test #2: PROTO: gossip; LOSS: 0%; ARGS: push-pull 5 30
## Sourcing local environment...
## Starting test (args: --loss-chance 0 --nodes 100 gossip push-pull 5 30)...
INFO:root:total: 4574 msgs, discarded: 0 msgs
INFO:root:expected: 0.000000, actual: 0.000000
INFO:root:SUCCEED in dissemination: (1/1000) rounds
# ok: test finished successfully
#####################################################################
# Test #3: PROTO: gossip; LOSS: 0%; ARGS: push-pull 5 30
## Sourcing local environment...
## Starting test (args: --loss-chance 0 --nodes 100 gossip push-pull 5 30)...
INFO:root:total: 4522 msgs, discarded: 0 msgs
INFO:root:expected: 0.000000, actual: 0.000000
INFO:root:SUCCEED in dissemination: (1/1000) rounds
# ok: test finished successfully
#####################################################################
# Test #4: PROTO: gossip; LOSS: 0%; ARGS: push-pull 5 30
## Sourcing local environment...
## Starting test (args: --loss-chance 0 --nodes 100 gossip push-pull 5 30)...
INFO:root:total: 4588 msgs, discarded: 0 msgs
INFO:root:expected: 0.000000, actual: 0.000000
INFO:root:SUCCEED in dissemination: (1/1000) rounds
# ok: test finished successfully
#####################################################################
# Test #5: PROTO: gossip; LOSS: 0%; ARGS: push-pull 5 30
## Sourcing local environment...
## Starting test (args: --loss-chance 0 --nodes 100 gossip push-pull 5 30)...
INFO:root:total: 4593 msgs, discarded: 0 msgs
INFO:root:expected: 0.000000, actual: 0.000000
INFO:root:SUCCEED in dissemination: (2/1000) rounds
# ok: test finished successfully
#####################################################################
# Test #6: PROTO: gossip; LOSS: 0%; ARGS: push-pull 5 30
## Sourcing local environment...
## Starting test (args: --loss-chance 0 --nodes 100 gossip push-pull 5 30)...
INFO:root:total: 4624 msgs, discarded: 0 msgs
INFO:root:expected: 0.000000, actual: 0.000000
INFO:root:SUCCEED in dissemination: (2/1000) rounds
# ok: test finished successfully
#####################################################################
# Test #7: PROTO: gossip; LOSS: 0%; ARGS: push-pull 5 30
## Sourcing local environment...
## Starting test (args: --loss-chance 0 --nodes 100 gossip push-pull 5 30)...
INFO:root:total: 4546 msgs, discarded: 0 msgs
INFO:root:expected: 0.000000, actual: 0.000000
INFO:root:SUCCEED in dissemination: (1/1000) rounds
# ok: test finished successfully
#####################################################################
# Test #8: PROTO: gossip; LOSS: 0%; ARGS: push-pull 5 30
## Sourcing local environment...
## Starting test (args: --loss-chance 0 --nodes 100 gossip push-pull 5 30)...
INFO:root:total: 4563 msgs, discarded: 0 msgs
INFO:root:expected: 0.000000, actual: 0.000000
INFO:root:SUCCEED in dissemination: (1/1000) rounds
# ok: test finished successfully
#####################################################################
# Test #9: PROTO: gossip; LOSS: 0%; ARGS: push-pull 5 30
## Sourcing local environment...
## Starting test (args: --loss-chance 0 --nodes 100 gossip push-pull 5 30)...
INFO:root:total: 4527 msgs, discarded: 0 msgs
INFO:root:expected: 0.000000, actual: 0.000000
INFO:root:SUCCEED in dissemination: (1/1000) rounds
# ok: test finished successfully
#####################################################################
