# Test #0: PROTO: gossip; LOSS: 0%; ARGS: push-pull 5 5
## Sourcing local environment...
## Starting test (args: --loss-chance 0 --nodes 100 gossip push-pull 5 5)...
INFO:root:total: 927 msgs, discarded: 0 msgs
INFO:root:expected: 0.000000, actual: 0.000000
INFO:root:SUCCEED in dissemination: (2/2000) rounds
# ok: test finished successfully
#####################################################################
# Test #1: PROTO: gossip; LOSS: 0%; ARGS: push-pull 5 5
## Sourcing local environment...
## Starting test (args: --loss-chance 0 --nodes 100 gossip push-pull 5 5)...
INFO:root:total: 923 msgs, discarded: 0 msgs
INFO:root:expected: 0.000000, actual: 0.000000
INFO:root:SUCCEED in dissemination: (2/2000) rounds
# ok: test finished successfully
#####################################################################
# Test #2: PROTO: gossip; LOSS: 0%; ARGS: push-pull 5 5
## Sourcing local environment...
## Starting test (args: --loss-chance 0 --nodes 100 gossip push-pull 5 5)...
INFO:root:total: 993 msgs, discarded: 0 msgs
INFO:root:expected: 0.000000, actual: 0.000000
INFO:root:SUCCEED in dissemination: (2/2000) rounds
# ok: test finished successfully
#####################################################################
# Test #3: PROTO: gossip; LOSS: 0%; ARGS: push-pull 5 5
## Sourcing local environment...
## Starting test (args: --loss-chance 0 --nodes 100 gossip push-pull 5 5)...
INFO:root:total: 887 msgs, discarded: 0 msgs
INFO:root:expected: 0.000000, actual: 0.000000
INFO:root:SUCCEED in dissemination: (2/2000) rounds
# ok: test finished successfully
#####################################################################
# Test #4: PROTO: gossip; LOSS: 0%; ARGS: push-pull 5 5
## Sourcing local environment...
## Starting test (args: --loss-chance 0 --nodes 100 gossip push-pull 5 5)...
INFO:root:total: 934 msgs, discarded: 0 msgs
INFO:root:expected: 0.000000, actual: 0.000000
INFO:root:SUCCEED in dissemination: (2/2000) rounds
# ok: test finished successfully
#####################################################################
# Test #5: PROTO: gossip; LOSS: 0%; ARGS: push-pull 5 5
## Sourcing local environment...
## Starting test (args: --loss-chance 0 --nodes 100 gossip push-pull 5 5)...
INFO:root:total: 945 msgs, discarded: 0 msgs
INFO:root:expected: 0.000000, actual: 0.000000
INFO:root:SUCCEED in dissemination: (2/2000) rounds
# ok: test finished successfully
#####################################################################
# Test #6: PROTO: gossip; LOSS: 0%; ARGS: push-pull 5 5
## Sourcing local environment...
## Starting test (args: --loss-chance 0 --nodes 100 gossip push-pull 5 5)...
INFO:root:total: 875 msgs, discarded: 0 msgs
INFO:root:expected: 0.000000, actual: 0.000000
INFO:root:SUCCEED in dissemination: (2/2000) rounds
# ok: test finished successfully
#####################################################################
# Test #7: PROTO: gossip; LOSS: 0%; ARGS: push-pull 5 5
## Sourcing local environment...
## Starting test (args: --loss-chance 0 --nodes 100 gossip push-pull 5 5)...
INFO:root:total: 884 msgs, discarded: 0 msgs
INFO:root:expected: 0.000000, actual: 0.000000
INFO:root:SUCCEED in dissemination: (2/2000) rounds
# ok: test finished successfully
#####################################################################
# Test #8: PROTO: gossip; LOSS: 0%; ARGS: push-pull 5 5
## Sourcing local environment...
## Starting test (args: --loss-chance 0 --nodes 100 gossip push-pull 5 5)...
INFO:root:total: 939 msgs, discarded: 0 msgs
INFO:root:expected: 0.000000, actual: 0.000000
INFO:root:SUCCEED in dissemination: (2/2000) rounds
# ok: test finished successfully
#####################################################################
# Test #9: PROTO: gossip; LOSS: 0%; ARGS: push-pull 5 5
## Sourcing local environment...
## Starting test (args: --loss-chance 0 --nodes 100 gossip push-pull 5 5)...
INFO:root:total: 984 msgs, discarded: 0 msgs
INFO:root:expected: 0.000000, actual: 0.000000
INFO:root:SUCCEED in dissemination: (2/2000) rounds
# ok: test finished successfully
#####################################################################
