# Test #0: PROTO: gossip; LOSS: 0%; ARGS: push-pull 80 80
## Sourcing local environment...
## Starting test (args: --loss-chance 0 --nodes 100 gossip push-pull 80 80)...
INFO:root:total: 15102 msgs, discarded: 0 msgs
INFO:root:expected: 0.000000, actual: 0.000000
INFO:root:SUCCEED in dissemination: (1/1000) rounds
# ok: test finished successfully
#####################################################################
# Test #1: PROTO: gossip; LOSS: 0%; ARGS: push-pull 80 80
## Sourcing local environment...
## Starting test (args: --loss-chance 0 --nodes 100 gossip push-pull 80 80)...
INFO:root:total: 15121 msgs, discarded: 0 msgs
INFO:root:expected: 0.000000, actual: 0.000000
INFO:root:SUCCEED in dissemination: (1/1000) rounds
# ok: test finished successfully
#####################################################################
# Test #2: PROTO: gossip; LOSS: 0%; ARGS: push-pull 80 80
## Sourcing local environment...
## Starting test (args: --loss-chance 0 --nodes 100 gossip push-pull 80 80)...
INFO:root:total: 15205 msgs, discarded: 0 msgs
INFO:root:expected: 0.000000, actual: 0.000000
INFO:root:SUCCEED in dissemination: (1/1000) rounds
# ok: test finished successfully
#####################################################################
# Test #3: PROTO: gossip; LOSS: 0%; ARGS: push-pull 80 80
## Sourcing local environment...
## Starting test (args: --loss-chance 0 --nodes 100 gossip push-pull 80 80)...
INFO:root:total: 15181 msgs, discarded: 0 msgs
INFO:root:expected: 0.000000, actual: 0.000000
INFO:root:SUCCEED in dissemination: (1/1000) rounds
# ok: test finished successfully
#####################################################################
# Test #4: PROTO: gossip; LOSS: 0%; ARGS: push-pull 80 80
## Sourcing local environment...
## Starting test (args: --loss-chance 0 --nodes 100 gossip push-pull 80 80)...
INFO:root:total: 15233 msgs, discarded: 0 msgs
INFO:root:expected: 0.000000, actual: 0.000000
INFO:root:SUCCEED in dissemination: (1/1000) rounds
# ok: test finished successfully
#####################################################################
# Test #5: PROTO: gossip; LOSS: 0%; ARGS: push-pull 80 80
## Sourcing local environment...
## Starting test (args: --loss-chance 0 --nodes 100 gossip push-pull 80 80)...
INFO:root:total: 15173 msgs, discarded: 0 msgs
INFO:root:expected: 0.000000, actual: 0.000000
INFO:root:SUCCEED in dissemination: (1/1000) rounds
# ok: test finished successfully
#####################################################################
# Test #6: PROTO: gossip; LOSS: 0%; ARGS: push-pull 80 80
## Sourcing local environment...
## Starting test (args: --loss-chance 0 --nodes 100 gossip push-pull 80 80)...
INFO:root:total: 14933 msgs, discarded: 0 msgs
INFO:root:expected: 0.000000, actual: 0.000000
INFO:root:SUCCEED in dissemination: (1/1000) rounds
# ok: test finished successfully
#####################################################################
# Test #7: PROTO: gossip; LOSS: 0%; ARGS: push-pull 80 80
## Sourcing local environment...
## Starting test (args: --loss-chance 0 --nodes 100 gossip push-pull 80 80)...
INFO:root:total: 15187 msgs, discarded: 0 msgs
INFO:root:expected: 0.000000, actual: 0.000000
INFO:root:SUCCEED in dissemination: (1/1000) rounds
# ok: test finished successfully
#####################################################################
# Test #8: PROTO: gossip; LOSS: 0%; ARGS: push-pull 80 80
## Sourcing local environment...
## Starting test (args: --loss-chance 0 --nodes 100 gossip push-pull 80 80)...
INFO:root:total: 15173 msgs, discarded: 0 msgs
INFO:root:expected: 0.000000, actual: 0.000000
INFO:root:SUCCEED in dissemination: (1/1000) rounds
# ok: test finished successfully
#####################################################################
# Test #9: PROTO: gossip; LOSS: 0%; ARGS: push-pull 80 80
## Sourcing local environment...
## Starting test (args: --loss-chance 0 --nodes 100 gossip push-pull 80 80)...
INFO:root:total: 15146 msgs, discarded: 0 msgs
INFO:root:expected: 0.000000, actual: 0.000000
INFO:root:SUCCEED in dissemination: (1/1000) rounds
# ok: test finished successfully
#####################################################################
