# Test #0: PROTO: gossip; LOSS: 0%; ARGS: push-pull 30 30
## Sourcing local environment...
## Starting test (args: --loss-chance 0 --nodes 100 gossip push-pull 30 30)...
INFO:root:total: 4929 msgs, discarded: 0 msgs
INFO:root:expected: 0.000000, actual: 0.000000
INFO:root:SUCCEED in dissemination: (1/2000) rounds
# ok: test finished successfully
#####################################################################
# Test #1: PROTO: gossip; LOSS: 0%; ARGS: push-pull 30 30
## Sourcing local environment...
## Starting test (args: --loss-chance 0 --nodes 100 gossip push-pull 30 30)...
INFO:root:total: 4899 msgs, discarded: 0 msgs
INFO:root:expected: 0.000000, actual: 0.000000
INFO:root:SUCCEED in dissemination: (1/2000) rounds
# ok: test finished successfully
#####################################################################
# Test #2: PROTO: gossip; LOSS: 0%; ARGS: push-pull 30 30
## Sourcing local environment...
## Starting test (args: --loss-chance 0 --nodes 100 gossip push-pull 30 30)...
INFO:root:total: 4945 msgs, discarded: 0 msgs
INFO:root:expected: 0.000000, actual: 0.000000
INFO:root:SUCCEED in dissemination: (1/2000) rounds
# ok: test finished successfully
#####################################################################
# Test #3: PROTO: gossip; LOSS: 0%; ARGS: push-pull 30 30
## Sourcing local environment...
## Starting test (args: --loss-chance 0 --nodes 100 gossip push-pull 30 30)...
INFO:root:total: 4971 msgs, discarded: 0 msgs
INFO:root:expected: 0.000000, actual: 0.000000
INFO:root:SUCCEED in dissemination: (1/2000) rounds
# ok: test finished successfully
#####################################################################
# Test #4: PROTO: gossip; LOSS: 0%; ARGS: push-pull 30 30
## Sourcing local environment...
## Starting test (args: --loss-chance 0 --nodes 100 gossip push-pull 30 30)...
INFO:root:total: 4938 msgs, discarded: 0 msgs
INFO:root:expected: 0.000000, actual: 0.000000
INFO:root:SUCCEED in dissemination: (1/2000) rounds
# ok: test finished successfully
#####################################################################
# Test #5: PROTO: gossip; LOSS: 0%; ARGS: push-pull 30 30
## Sourcing local environment...
## Starting test (args: --loss-chance 0 --nodes 100 gossip push-pull 30 30)...
INFO:root:total: 4984 msgs, discarded: 0 msgs
INFO:root:expected: 0.000000, actual: 0.000000
INFO:root:SUCCEED in dissemination: (1/2000) rounds
# ok: test finished successfully
#####################################################################
# Test #6: PROTO: gossip; LOSS: 0%; ARGS: push-pull 30 30
## Sourcing local environment...
## Starting test (args: --loss-chance 0 --nodes 100 gossip push-pull 30 30)...
INFO:root:total: 4870 msgs, discarded: 0 msgs
INFO:root:expected: 0.000000, actual: 0.000000
INFO:root:SUCCEED in dissemination: (1/2000) rounds
# ok: test finished successfully
#####################################################################
# Test #7: PROTO: gossip; LOSS: 0%; ARGS: push-pull 30 30
## Sourcing local environment...
## Starting test (args: --loss-chance 0 --nodes 100 gossip push-pull 30 30)...
INFO:root:total: 4958 msgs, discarded: 0 msgs
INFO:root:expected: 0.000000, actual: 0.000000
INFO:root:SUCCEED in dissemination: (1/2000) rounds
# ok: test finished successfully
#####################################################################
# Test #8: PROTO: gossip; LOSS: 0%; ARGS: push-pull 30 30
## Sourcing local environment...
## Starting test (args: --loss-chance 0 --nodes 100 gossip push-pull 30 30)...
INFO:root:total: 4908 msgs, discarded: 0 msgs
INFO:root:expected: 0.000000, actual: 0.000000
INFO:root:SUCCEED in dissemination: (1/2000) rounds
# ok: test finished successfully
#####################################################################
# Test #9: PROTO: gossip; LOSS: 0%; ARGS: push-pull 30 30
## Sourcing local environment...
## Starting test (args: --loss-chance 0 --nodes 100 gossip push-pull 30 30)...
INFO:root:total: 4892 msgs, discarded: 0 msgs
INFO:root:expected: 0.000000, actual: 0.000000
INFO:root:SUCCEED in dissemination: (1/2000) rounds
# ok: test finished successfully
#####################################################################
