# Test #0: PROTO: gossip; LOSS: 0%; ARGS: push-pull 70 70
## Sourcing local environment...
## Starting test (args: --loss-chance 0 --nodes 100 gossip push-pull 70 70)...
INFO:root:total: 12953 msgs, discarded: 0 msgs
INFO:root:expected: 0.000000, actual: 0.000000
INFO:root:SUCCEED in dissemination: (1/500) rounds
# ok: test finished successfully
#####################################################################
# Test #1: PROTO: gossip; LOSS: 0%; ARGS: push-pull 70 70
## Sourcing local environment...
## Starting test (args: --loss-chance 0 --nodes 100 gossip push-pull 70 70)...
INFO:root:total: 12962 msgs, discarded: 0 msgs
INFO:root:expected: 0.000000, actual: 0.000000
INFO:root:SUCCEED in dissemination: (1/500) rounds
# ok: test finished successfully
#####################################################################
# Test #2: PROTO: gossip; LOSS: 0%; ARGS: push-pull 70 70
## Sourcing local environment...
## Starting test (args: --loss-chance 0 --nodes 100 gossip push-pull 70 70)...
INFO:root:total: 12890 msgs, discarded: 0 msgs
INFO:root:expected: 0.000000, actual: 0.000000
INFO:root:SUCCEED in dissemination: (1/500) rounds
# ok: test finished successfully
#####################################################################
# Test #3: PROTO: gossip; LOSS: 0%; ARGS: push-pull 70 70
## Sourcing local environment...
## Starting test (args: --loss-chance 0 --nodes 100 gossip push-pull 70 70)...
INFO:root:total: 13031 msgs, discarded: 0 msgs
INFO:root:expected: 0.000000, actual: 0.000000
INFO:root:SUCCEED in dissemination: (1/500) rounds
# ok: test finished successfully
#####################################################################
# Test #4: PROTO: gossip; LOSS: 0%; ARGS: push-pull 70 70
## Sourcing local environment...
## Starting test (args: --loss-chance 0 --nodes 100 gossip push-pull 70 70)...
INFO:root:total: 12996 msgs, discarded: 0 msgs
INFO:root:expected: 0.000000, actual: 0.000000
INFO:root:SUCCEED in dissemination: (1/500) rounds
# ok: test finished successfully
#####################################################################
# Test #5: PROTO: gossip; LOSS: 0%; ARGS: push-pull 70 70
## Sourcing local environment...
## Starting test (args: --loss-chance 0 --nodes 100 gossip push-pull 70 70)...
INFO:root:total: 13169 msgs, discarded: 0 msgs
INFO:root:expected: 0.000000, actual: 0.000000
INFO:root:SUCCEED in dissemination: (1/500) rounds
# ok: test finished successfully
#####################################################################
# Test #6: PROTO: gossip; LOSS: 0%; ARGS: push-pull 70 70
## Sourcing local environment...
## Starting test (args: --loss-chance 0 --nodes 100 gossip push-pull 70 70)...
INFO:root:total: 12975 msgs, discarded: 0 msgs
INFO:root:expected: 0.000000, actual: 0.000000
INFO:root:SUCCEED in dissemination: (1/500) rounds
# ok: test finished successfully
#####################################################################
# Test #7: PROTO: gossip; LOSS: 0%; ARGS: push-pull 70 70
## Sourcing local environment...
## Starting test (args: --loss-chance 0 --nodes 100 gossip push-pull 70 70)...
INFO:root:total: 13034 msgs, discarded: 0 msgs
INFO:root:expected: 0.000000, actual: 0.000000
INFO:root:SUCCEED in dissemination: (1/500) rounds
# ok: test finished successfully
#####################################################################
# Test #8: PROTO: gossip; LOSS: 0%; ARGS: push-pull 70 70
## Sourcing local environment...
## Starting test (args: --loss-chance 0 --nodes 100 gossip push-pull 70 70)...
INFO:root:total: 13056 msgs, discarded: 0 msgs
INFO:root:expected: 0.000000, actual: 0.000000
INFO:root:SUCCEED in dissemination: (1/500) rounds
# ok: test finished successfully
#####################################################################
# Test #9: PROTO: gossip; LOSS: 0%; ARGS: push-pull 70 70
## Sourcing local environment...
## Starting test (args: --loss-chance 0 --nodes 100 gossip push-pull 70 70)...
INFO:root:total: 12850 msgs, discarded: 0 msgs
INFO:root:expected: 0.000000, actual: 0.000000
INFO:root:SUCCEED in dissemination: (1/500) rounds
# ok: test finished successfully
#####################################################################
