# Test #0: PROTO: gossip; LOSS: 0%; ARGS: push-pull 10 10
## Sourcing local environment...
## Starting test (args: --loss-chance 0 --nodes 100 gossip push-pull 10 10)...
INFO:root:total: 1693 msgs, discarded: 0 msgs
INFO:root:expected: 0.000000, actual: 0.000000
INFO:root:SUCCEED in dissemination: (2/500) rounds
# ok: test finished successfully
#####################################################################
# Test #1: PROTO: gossip; LOSS: 0%; ARGS: push-pull 10 10
## Sourcing local environment...
## Starting test (args: --loss-chance 0 --nodes 100 gossip push-pull 10 10)...
INFO:root:total: 1684 msgs, discarded: 0 msgs
INFO:root:expected: 0.000000, actual: 0.000000
INFO:root:SUCCEED in dissemination: (2/500) rounds
# ok: test finished successfully
#####################################################################
# Test #2: PROTO: gossip; LOSS: 0%; ARGS: push-pull 10 10
## Sourcing local environment...
## Starting test (args: --loss-chance 0 --nodes 100 gossip push-pull 10 10)...
INFO:root:total: 1679 msgs, discarded: 0 msgs
INFO:root:expected: 0.000000, actual: 0.000000
INFO:root:SUCCEED in dissemination: (2/500) rounds
# ok: test finished successfully
#####################################################################
# Test #3: PROTO: gossip; LOSS: 0%; ARGS: push-pull 10 10
## Sourcing local environment...
## Starting test (args: --loss-chance 0 --nodes 100 gossip push-pull 10 10)...
INFO:root:total: 1673 msgs, discarded: 0 msgs
INFO:root:expected: 0.000000, actual: 0.000000
INFO:root:SUCCEED in dissemination: (2/500) rounds
# ok: test finished successfully
#####################################################################
# Test #4: PROTO: gossip; LOSS: 0%; ARGS: push-pull 10 10
## Sourcing local environment...
## Starting test (args: --loss-chance 0 --nodes 100 gossip push-pull 10 10)...
INFO:root:total: 1675 msgs, discarded: 0 msgs
INFO:root:expected: 0.000000, actual: 0.000000
INFO:root:SUCCEED in dissemination: (2/500) rounds
# ok: test finished successfully
#####################################################################
# Test #5: PROTO: gossip; LOSS: 0%; ARGS: push-pull 10 10
## Sourcing local environment...
## Starting test (args: --loss-chance 0 --nodes 100 gossip push-pull 10 10)...
INFO:root:total: 1696 msgs, discarded: 0 msgs
INFO:root:expected: 0.000000, actual: 0.000000
INFO:root:SUCCEED in dissemination: (2/500) rounds
# ok: test finished successfully
#####################################################################
# Test #6: PROTO: gossip; LOSS: 0%; ARGS: push-pull 10 10
## Sourcing local environment...
## Starting test (args: --loss-chance 0 --nodes 100 gossip push-pull 10 10)...
INFO:root:total: 1552 msgs, discarded: 0 msgs
INFO:root:expected: 0.000000, actual: 0.000000
INFO:root:SUCCEED in dissemination: (1/500) rounds
# ok: test finished successfully
#####################################################################
# Test #7: PROTO: gossip; LOSS: 0%; ARGS: push-pull 10 10
## Sourcing local environment...
## Starting test (args: --loss-chance 0 --nodes 100 gossip push-pull 10 10)...
INFO:root:total: 1685 msgs, discarded: 0 msgs
INFO:root:expected: 0.000000, actual: 0.000000
INFO:root:SUCCEED in dissemination: (2/500) rounds
# ok: test finished successfully
#####################################################################
# Test #8: PROTO: gossip; LOSS: 0%; ARGS: push-pull 10 10
## Sourcing local environment...
## Starting test (args: --loss-chance 0 --nodes 100 gossip push-pull 10 10)...
INFO:root:total: 1741 msgs, discarded: 0 msgs
INFO:root:expected: 0.000000, actual: 0.000000
INFO:root:SUCCEED in dissemination: (2/500) rounds
# ok: test finished successfully
#####################################################################
# Test #9: PROTO: gossip; LOSS: 0%; ARGS: push-pull 10 10
## Sourcing local environment...
## Starting test (args: --loss-chance 0 --nodes 100 gossip push-pull 10 10)...
INFO:root:total: 1681 msgs, discarded: 0 msgs
INFO:root:expected: 0.000000, actual: 0.000000
INFO:root:SUCCEED in dissemination: (2/500) rounds
# ok: test finished successfully
#####################################################################
