# Test #0: PROTO: gossip; LOSS: 0%; ARGS: push-pull 5 55
## Sourcing local environment...
## Starting test (args: --loss-chance 0 --nodes 100 gossip push-pull 5 55)...
INFO:root:total: 8395 msgs, discarded: 0 msgs
INFO:root:expected: 0.000000, actual: 0.000000
INFO:root:SUCCEED in dissemination: (1/2000) rounds
# ok: test finished successfully
#####################################################################
# Test #1: PROTO: gossip; LOSS: 0%; ARGS: push-pull 5 55
## Sourcing local environment...
## Starting test (args: --loss-chance 0 --nodes 100 gossip push-pull 5 55)...
INFO:root:total: 8476 msgs, discarded: 0 msgs
INFO:root:expected: 0.000000, actual: 0.000000
INFO:root:SUCCEED in dissemination: (2/2000) rounds
# ok: test finished successfully
#####################################################################
# Test #2: PROTO: gossip; LOSS: 0%; ARGS: push-pull 5 55
## Sourcing local environment...
## Starting test (args: --loss-chance 0 --nodes 100 gossip push-pull 5 55)...
INFO:root:total: 8329 msgs, discarded: 0 msgs
INFO:root:expected: 0.000000, actual: 0.000000
INFO:root:SUCCEED in dissemination: (1/2000) rounds
# ok: test finished successfully
#####################################################################
# Test #3: PROTO: gossip; LOSS: 0%; ARGS: push-pull 5 55
## Sourcing local environment...
## Starting test (args: --loss-chance 0 --nodes 100 gossip push-pull 5 55)...
INFO:root:total: 8313 msgs, discarded: 0 msgs
INFO:root:expected: 0.000000, actual: 0.000000
INFO:root:SUCCEED in dissemination: (1/2000) rounds
# ok: test finished successfully
#####################################################################
# Test #4: PROTO: gossip; LOSS: 0%; ARGS: push-pull 5 55
## Sourcing local environment...
## Starting test (args: --loss-chance 0 --nodes 100 gossip push-pull 5 55)...
INFO:root:total: 8373 msgs, discarded: 0 msgs
INFO:root:expected: 0.000000, actual: 0.000000
INFO:root:SUCCEED in dissemination: (1/2000) rounds
# ok: test finished successfully
#####################################################################
# Test #5: PROTO: gossip; LOSS: 0%; ARGS: push-pull 5 55
## Sourcing local environment...
## Starting test (args: --loss-chance 0 --nodes 100 gossip push-pull 5 55)...
INFO:root:total: 8357 msgs, discarded: 0 msgs
INFO:root:expected: 0.000000, actual: 0.000000
INFO:root:SUCCEED in dissemination: (1/2000) rounds
# ok: test finished successfully
#####################################################################
# Test #6: PROTO: gossip; LOSS: 0%; ARGS: push-pull 5 55
## Sourcing local environment...
## Starting test (args: --loss-chance 0 --nodes 100 gossip push-pull 5 55)...
INFO:root:total: 8298 msgs, discarded: 0 msgs
INFO:root:expected: 0.000000, actual: 0.000000
INFO:root:SUCCEED in dissemination: (1/2000) rounds
# ok: test finished successfully
#####################################################################
# Test #7: PROTO: gossip; LOSS: 0%; ARGS: push-pull 5 55
## Sourcing local environment...
## Starting test (args: --loss-chance 0 --nodes 100 gossip push-pull 5 55)...
INFO:root:total: 8328 msgs, discarded: 0 msgs
INFO:root:expected: 0.000000, actual: 0.000000
INFO:root:SUCCEED in dissemination: (1/2000) rounds
# ok: test finished successfully
#####################################################################
# Test #8: PROTO: gossip; LOSS: 0%; ARGS: push-pull 5 55
## Sourcing local environment...
## Starting test (args: --loss-chance 0 --nodes 100 gossip push-pull 5 55)...
INFO:root:total: 8319 msgs, discarded: 0 msgs
INFO:root:expected: 0.000000, actual: 0.000000
INFO:root:SUCCEED in dissemination: (1/2000) rounds
# ok: test finished successfully
#####################################################################
# Test #9: PROTO: gossip; LOSS: 0%; ARGS: push-pull 5 55
## Sourcing local environment...
## Starting test (args: --loss-chance 0 --nodes 100 gossip push-pull 5 55)...
INFO:root:total: 8311 msgs, discarded: 0 msgs
INFO:root:expected: 0.000000, actual: 0.000000
INFO:root:SUCCEED in dissemination: (1/2000) rounds
# ok: test finished successfully
#####################################################################
