# Test #0: PROTO: gossip; LOSS: 0%; ARGS: push-pull 55 5
## Sourcing local environment...
## Starting test (args: --loss-chance 0 --nodes 100 gossip push-pull 55 5)...
INFO:root:total: 936 msgs, discarded: 0 msgs
INFO:root:expected: 0.000000, actual: 0.000000
INFO:root:SUCCEED in dissemination: (1/2000) rounds
# ok: test finished successfully
#####################################################################
# Test #1: PROTO: gossip; LOSS: 0%; ARGS: push-pull 55 5
## Sourcing local environment...
## Starting test (args: --loss-chance 0 --nodes 100 gossip push-pull 55 5)...
INFO:root:total: 920 msgs, discarded: 0 msgs
INFO:root:expected: 0.000000, actual: 0.000000
INFO:root:SUCCEED in dissemination: (1/2000) rounds
# ok: test finished successfully
#####################################################################
# Test #2: PROTO: gossip; LOSS: 0%; ARGS: push-pull 55 5
## Sourcing local environment...
## Starting test (args: --loss-chance 0 --nodes 100 gossip push-pull 55 5)...
INFO:root:total: 939 msgs, discarded: 0 msgs
INFO:root:expected: 0.000000, actual: 0.000000
INFO:root:SUCCEED in dissemination: (1/2000) rounds
# ok: test finished successfully
#####################################################################
# Test #3: PROTO: gossip; LOSS: 0%; ARGS: push-pull 55 5
## Sourcing local environment...
## Starting test (args: --loss-chance 0 --nodes 100 gossip push-pull 55 5)...
INFO:root:total: 938 msgs, discarded: 0 msgs
INFO:root:expected: 0.000000, actual: 0.000000
INFO:root:SUCCEED in dissemination: (1/2000) rounds
# ok: test finished successfully
#####################################################################
# Test #4: PROTO: gossip; LOSS: 0%; ARGS: push-pull 55 5
## Sourcing local environment...
## Starting test (args: --loss-chance 0 --nodes 100 gossip push-pull 55 5)...
INFO:root:total: 923 msgs, discarded: 0 msgs
INFO:root:expected: 0.000000, actual: 0.000000
INFO:root:SUCCEED in dissemination: (1/2000) rounds
# ok: test finished successfully
#####################################################################
# Test #5: PROTO: gossip; LOSS: 0%; ARGS: push-pull 55 5
## Sourcing local environment...
## Starting test (args: --loss-chance 0 --nodes 100 gossip push-pull 55 5)...
INFO:root:total: 915 msgs, discarded: 0 msgs
INFO:root:expected: 0.000000, actual: 0.000000
INFO:root:SUCCEED in dissemination: (1/2000) rounds
# ok: test finished successfully
#####################################################################
# Test #6: PROTO: gossip; LOSS: 0%; ARGS: push-pull 55 5
## Sourcing local environment...
## Starting test (args: --loss-chance 0 --nodes 100 gossip push-pull 55 5)...
INFO:root:total: 939 msgs, discarded: 0 msgs
INFO:root:expected: 0.000000, actual: 0.000000
INFO:root:SUCCEED in dissemination: (1/2000) rounds
# ok: test finished successfully
#####################################################################
# Test #7: PROTO: gossip; LOSS: 0%; ARGS: push-pull 55 5
## Sourcing local environment...
## Starting test (args: --loss-chance 0 --nodes 100 gossip push-pull 55 5)...
INFO:root:total: 944 msgs, discarded: 0 msgs
INFO:root:expected: 0.000000, actual: 0.000000
INFO:root:SUCCEED in dissemination: (1/2000) rounds
# ok: test finished successfully
#####################################################################
# Test #8: PROTO: gossip; LOSS: 0%; ARGS: push-pull 55 5
## Sourcing local environment...
## Starting test (args: --loss-chance 0 --nodes 100 gossip push-pull 55 5)...
INFO:root:total: 941 msgs, discarded: 0 msgs
INFO:root:expected: 0.000000, actual: 0.000000
INFO:root:SUCCEED in dissemination: (1/2000) rounds
# ok: test finished successfully
#####################################################################
# Test #9: PROTO: gossip; LOSS: 0%; ARGS: push-pull 55 5
## Sourcing local environment...
## Starting test (args: --loss-chance 0 --nodes 100 gossip push-pull 55 5)...
INFO:root:total: 935 msgs, discarded: 0 msgs
INFO:root:expected: 0.000000, actual: 0.000000
INFO:root:SUCCEED in dissemination: (1/2000) rounds
# ok: test finished successfully
#####################################################################
