# Test #0: PROTO: gossip; LOSS: 0%; ARGS: push-pull 40 70
## Sourcing local environment...
## Starting test (args: --loss-chance 0 --nodes 100 gossip push-pull 40 70)...
INFO:root:total: 11913 msgs, discarded: 0 msgs
INFO:root:expected: 0.000000, actual: 0.000000
INFO:root:SUCCEED in dissemination: (1/500) rounds
# ok: test finished successfully
#####################################################################
# Test #1: PROTO: gossip; LOSS: 0%; ARGS: push-pull 40 70
## Sourcing local environment...
## Starting test (args: --loss-chance 0 --nodes 100 gossip push-pull 40 70)...
INFO:root:total: 11847 msgs, discarded: 0 msgs
INFO:root:expected: 0.000000, actual: 0.000000
INFO:root:SUCCEED in dissemination: (1/500) rounds
# ok: test finished successfully
#####################################################################
# Test #2: PROTO: gossip; LOSS: 0%; ARGS: push-pull 40 70
## Sourcing local environment...
## Starting test (args: --loss-chance 0 --nodes 100 gossip push-pull 40 70)...
INFO:root:total: 12041 msgs, discarded: 0 msgs
INFO:root:expected: 0.000000, actual: 0.000000
INFO:root:SUCCEED in dissemination: (1/500) rounds
# ok: test finished successfully
#####################################################################
# Test #3: PROTO: gossip; LOSS: 0%; ARGS: push-pull 40 70
## Sourcing local environment...
## Starting test (args: --loss-chance 0 --nodes 100 gossip push-pull 40 70)...
INFO:root:total: 11835 msgs, discarded: 0 msgs
INFO:root:expected: 0.000000, actual: 0.000000
INFO:root:SUCCEED in dissemination: (1/500) rounds
# ok: test finished successfully
#####################################################################
# Test #4: PROTO: gossip; LOSS: 0%; ARGS: push-pull 40 70
## Sourcing local environment...
## Starting test (args: --loss-chance 0 --nodes 100 gossip push-pull 40 70)...
INFO:root:total: 11868 msgs, discarded: 0 msgs
INFO:root:expected: 0.000000, actual: 0.000000
INFO:root:SUCCEED in dissemination: (1/500) rounds
# ok: test finished successfully
#####################################################################
# Test #5: PROTO: gossip; LOSS: 0%; ARGS: push-pull 40 70
## Sourcing local environment...
## Starting test (args: --loss-chance 0 --nodes 100 gossip push-pull 40 70)...
INFO:root:total: 11867 msgs, discarded: 0 msgs
INFO:root:expected: 0.000000, actual: 0.000000
INFO:root:SUCCEED in dissemination: (1/500) rounds
# ok: test finished successfully
#####################################################################
# Test #6: PROTO: gossip; LOSS: 0%; ARGS: push-pull 40 70
## Sourcing local environment...
## Starting test (args: --loss-chance 0 --nodes 100 gossip push-pull 40 70)...
INFO:root:total: 11790 msgs, discarded: 0 msgs
INFO:root:expected: 0.000000, actual: 0.000000
INFO:root:SUCCEED in dissemination: (1/500) rounds
# ok: test finished successfully
#####################################################################
# Test #7: PROTO: gossip; LOSS: 0%; ARGS: push-pull 40 70
## Sourcing local environment...
## Starting test (args: --loss-chance 0 --nodes 100 gossip push-pull 40 70)...
INFO:root:total: 11951 msgs, discarded: 0 msgs
INFO:root:expected: 0.000000, actual: 0.000000
INFO:root:SUCCEED in dissemination: (1/500) rounds
# ok: test finished successfully
#####################################################################
# Test #8: PROTO: gossip; LOSS: 0%; ARGS: push-pull 40 70
## Sourcing local environment...
## Starting test (args: --loss-chance 0 --nodes 100 gossip push-pull 40 70)...
INFO:root:total: 11787 msgs, discarded: 0 msgs
INFO:root:expected: 0.000000, actual: 0.000000
INFO:root:SUCCEED in dissemination: (1/500) rounds
# ok: test finished successfully
#####################################################################
# Test #9: PROTO: gossip; LOSS: 0%; ARGS: push-pull 40 70
## Sourcing local environment...
## Starting test (args: --loss-chance 0 --nodes 100 gossip push-pull 40 70)...
INFO:root:total: 11737 msgs, discarded: 0 msgs
INFO:root:expected: 0.000000, actual: 0.000000
INFO:root:SUCCEED in dissemination: (1/500) rounds
# ok: test finished successfully
#####################################################################
