# Test #0: PROTO: gossip; LOSS: 0%; ARGS: push-pull 40 40
## Sourcing local environment...
## Starting test (args: --loss-chance 0 --nodes 100 gossip push-pull 40 40)...
INFO:root:total: 6771 msgs, discarded: 0 msgs
INFO:root:expected: 0.000000, actual: 0.000000
INFO:root:SUCCEED in dissemination: (1/500) rounds
# ok: test finished successfully
#####################################################################
# Test #1: PROTO: gossip; LOSS: 0%; ARGS: push-pull 40 40
## Sourcing local environment...
## Starting test (args: --loss-chance 0 --nodes 100 gossip push-pull 40 40)...
INFO:root:total: 6846 msgs, discarded: 0 msgs
INFO:root:expected: 0.000000, actual: 0.000000
INFO:root:SUCCEED in dissemination: (1/500) rounds
# ok: test finished successfully
#####################################################################
# Test #2: PROTO: gossip; LOSS: 0%; ARGS: push-pull 40 40
## Sourcing local environment...
## Starting test (args: --loss-chance 0 --nodes 100 gossip push-pull 40 40)...
INFO:root:total: 6804 msgs, discarded: 0 msgs
INFO:root:expected: 0.000000, actual: 0.000000
INFO:root:SUCCEED in dissemination: (1/500) rounds
# ok: test finished successfully
#####################################################################
# Test #3: PROTO: gossip; LOSS: 0%; ARGS: push-pull 40 40
## Sourcing local environment...
## Starting test (args: --loss-chance 0 --nodes 100 gossip push-pull 40 40)...
INFO:root:total: 6869 msgs, discarded: 0 msgs
INFO:root:expected: 0.000000, actual: 0.000000
INFO:root:SUCCEED in dissemination: (1/500) rounds
# ok: test finished successfully
#####################################################################
# Test #4: PROTO: gossip; LOSS: 0%; ARGS: push-pull 40 40
## Sourcing local environment...
## Starting test (args: --loss-chance 0 --nodes 100 gossip push-pull 40 40)...
INFO:root:total: 6828 msgs, discarded: 0 msgs
INFO:root:expected: 0.000000, actual: 0.000000
INFO:root:SUCCEED in dissemination: (1/500) rounds
# ok: test finished successfully
#####################################################################
# Test #5: PROTO: gossip; LOSS: 0%; ARGS: push-pull 40 40
## Sourcing local environment...
## Starting test (args: --loss-chance 0 --nodes 100 gossip push-pull 40 40)...
INFO:root:total: 6754 msgs, discarded: 0 msgs
INFO:root:expected: 0.000000, actual: 0.000000
INFO:root:SUCCEED in dissemination: (1/500) rounds
# ok: test finished successfully
#####################################################################
# Test #6: PROTO: gossip; LOSS: 0%; ARGS: push-pull 40 40
## Sourcing local environment...
## Starting test (args: --loss-chance 0 --nodes 100 gossip push-pull 40 40)...
INFO:root:total: 6806 msgs, discarded: 0 msgs
INFO:root:expected: 0.000000, actual: 0.000000
INFO:root:SUCCEED in dissemination: (1/500) rounds
# ok: test finished successfully
#####################################################################
# Test #7: PROTO: gossip; LOSS: 0%; ARGS: push-pull 40 40
## Sourcing local environment...
## Starting test (args: --loss-chance 0 --nodes 100 gossip push-pull 40 40)...
INFO:root:total: 6758 msgs, discarded: 0 msgs
INFO:root:expected: 0.000000, actual: 0.000000
INFO:root:SUCCEED in dissemination: (1/500) rounds
# ok: test finished successfully
#####################################################################
# Test #8: PROTO: gossip; LOSS: 0%; ARGS: push-pull 40 40
## Sourcing local environment...
## Starting test (args: --loss-chance 0 --nodes 100 gossip push-pull 40 40)...
INFO:root:total: 6803 msgs, discarded: 0 msgs
INFO:root:expected: 0.000000, actual: 0.000000
INFO:root:SUCCEED in dissemination: (1/500) rounds
# ok: test finished successfully
#####################################################################
# Test #9: PROTO: gossip; LOSS: 0%; ARGS: push-pull 40 40
## Sourcing local environment...
## Starting test (args: --loss-chance 0 --nodes 100 gossip push-pull 40 40)...
INFO:root:total: 6790 msgs, discarded: 0 msgs
INFO:root:expected: 0.000000, actual: 0.000000
INFO:root:SUCCEED in dissemination: (1/500) rounds
# ok: test finished successfully
#####################################################################
