# Test #0: PROTO: gossip; LOSS: 0%; ARGS: push-pull 80 30
## Sourcing local environment...
## Starting test (args: --loss-chance 0 --nodes 100 gossip push-pull 80 30)...
INFO:root:total: 5688 msgs, discarded: 0 msgs
INFO:root:expected: 0.000000, actual: 0.000000
INFO:root:SUCCEED in dissemination: (1/2000) rounds
# ok: test finished successfully
#####################################################################
# Test #1: PROTO: gossip; LOSS: 0%; ARGS: push-pull 80 30
## Sourcing local environment...
## Starting test (args: --loss-chance 0 --nodes 100 gossip push-pull 80 30)...
INFO:root:total: 5757 msgs, discarded: 0 msgs
INFO:root:expected: 0.000000, actual: 0.000000
INFO:root:SUCCEED in dissemination: (1/2000) rounds
# ok: test finished successfully
#####################################################################
# Test #2: PROTO: gossip; LOSS: 0%; ARGS: push-pull 80 30
## Sourcing local environment...
## Starting test (args: --loss-chance 0 --nodes 100 gossip push-pull 80 30)...
INFO:root:total: 5721 msgs, discarded: 0 msgs
INFO:root:expected: 0.000000, actual: 0.000000
INFO:root:SUCCEED in dissemination: (1/2000) rounds
# ok: test finished successfully
#####################################################################
# Test #3: PROTO: gossip; LOSS: 0%; ARGS: push-pull 80 30
## Sourcing local environment...
## Starting test (args: --loss-chance 0 --nodes 100 gossip push-pull 80 30)...
INFO:root:total: 5721 msgs, discarded: 0 msgs
INFO:root:expected: 0.000000, actual: 0.000000
INFO:root:SUCCEED in dissemination: (1/2000) rounds
# ok: test finished successfully
#####################################################################
# Test #4: PROTO: gossip; LOSS: 0%; ARGS: push-pull 80 30
## Sourcing local environment...
## Starting test (args: --loss-chance 0 --nodes 100 gossip push-pull 80 30)...
INFO:root:total: 5743 msgs, discarded: 0 msgs
INFO:root:expected: 0.000000, actual: 0.000000
INFO:root:SUCCEED in dissemination: (1/2000) rounds
# ok: test finished successfully
#####################################################################
# Test #5: PROTO: gossip; LOSS: 0%; ARGS: push-pull 80 30
## Sourcing local environment...
## Starting test (args: --loss-chance 0 --nodes 100 gossip push-pull 80 30)...
INFO:root:total: 5708 msgs, discarded: 0 msgs
INFO:root:expected: 0.000000, actual: 0.000000
INFO:root:SUCCEED in dissemination: (1/2000) rounds
# ok: test finished successfully
#####################################################################
# Test #6: PROTO: gossip; LOSS: 0%; ARGS: push-pull 80 30
## Sourcing local environment...
## Starting test (args: --loss-chance 0 --nodes 100 gossip push-pull 80 30)...
INFO:root:total: 5752 msgs, discarded: 0 msgs
INFO:root:expected: 0.000000, actual: 0.000000
INFO:root:SUCCEED in dissemination: (1/2000) rounds
# ok: test finished successfully
#####################################################################
# Test #7: PROTO: gossip; LOSS: 0%; ARGS: push-pull 80 30
## Sourcing local environment...
## Starting test (args: --loss-chance 0 --nodes 100 gossip push-pull 80 30)...
INFO:root:total: 5732 msgs, discarded: 0 msgs
INFO:root:expected: 0.000000, actual: 0.000000
INFO:root:SUCCEED in dissemination: (1/2000) rounds
# ok: test finished successfully
#####################################################################
# Test #8: PROTO: gossip; LOSS: 0%; ARGS: push-pull 80 30
## Sourcing local environment...
## Starting test (args: --loss-chance 0 --nodes 100 gossip push-pull 80 30)...
INFO:root:total: 5745 msgs, discarded: 0 msgs
INFO:root:expected: 0.000000, actual: 0.000000
INFO:root:SUCCEED in dissemination: (1/2000) rounds
# ok: test finished successfully
#####################################################################
# Test #9: PROTO: gossip; LOSS: 0%; ARGS: push-pull 80 30
## Sourcing local environment...
## Starting test (args: --loss-chance 0 --nodes 100 gossip push-pull 80 30)...
INFO:root:total: 5721 msgs, discarded: 0 msgs
INFO:root:expected: 0.000000, actual: 0.000000
INFO:root:SUCCEED in dissemination: (1/2000) rounds
# ok: test finished successfully
#####################################################################
