# Test #0: PROTO: gossip; LOSS: 0%; ARGS: push-pull 10 70
## Sourcing local environment...
## Starting test (args: --loss-chance 0 --nodes 100 gossip push-pull 10 70)...
INFO:root:total: 10830 msgs, discarded: 0 msgs
INFO:root:expected: 0.000000, actual: 0.000000
INFO:root:SUCCEED in dissemination: (1/500) rounds
# ok: test finished successfully
#####################################################################
# Test #1: PROTO: gossip; LOSS: 0%; ARGS: push-pull 10 70
## Sourcing local environment...
## Starting test (args: --loss-chance 0 --nodes 100 gossip push-pull 10 70)...
INFO:root:total: 10744 msgs, discarded: 0 msgs
INFO:root:expected: 0.000000, actual: 0.000000
INFO:root:SUCCEED in dissemination: (1/500) rounds
# ok: test finished successfully
#####################################################################
# Test #2: PROTO: gossip; LOSS: 0%; ARGS: push-pull 10 70
## Sourcing local environment...
## Starting test (args: --loss-chance 0 --nodes 100 gossip push-pull 10 70)...
INFO:root:total: 10698 msgs, discarded: 0 msgs
INFO:root:expected: 0.000000, actual: 0.000000
INFO:root:SUCCEED in dissemination: (1/500) rounds
# ok: test finished successfully
#####################################################################
# Test #3: PROTO: gossip; LOSS: 0%; ARGS: push-pull 10 70
## Sourcing local environment...
## Starting test (args: --loss-chance 0 --nodes 100 gossip push-pull 10 70)...
INFO:root:total: 10853 msgs, discarded: 0 msgs
INFO:root:expected: 0.000000, actual: 0.000000
INFO:root:SUCCEED in dissemination: (1/500) rounds
# ok: test finished successfully
#####################################################################
# Test #4: PROTO: gossip; LOSS: 0%; ARGS: push-pull 10 70
## Sourcing local environment...
## Starting test (args: --loss-chance 0 --nodes 100 gossip push-pull 10 70)...
INFO:root:total: 10643 msgs, discarded: 0 msgs
INFO:root:expected: 0.000000, actual: 0.000000
INFO:root:SUCCEED in dissemination: (1/500) rounds
# ok: test finished successfully
#####################################################################
# Test #5: PROTO: gossip; LOSS: 0%; ARGS: push-pull 10 70
## Sourcing local environment...
## Starting test (args: --loss-chance 0 --nodes 100 gossip push-pull 10 70)...
INFO:root:total: 10902 msgs, discarded: 0 msgs
INFO:root:expected: 0.000000, actual: 0.000000
INFO:root:SUCCEED in dissemination: (1/500) rounds
# ok: test finished successfully
#####################################################################
# Test #6: PROTO: gossip; LOSS: 0%; ARGS: push-pull 10 70
## Sourcing local environment...
## Starting test (args: --loss-chance 0 --nodes 100 gossip push-pull 10 70)...
INFO:root:total: 10782 msgs, discarded: 0 msgs
INFO:root:expected: 0.000000, actual: 0.000000
INFO:root:SUCCEED in dissemination: (1/500) rounds
# ok: test finished successfully
#####################################################################
# Test #7: PROTO: gossip; LOSS: 0%; ARGS: push-pull 10 70
## Sourcing local environment...
## Starting test (args: --loss-chance 0 --nodes 100 gossip push-pull 10 70)...
INFO:root:total: 10842 msgs, discarded: 0 msgs
INFO:root:expected: 0.000000, actual: 0.000000
INFO:root:SUCCEED in dissemination: (1/500) rounds
# ok: test finished successfully
#####################################################################
# Test #8: PROTO: gossip; LOSS: 0%; ARGS: push-pull 10 70
## Sourcing local environment...
## Starting test (args: --loss-chance 0 --nodes 100 gossip push-pull 10 70)...
INFO:root:total: 10846 msgs, discarded: 0 msgs
INFO:root:expected: 0.000000, actual: 0.000000
INFO:root:SUCCEED in dissemination: (1/500) rounds
# ok: test finished successfully
#####################################################################
# Test #9: PROTO: gossip; LOSS: 0%; ARGS: push-pull 10 70
## Sourcing local environment...
## Starting test (args: --loss-chance 0 --nodes 100 gossip push-pull 10 70)...
INFO:root:total: 10780 msgs, discarded: 0 msgs
INFO:root:expected: 0.000000, actual: 0.000000
INFO:root:SUCCEED in dissemination: (1/500) rounds
# ok: test finished successfully
#####################################################################
