# Test #0: PROTO: gossip; LOSS: 0%; ARGS: pull 80
## Sourcing local environment...
## Starting test (args: --loss-chance 0 --nodes 100 gossip pull 80)...
INFO:root:total: 11996 msgs, discarded: 0 msgs
INFO:root:expected: 0.000000, actual: 0.000000
INFO:root:SUCCEED in dissemination: (2/500) rounds
# ok: test finished successfully
#####################################################################
# Test #1: PROTO: gossip; LOSS: 0%; ARGS: pull 80
## Sourcing local environment...
## Starting test (args: --loss-chance 0 --nodes 100 gossip pull 80)...
INFO:root:total: 12008 msgs, discarded: 0 msgs
INFO:root:expected: 0.000000, actual: 0.000000
INFO:root:SUCCEED in dissemination: (2/500) rounds
# ok: test finished successfully
#####################################################################
# Test #2: PROTO: gossip; LOSS: 0%; ARGS: pull 80
## Sourcing local environment...
## Starting test (args: --loss-chance 0 --nodes 100 gossip pull 80)...
INFO:root:total: 11917 msgs, discarded: 0 msgs
INFO:root:expected: 0.000000, actual: 0.000000
INFO:root:SUCCEED in dissemination: (1/500) rounds
# ok: test finished successfully
#####################################################################
# Test #3: PROTO: gossip; LOSS: 0%; ARGS: pull 80
## Sourcing local environment...
## Starting test (args: --loss-chance 0 --nodes 100 gossip pull 80)...
INFO:root:total: 11930 msgs, discarded: 0 msgs
INFO:root:expected: 0.000000, actual: 0.000000
INFO:root:SUCCEED in dissemination: (1/500) rounds
# ok: test finished successfully
#####################################################################
# Test #4: PROTO: gossip; LOSS: 0%; ARGS: pull 80
## Sourcing local environment...
## Starting test (args: --loss-chance 0 --nodes 100 gossip pull 80)...
INFO:root:total: 11990 msgs, discarded: 0 msgs
INFO:root:expected: 0.000000, actual: 0.000000
INFO:root:SUCCEED in dissemination: (2/500) rounds
# ok: test finished successfully
#####################################################################
# Test #5: PROTO: gossip; LOSS: 0%; ARGS: pull 80
## Sourcing local environment...
## Starting test (args: --loss-chance 0 --nodes 100 gossip pull 80)...
INFO:root:total: 11920 msgs, discarded: 0 msgs
INFO:root:expected: 0.000000, actual: 0.000000
INFO:root:SUCCEED in dissemination: (1/500) rounds
# ok: test finished successfully
#####################################################################
# Test #6: PROTO: gossip; LOSS: 0%; ARGS: pull 80
## Sourcing local environment...
## Starting test (args: --loss-chance 0 --nodes 100 gossip pull 80)...
INFO:root:total: 11919 msgs, discarded: 0 msgs
INFO:root:expected: 0.000000, actual: 0.000000
INFO:root:SUCCEED in dissemination: (1/500) rounds
# ok: test finished successfully
#####################################################################
# Test #7: PROTO: gossip; LOSS: 0%; ARGS: pull 80
## Sourcing local environment...
## Starting test (args: --loss-chance 0 --nodes 100 gossip pull 80)...
INFO:root:total: 11930 msgs, discarded: 0 msgs
INFO:root:expected: 0.000000, actual: 0.000000
INFO:root:SUCCEED in dissemination: (1/500) rounds
# ok: test finished successfully
#####################################################################
# Test #8: PROTO: gossip; LOSS: 0%; ARGS: pull 80
## Sourcing local environment...
## Starting test (args: --loss-chance 0 --nodes 100 gossip pull 80)...
INFO:root:total: 11908 msgs, discarded: 0 msgs
INFO:root:expected: 0.000000, actual: 0.000000
INFO:root:SUCCEED in dissemination: (1/500) rounds
# ok: test finished successfully
#####################################################################
# Test #9: PROTO: gossip; LOSS: 0%; ARGS: pull 80
## Sourcing local environment...
## Starting test (args: --loss-chance 0 --nodes 100 gossip pull 80)...
INFO:root:total: 11926 msgs, discarded: 0 msgs
INFO:root:expected: 0.000000, actual: 0.000000
INFO:root:SUCCEED in dissemination: (1/500) rounds
# ok: test finished successfully
#####################################################################
