# Test #0: PROTO: gossip; LOSS: 0%; ARGS: push 5
## Sourcing local environment...
## Starting test (args: --loss-chance 0 --nodes 100 gossip push 5)...
INFO:root:total: 610 msgs, discarded: 0 msgs
INFO:root:expected: 0.000000, actual: 0.000000
INFO:root:SUCCEED in dissemination: (4/2000) rounds
# ok: test finished successfully
#####################################################################
# Test #1: PROTO: gossip; LOSS: 0%; ARGS: push 5
## Sourcing local environment...
## Starting test (args: --loss-chance 0 --nodes 100 gossip push 5)...
INFO:root:total: 605 msgs, discarded: 0 msgs
INFO:root:expected: 0.000000, actual: 0.000000
INFO:root:SUCCEED in dissemination: (4/2000) rounds
# ok: test finished successfully
#####################################################################
# Test #2: PROTO: gossip; LOSS: 0%; ARGS: push 5
## Sourcing local environment...
## Starting test (args: --loss-chance 0 --nodes 100 gossip push 5)...
INFO:root:total: 645 msgs, discarded: 0 msgs
INFO:root:expected: 0.000000, actual: 0.000000
INFO:root:SUCCEED in dissemination: (4/2000) rounds
# ok: test finished successfully
#####################################################################
# Test #3: PROTO: gossip; LOSS: 0%; ARGS: push 5
## Sourcing local environment...
## Starting test (args: --loss-chance 0 --nodes 100 gossip push 5)...
INFO:root:total: 605 msgs, discarded: 0 msgs
INFO:root:expected: 0.000000, actual: 0.000000
INFO:root:SUCCEED in dissemination: (4/2000) rounds
# ok: test finished successfully
#####################################################################
# Test #4: PROTO: gossip; LOSS: 0%; ARGS: push 5
## Sourcing local environment...
## Starting test (args: --loss-chance 0 --nodes 100 gossip push 5)...
INFO:root:total: 635 msgs, discarded: 0 msgs
INFO:root:expected: 0.000000, actual: 0.000000
INFO:root:SUCCEED in dissemination: (4/2000) rounds
# ok: test finished successfully
#####################################################################
# Test #5: PROTO: gossip; LOSS: 0%; ARGS: push 5
## Sourcing local environment...
## Starting test (args: --loss-chance 0 --nodes 100 gossip push 5)...
INFO:root:total: 1120 msgs, discarded: 0 msgs
INFO:root:expected: 0.000000, actual: 0.000000
INFO:root:SUCCEED in dissemination: (5/2000) rounds
# ok: test finished successfully
#####################################################################
# Test #6: PROTO: gossip; LOSS: 0%; ARGS: push 5
## Sourcing local environment...
## Starting test (args: --loss-chance 0 --nodes 100 gossip push 5)...
INFO:root:total: 630 msgs, discarded: 0 msgs
INFO:root:expected: 0.000000, actual: 0.000000
INFO:root:SUCCEED in dissemination: (4/2000) rounds
# ok: test finished successfully
#####################################################################
# Test #7: PROTO: gossip; LOSS: 0%; ARGS: push 5
## Sourcing local environment...
## Starting test (args: --loss-chance 0 --nodes 100 gossip push 5)...
INFO:root:total: 620 msgs, discarded: 0 msgs
INFO:root:expected: 0.000000, actual: 0.000000
INFO:root:SUCCEED in dissemination: (4/2000) rounds
# ok: test finished successfully
#####################################################################
# Test #8: PROTO: gossip; LOSS: 0%; ARGS: push 5
## Sourcing local environment...
## Starting test (args: --loss-chance 0 --nodes 100 gossip push 5)...
INFO:root:total: 620 msgs, discarded: 0 msgs
INFO:root:expected: 0.000000, actual: 0.000000
INFO:root:SUCCEED in dissemination: (4/2000) rounds
# ok: test finished successfully
#####################################################################
# Test #9: PROTO: gossip; LOSS: 0%; ARGS: push 5
## Sourcing local environment...
## Starting test (args: --loss-chance 0 --nodes 100 gossip push 5)...
INFO:root:total: 650 msgs, discarded: 0 msgs
INFO:root:expected: 0.000000, actual: 0.000000
INFO:root:SUCCEED in dissemination: (4/2000) rounds
# ok: test finished successfully
#####################################################################
