# Test #0: PROTO: gossip; LOSS: 25%; ARGS: push-pull 40 40
## Sourcing local environment...
## Starting test (args: --loss-chance 25 --nodes 100 gossip push-pull 40 40)...
INFO:root:total: 6012 msgs, discarded: 1519 msgs
INFO:root:expected: 0.250000, actual: 0.252661
INFO:root:SUCCEED in dissemination: (1/500) rounds
# ok: test finished successfully
#####################################################################
# Test #1: PROTO: gossip; LOSS: 25%; ARGS: push-pull 40 40
## Sourcing local environment...
## Starting test (args: --loss-chance 25 --nodes 100 gossip push-pull 40 40)...
INFO:root:total: 5971 msgs, discarded: 1455 msgs
INFO:root:expected: 0.250000, actual: 0.243678
INFO:root:SUCCEED in dissemination: (1/500) rounds
# ok: test finished successfully
#####################################################################
# Test #2: PROTO: gossip; LOSS: 25%; ARGS: push-pull 40 40
## Sourcing local environment...
## Starting test (args: --loss-chance 25 --nodes 100 gossip push-pull 40 40)...
INFO:root:total: 5909 msgs, discarded: 1502 msgs
INFO:root:expected: 0.250000, actual: 0.254189
INFO:root:SUCCEED in dissemination: (1/500) rounds
# ok: test finished successfully
#####################################################################
# Test #3: PROTO: gossip; LOSS: 25%; ARGS: push-pull 40 40
## Sourcing local environment...
## Starting test (args: --loss-chance 25 --nodes 100 gossip push-pull 40 40)...
INFO:root:total: 5968 msgs, discarded: 1498 msgs
INFO:root:expected: 0.250000, actual: 0.251005
INFO:root:SUCCEED in dissemination: (1/500) rounds
# ok: test finished successfully
#####################################################################
# Test #4: PROTO: gossip; LOSS: 25%; ARGS: push-pull 40 40
## Sourcing local environment...
## Starting test (args: --loss-chance 25 --nodes 100 gossip push-pull 40 40)...
INFO:root:total: 6017 msgs, discarded: 1475 msgs
INFO:root:expected: 0.250000, actual: 0.245139
INFO:root:SUCCEED in dissemination: (1/500) rounds
# ok: test finished successfully
#####################################################################
# Test #5: PROTO: gossip; LOSS: 25%; ARGS: push-pull 40 40
## Sourcing local environment...
## Starting test (args: --loss-chance 25 --nodes 100 gossip push-pull 40 40)...
INFO:root:total: 6016 msgs, discarded: 1495 msgs
INFO:root:expected: 0.250000, actual: 0.248504
INFO:root:SUCCEED in dissemination: (1/500) rounds
# ok: test finished successfully
#####################################################################
# Test #6: PROTO: gossip; LOSS: 25%; ARGS: push-pull 40 40
## Sourcing local environment...
## Starting test (args: --loss-chance 25 --nodes 100 gossip push-pull 40 40)...
INFO:root:total: 5843 msgs, discarded: 1460 msgs
INFO:root:expected: 0.250000, actual: 0.249872
INFO:root:SUCCEED in dissemination: (1/500) rounds
# ok: test finished successfully
#####################################################################
# Test #7: PROTO: gossip; LOSS: 25%; ARGS: push-pull 40 40
## Sourcing local environment...
## Starting test (args: --loss-chance 25 --nodes 100 gossip push-pull 40 40)...
INFO:root:total: 5955 msgs, discarded: 1467 msgs
INFO:root:expected: 0.250000, actual: 0.246348
INFO:root:SUCCEED in dissemination: (1/500) rounds
# ok: test finished successfully
#####################################################################
# Test #8: PROTO: gossip; LOSS: 25%; ARGS: push-pull 40 40
## Sourcing local environment...
## Starting test (args: --loss-chance 25 --nodes 100 gossip push-pull 40 40)...
INFO:root:total: 5896 msgs, discarded: 1542 msgs
INFO:root:expected: 0.250000, actual: 0.261533
INFO:root:SUCCEED in dissemination: (1/500) rounds
# ok: test finished successfully
#####################################################################
# Test #9: PROTO: gossip; LOSS: 25%; ARGS: push-pull 40 40
## Sourcing local environment...
## Starting test (args: --loss-chance 25 --nodes 100 gossip push-pull 40 40)...
INFO:root:total: 5932 msgs, discarded: 1517 msgs
INFO:root:expected: 0.250000, actual: 0.255732
INFO:root:SUCCEED in dissemination: (1/500) rounds
# ok: test finished successfully
#####################################################################
