# Test #0: PROTO: gossip; LOSS: 25%; ARGS: push 80
## Sourcing local environment...
## Starting test (args: --loss-chance 25 --nodes 100 gossip push 80)...
INFO:root:total: 4880 msgs, discarded: 1266 msgs
INFO:root:expected: 0.250000, actual: 0.259426
INFO:root:SUCCEED in dissemination: (2/1000) rounds
# ok: test finished successfully
#####################################################################
# Test #1: PROTO: gossip; LOSS: 25%; ARGS: push 80
## Sourcing local environment...
## Starting test (args: --loss-chance 25 --nodes 100 gossip push 80)...
INFO:root:total: 4800 msgs, discarded: 1209 msgs
INFO:root:expected: 0.250000, actual: 0.251875
INFO:root:SUCCEED in dissemination: (2/1000) rounds
# ok: test finished successfully
#####################################################################
# Test #2: PROTO: gossip; LOSS: 25%; ARGS: push 80
## Sourcing local environment...
## Starting test (args: --loss-chance 25 --nodes 100 gossip push 80)...
INFO:root:total: 4640 msgs, discarded: 1125 msgs
INFO:root:expected: 0.250000, actual: 0.242457
INFO:root:SUCCEED in dissemination: (2/1000) rounds
# ok: test finished successfully
#####################################################################
# Test #3: PROTO: gossip; LOSS: 25%; ARGS: push 80
## Sourcing local environment...
## Starting test (args: --loss-chance 25 --nodes 100 gossip push 80)...
INFO:root:total: 5200 msgs, discarded: 1285 msgs
INFO:root:expected: 0.250000, actual: 0.247115
INFO:root:SUCCEED in dissemination: (2/1000) rounds
# ok: test finished successfully
#####################################################################
# Test #4: PROTO: gossip; LOSS: 25%; ARGS: push 80
## Sourcing local environment...
## Starting test (args: --loss-chance 25 --nodes 100 gossip push 80)...
INFO:root:total: 5280 msgs, discarded: 1313 msgs
INFO:root:expected: 0.250000, actual: 0.248674
INFO:root:SUCCEED in dissemination: (2/1000) rounds
# ok: test finished successfully
#####################################################################
# Test #5: PROTO: gossip; LOSS: 25%; ARGS: push 80
## Sourcing local environment...
## Starting test (args: --loss-chance 25 --nodes 100 gossip push 80)...
INFO:root:total: 4880 msgs, discarded: 1212 msgs
INFO:root:expected: 0.250000, actual: 0.248361
INFO:root:SUCCEED in dissemination: (2/1000) rounds
# ok: test finished successfully
#####################################################################
# Test #6: PROTO: gossip; LOSS: 25%; ARGS: push 80
## Sourcing local environment...
## Starting test (args: --loss-chance 25 --nodes 100 gossip push 80)...
INFO:root:total: 4880 msgs, discarded: 1208 msgs
INFO:root:expected: 0.250000, actual: 0.247541
INFO:root:SUCCEED in dissemination: (2/1000) rounds
# ok: test finished successfully
#####################################################################
# Test #7: PROTO: gossip; LOSS: 25%; ARGS: push 80
## Sourcing local environment...
## Starting test (args: --loss-chance 25 --nodes 100 gossip push 80)...
INFO:root:total: 5360 msgs, discarded: 1317 msgs
INFO:root:expected: 0.250000, actual: 0.245709
INFO:root:SUCCEED in dissemination: (2/1000) rounds
# ok: test finished successfully
#####################################################################
# Test #8: PROTO: gossip; LOSS: 25%; ARGS: push 80
## Sourcing local environment...
## Starting test (args: --loss-chance 25 --nodes 100 gossip push 80)...
INFO:root:total: 4960 msgs, discarded: 1203 msgs
INFO:root:expected: 0.250000, actual: 0.242540
INFO:root:SUCCEED in dissemination: (2/1000) rounds
# ok: test finished successfully
#####################################################################
# Test #9: PROTO: gossip; LOSS: 25%; ARGS: push 80
## Sourcing local environment...
## Starting test (args: --loss-chance 25 --nodes 100 gossip push 80)...
INFO:root:total: 5040 msgs, discarded: 1236 msgs
INFO:root:expected: 0.250000, actual: 0.245238
INFO:root:SUCCEED in dissemination: (2/1000) rounds
# ok: test finished successfully
#####################################################################
