# Test #0: PROTO: gossip; LOSS: 25%; ARGS: push-pull 10 40
## Sourcing local environment...
## Starting test (args: --loss-chance 25 --nodes 100 gossip push-pull 10 40)...
INFO:root:total: 5670 msgs, discarded: 1432 msgs
INFO:root:expected: 0.250000, actual: 0.252557
INFO:root:SUCCEED in dissemination: (2/500) rounds
# ok: test finished successfully
#####################################################################
# Test #1: PROTO: gossip; LOSS: 25%; ARGS: push-pull 10 40
## Sourcing local environment...
## Starting test (args: --loss-chance 25 --nodes 100 gossip push-pull 10 40)...
INFO:root:total: 5624 msgs, discarded: 1400 msgs
INFO:root:expected: 0.250000, actual: 0.248933
INFO:root:SUCCEED in dissemination: (1/500) rounds
# ok: test finished successfully
#####################################################################
# Test #2: PROTO: gossip; LOSS: 25%; ARGS: push-pull 10 40
## Sourcing local environment...
## Starting test (args: --loss-chance 25 --nodes 100 gossip push-pull 10 40)...
INFO:root:total: 5604 msgs, discarded: 1394 msgs
INFO:root:expected: 0.250000, actual: 0.248751
INFO:root:SUCCEED in dissemination: (1/500) rounds
# ok: test finished successfully
#####################################################################
# Test #3: PROTO: gossip; LOSS: 25%; ARGS: push-pull 10 40
## Sourcing local environment...
## Starting test (args: --loss-chance 25 --nodes 100 gossip push-pull 10 40)...
INFO:root:total: 5595 msgs, discarded: 1464 msgs
INFO:root:expected: 0.250000, actual: 0.261662
INFO:root:SUCCEED in dissemination: (2/500) rounds
# ok: test finished successfully
#####################################################################
# Test #4: PROTO: gossip; LOSS: 25%; ARGS: push-pull 10 40
## Sourcing local environment...
## Starting test (args: --loss-chance 25 --nodes 100 gossip push-pull 10 40)...
INFO:root:total: 5622 msgs, discarded: 1431 msgs
INFO:root:expected: 0.250000, actual: 0.254536
INFO:root:SUCCEED in dissemination: (1/500) rounds
# ok: test finished successfully
#####################################################################
# Test #5: PROTO: gossip; LOSS: 25%; ARGS: push-pull 10 40
## Sourcing local environment...
## Starting test (args: --loss-chance 25 --nodes 100 gossip push-pull 10 40)...
INFO:root:total: 5570 msgs, discarded: 1392 msgs
INFO:root:expected: 0.250000, actual: 0.249910
INFO:root:SUCCEED in dissemination: (1/500) rounds
# ok: test finished successfully
#####################################################################
# Test #6: PROTO: gossip; LOSS: 25%; ARGS: push-pull 10 40
## Sourcing local environment...
## Starting test (args: --loss-chance 25 --nodes 100 gossip push-pull 10 40)...
INFO:root:total: 5730 msgs, discarded: 1425 msgs
INFO:root:expected: 0.250000, actual: 0.248691
INFO:root:SUCCEED in dissemination: (2/500) rounds
# ok: test finished successfully
#####################################################################
# Test #7: PROTO: gossip; LOSS: 25%; ARGS: push-pull 10 40
## Sourcing local environment...
## Starting test (args: --loss-chance 25 --nodes 100 gossip push-pull 10 40)...
INFO:root:total: 5684 msgs, discarded: 1483 msgs
INFO:root:expected: 0.250000, actual: 0.260908
INFO:root:SUCCEED in dissemination: (2/500) rounds
# ok: test finished successfully
#####################################################################
# Test #8: PROTO: gossip; LOSS: 25%; ARGS: push-pull 10 40
## Sourcing local environment...
## Starting test (args: --loss-chance 25 --nodes 100 gossip push-pull 10 40)...
INFO:root:total: 5746 msgs, discarded: 1477 msgs
INFO:root:expected: 0.250000, actual: 0.257048
INFO:root:SUCCEED in dissemination: (2/500) rounds
# ok: test finished successfully
#####################################################################
# Test #9: PROTO: gossip; LOSS: 25%; ARGS: push-pull 10 40
## Sourcing local environment...
## Starting test (args: --loss-chance 25 --nodes 100 gossip push-pull 10 40)...
INFO:root:total: 5619 msgs, discarded: 1380 msgs
INFO:root:expected: 0.250000, actual: 0.245595
INFO:root:SUCCEED in dissemination: (1/500) rounds
# ok: test finished successfully
#####################################################################
