# Test #0: PROTO: gossip; LOSS: 25%; ARGS: push-pull 5 30
## Sourcing local environment...
## Starting test (args: --loss-chance 25 --nodes 100 gossip push-pull 5 30)...
INFO:root:total: 4288 msgs, discarded: 1066 msgs
INFO:root:expected: 0.250000, actual: 0.248601
INFO:root:SUCCEED in dissemination: (2/2000) rounds
# ok: test finished successfully
#####################################################################
# Test #1: PROTO: gossip; LOSS: 25%; ARGS: push-pull 5 30
## Sourcing local environment...
## Starting test (args: --loss-chance 25 --nodes 100 gossip push-pull 5 30)...
INFO:root:total: 4212 msgs, discarded: 1013 msgs
INFO:root:expected: 0.250000, actual: 0.240503
INFO:root:SUCCEED in dissemination: (2/2000) rounds
# ok: test finished successfully
#####################################################################
# Test #2: PROTO: gossip; LOSS: 25%; ARGS: push-pull 5 30
## Sourcing local environment...
## Starting test (args: --loss-chance 25 --nodes 100 gossip push-pull 5 30)...
INFO:root:total: 4585 msgs, discarded: 1163 msgs
INFO:root:expected: 0.250000, actual: 0.253653
INFO:root:SUCCEED in dissemination: (2/2000) rounds
# ok: test finished successfully
#####################################################################
# Test #3: PROTO: gossip; LOSS: 25%; ARGS: push-pull 5 30
## Sourcing local environment...
## Starting test (args: --loss-chance 25 --nodes 100 gossip push-pull 5 30)...
INFO:root:total: 4170 msgs, discarded: 1040 msgs
INFO:root:expected: 0.250000, actual: 0.249400
INFO:root:SUCCEED in dissemination: (1/2000) rounds
# ok: test finished successfully
#####################################################################
# Test #4: PROTO: gossip; LOSS: 25%; ARGS: push-pull 5 30
## Sourcing local environment...
## Starting test (args: --loss-chance 25 --nodes 100 gossip push-pull 5 30)...
INFO:root:total: 4156 msgs, discarded: 1060 msgs
INFO:root:expected: 0.250000, actual: 0.255053
INFO:root:SUCCEED in dissemination: (1/2000) rounds
# ok: test finished successfully
#####################################################################
# Test #5: PROTO: gossip; LOSS: 25%; ARGS: push-pull 5 30
## Sourcing local environment...
## Starting test (args: --loss-chance 25 --nodes 100 gossip push-pull 5 30)...
INFO:root:total: 4331 msgs, discarded: 1081 msgs
INFO:root:expected: 0.250000, actual: 0.249596
INFO:root:SUCCEED in dissemination: (2/2000) rounds
# ok: test finished successfully
#####################################################################
# Test #6: PROTO: gossip; LOSS: 25%; ARGS: push-pull 5 30
## Sourcing local environment...
## Starting test (args: --loss-chance 25 --nodes 100 gossip push-pull 5 30)...
INFO:root:total: 4423 msgs, discarded: 1023 msgs
INFO:root:expected: 0.250000, actual: 0.231291
INFO:root:SUCCEED in dissemination: (2/2000) rounds
# ok: test finished successfully
#####################################################################
# Test #7: PROTO: gossip; LOSS: 25%; ARGS: push-pull 5 30
## Sourcing local environment...
## Starting test (args: --loss-chance 25 --nodes 100 gossip push-pull 5 30)...
INFO:root:total: 4249 msgs, discarded: 997 msgs
INFO:root:expected: 0.250000, actual: 0.234643
INFO:root:SUCCEED in dissemination: (2/2000) rounds
# ok: test finished successfully
#####################################################################
# Test #8: PROTO: gossip; LOSS: 25%; ARGS: push-pull 5 30
## Sourcing local environment...
## Starting test (args: --loss-chance 25 --nodes 100 gossip push-pull 5 30)...
INFO:root:total: 4148 msgs, discarded: 1026 msgs
INFO:root:expected: 0.250000, actual: 0.247348
INFO:root:SUCCEED in dissemination: (1/2000) rounds
# ok: test finished successfully
#####################################################################
# Test #9: PROTO: gossip; LOSS: 25%; ARGS: push-pull 5 30
## Sourcing local environment...
## Starting test (args: --loss-chance 25 --nodes 100 gossip push-pull 5 30)...
INFO:root:total: 4181 msgs, discarded: 1070 msgs
INFO:root:expected: 0.250000, actual: 0.255920
INFO:root:SUCCEED in dissemination: (1/2000) rounds
# ok: test finished successfully
#####################################################################
