# Test #0: PROTO: gossip; LOSS: 25%; ARGS: push-pull 55 80
## Sourcing local environment...
## Starting test (args: --loss-chance 25 --nodes 100 gossip push-pull 55 80)...
INFO:root:total: 12050 msgs, discarded: 2991 msgs
INFO:root:expected: 0.250000, actual: 0.248216
INFO:root:SUCCEED in dissemination: (1/1000) rounds
# ok: test finished successfully
#####################################################################
# Test #1: PROTO: gossip; LOSS: 25%; ARGS: push-pull 55 80
## Sourcing local environment...
## Starting test (args: --loss-chance 25 --nodes 100 gossip push-pull 55 80)...
INFO:root:total: 12256 msgs, discarded: 3020 msgs
INFO:root:expected: 0.250000, actual: 0.246410
INFO:root:SUCCEED in dissemination: (1/1000) rounds
# ok: test finished successfully
#####################################################################
# Test #2: PROTO: gossip; LOSS: 25%; ARGS: push-pull 55 80
## Sourcing local environment...
## Starting test (args: --loss-chance 25 --nodes 100 gossip push-pull 55 80)...
INFO:root:total: 12195 msgs, discarded: 3039 msgs
INFO:root:expected: 0.250000, actual: 0.249200
INFO:root:SUCCEED in dissemination: (1/1000) rounds
# ok: test finished successfully
#####################################################################
# Test #3: PROTO: gossip; LOSS: 25%; ARGS: push-pull 55 80
## Sourcing local environment...
## Starting test (args: --loss-chance 25 --nodes 100 gossip push-pull 55 80)...
INFO:root:total: 12238 msgs, discarded: 3094 msgs
INFO:root:expected: 0.250000, actual: 0.252819
INFO:root:SUCCEED in dissemination: (1/1000) rounds
# ok: test finished successfully
#####################################################################
# Test #4: PROTO: gossip; LOSS: 25%; ARGS: push-pull 55 80
## Sourcing local environment...
## Starting test (args: --loss-chance 25 --nodes 100 gossip push-pull 55 80)...
INFO:root:total: 12195 msgs, discarded: 3069 msgs
INFO:root:expected: 0.250000, actual: 0.251661
INFO:root:SUCCEED in dissemination: (1/1000) rounds
# ok: test finished successfully
#####################################################################
# Test #5: PROTO: gossip; LOSS: 25%; ARGS: push-pull 55 80
## Sourcing local environment...
## Starting test (args: --loss-chance 25 --nodes 100 gossip push-pull 55 80)...
INFO:root:total: 12160 msgs, discarded: 3031 msgs
INFO:root:expected: 0.250000, actual: 0.249260
INFO:root:SUCCEED in dissemination: (1/1000) rounds
# ok: test finished successfully
#####################################################################
# Test #6: PROTO: gossip; LOSS: 25%; ARGS: push-pull 55 80
## Sourcing local environment...
## Starting test (args: --loss-chance 25 --nodes 100 gossip push-pull 55 80)...
INFO:root:total: 12253 msgs, discarded: 3066 msgs
INFO:root:expected: 0.250000, actual: 0.250224
INFO:root:SUCCEED in dissemination: (1/1000) rounds
# ok: test finished successfully
#####################################################################
# Test #7: PROTO: gossip; LOSS: 25%; ARGS: push-pull 55 80
## Sourcing local environment...
## Starting test (args: --loss-chance 25 --nodes 100 gossip push-pull 55 80)...
INFO:root:total: 12244 msgs, discarded: 3099 msgs
INFO:root:expected: 0.250000, actual: 0.253104
INFO:root:SUCCEED in dissemination: (1/1000) rounds
# ok: test finished successfully
#####################################################################
# Test #8: PROTO: gossip; LOSS: 25%; ARGS: push-pull 55 80
## Sourcing local environment...
## Starting test (args: --loss-chance 25 --nodes 100 gossip push-pull 55 80)...
INFO:root:total: 12387 msgs, discarded: 3052 msgs
INFO:root:expected: 0.250000, actual: 0.246387
INFO:root:SUCCEED in dissemination: (1/1000) rounds
# ok: test finished successfully
#####################################################################
# Test #9: PROTO: gossip; LOSS: 25%; ARGS: push-pull 55 80
## Sourcing local environment...
## Starting test (args: --loss-chance 25 --nodes 100 gossip push-pull 55 80)...
INFO:root:total: 12222 msgs, discarded: 3090 msgs
INFO:root:expected: 0.250000, actual: 0.252823
INFO:root:SUCCEED in dissemination: (1/1000) rounds
# ok: test finished successfully
#####################################################################
