# Test #0: PROTO: gossip; LOSS: 25%; ARGS: push-pull 80 30
## Sourcing local environment...
## Starting test (args: --loss-chance 25 --nodes 100 gossip push-pull 80 30)...
INFO:root:total: 4809 msgs, discarded: 1169 msgs
INFO:root:expected: 0.250000, actual: 0.243086
INFO:root:SUCCEED in dissemination: (1/1000) rounds
# ok: test finished successfully
#####################################################################
# Test #1: PROTO: gossip; LOSS: 25%; ARGS: push-pull 80 30
## Sourcing local environment...
## Starting test (args: --loss-chance 25 --nodes 100 gossip push-pull 80 30)...
INFO:root:total: 4792 msgs, discarded: 1168 msgs
INFO:root:expected: 0.250000, actual: 0.243740
INFO:root:SUCCEED in dissemination: (1/1000) rounds
# ok: test finished successfully
#####################################################################
# Test #2: PROTO: gossip; LOSS: 25%; ARGS: push-pull 80 30
## Sourcing local environment...
## Starting test (args: --loss-chance 25 --nodes 100 gossip push-pull 80 30)...
INFO:root:total: 4880 msgs, discarded: 1228 msgs
INFO:root:expected: 0.250000, actual: 0.251639
INFO:root:SUCCEED in dissemination: (1/1000) rounds
# ok: test finished successfully
#####################################################################
# Test #3: PROTO: gossip; LOSS: 25%; ARGS: push-pull 80 30
## Sourcing local environment...
## Starting test (args: --loss-chance 25 --nodes 100 gossip push-pull 80 30)...
INFO:root:total: 4788 msgs, discarded: 1244 msgs
INFO:root:expected: 0.250000, actual: 0.259816
INFO:root:SUCCEED in dissemination: (1/1000) rounds
# ok: test finished successfully
#####################################################################
# Test #4: PROTO: gossip; LOSS: 25%; ARGS: push-pull 80 30
## Sourcing local environment...
## Starting test (args: --loss-chance 25 --nodes 100 gossip push-pull 80 30)...
INFO:root:total: 4796 msgs, discarded: 1175 msgs
INFO:root:expected: 0.250000, actual: 0.244996
INFO:root:SUCCEED in dissemination: (1/1000) rounds
# ok: test finished successfully
#####################################################################
# Test #5: PROTO: gossip; LOSS: 25%; ARGS: push-pull 80 30
## Sourcing local environment...
## Starting test (args: --loss-chance 25 --nodes 100 gossip push-pull 80 30)...
INFO:root:total: 4880 msgs, discarded: 1208 msgs
INFO:root:expected: 0.250000, actual: 0.247541
INFO:root:SUCCEED in dissemination: (1/1000) rounds
# ok: test finished successfully
#####################################################################
# Test #6: PROTO: gossip; LOSS: 25%; ARGS: push-pull 80 30
## Sourcing local environment...
## Starting test (args: --loss-chance 25 --nodes 100 gossip push-pull 80 30)...
INFO:root:total: 4805 msgs, discarded: 1248 msgs
INFO:root:expected: 0.250000, actual: 0.259729
INFO:root:SUCCEED in dissemination: (1/1000) rounds
# ok: test finished successfully
#####################################################################
# Test #7: PROTO: gossip; LOSS: 25%; ARGS: push-pull 80 30
## Sourcing local environment...
## Starting test (args: --loss-chance 25 --nodes 100 gossip push-pull 80 30)...
INFO:root:total: 4861 msgs, discarded: 1160 msgs
INFO:root:expected: 0.250000, actual: 0.238634
INFO:root:SUCCEED in dissemination: (1/1000) rounds
# ok: test finished successfully
#####################################################################
# Test #8: PROTO: gossip; LOSS: 25%; ARGS: push-pull 80 30
## Sourcing local environment...
## Starting test (args: --loss-chance 25 --nodes 100 gossip push-pull 80 30)...
INFO:root:total: 4949 msgs, discarded: 1215 msgs
INFO:root:expected: 0.250000, actual: 0.245504
INFO:root:SUCCEED in dissemination: (1/1000) rounds
# ok: test finished successfully
#####################################################################
# Test #9: PROTO: gossip; LOSS: 25%; ARGS: push-pull 80 30
## Sourcing local environment...
## Starting test (args: --loss-chance 25 --nodes 100 gossip push-pull 80 30)...
INFO:root:total: 4812 msgs, discarded: 1150 msgs
INFO:root:expected: 0.250000, actual: 0.238986
INFO:root:SUCCEED in dissemination: (1/1000) rounds
# ok: test finished successfully
#####################################################################
