# Test #0: PROTO: gossip; LOSS: 25%; ARGS: push-pull 30 55
## Sourcing local environment...
## Starting test (args: --loss-chance 25 --nodes 100 gossip push-pull 30 55)...
INFO:root:total: 8134 msgs, discarded: 1992 msgs
INFO:root:expected: 0.250000, actual: 0.244898
INFO:root:SUCCEED in dissemination: (1/2000) rounds
# ok: test finished successfully
#####################################################################
# Test #1: PROTO: gossip; LOSS: 25%; ARGS: push-pull 30 55
## Sourcing local environment...
## Starting test (args: --loss-chance 25 --nodes 100 gossip push-pull 30 55)...
INFO:root:total: 8029 msgs, discarded: 2007 msgs
INFO:root:expected: 0.250000, actual: 0.249969
INFO:root:SUCCEED in dissemination: (1/2000) rounds
# ok: test finished successfully
#####################################################################
# Test #2: PROTO: gossip; LOSS: 25%; ARGS: push-pull 30 55
## Sourcing local environment...
## Starting test (args: --loss-chance 25 --nodes 100 gossip push-pull 30 55)...
INFO:root:total: 8066 msgs, discarded: 1994 msgs
INFO:root:expected: 0.250000, actual: 0.247211
INFO:root:SUCCEED in dissemination: (1/2000) rounds
# ok: test finished successfully
#####################################################################
# Test #3: PROTO: gossip; LOSS: 25%; ARGS: push-pull 30 55
## Sourcing local environment...
## Starting test (args: --loss-chance 25 --nodes 100 gossip push-pull 30 55)...
INFO:root:total: 8036 msgs, discarded: 2009 msgs
INFO:root:expected: 0.250000, actual: 0.250000
INFO:root:SUCCEED in dissemination: (1/2000) rounds
# ok: test finished successfully
#####################################################################
# Test #4: PROTO: gossip; LOSS: 25%; ARGS: push-pull 30 55
## Sourcing local environment...
## Starting test (args: --loss-chance 25 --nodes 100 gossip push-pull 30 55)...
INFO:root:total: 8023 msgs, discarded: 2032 msgs
INFO:root:expected: 0.250000, actual: 0.253272
INFO:root:SUCCEED in dissemination: (1/2000) rounds
# ok: test finished successfully
#####################################################################
# Test #5: PROTO: gossip; LOSS: 25%; ARGS: push-pull 30 55
## Sourcing local environment...
## Starting test (args: --loss-chance 25 --nodes 100 gossip push-pull 30 55)...
INFO:root:total: 7889 msgs, discarded: 1958 msgs
INFO:root:expected: 0.250000, actual: 0.248194
INFO:root:SUCCEED in dissemination: (1/2000) rounds
# ok: test finished successfully
#####################################################################
# Test #6: PROTO: gossip; LOSS: 25%; ARGS: push-pull 30 55
## Sourcing local environment...
## Starting test (args: --loss-chance 25 --nodes 100 gossip push-pull 30 55)...
INFO:root:total: 8035 msgs, discarded: 1987 msgs
INFO:root:expected: 0.250000, actual: 0.247293
INFO:root:SUCCEED in dissemination: (1/2000) rounds
# ok: test finished successfully
#####################################################################
# Test #7: PROTO: gossip; LOSS: 25%; ARGS: push-pull 30 55
## Sourcing local environment...
## Starting test (args: --loss-chance 25 --nodes 100 gossip push-pull 30 55)...
INFO:root:total: 8098 msgs, discarded: 2025 msgs
INFO:root:expected: 0.250000, actual: 0.250062
INFO:root:SUCCEED in dissemination: (1/2000) rounds
# ok: test finished successfully
#####################################################################
# Test #8: PROTO: gossip; LOSS: 25%; ARGS: push-pull 30 55
## Sourcing local environment...
## Starting test (args: --loss-chance 25 --nodes 100 gossip push-pull 30 55)...
INFO:root:total: 8039 msgs, discarded: 2051 msgs
INFO:root:expected: 0.250000, actual: 0.255131
INFO:root:SUCCEED in dissemination: (1/2000) rounds
# ok: test finished successfully
#####################################################################
# Test #9: PROTO: gossip; LOSS: 25%; ARGS: push-pull 30 55
## Sourcing local environment...
## Starting test (args: --loss-chance 25 --nodes 100 gossip push-pull 30 55)...
INFO:root:total: 8108 msgs, discarded: 2004 msgs
INFO:root:expected: 0.250000, actual: 0.247163
INFO:root:SUCCEED in dissemination: (1/2000) rounds
# ok: test finished successfully
#####################################################################
