# Test #0: PROTO: gossip; LOSS: 25%; ARGS: pull 55
## Sourcing local environment...
## Starting test (args: --loss-chance 25 --nodes 100 gossip pull 55)...
INFO:root:total: 7823 msgs, discarded: 1955 msgs
INFO:root:expected: 0.250000, actual: 0.249904
INFO:root:SUCCEED in dissemination: (2/500) rounds
# ok: test finished successfully
#####################################################################
# Test #1: PROTO: gossip; LOSS: 25%; ARGS: pull 55
## Sourcing local environment...
## Starting test (args: --loss-chance 25 --nodes 100 gossip pull 55)...
INFO:root:total: 7551 msgs, discarded: 1904 msgs
INFO:root:expected: 0.250000, actual: 0.252152
INFO:root:SUCCEED in dissemination: (2/500) rounds
# ok: test finished successfully
#####################################################################
# Test #2: PROTO: gossip; LOSS: 25%; ARGS: pull 55
## Sourcing local environment...
## Starting test (args: --loss-chance 25 --nodes 100 gossip pull 55)...
INFO:root:total: 7510 msgs, discarded: 1802 msgs
INFO:root:expected: 0.250000, actual: 0.239947
INFO:root:SUCCEED in dissemination: (1/500) rounds
# ok: test finished successfully
#####################################################################
# Test #3: PROTO: gossip; LOSS: 25%; ARGS: pull 55
## Sourcing local environment...
## Starting test (args: --loss-chance 25 --nodes 100 gossip pull 55)...
INFO:root:total: 7742 msgs, discarded: 1912 msgs
INFO:root:expected: 0.250000, actual: 0.246965
INFO:root:SUCCEED in dissemination: (2/500) rounds
# ok: test finished successfully
#####################################################################
# Test #4: PROTO: gossip; LOSS: 25%; ARGS: pull 55
## Sourcing local environment...
## Starting test (args: --loss-chance 25 --nodes 100 gossip pull 55)...
INFO:root:total: 7623 msgs, discarded: 1897 msgs
INFO:root:expected: 0.250000, actual: 0.248852
INFO:root:SUCCEED in dissemination: (2/500) rounds
# ok: test finished successfully
#####################################################################
# Test #5: PROTO: gossip; LOSS: 25%; ARGS: pull 55
## Sourcing local environment...
## Starting test (args: --loss-chance 25 --nodes 100 gossip pull 55)...
INFO:root:total: 7814 msgs, discarded: 1875 msgs
INFO:root:expected: 0.250000, actual: 0.239954
INFO:root:SUCCEED in dissemination: (2/500) rounds
# ok: test finished successfully
#####################################################################
# Test #6: PROTO: gossip; LOSS: 25%; ARGS: pull 55
## Sourcing local environment...
## Starting test (args: --loss-chance 25 --nodes 100 gossip pull 55)...
INFO:root:total: 7742 msgs, discarded: 1934 msgs
INFO:root:expected: 0.250000, actual: 0.249806
INFO:root:SUCCEED in dissemination: (2/500) rounds
# ok: test finished successfully
#####################################################################
# Test #7: PROTO: gossip; LOSS: 25%; ARGS: pull 55
## Sourcing local environment...
## Starting test (args: --loss-chance 25 --nodes 100 gossip pull 55)...
INFO:root:total: 7985 msgs, discarded: 1982 msgs
INFO:root:expected: 0.250000, actual: 0.248215
INFO:root:SUCCEED in dissemination: (2/500) rounds
# ok: test finished successfully
#####################################################################
# Test #8: PROTO: gossip; LOSS: 25%; ARGS: pull 55
## Sourcing local environment...
## Starting test (args: --loss-chance 25 --nodes 100 gossip pull 55)...
INFO:root:total: 8033 msgs, discarded: 1991 msgs
INFO:root:expected: 0.250000, actual: 0.247853
INFO:root:SUCCEED in dissemination: (2/500) rounds
# ok: test finished successfully
#####################################################################
# Test #9: PROTO: gossip; LOSS: 25%; ARGS: pull 55
## Sourcing local environment...
## Starting test (args: --loss-chance 25 --nodes 100 gossip pull 55)...
INFO:root:total: 7621 msgs, discarded: 1919 msgs
INFO:root:expected: 0.250000, actual: 0.251804
INFO:root:SUCCEED in dissemination: (2/500) rounds
# ok: test finished successfully
#####################################################################
