# Test #0: PROTO: gossip; LOSS: 25%; ARGS: push-pull 30 80
## Sourcing local environment...
## Starting test (args: --loss-chance 25 --nodes 100 gossip push-pull 30 80)...
INFO:root:total: 11526 msgs, discarded: 2815 msgs
INFO:root:expected: 0.250000, actual: 0.244230
INFO:root:SUCCEED in dissemination: (1/2000) rounds
# ok: test finished successfully
#####################################################################
# Test #1: PROTO: gossip; LOSS: 25%; ARGS: push-pull 30 80
## Sourcing local environment...
## Starting test (args: --loss-chance 25 --nodes 100 gossip push-pull 30 80)...
INFO:root:total: 11757 msgs, discarded: 2904 msgs
INFO:root:expected: 0.250000, actual: 0.247002
INFO:root:SUCCEED in dissemination: (1/2000) rounds
# ok: test finished successfully
#####################################################################
# Test #2: PROTO: gossip; LOSS: 25%; ARGS: push-pull 30 80
## Sourcing local environment...
## Starting test (args: --loss-chance 25 --nodes 100 gossip push-pull 30 80)...
INFO:root:total: 11487 msgs, discarded: 2870 msgs
INFO:root:expected: 0.250000, actual: 0.249848
INFO:root:SUCCEED in dissemination: (1/2000) rounds
# ok: test finished successfully
#####################################################################
# Test #3: PROTO: gossip; LOSS: 25%; ARGS: push-pull 30 80
## Sourcing local environment...
## Starting test (args: --loss-chance 25 --nodes 100 gossip push-pull 30 80)...
INFO:root:total: 11645 msgs, discarded: 2943 msgs
INFO:root:expected: 0.250000, actual: 0.252726
INFO:root:SUCCEED in dissemination: (1/2000) rounds
# ok: test finished successfully
#####################################################################
# Test #4: PROTO: gossip; LOSS: 25%; ARGS: push-pull 30 80
## Sourcing local environment...
## Starting test (args: --loss-chance 25 --nodes 100 gossip push-pull 30 80)...
INFO:root:total: 11600 msgs, discarded: 2895 msgs
INFO:root:expected: 0.250000, actual: 0.249569
INFO:root:SUCCEED in dissemination: (1/2000) rounds
# ok: test finished successfully
#####################################################################
# Test #5: PROTO: gossip; LOSS: 25%; ARGS: push-pull 30 80
## Sourcing local environment...
## Starting test (args: --loss-chance 25 --nodes 100 gossip push-pull 30 80)...
INFO:root:total: 11448 msgs, discarded: 2802 msgs
INFO:root:expected: 0.250000, actual: 0.244759
INFO:root:SUCCEED in dissemination: (1/2000) rounds
# ok: test finished successfully
#####################################################################
# Test #6: PROTO: gossip; LOSS: 25%; ARGS: push-pull 30 80
## Sourcing local environment...
## Starting test (args: --loss-chance 25 --nodes 100 gossip push-pull 30 80)...
INFO:root:total: 11615 msgs, discarded: 2914 msgs
INFO:root:expected: 0.250000, actual: 0.250882
INFO:root:SUCCEED in dissemination: (1/2000) rounds
# ok: test finished successfully
#####################################################################
# Test #7: PROTO: gossip; LOSS: 25%; ARGS: push-pull 30 80
## Sourcing local environment...
## Starting test (args: --loss-chance 25 --nodes 100 gossip push-pull 30 80)...
INFO:root:total: 11650 msgs, discarded: 2821 msgs
INFO:root:expected: 0.250000, actual: 0.242146
INFO:root:SUCCEED in dissemination: (1/2000) rounds
# ok: test finished successfully
#####################################################################
# Test #8: PROTO: gossip; LOSS: 25%; ARGS: push-pull 30 80
## Sourcing local environment...
## Starting test (args: --loss-chance 25 --nodes 100 gossip push-pull 30 80)...
INFO:root:total: 11635 msgs, discarded: 2921 msgs
INFO:root:expected: 0.250000, actual: 0.251053
INFO:root:SUCCEED in dissemination: (1/2000) rounds
# ok: test finished successfully
#####################################################################
# Test #9: PROTO: gossip; LOSS: 25%; ARGS: push-pull 30 80
## Sourcing local environment...
## Starting test (args: --loss-chance 25 --nodes 100 gossip push-pull 30 80)...
INFO:root:total: 11513 msgs, discarded: 2806 msgs
INFO:root:expected: 0.250000, actual: 0.243724
INFO:root:SUCCEED in dissemination: (1/2000) rounds
# ok: test finished successfully
#####################################################################
