# Test #0: PROTO: gossip; LOSS: 25%; ARGS: push-pull 55 5
## Sourcing local environment...
## Starting test (args: --loss-chance 25 --nodes 100 gossip push-pull 55 5)...
INFO:root:total: 3208 msgs, discarded: 822 msgs
INFO:root:expected: 0.250000, actual: 0.256234
INFO:root:SUCCEED in dissemination: (2/2000) rounds
# ok: test finished successfully
#####################################################################
# Test #1: PROTO: gossip; LOSS: 25%; ARGS: push-pull 55 5
## Sourcing local environment...
## Starting test (args: --loss-chance 25 --nodes 100 gossip push-pull 55 5)...
INFO:root:total: 3064 msgs, discarded: 743 msgs
INFO:root:expected: 0.250000, actual: 0.242493
INFO:root:SUCCEED in dissemination: (2/2000) rounds
# ok: test finished successfully
#####################################################################
# Test #2: PROTO: gossip; LOSS: 25%; ARGS: push-pull 55 5
## Sourcing local environment...
## Starting test (args: --loss-chance 25 --nodes 100 gossip push-pull 55 5)...
INFO:root:total: 3222 msgs, discarded: 819 msgs
INFO:root:expected: 0.250000, actual: 0.254190
INFO:root:SUCCEED in dissemination: (2/2000) rounds
# ok: test finished successfully
#####################################################################
# Test #3: PROTO: gossip; LOSS: 25%; ARGS: push-pull 55 5
## Sourcing local environment...
## Starting test (args: --loss-chance 25 --nodes 100 gossip push-pull 55 5)...
INFO:root:total: 818 msgs, discarded: 197 msgs
INFO:root:expected: 0.250000, actual: 0.240831
INFO:root:SUCCEED in dissemination: (1/2000) rounds
# ok: test finished successfully
#####################################################################
# Test #4: PROTO: gossip; LOSS: 25%; ARGS: push-pull 55 5
## Sourcing local environment...
## Starting test (args: --loss-chance 25 --nodes 100 gossip push-pull 55 5)...
INFO:root:total: 3106 msgs, discarded: 753 msgs
INFO:root:expected: 0.250000, actual: 0.242434
INFO:root:SUCCEED in dissemination: (2/2000) rounds
# ok: test finished successfully
#####################################################################
# Test #5: PROTO: gossip; LOSS: 25%; ARGS: push-pull 55 5
## Sourcing local environment...
## Starting test (args: --loss-chance 25 --nodes 100 gossip push-pull 55 5)...
INFO:root:total: 3261 msgs, discarded: 819 msgs
INFO:root:expected: 0.250000, actual: 0.251150
INFO:root:SUCCEED in dissemination: (2/2000) rounds
# ok: test finished successfully
#####################################################################
# Test #6: PROTO: gossip; LOSS: 25%; ARGS: push-pull 55 5
## Sourcing local environment...
## Starting test (args: --loss-chance 25 --nodes 100 gossip push-pull 55 5)...
INFO:root:total: 3357 msgs, discarded: 839 msgs
INFO:root:expected: 0.250000, actual: 0.249926
INFO:root:SUCCEED in dissemination: (2/2000) rounds
# ok: test finished successfully
#####################################################################
# Test #7: PROTO: gossip; LOSS: 25%; ARGS: push-pull 55 5
## Sourcing local environment...
## Starting test (args: --loss-chance 25 --nodes 100 gossip push-pull 55 5)...
INFO:root:total: 3167 msgs, discarded: 785 msgs
INFO:root:expected: 0.250000, actual: 0.247869
INFO:root:SUCCEED in dissemination: (2/2000) rounds
# ok: test finished successfully
#####################################################################
# Test #8: PROTO: gossip; LOSS: 25%; ARGS: push-pull 55 5
## Sourcing local environment...
## Starting test (args: --loss-chance 25 --nodes 100 gossip push-pull 55 5)...
INFO:root:total: 3421 msgs, discarded: 837 msgs
INFO:root:expected: 0.250000, actual: 0.244665
INFO:root:SUCCEED in dissemination: (2/2000) rounds
# ok: test finished successfully
#####################################################################
# Test #9: PROTO: gossip; LOSS: 25%; ARGS: push-pull 55 5
## Sourcing local environment...
## Starting test (args: --loss-chance 25 --nodes 100 gossip push-pull 55 5)...
INFO:root:total: 3353 msgs, discarded: 818 msgs
INFO:root:expected: 0.250000, actual: 0.243961
INFO:root:SUCCEED in dissemination: (2/2000) rounds
# ok: test finished successfully
#####################################################################
