# Test #0: PROTO: gossip; LOSS: 25%; ARGS: push-pull 40 70
## Sourcing local environment...
## Starting test (args: --loss-chance 25 --nodes 100 gossip push-pull 40 70)...
INFO:root:total: 10210 msgs, discarded: 2514 msgs
INFO:root:expected: 0.250000, actual: 0.246229
INFO:root:SUCCEED in dissemination: (1/500) rounds
# ok: test finished successfully
#####################################################################
# Test #1: PROTO: gossip; LOSS: 25%; ARGS: push-pull 40 70
## Sourcing local environment...
## Starting test (args: --loss-chance 25 --nodes 100 gossip push-pull 40 70)...
INFO:root:total: 10296 msgs, discarded: 2595 msgs
INFO:root:expected: 0.250000, actual: 0.252040
INFO:root:SUCCEED in dissemination: (1/500) rounds
# ok: test finished successfully
#####################################################################
# Test #2: PROTO: gossip; LOSS: 25%; ARGS: push-pull 40 70
## Sourcing local environment...
## Starting test (args: --loss-chance 25 --nodes 100 gossip push-pull 40 70)...
INFO:root:total: 10537 msgs, discarded: 2663 msgs
INFO:root:expected: 0.250000, actual: 0.252728
INFO:root:SUCCEED in dissemination: (1/500) rounds
# ok: test finished successfully
#####################################################################
# Test #3: PROTO: gossip; LOSS: 25%; ARGS: push-pull 40 70
## Sourcing local environment...
## Starting test (args: --loss-chance 25 --nodes 100 gossip push-pull 40 70)...
INFO:root:total: 10273 msgs, discarded: 2635 msgs
INFO:root:expected: 0.250000, actual: 0.256498
INFO:root:SUCCEED in dissemination: (1/500) rounds
# ok: test finished successfully
#####################################################################
# Test #4: PROTO: gossip; LOSS: 25%; ARGS: push-pull 40 70
## Sourcing local environment...
## Starting test (args: --loss-chance 25 --nodes 100 gossip push-pull 40 70)...
INFO:root:total: 10450 msgs, discarded: 2605 msgs
INFO:root:expected: 0.250000, actual: 0.249282
INFO:root:SUCCEED in dissemination: (1/500) rounds
# ok: test finished successfully
#####################################################################
# Test #5: PROTO: gossip; LOSS: 25%; ARGS: push-pull 40 70
## Sourcing local environment...
## Starting test (args: --loss-chance 25 --nodes 100 gossip push-pull 40 70)...
INFO:root:total: 10551 msgs, discarded: 2643 msgs
INFO:root:expected: 0.250000, actual: 0.250498
INFO:root:SUCCEED in dissemination: (1/500) rounds
# ok: test finished successfully
#####################################################################
# Test #6: PROTO: gossip; LOSS: 25%; ARGS: push-pull 40 70
## Sourcing local environment...
## Starting test (args: --loss-chance 25 --nodes 100 gossip push-pull 40 70)...
INFO:root:total: 10272 msgs, discarded: 2597 msgs
INFO:root:expected: 0.250000, actual: 0.252823
INFO:root:SUCCEED in dissemination: (1/500) rounds
# ok: test finished successfully
#####################################################################
# Test #7: PROTO: gossip; LOSS: 25%; ARGS: push-pull 40 70
## Sourcing local environment...
## Starting test (args: --loss-chance 25 --nodes 100 gossip push-pull 40 70)...
INFO:root:total: 10191 msgs, discarded: 2575 msgs
INFO:root:expected: 0.250000, actual: 0.252674
INFO:root:SUCCEED in dissemination: (1/500) rounds
# ok: test finished successfully
#####################################################################
# Test #8: PROTO: gossip; LOSS: 25%; ARGS: push-pull 40 70
## Sourcing local environment...
## Starting test (args: --loss-chance 25 --nodes 100 gossip push-pull 40 70)...
INFO:root:total: 10322 msgs, discarded: 2647 msgs
INFO:root:expected: 0.250000, actual: 0.256443
INFO:root:SUCCEED in dissemination: (1/500) rounds
# ok: test finished successfully
#####################################################################
# Test #9: PROTO: gossip; LOSS: 25%; ARGS: push-pull 40 70
## Sourcing local environment...
## Starting test (args: --loss-chance 25 --nodes 100 gossip push-pull 40 70)...
INFO:root:total: 10286 msgs, discarded: 2689 msgs
INFO:root:expected: 0.250000, actual: 0.261423
INFO:root:SUCCEED in dissemination: (1/500) rounds
# ok: test finished successfully
#####################################################################
