# Test #0: PROTO: gossip; LOSS: 25%; ARGS: push-pull 80 5
## Sourcing local environment...
## Starting test (args: --loss-chance 25 --nodes 100 gossip push-pull 80 5)...
INFO:root:total: 5945 msgs, discarded: 1514 msgs
INFO:root:expected: 0.250000, actual: 0.254668
INFO:root:SUCCEED in dissemination: (2/2000) rounds
# ok: test finished successfully
#####################################################################
# Test #1: PROTO: gossip; LOSS: 25%; ARGS: push-pull 80 5
## Sourcing local environment...
## Starting test (args: --loss-chance 25 --nodes 100 gossip push-pull 80 5)...
INFO:root:total: 874 msgs, discarded: 220 msgs
INFO:root:expected: 0.250000, actual: 0.251716
INFO:root:SUCCEED in dissemination: (1/2000) rounds
# ok: test finished successfully
#####################################################################
# Test #2: PROTO: gossip; LOSS: 25%; ARGS: push-pull 80 5
## Sourcing local environment...
## Starting test (args: --loss-chance 25 --nodes 100 gossip push-pull 80 5)...
INFO:root:total: 5682 msgs, discarded: 1428 msgs
INFO:root:expected: 0.250000, actual: 0.251320
INFO:root:SUCCEED in dissemination: (2/2000) rounds
# ok: test finished successfully
#####################################################################
# Test #3: PROTO: gossip; LOSS: 25%; ARGS: push-pull 80 5
## Sourcing local environment...
## Starting test (args: --loss-chance 25 --nodes 100 gossip push-pull 80 5)...
INFO:root:total: 5773 msgs, discarded: 1421 msgs
INFO:root:expected: 0.250000, actual: 0.246146
INFO:root:SUCCEED in dissemination: (2/2000) rounds
# ok: test finished successfully
#####################################################################
# Test #4: PROTO: gossip; LOSS: 25%; ARGS: push-pull 80 5
## Sourcing local environment...
## Starting test (args: --loss-chance 25 --nodes 100 gossip push-pull 80 5)...
INFO:root:total: 873 msgs, discarded: 210 msgs
INFO:root:expected: 0.250000, actual: 0.240550
INFO:root:SUCCEED in dissemination: (1/2000) rounds
# ok: test finished successfully
#####################################################################
# Test #5: PROTO: gossip; LOSS: 25%; ARGS: push-pull 80 5
## Sourcing local environment...
## Starting test (args: --loss-chance 25 --nodes 100 gossip push-pull 80 5)...
INFO:root:total: 5620 msgs, discarded: 1373 msgs
INFO:root:expected: 0.250000, actual: 0.244306
INFO:root:SUCCEED in dissemination: (2/2000) rounds
# ok: test finished successfully
#####################################################################
# Test #6: PROTO: gossip; LOSS: 25%; ARGS: push-pull 80 5
## Sourcing local environment...
## Starting test (args: --loss-chance 25 --nodes 100 gossip push-pull 80 5)...
INFO:root:total: 5353 msgs, discarded: 1316 msgs
INFO:root:expected: 0.250000, actual: 0.245843
INFO:root:SUCCEED in dissemination: (2/2000) rounds
# ok: test finished successfully
#####################################################################
# Test #7: PROTO: gossip; LOSS: 25%; ARGS: push-pull 80 5
## Sourcing local environment...
## Starting test (args: --loss-chance 25 --nodes 100 gossip push-pull 80 5)...
INFO:root:total: 5849 msgs, discarded: 1501 msgs
INFO:root:expected: 0.250000, actual: 0.256625
INFO:root:SUCCEED in dissemination: (2/2000) rounds
# ok: test finished successfully
#####################################################################
# Test #8: PROTO: gossip; LOSS: 25%; ARGS: push-pull 80 5
## Sourcing local environment...
## Starting test (args: --loss-chance 25 --nodes 100 gossip push-pull 80 5)...
INFO:root:total: 5695 msgs, discarded: 1404 msgs
INFO:root:expected: 0.250000, actual: 0.246532
INFO:root:SUCCEED in dissemination: (2/2000) rounds
# ok: test finished successfully
#####################################################################
# Test #9: PROTO: gossip; LOSS: 25%; ARGS: push-pull 80 5
## Sourcing local environment...
## Starting test (args: --loss-chance 25 --nodes 100 gossip push-pull 80 5)...
INFO:root:total: 5259 msgs, discarded: 1334 msgs
INFO:root:expected: 0.250000, actual: 0.253660
INFO:root:SUCCEED in dissemination: (2/2000) rounds
# ok: test finished successfully
#####################################################################
