# Test #0: PROTO: gossip; LOSS: 25%; ARGS: pull 30
## Sourcing local environment...
## Starting test (args: --loss-chance 25 --nodes 100 gossip pull 30)...
INFO:root:total: 4154 msgs, discarded: 1066 msgs
INFO:root:expected: 0.250000, actual: 0.256620
INFO:root:SUCCEED in dissemination: (2/500) rounds
# ok: test finished successfully
#####################################################################
# Test #1: PROTO: gossip; LOSS: 25%; ARGS: pull 30
## Sourcing local environment...
## Starting test (args: --loss-chance 25 --nodes 100 gossip pull 30)...
INFO:root:total: 4599 msgs, discarded: 1211 msgs
INFO:root:expected: 0.250000, actual: 0.263318
INFO:root:SUCCEED in dissemination: (2/500) rounds
# ok: test finished successfully
#####################################################################
# Test #2: PROTO: gossip; LOSS: 25%; ARGS: pull 30
## Sourcing local environment...
## Starting test (args: --loss-chance 25 --nodes 100 gossip pull 30)...
INFO:root:total: 4423 msgs, discarded: 1074 msgs
INFO:root:expected: 0.250000, actual: 0.242822
INFO:root:SUCCEED in dissemination: (2/500) rounds
# ok: test finished successfully
#####################################################################
# Test #3: PROTO: gossip; LOSS: 25%; ARGS: pull 30
## Sourcing local environment...
## Starting test (args: --loss-chance 25 --nodes 100 gossip pull 30)...
INFO:root:total: 4880 msgs, discarded: 1248 msgs
INFO:root:expected: 0.250000, actual: 0.255738
INFO:root:SUCCEED in dissemination: (2/500) rounds
# ok: test finished successfully
#####################################################################
# Test #4: PROTO: gossip; LOSS: 25%; ARGS: pull 30
## Sourcing local environment...
## Starting test (args: --loss-chance 25 --nodes 100 gossip pull 30)...
INFO:root:total: 4532 msgs, discarded: 1145 msgs
INFO:root:expected: 0.250000, actual: 0.252648
INFO:root:SUCCEED in dissemination: (2/500) rounds
# ok: test finished successfully
#####################################################################
# Test #5: PROTO: gossip; LOSS: 25%; ARGS: pull 30
## Sourcing local environment...
## Starting test (args: --loss-chance 25 --nodes 100 gossip pull 30)...
INFO:root:total: 4289 msgs, discarded: 1119 msgs
INFO:root:expected: 0.250000, actual: 0.260900
INFO:root:SUCCEED in dissemination: (2/500) rounds
# ok: test finished successfully
#####################################################################
# Test #6: PROTO: gossip; LOSS: 25%; ARGS: pull 30
## Sourcing local environment...
## Starting test (args: --loss-chance 25 --nodes 100 gossip pull 30)...
INFO:root:total: 4236 msgs, discarded: 1024 msgs
INFO:root:expected: 0.250000, actual: 0.241737
INFO:root:SUCCEED in dissemination: (2/500) rounds
# ok: test finished successfully
#####################################################################
# Test #7: PROTO: gossip; LOSS: 25%; ARGS: pull 30
## Sourcing local environment...
## Starting test (args: --loss-chance 25 --nodes 100 gossip pull 30)...
INFO:root:total: 4355 msgs, discarded: 994 msgs
INFO:root:expected: 0.250000, actual: 0.228243
INFO:root:SUCCEED in dissemination: (2/500) rounds
# ok: test finished successfully
#####################################################################
# Test #8: PROTO: gossip; LOSS: 25%; ARGS: pull 30
## Sourcing local environment...
## Starting test (args: --loss-chance 25 --nodes 100 gossip pull 30)...
INFO:root:total: 4733 msgs, discarded: 1129 msgs
INFO:root:expected: 0.250000, actual: 0.238538
INFO:root:SUCCEED in dissemination: (2/500) rounds
# ok: test finished successfully
#####################################################################
# Test #9: PROTO: gossip; LOSS: 25%; ARGS: pull 30
## Sourcing local environment...
## Starting test (args: --loss-chance 25 --nodes 100 gossip pull 30)...
INFO:root:total: 4359 msgs, discarded: 1128 msgs
INFO:root:expected: 0.250000, actual: 0.258775
INFO:root:SUCCEED in dissemination: (2/500) rounds
# ok: test finished successfully
#####################################################################
