# Test #0: PROTO: gossip; LOSS: 25%; ARGS: push-pull 55 30
## Sourcing local environment...
## Starting test (args: --loss-chance 25 --nodes 100 gossip push-pull 55 30)...
INFO:root:total: 4530 msgs, discarded: 1101 msgs
INFO:root:expected: 0.250000, actual: 0.243046
INFO:root:SUCCEED in dissemination: (1/2000) rounds
# ok: test finished successfully
#####################################################################
# Test #1: PROTO: gossip; LOSS: 25%; ARGS: push-pull 55 30
## Sourcing local environment...
## Starting test (args: --loss-chance 25 --nodes 100 gossip push-pull 55 30)...
INFO:root:total: 4650 msgs, discarded: 1147 msgs
INFO:root:expected: 0.250000, actual: 0.246667
INFO:root:SUCCEED in dissemination: (1/2000) rounds
# ok: test finished successfully
#####################################################################
# Test #2: PROTO: gossip; LOSS: 25%; ARGS: push-pull 55 30
## Sourcing local environment...
## Starting test (args: --loss-chance 25 --nodes 100 gossip push-pull 55 30)...
INFO:root:total: 4586 msgs, discarded: 1150 msgs
INFO:root:expected: 0.250000, actual: 0.250763
INFO:root:SUCCEED in dissemination: (1/2000) rounds
# ok: test finished successfully
#####################################################################
# Test #3: PROTO: gossip; LOSS: 25%; ARGS: push-pull 55 30
## Sourcing local environment...
## Starting test (args: --loss-chance 25 --nodes 100 gossip push-pull 55 30)...
INFO:root:total: 4553 msgs, discarded: 1155 msgs
INFO:root:expected: 0.250000, actual: 0.253679
INFO:root:SUCCEED in dissemination: (1/2000) rounds
# ok: test finished successfully
#####################################################################
# Test #4: PROTO: gossip; LOSS: 25%; ARGS: push-pull 55 30
## Sourcing local environment...
## Starting test (args: --loss-chance 25 --nodes 100 gossip push-pull 55 30)...
INFO:root:total: 4694 msgs, discarded: 1133 msgs
INFO:root:expected: 0.250000, actual: 0.241372
INFO:root:SUCCEED in dissemination: (1/2000) rounds
# ok: test finished successfully
#####################################################################
# Test #5: PROTO: gossip; LOSS: 25%; ARGS: push-pull 55 30
## Sourcing local environment...
## Starting test (args: --loss-chance 25 --nodes 100 gossip push-pull 55 30)...
INFO:root:total: 4537 msgs, discarded: 1141 msgs
INFO:root:expected: 0.250000, actual: 0.251488
INFO:root:SUCCEED in dissemination: (1/2000) rounds
# ok: test finished successfully
#####################################################################
# Test #6: PROTO: gossip; LOSS: 25%; ARGS: push-pull 55 30
## Sourcing local environment...
## Starting test (args: --loss-chance 25 --nodes 100 gossip push-pull 55 30)...
INFO:root:total: 4624 msgs, discarded: 1160 msgs
INFO:root:expected: 0.250000, actual: 0.250865
INFO:root:SUCCEED in dissemination: (1/2000) rounds
# ok: test finished successfully
#####################################################################
# Test #7: PROTO: gossip; LOSS: 25%; ARGS: push-pull 55 30
## Sourcing local environment...
## Starting test (args: --loss-chance 25 --nodes 100 gossip push-pull 55 30)...
INFO:root:total: 4537 msgs, discarded: 1114 msgs
INFO:root:expected: 0.250000, actual: 0.245537
INFO:root:SUCCEED in dissemination: (1/2000) rounds
# ok: test finished successfully
#####################################################################
# Test #8: PROTO: gossip; LOSS: 25%; ARGS: push-pull 55 30
## Sourcing local environment...
## Starting test (args: --loss-chance 25 --nodes 100 gossip push-pull 55 30)...
INFO:root:total: 4587 msgs, discarded: 1156 msgs
INFO:root:expected: 0.250000, actual: 0.252017
INFO:root:SUCCEED in dissemination: (1/2000) rounds
# ok: test finished successfully
#####################################################################
# Test #9: PROTO: gossip; LOSS: 25%; ARGS: push-pull 55 30
## Sourcing local environment...
## Starting test (args: --loss-chance 25 --nodes 100 gossip push-pull 55 30)...
INFO:root:total: 4615 msgs, discarded: 1170 msgs
INFO:root:expected: 0.250000, actual: 0.253521
INFO:root:SUCCEED in dissemination: (1/2000) rounds
# ok: test finished successfully
#####################################################################
