# Test #0: PROTO: gossip; LOSS: 25%; ARGS: push-pull 55 55
## Sourcing local environment...
## Starting test (args: --loss-chance 25 --nodes 100 gossip push-pull 55 55)...
INFO:root:total: 8451 msgs, discarded: 2021 msgs
INFO:root:expected: 0.250000, actual: 0.239143
INFO:root:SUCCEED in dissemination: (1/1000) rounds
# ok: test finished successfully
#####################################################################
# Test #1: PROTO: gossip; LOSS: 25%; ARGS: push-pull 55 55
## Sourcing local environment...
## Starting test (args: --loss-chance 25 --nodes 100 gossip push-pull 55 55)...
INFO:root:total: 8419 msgs, discarded: 2115 msgs
INFO:root:expected: 0.250000, actual: 0.251217
INFO:root:SUCCEED in dissemination: (1/1000) rounds
# ok: test finished successfully
#####################################################################
# Test #2: PROTO: gossip; LOSS: 25%; ARGS: push-pull 55 55
## Sourcing local environment...
## Starting test (args: --loss-chance 25 --nodes 100 gossip push-pull 55 55)...
INFO:root:total: 8316 msgs, discarded: 2083 msgs
INFO:root:expected: 0.250000, actual: 0.250481
INFO:root:SUCCEED in dissemination: (1/1000) rounds
# ok: test finished successfully
#####################################################################
# Test #3: PROTO: gossip; LOSS: 25%; ARGS: push-pull 55 55
## Sourcing local environment...
## Starting test (args: --loss-chance 25 --nodes 100 gossip push-pull 55 55)...
INFO:root:total: 8367 msgs, discarded: 2169 msgs
INFO:root:expected: 0.250000, actual: 0.259233
INFO:root:SUCCEED in dissemination: (1/1000) rounds
# ok: test finished successfully
#####################################################################
# Test #4: PROTO: gossip; LOSS: 25%; ARGS: push-pull 55 55
## Sourcing local environment...
## Starting test (args: --loss-chance 25 --nodes 100 gossip push-pull 55 55)...
INFO:root:total: 8315 msgs, discarded: 2057 msgs
INFO:root:expected: 0.250000, actual: 0.247384
INFO:root:SUCCEED in dissemination: (1/1000) rounds
# ok: test finished successfully
#####################################################################
# Test #5: PROTO: gossip; LOSS: 25%; ARGS: push-pull 55 55
## Sourcing local environment...
## Starting test (args: --loss-chance 25 --nodes 100 gossip push-pull 55 55)...
INFO:root:total: 8463 msgs, discarded: 2132 msgs
INFO:root:expected: 0.250000, actual: 0.251920
INFO:root:SUCCEED in dissemination: (1/1000) rounds
# ok: test finished successfully
#####################################################################
# Test #6: PROTO: gossip; LOSS: 25%; ARGS: push-pull 55 55
## Sourcing local environment...
## Starting test (args: --loss-chance 25 --nodes 100 gossip push-pull 55 55)...
INFO:root:total: 8379 msgs, discarded: 2061 msgs
INFO:root:expected: 0.250000, actual: 0.245972
INFO:root:SUCCEED in dissemination: (1/1000) rounds
# ok: test finished successfully
#####################################################################
# Test #7: PROTO: gossip; LOSS: 25%; ARGS: push-pull 55 55
## Sourcing local environment...
## Starting test (args: --loss-chance 25 --nodes 100 gossip push-pull 55 55)...
INFO:root:total: 8392 msgs, discarded: 2128 msgs
INFO:root:expected: 0.250000, actual: 0.253575
INFO:root:SUCCEED in dissemination: (1/1000) rounds
# ok: test finished successfully
#####################################################################
# Test #8: PROTO: gossip; LOSS: 25%; ARGS: push-pull 55 55
## Sourcing local environment...
## Starting test (args: --loss-chance 25 --nodes 100 gossip push-pull 55 55)...
INFO:root:total: 8484 msgs, discarded: 2080 msgs
INFO:root:expected: 0.250000, actual: 0.245167
INFO:root:SUCCEED in dissemination: (1/1000) rounds
# ok: test finished successfully
#####################################################################
# Test #9: PROTO: gossip; LOSS: 25%; ARGS: push-pull 55 55
## Sourcing local environment...
## Starting test (args: --loss-chance 25 --nodes 100 gossip push-pull 55 55)...
INFO:root:total: 8280 msgs, discarded: 2067 msgs
INFO:root:expected: 0.250000, actual: 0.249638
INFO:root:SUCCEED in dissemination: (1/1000) rounds
# ok: test finished successfully
#####################################################################
