# Test #0: PROTO: gossip; LOSS: 25%; ARGS: push-pull 40 10
## Sourcing local environment...
## Starting test (args: --loss-chance 25 --nodes 100 gossip push-pull 40 10)...
INFO:root:total: 2842 msgs, discarded: 687 msgs
INFO:root:expected: 0.250000, actual: 0.241731
INFO:root:SUCCEED in dissemination: (2/500) rounds
# ok: test finished successfully
#####################################################################
# Test #1: PROTO: gossip; LOSS: 25%; ARGS: push-pull 40 10
## Sourcing local environment...
## Starting test (args: --loss-chance 25 --nodes 100 gossip push-pull 40 10)...
INFO:root:total: 2674 msgs, discarded: 656 msgs
INFO:root:expected: 0.250000, actual: 0.245325
INFO:root:SUCCEED in dissemination: (2/500) rounds
# ok: test finished successfully
#####################################################################
# Test #2: PROTO: gossip; LOSS: 25%; ARGS: push-pull 40 10
## Sourcing local environment...
## Starting test (args: --loss-chance 25 --nodes 100 gossip push-pull 40 10)...
INFO:root:total: 2933 msgs, discarded: 715 msgs
INFO:root:expected: 0.250000, actual: 0.243778
INFO:root:SUCCEED in dissemination: (2/500) rounds
# ok: test finished successfully
#####################################################################
# Test #3: PROTO: gossip; LOSS: 25%; ARGS: push-pull 40 10
## Sourcing local environment...
## Starting test (args: --loss-chance 25 --nodes 100 gossip push-pull 40 10)...
INFO:root:total: 2707 msgs, discarded: 721 msgs
INFO:root:expected: 0.250000, actual: 0.266347
INFO:root:SUCCEED in dissemination: (2/500) rounds
# ok: test finished successfully
#####################################################################
# Test #4: PROTO: gossip; LOSS: 25%; ARGS: push-pull 40 10
## Sourcing local environment...
## Starting test (args: --loss-chance 25 --nodes 100 gossip push-pull 40 10)...
INFO:root:total: 2691 msgs, discarded: 695 msgs
INFO:root:expected: 0.250000, actual: 0.258268
INFO:root:SUCCEED in dissemination: (2/500) rounds
# ok: test finished successfully
#####################################################################
# Test #5: PROTO: gossip; LOSS: 25%; ARGS: push-pull 40 10
## Sourcing local environment...
## Starting test (args: --loss-chance 25 --nodes 100 gossip push-pull 40 10)...
INFO:root:total: 2796 msgs, discarded: 696 msgs
INFO:root:expected: 0.250000, actual: 0.248927
INFO:root:SUCCEED in dissemination: (2/500) rounds
# ok: test finished successfully
#####################################################################
# Test #6: PROTO: gossip; LOSS: 25%; ARGS: push-pull 40 10
## Sourcing local environment...
## Starting test (args: --loss-chance 25 --nodes 100 gossip push-pull 40 10)...
INFO:root:total: 2704 msgs, discarded: 658 msgs
INFO:root:expected: 0.250000, actual: 0.243343
INFO:root:SUCCEED in dissemination: (2/500) rounds
# ok: test finished successfully
#####################################################################
# Test #7: PROTO: gossip; LOSS: 25%; ARGS: push-pull 40 10
## Sourcing local environment...
## Starting test (args: --loss-chance 25 --nodes 100 gossip push-pull 40 10)...
INFO:root:total: 1553 msgs, discarded: 351 msgs
INFO:root:expected: 0.250000, actual: 0.226014
INFO:root:SUCCEED in dissemination: (1/500) rounds
# ok: test finished successfully
#####################################################################
# Test #8: PROTO: gossip; LOSS: 25%; ARGS: push-pull 40 10
## Sourcing local environment...
## Starting test (args: --loss-chance 25 --nodes 100 gossip push-pull 40 10)...
INFO:root:total: 2908 msgs, discarded: 737 msgs
INFO:root:expected: 0.250000, actual: 0.253439
INFO:root:SUCCEED in dissemination: (2/500) rounds
# ok: test finished successfully
#####################################################################
# Test #9: PROTO: gossip; LOSS: 25%; ARGS: push-pull 40 10
## Sourcing local environment...
## Starting test (args: --loss-chance 25 --nodes 100 gossip push-pull 40 10)...
INFO:root:total: 2702 msgs, discarded: 716 msgs
INFO:root:expected: 0.250000, actual: 0.264989
INFO:root:SUCCEED in dissemination: (2/500) rounds
# ok: test finished successfully
#####################################################################
