# Test #0: PROTO: gossip; LOSS: 25%; ARGS: push-pull 80 80
## Sourcing local environment...
## Starting test (args: --loss-chance 25 --nodes 100 gossip push-pull 80 80)...
INFO:root:total: 13085 msgs, discarded: 3237 msgs
INFO:root:expected: 0.250000, actual: 0.247382
INFO:root:SUCCEED in dissemination: (1/2000) rounds
# ok: test finished successfully
#####################################################################
# Test #1: PROTO: gossip; LOSS: 25%; ARGS: push-pull 80 80
## Sourcing local environment...
## Starting test (args: --loss-chance 25 --nodes 100 gossip push-pull 80 80)...
INFO:root:total: 12788 msgs, discarded: 3204 msgs
INFO:root:expected: 0.250000, actual: 0.250547
INFO:root:SUCCEED in dissemination: (1/2000) rounds
# ok: test finished successfully
#####################################################################
# Test #2: PROTO: gossip; LOSS: 25%; ARGS: push-pull 80 80
## Sourcing local environment...
## Starting test (args: --loss-chance 25 --nodes 100 gossip push-pull 80 80)...
INFO:root:total: 12927 msgs, discarded: 3232 msgs
INFO:root:expected: 0.250000, actual: 0.250019
INFO:root:SUCCEED in dissemination: (1/2000) rounds
# ok: test finished successfully
#####################################################################
# Test #3: PROTO: gossip; LOSS: 25%; ARGS: push-pull 80 80
## Sourcing local environment...
## Starting test (args: --loss-chance 25 --nodes 100 gossip push-pull 80 80)...
INFO:root:total: 12682 msgs, discarded: 3228 msgs
INFO:root:expected: 0.250000, actual: 0.254534
INFO:root:SUCCEED in dissemination: (1/2000) rounds
# ok: test finished successfully
#####################################################################
# Test #4: PROTO: gossip; LOSS: 25%; ARGS: push-pull 80 80
## Sourcing local environment...
## Starting test (args: --loss-chance 25 --nodes 100 gossip push-pull 80 80)...
INFO:root:total: 12839 msgs, discarded: 3233 msgs
INFO:root:expected: 0.250000, actual: 0.251811
INFO:root:SUCCEED in dissemination: (1/2000) rounds
# ok: test finished successfully
#####################################################################
# Test #5: PROTO: gossip; LOSS: 25%; ARGS: push-pull 80 80
## Sourcing local environment...
## Starting test (args: --loss-chance 25 --nodes 100 gossip push-pull 80 80)...
INFO:root:total: 12490 msgs, discarded: 3125 msgs
INFO:root:expected: 0.250000, actual: 0.250200
INFO:root:SUCCEED in dissemination: (1/2000) rounds
# ok: test finished successfully
#####################################################################
# Test #6: PROTO: gossip; LOSS: 25%; ARGS: push-pull 80 80
## Sourcing local environment...
## Starting test (args: --loss-chance 25 --nodes 100 gossip push-pull 80 80)...
INFO:root:total: 12493 msgs, discarded: 3131 msgs
INFO:root:expected: 0.250000, actual: 0.250620
INFO:root:SUCCEED in dissemination: (1/2000) rounds
# ok: test finished successfully
#####################################################################
# Test #7: PROTO: gossip; LOSS: 25%; ARGS: push-pull 80 80
## Sourcing local environment...
## Starting test (args: --loss-chance 25 --nodes 100 gossip push-pull 80 80)...
INFO:root:total: 12905 msgs, discarded: 3228 msgs
INFO:root:expected: 0.250000, actual: 0.250136
INFO:root:SUCCEED in dissemination: (1/2000) rounds
# ok: test finished successfully
#####################################################################
# Test #8: PROTO: gossip; LOSS: 25%; ARGS: push-pull 80 80
## Sourcing local environment...
## Starting test (args: --loss-chance 25 --nodes 100 gossip push-pull 80 80)...
INFO:root:total: 12904 msgs, discarded: 3148 msgs
INFO:root:expected: 0.250000, actual: 0.243955
INFO:root:SUCCEED in dissemination: (1/2000) rounds
# ok: test finished successfully
#####################################################################
# Test #9: PROTO: gossip; LOSS: 25%; ARGS: push-pull 80 80
## Sourcing local environment...
## Starting test (args: --loss-chance 25 --nodes 100 gossip push-pull 80 80)...
INFO:root:total: 12936 msgs, discarded: 3237 msgs
INFO:root:expected: 0.250000, actual: 0.250232
INFO:root:SUCCEED in dissemination: (1/2000) rounds
# ok: test finished successfully
#####################################################################
