# Test #0: PROTO: gossip; LOSS: 25%; ARGS: push-pull 70 40
## Sourcing local environment...
## Starting test (args: --loss-chance 25 --nodes 100 gossip push-pull 70 40)...
INFO:root:total: 6290 msgs, discarded: 1534 msgs
INFO:root:expected: 0.250000, actual: 0.243879
INFO:root:SUCCEED in dissemination: (1/500) rounds
# ok: test finished successfully
#####################################################################
# Test #1: PROTO: gossip; LOSS: 25%; ARGS: push-pull 70 40
## Sourcing local environment...
## Starting test (args: --loss-chance 25 --nodes 100 gossip push-pull 70 40)...
INFO:root:total: 6403 msgs, discarded: 1633 msgs
INFO:root:expected: 0.250000, actual: 0.255037
INFO:root:SUCCEED in dissemination: (1/500) rounds
# ok: test finished successfully
#####################################################################
# Test #2: PROTO: gossip; LOSS: 25%; ARGS: push-pull 70 40
## Sourcing local environment...
## Starting test (args: --loss-chance 25 --nodes 100 gossip push-pull 70 40)...
INFO:root:total: 6123 msgs, discarded: 1581 msgs
INFO:root:expected: 0.250000, actual: 0.258207
INFO:root:SUCCEED in dissemination: (1/500) rounds
# ok: test finished successfully
#####################################################################
# Test #3: PROTO: gossip; LOSS: 25%; ARGS: push-pull 70 40
## Sourcing local environment...
## Starting test (args: --loss-chance 25 --nodes 100 gossip push-pull 70 40)...
INFO:root:total: 6311 msgs, discarded: 1511 msgs
INFO:root:expected: 0.250000, actual: 0.239423
INFO:root:SUCCEED in dissemination: (1/500) rounds
# ok: test finished successfully
#####################################################################
# Test #4: PROTO: gossip; LOSS: 25%; ARGS: push-pull 70 40
## Sourcing local environment...
## Starting test (args: --loss-chance 25 --nodes 100 gossip push-pull 70 40)...
INFO:root:total: 6265 msgs, discarded: 1602 msgs
INFO:root:expected: 0.250000, actual: 0.255706
INFO:root:SUCCEED in dissemination: (1/500) rounds
# ok: test finished successfully
#####################################################################
# Test #5: PROTO: gossip; LOSS: 25%; ARGS: push-pull 70 40
## Sourcing local environment...
## Starting test (args: --loss-chance 25 --nodes 100 gossip push-pull 70 40)...
INFO:root:total: 6244 msgs, discarded: 1559 msgs
INFO:root:expected: 0.250000, actual: 0.249680
INFO:root:SUCCEED in dissemination: (1/500) rounds
# ok: test finished successfully
#####################################################################
# Test #6: PROTO: gossip; LOSS: 25%; ARGS: push-pull 70 40
## Sourcing local environment...
## Starting test (args: --loss-chance 25 --nodes 100 gossip push-pull 70 40)...
INFO:root:total: 6296 msgs, discarded: 1506 msgs
INFO:root:expected: 0.250000, actual: 0.239199
INFO:root:SUCCEED in dissemination: (1/500) rounds
# ok: test finished successfully
#####################################################################
# Test #7: PROTO: gossip; LOSS: 25%; ARGS: push-pull 70 40
## Sourcing local environment...
## Starting test (args: --loss-chance 25 --nodes 100 gossip push-pull 70 40)...
INFO:root:total: 6355 msgs, discarded: 1625 msgs
INFO:root:expected: 0.250000, actual: 0.255704
INFO:root:SUCCEED in dissemination: (1/500) rounds
# ok: test finished successfully
#####################################################################
# Test #8: PROTO: gossip; LOSS: 25%; ARGS: push-pull 70 40
## Sourcing local environment...
## Starting test (args: --loss-chance 25 --nodes 100 gossip push-pull 70 40)...
INFO:root:total: 6256 msgs, discarded: 1662 msgs
INFO:root:expected: 0.250000, actual: 0.265665
INFO:root:SUCCEED in dissemination: (1/500) rounds
# ok: test finished successfully
#####################################################################
# Test #9: PROTO: gossip; LOSS: 25%; ARGS: push-pull 70 40
## Sourcing local environment...
## Starting test (args: --loss-chance 25 --nodes 100 gossip push-pull 70 40)...
INFO:root:total: 6403 msgs, discarded: 1630 msgs
INFO:root:expected: 0.250000, actual: 0.254568
INFO:root:SUCCEED in dissemination: (1/500) rounds
# ok: test finished successfully
#####################################################################
