# Test #0: PROTO: gossip; LOSS: 25%; ARGS: push-pull 30 30
## Sourcing local environment...
## Starting test (args: --loss-chance 25 --nodes 100 gossip push-pull 30 30)...
INFO:root:total: 4317 msgs, discarded: 1059 msgs
INFO:root:expected: 0.250000, actual: 0.245309
INFO:root:SUCCEED in dissemination: (1/2000) rounds
# ok: test finished successfully
#####################################################################
# Test #1: PROTO: gossip; LOSS: 25%; ARGS: push-pull 30 30
## Sourcing local environment...
## Starting test (args: --loss-chance 25 --nodes 100 gossip push-pull 30 30)...
INFO:root:total: 4376 msgs, discarded: 1049 msgs
INFO:root:expected: 0.250000, actual: 0.239717
INFO:root:SUCCEED in dissemination: (1/2000) rounds
# ok: test finished successfully
#####################################################################
# Test #2: PROTO: gossip; LOSS: 25%; ARGS: push-pull 30 30
## Sourcing local environment...
## Starting test (args: --loss-chance 25 --nodes 100 gossip push-pull 30 30)...
INFO:root:total: 4412 msgs, discarded: 1071 msgs
INFO:root:expected: 0.250000, actual: 0.242747
INFO:root:SUCCEED in dissemination: (1/2000) rounds
# ok: test finished successfully
#####################################################################
# Test #3: PROTO: gossip; LOSS: 25%; ARGS: push-pull 30 30
## Sourcing local environment...
## Starting test (args: --loss-chance 25 --nodes 100 gossip push-pull 30 30)...
INFO:root:total: 4429 msgs, discarded: 1081 msgs
INFO:root:expected: 0.250000, actual: 0.244073
INFO:root:SUCCEED in dissemination: (1/2000) rounds
# ok: test finished successfully
#####################################################################
# Test #4: PROTO: gossip; LOSS: 25%; ARGS: push-pull 30 30
## Sourcing local environment...
## Starting test (args: --loss-chance 25 --nodes 100 gossip push-pull 30 30)...
INFO:root:total: 4323 msgs, discarded: 1089 msgs
INFO:root:expected: 0.250000, actual: 0.251908
INFO:root:SUCCEED in dissemination: (1/2000) rounds
# ok: test finished successfully
#####################################################################
# Test #5: PROTO: gossip; LOSS: 25%; ARGS: push-pull 30 30
## Sourcing local environment...
## Starting test (args: --loss-chance 25 --nodes 100 gossip push-pull 30 30)...
INFO:root:total: 4304 msgs, discarded: 1117 msgs
INFO:root:expected: 0.250000, actual: 0.259526
INFO:root:SUCCEED in dissemination: (1/2000) rounds
# ok: test finished successfully
#####################################################################
# Test #6: PROTO: gossip; LOSS: 25%; ARGS: push-pull 30 30
## Sourcing local environment...
## Starting test (args: --loss-chance 25 --nodes 100 gossip push-pull 30 30)...
INFO:root:total: 4405 msgs, discarded: 1092 msgs
INFO:root:expected: 0.250000, actual: 0.247900
INFO:root:SUCCEED in dissemination: (1/2000) rounds
# ok: test finished successfully
#####################################################################
# Test #7: PROTO: gossip; LOSS: 25%; ARGS: push-pull 30 30
## Sourcing local environment...
## Starting test (args: --loss-chance 25 --nodes 100 gossip push-pull 30 30)...
INFO:root:total: 4320 msgs, discarded: 1089 msgs
INFO:root:expected: 0.250000, actual: 0.252083
INFO:root:SUCCEED in dissemination: (1/2000) rounds
# ok: test finished successfully
#####################################################################
# Test #8: PROTO: gossip; LOSS: 25%; ARGS: push-pull 30 30
## Sourcing local environment...
## Starting test (args: --loss-chance 25 --nodes 100 gossip push-pull 30 30)...
INFO:root:total: 4341 msgs, discarded: 1083 msgs
INFO:root:expected: 0.250000, actual: 0.249482
INFO:root:SUCCEED in dissemination: (1/2000) rounds
# ok: test finished successfully
#####################################################################
# Test #9: PROTO: gossip; LOSS: 25%; ARGS: push-pull 30 30
## Sourcing local environment...
## Starting test (args: --loss-chance 25 --nodes 100 gossip push-pull 30 30)...
INFO:root:total: 4451 msgs, discarded: 1121 msgs
INFO:root:expected: 0.250000, actual: 0.251854
INFO:root:SUCCEED in dissemination: (1/2000) rounds
# ok: test finished successfully
#####################################################################
