# Test #0: PROTO: gossip; LOSS: 25%; ARGS: push-pull 70 70
## Sourcing local environment...
## Starting test (args: --loss-chance 25 --nodes 100 gossip push-pull 70 70)...
INFO:root:total: 10962 msgs, discarded: 2751 msgs
INFO:root:expected: 0.250000, actual: 0.250958
INFO:root:SUCCEED in dissemination: (1/500) rounds
# ok: test finished successfully
#####################################################################
# Test #1: PROTO: gossip; LOSS: 25%; ARGS: push-pull 70 70
## Sourcing local environment...
## Starting test (args: --loss-chance 25 --nodes 100 gossip push-pull 70 70)...
INFO:root:total: 11037 msgs, discarded: 2787 msgs
INFO:root:expected: 0.250000, actual: 0.252514
INFO:root:SUCCEED in dissemination: (1/500) rounds
# ok: test finished successfully
#####################################################################
# Test #2: PROTO: gossip; LOSS: 25%; ARGS: push-pull 70 70
## Sourcing local environment...
## Starting test (args: --loss-chance 25 --nodes 100 gossip push-pull 70 70)...
INFO:root:total: 10916 msgs, discarded: 2775 msgs
INFO:root:expected: 0.250000, actual: 0.254214
INFO:root:SUCCEED in dissemination: (1/500) rounds
# ok: test finished successfully
#####################################################################
# Test #3: PROTO: gossip; LOSS: 25%; ARGS: push-pull 70 70
## Sourcing local environment...
## Starting test (args: --loss-chance 25 --nodes 100 gossip push-pull 70 70)...
INFO:root:total: 10964 msgs, discarded: 2753 msgs
INFO:root:expected: 0.250000, actual: 0.251094
INFO:root:SUCCEED in dissemination: (1/500) rounds
# ok: test finished successfully
#####################################################################
# Test #4: PROTO: gossip; LOSS: 25%; ARGS: push-pull 70 70
## Sourcing local environment...
## Starting test (args: --loss-chance 25 --nodes 100 gossip push-pull 70 70)...
INFO:root:total: 11056 msgs, discarded: 2671 msgs
INFO:root:expected: 0.250000, actual: 0.241588
INFO:root:SUCCEED in dissemination: (1/500) rounds
# ok: test finished successfully
#####################################################################
# Test #5: PROTO: gossip; LOSS: 25%; ARGS: push-pull 70 70
## Sourcing local environment...
## Starting test (args: --loss-chance 25 --nodes 100 gossip push-pull 70 70)...
INFO:root:total: 10981 msgs, discarded: 2729 msgs
INFO:root:expected: 0.250000, actual: 0.248520
INFO:root:SUCCEED in dissemination: (1/500) rounds
# ok: test finished successfully
#####################################################################
# Test #6: PROTO: gossip; LOSS: 25%; ARGS: push-pull 70 70
## Sourcing local environment...
## Starting test (args: --loss-chance 25 --nodes 100 gossip push-pull 70 70)...
INFO:root:total: 11057 msgs, discarded: 2731 msgs
INFO:root:expected: 0.250000, actual: 0.246993
INFO:root:SUCCEED in dissemination: (1/500) rounds
# ok: test finished successfully
#####################################################################
# Test #7: PROTO: gossip; LOSS: 25%; ARGS: push-pull 70 70
## Sourcing local environment...
## Starting test (args: --loss-chance 25 --nodes 100 gossip push-pull 70 70)...
INFO:root:total: 10911 msgs, discarded: 2719 msgs
INFO:root:expected: 0.250000, actual: 0.249198
INFO:root:SUCCEED in dissemination: (1/500) rounds
# ok: test finished successfully
#####################################################################
# Test #8: PROTO: gossip; LOSS: 25%; ARGS: push-pull 70 70
## Sourcing local environment...
## Starting test (args: --loss-chance 25 --nodes 100 gossip push-pull 70 70)...
INFO:root:total: 11018 msgs, discarded: 2743 msgs
INFO:root:expected: 0.250000, actual: 0.248956
INFO:root:SUCCEED in dissemination: (1/500) rounds
# ok: test finished successfully
#####################################################################
# Test #9: PROTO: gossip; LOSS: 25%; ARGS: push-pull 70 70
## Sourcing local environment...
## Starting test (args: --loss-chance 25 --nodes 100 gossip push-pull 70 70)...
INFO:root:total: 11004 msgs, discarded: 2753 msgs
INFO:root:expected: 0.250000, actual: 0.250182
INFO:root:SUCCEED in dissemination: (1/500) rounds
# ok: test finished successfully
#####################################################################
