# Test #0: PROTO: gossip; LOSS: 25%; ARGS: push-pull 5 80
## Sourcing local environment...
## Starting test (args: --loss-chance 25 --nodes 100 gossip push-pull 5 80)...
INFO:root:total: 11168 msgs, discarded: 2701 msgs
INFO:root:expected: 0.250000, actual: 0.241852
INFO:root:SUCCEED in dissemination: (1/1000) rounds
# ok: test finished successfully
#####################################################################
# Test #1: PROTO: gossip; LOSS: 25%; ARGS: push-pull 5 80
## Sourcing local environment...
## Starting test (args: --loss-chance 25 --nodes 100 gossip push-pull 5 80)...
INFO:root:total: 11001 msgs, discarded: 2725 msgs
INFO:root:expected: 0.250000, actual: 0.247705
INFO:root:SUCCEED in dissemination: (1/1000) rounds
# ok: test finished successfully
#####################################################################
# Test #2: PROTO: gossip; LOSS: 25%; ARGS: push-pull 5 80
## Sourcing local environment...
## Starting test (args: --loss-chance 25 --nodes 100 gossip push-pull 5 80)...
INFO:root:total: 11195 msgs, discarded: 2703 msgs
INFO:root:expected: 0.250000, actual: 0.241447
INFO:root:SUCCEED in dissemination: (2/1000) rounds
# ok: test finished successfully
#####################################################################
# Test #3: PROTO: gossip; LOSS: 25%; ARGS: push-pull 5 80
## Sourcing local environment...
## Starting test (args: --loss-chance 25 --nodes 100 gossip push-pull 5 80)...
INFO:root:total: 11020 msgs, discarded: 2771 msgs
INFO:root:expected: 0.250000, actual: 0.251452
INFO:root:SUCCEED in dissemination: (1/1000) rounds
# ok: test finished successfully
#####################################################################
# Test #4: PROTO: gossip; LOSS: 25%; ARGS: push-pull 5 80
## Sourcing local environment...
## Starting test (args: --loss-chance 25 --nodes 100 gossip push-pull 5 80)...
INFO:root:total: 11008 msgs, discarded: 2801 msgs
INFO:root:expected: 0.250000, actual: 0.254451
INFO:root:SUCCEED in dissemination: (1/1000) rounds
# ok: test finished successfully
#####################################################################
# Test #5: PROTO: gossip; LOSS: 25%; ARGS: push-pull 5 80
## Sourcing local environment...
## Starting test (args: --loss-chance 25 --nodes 100 gossip push-pull 5 80)...
INFO:root:total: 11095 msgs, discarded: 2745 msgs
INFO:root:expected: 0.250000, actual: 0.247409
INFO:root:SUCCEED in dissemination: (1/1000) rounds
# ok: test finished successfully
#####################################################################
# Test #6: PROTO: gossip; LOSS: 25%; ARGS: push-pull 5 80
## Sourcing local environment...
## Starting test (args: --loss-chance 25 --nodes 100 gossip push-pull 5 80)...
INFO:root:total: 10957 msgs, discarded: 2787 msgs
INFO:root:expected: 0.250000, actual: 0.254358
INFO:root:SUCCEED in dissemination: (1/1000) rounds
# ok: test finished successfully
#####################################################################
# Test #7: PROTO: gossip; LOSS: 25%; ARGS: push-pull 5 80
## Sourcing local environment...
## Starting test (args: --loss-chance 25 --nodes 100 gossip push-pull 5 80)...
INFO:root:total: 11023 msgs, discarded: 2795 msgs
INFO:root:expected: 0.250000, actual: 0.253561
INFO:root:SUCCEED in dissemination: (1/1000) rounds
# ok: test finished successfully
#####################################################################
# Test #8: PROTO: gossip; LOSS: 25%; ARGS: push-pull 5 80
## Sourcing local environment...
## Starting test (args: --loss-chance 25 --nodes 100 gossip push-pull 5 80)...
INFO:root:total: 10963 msgs, discarded: 2696 msgs
INFO:root:expected: 0.250000, actual: 0.245918
INFO:root:SUCCEED in dissemination: (1/1000) rounds
# ok: test finished successfully
#####################################################################
# Test #9: PROTO: gossip; LOSS: 25%; ARGS: push-pull 5 80
## Sourcing local environment...
## Starting test (args: --loss-chance 25 --nodes 100 gossip push-pull 5 80)...
INFO:root:total: 11177 msgs, discarded: 2859 msgs
INFO:root:expected: 0.250000, actual: 0.255793
INFO:root:SUCCEED in dissemination: (2/1000) rounds
# ok: test finished successfully
#####################################################################
