# Test #0: PROTO: gossip; LOSS: 25%; ARGS: push-pull 5 55
## Sourcing local environment...
## Starting test (args: --loss-chance 25 --nodes 100 gossip push-pull 5 55)...
INFO:root:total: 7638 msgs, discarded: 1867 msgs
INFO:root:expected: 0.250000, actual: 0.244436
INFO:root:SUCCEED in dissemination: (1/2000) rounds
# ok: test finished successfully
#####################################################################
# Test #1: PROTO: gossip; LOSS: 25%; ARGS: push-pull 5 55
## Sourcing local environment...
## Starting test (args: --loss-chance 25 --nodes 100 gossip push-pull 5 55)...
INFO:root:total: 7689 msgs, discarded: 1935 msgs
INFO:root:expected: 0.250000, actual: 0.251658
INFO:root:SUCCEED in dissemination: (2/2000) rounds
# ok: test finished successfully
#####################################################################
# Test #2: PROTO: gossip; LOSS: 25%; ARGS: push-pull 5 55
## Sourcing local environment...
## Starting test (args: --loss-chance 25 --nodes 100 gossip push-pull 5 55)...
INFO:root:total: 7684 msgs, discarded: 1961 msgs
INFO:root:expected: 0.250000, actual: 0.255206
INFO:root:SUCCEED in dissemination: (2/2000) rounds
# ok: test finished successfully
#####################################################################
# Test #3: PROTO: gossip; LOSS: 25%; ARGS: push-pull 5 55
## Sourcing local environment...
## Starting test (args: --loss-chance 25 --nodes 100 gossip push-pull 5 55)...
INFO:root:total: 7653 msgs, discarded: 1912 msgs
INFO:root:expected: 0.250000, actual: 0.249837
INFO:root:SUCCEED in dissemination: (1/2000) rounds
# ok: test finished successfully
#####################################################################
# Test #4: PROTO: gossip; LOSS: 25%; ARGS: push-pull 5 55
## Sourcing local environment...
## Starting test (args: --loss-chance 25 --nodes 100 gossip push-pull 5 55)...
INFO:root:total: 7611 msgs, discarded: 1884 msgs
INFO:root:expected: 0.250000, actual: 0.247536
INFO:root:SUCCEED in dissemination: (1/2000) rounds
# ok: test finished successfully
#####################################################################
# Test #5: PROTO: gossip; LOSS: 25%; ARGS: push-pull 5 55
## Sourcing local environment...
## Starting test (args: --loss-chance 25 --nodes 100 gossip push-pull 5 55)...
INFO:root:total: 7587 msgs, discarded: 1886 msgs
INFO:root:expected: 0.250000, actual: 0.248583
INFO:root:SUCCEED in dissemination: (1/2000) rounds
# ok: test finished successfully
#####################################################################
# Test #6: PROTO: gossip; LOSS: 25%; ARGS: push-pull 5 55
## Sourcing local environment...
## Starting test (args: --loss-chance 25 --nodes 100 gossip push-pull 5 55)...
INFO:root:total: 7591 msgs, discarded: 1860 msgs
INFO:root:expected: 0.250000, actual: 0.245027
INFO:root:SUCCEED in dissemination: (1/2000) rounds
# ok: test finished successfully
#####################################################################
# Test #7: PROTO: gossip; LOSS: 25%; ARGS: push-pull 5 55
## Sourcing local environment...
## Starting test (args: --loss-chance 25 --nodes 100 gossip push-pull 5 55)...
INFO:root:total: 7647 msgs, discarded: 1928 msgs
INFO:root:expected: 0.250000, actual: 0.252125
INFO:root:SUCCEED in dissemination: (2/2000) rounds
# ok: test finished successfully
#####################################################################
# Test #8: PROTO: gossip; LOSS: 25%; ARGS: push-pull 5 55
## Sourcing local environment...
## Starting test (args: --loss-chance 25 --nodes 100 gossip push-pull 5 55)...
INFO:root:total: 7609 msgs, discarded: 1850 msgs
INFO:root:expected: 0.250000, actual: 0.243133
INFO:root:SUCCEED in dissemination: (1/2000) rounds
# ok: test finished successfully
#####################################################################
# Test #9: PROTO: gossip; LOSS: 25%; ARGS: push-pull 5 55
## Sourcing local environment...
## Starting test (args: --loss-chance 25 --nodes 100 gossip push-pull 5 55)...
INFO:root:total: 7628 msgs, discarded: 1863 msgs
INFO:root:expected: 0.250000, actual: 0.244232
INFO:root:SUCCEED in dissemination: (1/2000) rounds
# ok: test finished successfully
#####################################################################
