# Test #0: PROTO: gossip; LOSS: 25%; ARGS: pull 80
## Sourcing local environment...
## Starting test (args: --loss-chance 25 --nodes 100 gossip pull 80)...
INFO:root:total: 11011 msgs, discarded: 2752 msgs
INFO:root:expected: 0.250000, actual: 0.249932
INFO:root:SUCCEED in dissemination: (2/500) rounds
# ok: test finished successfully
#####################################################################
# Test #1: PROTO: gossip; LOSS: 25%; ARGS: pull 80
## Sourcing local environment...
## Starting test (args: --loss-chance 25 --nodes 100 gossip pull 80)...
INFO:root:total: 11123 msgs, discarded: 2782 msgs
INFO:root:expected: 0.250000, actual: 0.250112
INFO:root:SUCCEED in dissemination: (2/500) rounds
# ok: test finished successfully
#####################################################################
# Test #2: PROTO: gossip; LOSS: 25%; ARGS: pull 80
## Sourcing local environment...
## Starting test (args: --loss-chance 25 --nodes 100 gossip pull 80)...
INFO:root:total: 11011 msgs, discarded: 2747 msgs
INFO:root:expected: 0.250000, actual: 0.249478
INFO:root:SUCCEED in dissemination: (2/500) rounds
# ok: test finished successfully
#####################################################################
# Test #3: PROTO: gossip; LOSS: 25%; ARGS: pull 80
## Sourcing local environment...
## Starting test (args: --loss-chance 25 --nodes 100 gossip pull 80)...
INFO:root:total: 10926 msgs, discarded: 2785 msgs
INFO:root:expected: 0.250000, actual: 0.254897
INFO:root:SUCCEED in dissemination: (1/500) rounds
# ok: test finished successfully
#####################################################################
# Test #4: PROTO: gossip; LOSS: 25%; ARGS: pull 80
## Sourcing local environment...
## Starting test (args: --loss-chance 25 --nodes 100 gossip pull 80)...
INFO:root:total: 11258 msgs, discarded: 2818 msgs
INFO:root:expected: 0.250000, actual: 0.250311
INFO:root:SUCCEED in dissemination: (2/500) rounds
# ok: test finished successfully
#####################################################################
# Test #5: PROTO: gossip; LOSS: 25%; ARGS: pull 80
## Sourcing local environment...
## Starting test (args: --loss-chance 25 --nodes 100 gossip pull 80)...
INFO:root:total: 10973 msgs, discarded: 2861 msgs
INFO:root:expected: 0.250000, actual: 0.260731
INFO:root:SUCCEED in dissemination: (2/500) rounds
# ok: test finished successfully
#####################################################################
# Test #6: PROTO: gossip; LOSS: 25%; ARGS: pull 80
## Sourcing local environment...
## Starting test (args: --loss-chance 25 --nodes 100 gossip pull 80)...
INFO:root:total: 10889 msgs, discarded: 2732 msgs
INFO:root:expected: 0.250000, actual: 0.250895
INFO:root:SUCCEED in dissemination: (1/500) rounds
# ok: test finished successfully
#####################################################################
# Test #7: PROTO: gossip; LOSS: 25%; ARGS: pull 80
## Sourcing local environment...
## Starting test (args: --loss-chance 25 --nodes 100 gossip pull 80)...
INFO:root:total: 10949 msgs, discarded: 2697 msgs
INFO:root:expected: 0.250000, actual: 0.246324
INFO:root:SUCCEED in dissemination: (1/500) rounds
# ok: test finished successfully
#####################################################################
# Test #8: PROTO: gossip; LOSS: 25%; ARGS: pull 80
## Sourcing local environment...
## Starting test (args: --loss-chance 25 --nodes 100 gossip pull 80)...
INFO:root:total: 10900 msgs, discarded: 2761 msgs
INFO:root:expected: 0.250000, actual: 0.253303
INFO:root:SUCCEED in dissemination: (1/500) rounds
# ok: test finished successfully
#####################################################################
# Test #9: PROTO: gossip; LOSS: 25%; ARGS: pull 80
## Sourcing local environment...
## Starting test (args: --loss-chance 25 --nodes 100 gossip pull 80)...
INFO:root:total: 11656 msgs, discarded: 2904 msgs
INFO:root:expected: 0.250000, actual: 0.249142
INFO:root:SUCCEED in dissemination: (2/500) rounds
# ok: test finished successfully
#####################################################################
