# Test #0: PROTO: gossip; LOSS: 25%; ARGS: push-pull 10 10
## Sourcing local environment...
## Starting test (args: --loss-chance 25 --nodes 100 gossip push-pull 10 10)...
INFO:root:total: 1555 msgs, discarded: 384 msgs
INFO:root:expected: 0.250000, actual: 0.246945
INFO:root:SUCCEED in dissemination: (2/500) rounds
# ok: test finished successfully
#####################################################################
# Test #1: PROTO: gossip; LOSS: 25%; ARGS: push-pull 10 10
## Sourcing local environment...
## Starting test (args: --loss-chance 25 --nodes 100 gossip push-pull 10 10)...
INFO:root:total: 1734 msgs, discarded: 450 msgs
INFO:root:expected: 0.250000, actual: 0.259516
INFO:root:SUCCEED in dissemination: (2/500) rounds
# ok: test finished successfully
#####################################################################
# Test #2: PROTO: gossip; LOSS: 25%; ARGS: push-pull 10 10
## Sourcing local environment...
## Starting test (args: --loss-chance 25 --nodes 100 gossip push-pull 10 10)...
INFO:root:total: 1660 msgs, discarded: 459 msgs
INFO:root:expected: 0.250000, actual: 0.276506
INFO:root:SUCCEED in dissemination: (2/500) rounds
# ok: test finished successfully
#####################################################################
# Test #3: PROTO: gossip; LOSS: 25%; ARGS: push-pull 10 10
## Sourcing local environment...
## Starting test (args: --loss-chance 25 --nodes 100 gossip push-pull 10 10)...
INFO:root:total: 1675 msgs, discarded: 397 msgs
INFO:root:expected: 0.250000, actual: 0.237015
INFO:root:SUCCEED in dissemination: (2/500) rounds
# ok: test finished successfully
#####################################################################
# Test #4: PROTO: gossip; LOSS: 25%; ARGS: push-pull 10 10
## Sourcing local environment...
## Starting test (args: --loss-chance 25 --nodes 100 gossip push-pull 10 10)...
INFO:root:total: 1671 msgs, discarded: 393 msgs
INFO:root:expected: 0.250000, actual: 0.235189
INFO:root:SUCCEED in dissemination: (2/500) rounds
# ok: test finished successfully
#####################################################################
# Test #5: PROTO: gossip; LOSS: 25%; ARGS: push-pull 10 10
## Sourcing local environment...
## Starting test (args: --loss-chance 25 --nodes 100 gossip push-pull 10 10)...
INFO:root:total: 1720 msgs, discarded: 442 msgs
INFO:root:expected: 0.250000, actual: 0.256977
INFO:root:SUCCEED in dissemination: (2/500) rounds
# ok: test finished successfully
#####################################################################
# Test #6: PROTO: gossip; LOSS: 25%; ARGS: push-pull 10 10
## Sourcing local environment...
## Starting test (args: --loss-chance 25 --nodes 100 gossip push-pull 10 10)...
INFO:root:total: 1717 msgs, discarded: 437 msgs
INFO:root:expected: 0.250000, actual: 0.254514
INFO:root:SUCCEED in dissemination: (2/500) rounds
# ok: test finished successfully
#####################################################################
# Test #7: PROTO: gossip; LOSS: 25%; ARGS: push-pull 10 10
## Sourcing local environment...
## Starting test (args: --loss-chance 25 --nodes 100 gossip push-pull 10 10)...
INFO:root:total: 1646 msgs, discarded: 401 msgs
INFO:root:expected: 0.250000, actual: 0.243621
INFO:root:SUCCEED in dissemination: (2/500) rounds
# ok: test finished successfully
#####################################################################
# Test #8: PROTO: gossip; LOSS: 25%; ARGS: push-pull 10 10
## Sourcing local environment...
## Starting test (args: --loss-chance 25 --nodes 100 gossip push-pull 10 10)...
INFO:root:total: 1656 msgs, discarded: 434 msgs
INFO:root:expected: 0.250000, actual: 0.262077
INFO:root:SUCCEED in dissemination: (2/500) rounds
# ok: test finished successfully
#####################################################################
# Test #9: PROTO: gossip; LOSS: 25%; ARGS: push-pull 10 10
## Sourcing local environment...
## Starting test (args: --loss-chance 25 --nodes 100 gossip push-pull 10 10)...
INFO:root:total: 1672 msgs, discarded: 414 msgs
INFO:root:expected: 0.250000, actual: 0.247608
INFO:root:SUCCEED in dissemination: (2/500) rounds
# ok: test finished successfully
#####################################################################
