# Test #0: PROTO: gossip; LOSS: 25%; ARGS: push-pull 80 55
## Sourcing local environment...
## Starting test (args: --loss-chance 25 --nodes 100 gossip push-pull 80 55)...
INFO:root:total: 8931 msgs, discarded: 2216 msgs
INFO:root:expected: 0.250000, actual: 0.248125
INFO:root:SUCCEED in dissemination: (1/2000) rounds
# ok: test finished successfully
#####################################################################
# Test #1: PROTO: gossip; LOSS: 25%; ARGS: push-pull 80 55
## Sourcing local environment...
## Starting test (args: --loss-chance 25 --nodes 100 gossip push-pull 80 55)...
INFO:root:total: 8785 msgs, discarded: 2236 msgs
INFO:root:expected: 0.250000, actual: 0.254525
INFO:root:SUCCEED in dissemination: (1/2000) rounds
# ok: test finished successfully
#####################################################################
# Test #2: PROTO: gossip; LOSS: 25%; ARGS: push-pull 80 55
## Sourcing local environment...
## Starting test (args: --loss-chance 25 --nodes 100 gossip push-pull 80 55)...
INFO:root:total: 8778 msgs, discarded: 2262 msgs
INFO:root:expected: 0.250000, actual: 0.257690
INFO:root:SUCCEED in dissemination: (1/2000) rounds
# ok: test finished successfully
#####################################################################
# Test #3: PROTO: gossip; LOSS: 25%; ARGS: push-pull 80 55
## Sourcing local environment...
## Starting test (args: --loss-chance 25 --nodes 100 gossip push-pull 80 55)...
INFO:root:total: 8741 msgs, discarded: 2155 msgs
INFO:root:expected: 0.250000, actual: 0.246539
INFO:root:SUCCEED in dissemination: (1/2000) rounds
# ok: test finished successfully
#####################################################################
# Test #4: PROTO: gossip; LOSS: 25%; ARGS: push-pull 80 55
## Sourcing local environment...
## Starting test (args: --loss-chance 25 --nodes 100 gossip push-pull 80 55)...
INFO:root:total: 8781 msgs, discarded: 2185 msgs
INFO:root:expected: 0.250000, actual: 0.248833
INFO:root:SUCCEED in dissemination: (1/2000) rounds
# ok: test finished successfully
#####################################################################
# Test #5: PROTO: gossip; LOSS: 25%; ARGS: push-pull 80 55
## Sourcing local environment...
## Starting test (args: --loss-chance 25 --nodes 100 gossip push-pull 80 55)...
INFO:root:total: 8793 msgs, discarded: 2202 msgs
INFO:root:expected: 0.250000, actual: 0.250426
INFO:root:SUCCEED in dissemination: (1/2000) rounds
# ok: test finished successfully
#####################################################################
# Test #6: PROTO: gossip; LOSS: 25%; ARGS: push-pull 80 55
## Sourcing local environment...
## Starting test (args: --loss-chance 25 --nodes 100 gossip push-pull 80 55)...
INFO:root:total: 8999 msgs, discarded: 2214 msgs
INFO:root:expected: 0.250000, actual: 0.246027
INFO:root:SUCCEED in dissemination: (1/2000) rounds
# ok: test finished successfully
#####################################################################
# Test #7: PROTO: gossip; LOSS: 25%; ARGS: push-pull 80 55
## Sourcing local environment...
## Starting test (args: --loss-chance 25 --nodes 100 gossip push-pull 80 55)...
INFO:root:total: 8735 msgs, discarded: 2250 msgs
INFO:root:expected: 0.250000, actual: 0.257584
INFO:root:SUCCEED in dissemination: (1/2000) rounds
# ok: test finished successfully
#####################################################################
# Test #8: PROTO: gossip; LOSS: 25%; ARGS: push-pull 80 55
## Sourcing local environment...
## Starting test (args: --loss-chance 25 --nodes 100 gossip push-pull 80 55)...
INFO:root:total: 8807 msgs, discarded: 2224 msgs
INFO:root:expected: 0.250000, actual: 0.252526
INFO:root:SUCCEED in dissemination: (1/2000) rounds
# ok: test finished successfully
#####################################################################
# Test #9: PROTO: gossip; LOSS: 25%; ARGS: push-pull 80 55
## Sourcing local environment...
## Starting test (args: --loss-chance 25 --nodes 100 gossip push-pull 80 55)...
INFO:root:total: 8845 msgs, discarded: 2149 msgs
INFO:root:expected: 0.250000, actual: 0.242962
INFO:root:SUCCEED in dissemination: (1/2000) rounds
# ok: test finished successfully
#####################################################################
