# Test #0: PROTO: gossip; LOSS: 25%; ARGS: push-pull 10 70
## Sourcing local environment...
## Starting test (args: --loss-chance 25 --nodes 100 gossip push-pull 10 70)...
INFO:root:total: 9594 msgs, discarded: 2462 msgs
INFO:root:expected: 0.250000, actual: 0.256619
INFO:root:SUCCEED in dissemination: (1/500) rounds
# ok: test finished successfully
#####################################################################
# Test #1: PROTO: gossip; LOSS: 25%; ARGS: push-pull 10 70
## Sourcing local environment...
## Starting test (args: --loss-chance 25 --nodes 100 gossip push-pull 10 70)...
INFO:root:total: 9771 msgs, discarded: 2435 msgs
INFO:root:expected: 0.250000, actual: 0.249207
INFO:root:SUCCEED in dissemination: (1/500) rounds
# ok: test finished successfully
#####################################################################
# Test #2: PROTO: gossip; LOSS: 25%; ARGS: push-pull 10 70
## Sourcing local environment...
## Starting test (args: --loss-chance 25 --nodes 100 gossip push-pull 10 70)...
INFO:root:total: 9779 msgs, discarded: 2429 msgs
INFO:root:expected: 0.250000, actual: 0.248389
INFO:root:SUCCEED in dissemination: (1/500) rounds
# ok: test finished successfully
#####################################################################
# Test #3: PROTO: gossip; LOSS: 25%; ARGS: push-pull 10 70
## Sourcing local environment...
## Starting test (args: --loss-chance 25 --nodes 100 gossip push-pull 10 70)...
INFO:root:total: 9666 msgs, discarded: 2476 msgs
INFO:root:expected: 0.250000, actual: 0.256156
INFO:root:SUCCEED in dissemination: (1/500) rounds
# ok: test finished successfully
#####################################################################
# Test #4: PROTO: gossip; LOSS: 25%; ARGS: push-pull 10 70
## Sourcing local environment...
## Starting test (args: --loss-chance 25 --nodes 100 gossip push-pull 10 70)...
INFO:root:total: 9811 msgs, discarded: 2416 msgs
INFO:root:expected: 0.250000, actual: 0.246254
INFO:root:SUCCEED in dissemination: (1/500) rounds
# ok: test finished successfully
#####################################################################
# Test #5: PROTO: gossip; LOSS: 25%; ARGS: push-pull 10 70
## Sourcing local environment...
## Starting test (args: --loss-chance 25 --nodes 100 gossip push-pull 10 70)...
INFO:root:total: 9800 msgs, discarded: 2475 msgs
INFO:root:expected: 0.250000, actual: 0.252551
INFO:root:SUCCEED in dissemination: (1/500) rounds
# ok: test finished successfully
#####################################################################
# Test #6: PROTO: gossip; LOSS: 25%; ARGS: push-pull 10 70
## Sourcing local environment...
## Starting test (args: --loss-chance 25 --nodes 100 gossip push-pull 10 70)...
INFO:root:total: 9731 msgs, discarded: 2477 msgs
INFO:root:expected: 0.250000, actual: 0.254547
INFO:root:SUCCEED in dissemination: (1/500) rounds
# ok: test finished successfully
#####################################################################
# Test #7: PROTO: gossip; LOSS: 25%; ARGS: push-pull 10 70
## Sourcing local environment...
## Starting test (args: --loss-chance 25 --nodes 100 gossip push-pull 10 70)...
INFO:root:total: 9720 msgs, discarded: 2431 msgs
INFO:root:expected: 0.250000, actual: 0.250103
INFO:root:SUCCEED in dissemination: (1/500) rounds
# ok: test finished successfully
#####################################################################
# Test #8: PROTO: gossip; LOSS: 25%; ARGS: push-pull 10 70
## Sourcing local environment...
## Starting test (args: --loss-chance 25 --nodes 100 gossip push-pull 10 70)...
INFO:root:total: 9716 msgs, discarded: 2441 msgs
INFO:root:expected: 0.250000, actual: 0.251235
INFO:root:SUCCEED in dissemination: (1/500) rounds
# ok: test finished successfully
#####################################################################
# Test #9: PROTO: gossip; LOSS: 25%; ARGS: push-pull 10 70
## Sourcing local environment...
## Starting test (args: --loss-chance 25 --nodes 100 gossip push-pull 10 70)...
INFO:root:total: 9668 msgs, discarded: 2445 msgs
INFO:root:expected: 0.250000, actual: 0.252896
INFO:root:SUCCEED in dissemination: (1/500) rounds
# ok: test finished successfully
#####################################################################
