# Test #0: PROTO: gossip; LOSS: 25%; ARGS: push 5
## Sourcing local environment...
## Starting test (args: --loss-chance 25 --nodes 100 gossip push 5)...
INFO:root:total: 890 msgs, discarded: 213 msgs
INFO:root:expected: 0.250000, actual: 0.239326
INFO:root:SUCCEED in dissemination: (5/1000) rounds
# ok: test finished successfully
#####################################################################
# Test #1: PROTO: gossip; LOSS: 25%; ARGS: push 5
## Sourcing local environment...
## Starting test (args: --loss-chance 25 --nodes 100 gossip push 5)...
INFO:root:total: 830 msgs, discarded: 219 msgs
INFO:root:expected: 0.250000, actual: 0.263855
INFO:root:SUCCEED in dissemination: (5/1000) rounds
# ok: test finished successfully
#####################################################################
# Test #2: PROTO: gossip; LOSS: 25%; ARGS: push 5
## Sourcing local environment...
## Starting test (args: --loss-chance 25 --nodes 100 gossip push 5)...
INFO:root:total: 1010 msgs, discarded: 241 msgs
INFO:root:expected: 0.250000, actual: 0.238614
INFO:root:SUCCEED in dissemination: (5/1000) rounds
# ok: test finished successfully
#####################################################################
# Test #3: PROTO: gossip; LOSS: 25%; ARGS: push 5
## Sourcing local environment...
## Starting test (args: --loss-chance 25 --nodes 100 gossip push 5)...
INFO:root:total: 920 msgs, discarded: 217 msgs
INFO:root:expected: 0.250000, actual: 0.235870
INFO:root:SUCCEED in dissemination: (5/1000) rounds
# ok: test finished successfully
#####################################################################
# Test #4: PROTO: gossip; LOSS: 25%; ARGS: push 5
## Sourcing local environment...
## Starting test (args: --loss-chance 25 --nodes 100 gossip push 5)...
INFO:root:total: 920 msgs, discarded: 234 msgs
INFO:root:expected: 0.250000, actual: 0.254348
INFO:root:SUCCEED in dissemination: (5/1000) rounds
# ok: test finished successfully
#####################################################################
# Test #5: PROTO: gossip; LOSS: 25%; ARGS: push 5
## Sourcing local environment...
## Starting test (args: --loss-chance 25 --nodes 100 gossip push 5)...
INFO:root:total: 975 msgs, discarded: 234 msgs
INFO:root:expected: 0.250000, actual: 0.240000
INFO:root:SUCCEED in dissemination: (5/1000) rounds
# ok: test finished successfully
#####################################################################
# Test #6: PROTO: gossip; LOSS: 25%; ARGS: push 5
## Sourcing local environment...
## Starting test (args: --loss-chance 25 --nodes 100 gossip push 5)...
INFO:root:total: 475 msgs, discarded: 109 msgs
INFO:root:expected: 0.250000, actual: 0.229474
INFO:root:SUCCEED in dissemination: (4/1000) rounds
# ok: test finished successfully
#####################################################################
# Test #7: PROTO: gossip; LOSS: 25%; ARGS: push 5
## Sourcing local environment...
## Starting test (args: --loss-chance 25 --nodes 100 gossip push 5)...
INFO:root:total: 965 msgs, discarded: 214 msgs
INFO:root:expected: 0.250000, actual: 0.221762
INFO:root:SUCCEED in dissemination: (5/1000) rounds
# ok: test finished successfully
#####################################################################
# Test #8: PROTO: gossip; LOSS: 25%; ARGS: push 5
## Sourcing local environment...
## Starting test (args: --loss-chance 25 --nodes 100 gossip push 5)...
INFO:root:total: 1010 msgs, discarded: 259 msgs
INFO:root:expected: 0.250000, actual: 0.256436
INFO:root:SUCCEED in dissemination: (5/1000) rounds
# ok: test finished successfully
#####################################################################
# Test #9: PROTO: gossip; LOSS: 25%; ARGS: push 5
## Sourcing local environment...
## Starting test (args: --loss-chance 25 --nodes 100 gossip push 5)...
INFO:root:total: 865 msgs, discarded: 223 msgs
INFO:root:expected: 0.250000, actual: 0.257803
INFO:root:SUCCEED in dissemination: (5/1000) rounds
# ok: test finished successfully
#####################################################################
