# Test #0: PROTO: gossip; LOSS: 25%; ARGS: push-pull 5 5
## Sourcing local environment...
## Starting test (args: --loss-chance 25 --nodes 100 gossip push-pull 5 5)...
INFO:root:total: 1339 msgs, discarded: 358 msgs
INFO:root:expected: 0.250000, actual: 0.267364
INFO:root:SUCCEED in dissemination: (3/2000) rounds
# ok: test finished successfully
#####################################################################
# Test #1: PROTO: gossip; LOSS: 25%; ARGS: push-pull 5 5
## Sourcing local environment...
## Starting test (args: --loss-chance 25 --nodes 100 gossip push-pull 5 5)...
INFO:root:total: 1349 msgs, discarded: 325 msgs
INFO:root:expected: 0.250000, actual: 0.240919
INFO:root:SUCCEED in dissemination: (3/2000) rounds
# ok: test finished successfully
#####################################################################
# Test #2: PROTO: gossip; LOSS: 25%; ARGS: push-pull 5 5
## Sourcing local environment...
## Starting test (args: --loss-chance 25 --nodes 100 gossip push-pull 5 5)...
INFO:root:total: 1343 msgs, discarded: 329 msgs
INFO:root:expected: 0.250000, actual: 0.244974
INFO:root:SUCCEED in dissemination: (3/2000) rounds
# ok: test finished successfully
#####################################################################
# Test #3: PROTO: gossip; LOSS: 25%; ARGS: push-pull 5 5
## Sourcing local environment...
## Starting test (args: --loss-chance 25 --nodes 100 gossip push-pull 5 5)...
INFO:root:total: 1324 msgs, discarded: 338 msgs
INFO:root:expected: 0.250000, actual: 0.255287
INFO:root:SUCCEED in dissemination: (3/2000) rounds
# ok: test finished successfully
#####################################################################
# Test #4: PROTO: gossip; LOSS: 25%; ARGS: push-pull 5 5
## Sourcing local environment...
## Starting test (args: --loss-chance 25 --nodes 100 gossip push-pull 5 5)...
INFO:root:total: 1346 msgs, discarded: 345 msgs
INFO:root:expected: 0.250000, actual: 0.256315
INFO:root:SUCCEED in dissemination: (3/2000) rounds
# ok: test finished successfully
#####################################################################
# Test #5: PROTO: gossip; LOSS: 25%; ARGS: push-pull 5 5
## Sourcing local environment...
## Starting test (args: --loss-chance 25 --nodes 100 gossip push-pull 5 5)...
INFO:root:total: 1338 msgs, discarded: 326 msgs
INFO:root:expected: 0.250000, actual: 0.243647
INFO:root:SUCCEED in dissemination: (3/2000) rounds
# ok: test finished successfully
#####################################################################
# Test #6: PROTO: gossip; LOSS: 25%; ARGS: push-pull 5 5
## Sourcing local environment...
## Starting test (args: --loss-chance 25 --nodes 100 gossip push-pull 5 5)...
INFO:root:total: 1303 msgs, discarded: 312 msgs
INFO:root:expected: 0.250000, actual: 0.239447
INFO:root:SUCCEED in dissemination: (3/2000) rounds
# ok: test finished successfully
#####################################################################
# Test #7: PROTO: gossip; LOSS: 25%; ARGS: push-pull 5 5
## Sourcing local environment...
## Starting test (args: --loss-chance 25 --nodes 100 gossip push-pull 5 5)...
INFO:root:total: 1426 msgs, discarded: 328 msgs
INFO:root:expected: 0.250000, actual: 0.230014
INFO:root:SUCCEED in dissemination: (3/2000) rounds
# ok: test finished successfully
#####################################################################
# Test #8: PROTO: gossip; LOSS: 25%; ARGS: push-pull 5 5
## Sourcing local environment...
## Starting test (args: --loss-chance 25 --nodes 100 gossip push-pull 5 5)...
INFO:root:total: 1356 msgs, discarded: 336 msgs
INFO:root:expected: 0.250000, actual: 0.247788
INFO:root:SUCCEED in dissemination: (3/2000) rounds
# ok: test finished successfully
#####################################################################
# Test #9: PROTO: gossip; LOSS: 25%; ARGS: push-pull 5 5
## Sourcing local environment...
## Starting test (args: --loss-chance 25 --nodes 100 gossip push-pull 5 5)...
INFO:root:total: 1358 msgs, discarded: 343 msgs
INFO:root:expected: 0.250000, actual: 0.252577
INFO:root:SUCCEED in dissemination: (3/2000) rounds
# ok: test finished successfully
#####################################################################
