# Test #0: PROTO: gossip; LOSS: 25%; ARGS: push-pull 70 10
## Sourcing local environment...
## Starting test (args: --loss-chance 25 --nodes 100 gossip push-pull 70 10)...
INFO:root:total: 5019 msgs, discarded: 1232 msgs
INFO:root:expected: 0.250000, actual: 0.245467
INFO:root:SUCCEED in dissemination: (2/500) rounds
# ok: test finished successfully
#####################################################################
# Test #1: PROTO: gossip; LOSS: 25%; ARGS: push-pull 70 10
## Sourcing local environment...
## Starting test (args: --loss-chance 25 --nodes 100 gossip push-pull 70 10)...
INFO:root:total: 5242 msgs, discarded: 1350 msgs
INFO:root:expected: 0.250000, actual: 0.257535
INFO:root:SUCCEED in dissemination: (2/500) rounds
# ok: test finished successfully
#####################################################################
# Test #2: PROTO: gossip; LOSS: 25%; ARGS: push-pull 70 10
## Sourcing local environment...
## Starting test (args: --loss-chance 25 --nodes 100 gossip push-pull 70 10)...
INFO:root:total: 1669 msgs, discarded: 387 msgs
INFO:root:expected: 0.250000, actual: 0.231875
INFO:root:SUCCEED in dissemination: (1/500) rounds
# ok: test finished successfully
#####################################################################
# Test #3: PROTO: gossip; LOSS: 25%; ARGS: push-pull 70 10
## Sourcing local environment...
## Starting test (args: --loss-chance 25 --nodes 100 gossip push-pull 70 10)...
INFO:root:total: 1615 msgs, discarded: 423 msgs
INFO:root:expected: 0.250000, actual: 0.261920
INFO:root:SUCCEED in dissemination: (1/500) rounds
# ok: test finished successfully
#####################################################################
# Test #4: PROTO: gossip; LOSS: 25%; ARGS: push-pull 70 10
## Sourcing local environment...
## Starting test (args: --loss-chance 25 --nodes 100 gossip push-pull 70 10)...
INFO:root:total: 1628 msgs, discarded: 378 msgs
INFO:root:expected: 0.250000, actual: 0.232187
INFO:root:SUCCEED in dissemination: (1/500) rounds
# ok: test finished successfully
#####################################################################
# Test #5: PROTO: gossip; LOSS: 25%; ARGS: push-pull 70 10
## Sourcing local environment...
## Starting test (args: --loss-chance 25 --nodes 100 gossip push-pull 70 10)...
INFO:root:total: 1627 msgs, discarded: 403 msgs
INFO:root:expected: 0.250000, actual: 0.247695
INFO:root:SUCCEED in dissemination: (1/500) rounds
# ok: test finished successfully
#####################################################################
# Test #6: PROTO: gossip; LOSS: 25%; ARGS: push-pull 70 10
## Sourcing local environment...
## Starting test (args: --loss-chance 25 --nodes 100 gossip push-pull 70 10)...
INFO:root:total: 1645 msgs, discarded: 435 msgs
INFO:root:expected: 0.250000, actual: 0.264438
INFO:root:SUCCEED in dissemination: (1/500) rounds
# ok: test finished successfully
#####################################################################
# Test #7: PROTO: gossip; LOSS: 25%; ARGS: push-pull 70 10
## Sourcing local environment...
## Starting test (args: --loss-chance 25 --nodes 100 gossip push-pull 70 10)...
INFO:root:total: 1640 msgs, discarded: 411 msgs
INFO:root:expected: 0.250000, actual: 0.250610
INFO:root:SUCCEED in dissemination: (1/500) rounds
# ok: test finished successfully
#####################################################################
# Test #8: PROTO: gossip; LOSS: 25%; ARGS: push-pull 70 10
## Sourcing local environment...
## Starting test (args: --loss-chance 25 --nodes 100 gossip push-pull 70 10)...
INFO:root:total: 1607 msgs, discarded: 419 msgs
INFO:root:expected: 0.250000, actual: 0.260734
INFO:root:SUCCEED in dissemination: (1/500) rounds
# ok: test finished successfully
#####################################################################
# Test #9: PROTO: gossip; LOSS: 25%; ARGS: push-pull 70 10
## Sourcing local environment...
## Starting test (args: --loss-chance 25 --nodes 100 gossip push-pull 70 10)...
INFO:root:total: 1642 msgs, discarded: 402 msgs
INFO:root:expected: 0.250000, actual: 0.244823
INFO:root:SUCCEED in dissemination: (1/500) rounds
# ok: test finished successfully
#####################################################################
