# Test #0: PROTO: gossip; LOSS: 25%; ARGS: pull 5
## Sourcing local environment...
## Starting test (args: --loss-chance 25 --nodes 100 gossip pull 5)...
INFO:root:total: 1215 msgs, discarded: 301 msgs
INFO:root:expected: 0.250000, actual: 0.247737
INFO:root:SUCCEED in dissemination: (4/2000) rounds
# ok: test finished successfully
#####################################################################
# Test #1: PROTO: gossip; LOSS: 25%; ARGS: pull 5
## Sourcing local environment...
## Starting test (args: --loss-chance 25 --nodes 100 gossip pull 5)...
INFO:root:total: 1622 msgs, discarded: 401 msgs
INFO:root:expected: 0.250000, actual: 0.247226
INFO:root:SUCCEED in dissemination: (4/2000) rounds
# ok: test finished successfully
#####################################################################
# Test #2: PROTO: gossip; LOSS: 25%; ARGS: pull 5
## Sourcing local environment...
## Starting test (args: --loss-chance 25 --nodes 100 gossip pull 5)...
INFO:root:total: 1513 msgs, discarded: 363 msgs
INFO:root:expected: 0.250000, actual: 0.239921
INFO:root:SUCCEED in dissemination: (4/2000) rounds
# ok: test finished successfully
#####################################################################
# Test #3: PROTO: gossip; LOSS: 25%; ARGS: pull 5
## Sourcing local environment...
## Starting test (args: --loss-chance 25 --nodes 100 gossip pull 5)...
INFO:root:total: 1411 msgs, discarded: 337 msgs
INFO:root:expected: 0.250000, actual: 0.238838
INFO:root:SUCCEED in dissemination: (4/2000) rounds
# ok: test finished successfully
#####################################################################
# Test #4: PROTO: gossip; LOSS: 25%; ARGS: pull 5
## Sourcing local environment...
## Starting test (args: --loss-chance 25 --nodes 100 gossip pull 5)...
INFO:root:total: 1763 msgs, discarded: 480 msgs
INFO:root:expected: 0.250000, actual: 0.272263
INFO:root:SUCCEED in dissemination: (5/2000) rounds
# ok: test finished successfully
#####################################################################
# Test #5: PROTO: gossip; LOSS: 25%; ARGS: pull 5
## Sourcing local environment...
## Starting test (args: --loss-chance 25 --nodes 100 gossip pull 5)...
INFO:root:total: 1194 msgs, discarded: 297 msgs
INFO:root:expected: 0.250000, actual: 0.248744
INFO:root:SUCCEED in dissemination: (3/2000) rounds
# ok: test finished successfully
#####################################################################
# Test #6: PROTO: gossip; LOSS: 25%; ARGS: pull 5
## Sourcing local environment...
## Starting test (args: --loss-chance 25 --nodes 100 gossip pull 5)...
INFO:root:total: 1699 msgs, discarded: 414 msgs
INFO:root:expected: 0.250000, actual: 0.243673
INFO:root:SUCCEED in dissemination: (4/2000) rounds
# ok: test finished successfully
#####################################################################
# Test #7: PROTO: gossip; LOSS: 25%; ARGS: pull 5
## Sourcing local environment...
## Starting test (args: --loss-chance 25 --nodes 100 gossip pull 5)...
INFO:root:total: 1096 msgs, discarded: 273 msgs
INFO:root:expected: 0.250000, actual: 0.249088
INFO:root:SUCCEED in dissemination: (3/2000) rounds
# ok: test finished successfully
#####################################################################
# Test #8: PROTO: gossip; LOSS: 25%; ARGS: pull 5
## Sourcing local environment...
## Starting test (args: --loss-chance 25 --nodes 100 gossip pull 5)...
INFO:root:total: 1337 msgs, discarded: 337 msgs
INFO:root:expected: 0.250000, actual: 0.252057
INFO:root:SUCCEED in dissemination: (4/2000) rounds
# ok: test finished successfully
#####################################################################
# Test #9: PROTO: gossip; LOSS: 25%; ARGS: pull 5
## Sourcing local environment...
## Starting test (args: --loss-chance 25 --nodes 100 gossip pull 5)...
INFO:root:total: 1789 msgs, discarded: 436 msgs
INFO:root:expected: 0.250000, actual: 0.243712
INFO:root:SUCCEED in dissemination: (4/2000) rounds
# ok: test finished successfully
#####################################################################
