# Test #0: PROTO: gossip; LOSS: 25%; ARGS: push 55
## Sourcing local environment...
## Starting test (args: --loss-chance 25 --nodes 100 gossip push 55)...
INFO:root:total: 2530 msgs, discarded: 612 msgs
INFO:root:expected: 0.250000, actual: 0.241897
INFO:root:SUCCEED in dissemination: (2/2000) rounds
# ok: test finished successfully
#####################################################################
# Test #1: PROTO: gossip; LOSS: 25%; ARGS: push 55
## Sourcing local environment...
## Starting test (args: --loss-chance 25 --nodes 100 gossip push 55)...
INFO:root:total: 2475 msgs, discarded: 631 msgs
INFO:root:expected: 0.250000, actual: 0.254949
INFO:root:SUCCEED in dissemination: (2/2000) rounds
# ok: test finished successfully
#####################################################################
# Test #2: PROTO: gossip; LOSS: 25%; ARGS: push 55
## Sourcing local environment...
## Starting test (args: --loss-chance 25 --nodes 100 gossip push 55)...
INFO:root:total: 2365 msgs, discarded: 609 msgs
INFO:root:expected: 0.250000, actual: 0.257505
INFO:root:SUCCEED in dissemination: (2/2000) rounds
# ok: test finished successfully
#####################################################################
# Test #3: PROTO: gossip; LOSS: 25%; ARGS: push 55
## Sourcing local environment...
## Starting test (args: --loss-chance 25 --nodes 100 gossip push 55)...
INFO:root:total: 2530 msgs, discarded: 627 msgs
INFO:root:expected: 0.250000, actual: 0.247826
INFO:root:SUCCEED in dissemination: (2/2000) rounds
# ok: test finished successfully
#####################################################################
# Test #4: PROTO: gossip; LOSS: 25%; ARGS: push 55
## Sourcing local environment...
## Starting test (args: --loss-chance 25 --nodes 100 gossip push 55)...
INFO:root:total: 2475 msgs, discarded: 613 msgs
INFO:root:expected: 0.250000, actual: 0.247677
INFO:root:SUCCEED in dissemination: (2/2000) rounds
# ok: test finished successfully
#####################################################################
# Test #5: PROTO: gossip; LOSS: 25%; ARGS: push 55
## Sourcing local environment...
## Starting test (args: --loss-chance 25 --nodes 100 gossip push 55)...
INFO:root:total: 2200 msgs, discarded: 552 msgs
INFO:root:expected: 0.250000, actual: 0.250909
INFO:root:SUCCEED in dissemination: (2/2000) rounds
# ok: test finished successfully
#####################################################################
# Test #6: PROTO: gossip; LOSS: 25%; ARGS: push 55
## Sourcing local environment...
## Starting test (args: --loss-chance 25 --nodes 100 gossip push 55)...
INFO:root:total: 2365 msgs, discarded: 602 msgs
INFO:root:expected: 0.250000, actual: 0.254545
INFO:root:SUCCEED in dissemination: (2/2000) rounds
# ok: test finished successfully
#####################################################################
# Test #7: PROTO: gossip; LOSS: 25%; ARGS: push 55
## Sourcing local environment...
## Starting test (args: --loss-chance 25 --nodes 100 gossip push 55)...
INFO:root:total: 2585 msgs, discarded: 659 msgs
INFO:root:expected: 0.250000, actual: 0.254932
INFO:root:SUCCEED in dissemination: (2/2000) rounds
# ok: test finished successfully
#####################################################################
# Test #8: PROTO: gossip; LOSS: 25%; ARGS: push 55
## Sourcing local environment...
## Starting test (args: --loss-chance 25 --nodes 100 gossip push 55)...
INFO:root:total: 2090 msgs, discarded: 509 msgs
INFO:root:expected: 0.250000, actual: 0.243541
INFO:root:SUCCEED in dissemination: (2/2000) rounds
# ok: test finished successfully
#####################################################################
# Test #9: PROTO: gossip; LOSS: 25%; ARGS: push 55
## Sourcing local environment...
## Starting test (args: --loss-chance 25 --nodes 100 gossip push 55)...
INFO:root:total: 2310 msgs, discarded: 579 msgs
INFO:root:expected: 0.250000, actual: 0.250649
INFO:root:SUCCEED in dissemination: (2/2000) rounds
# ok: test finished successfully
#####################################################################
