# Test #0: PROTO: gossip; LOSS: 25%; ARGS: push-pull 30 5
## Sourcing local environment...
## Starting test (args: --loss-chance 25 --nodes 100 gossip push-pull 30 5)...
INFO:root:total: 1576 msgs, discarded: 368 msgs
INFO:root:expected: 0.250000, actual: 0.233503
INFO:root:SUCCEED in dissemination: (2/1000) rounds
# ok: test finished successfully
#####################################################################
# Test #1: PROTO: gossip; LOSS: 25%; ARGS: push-pull 30 5
## Sourcing local environment...
## Starting test (args: --loss-chance 25 --nodes 100 gossip push-pull 30 5)...
INFO:root:total: 1692 msgs, discarded: 423 msgs
INFO:root:expected: 0.250000, actual: 0.250000
INFO:root:SUCCEED in dissemination: (2/1000) rounds
# ok: test finished successfully
#####################################################################
# Test #2: PROTO: gossip; LOSS: 25%; ARGS: push-pull 30 5
## Sourcing local environment...
## Starting test (args: --loss-chance 25 --nodes 100 gossip push-pull 30 5)...
INFO:root:total: 1661 msgs, discarded: 438 msgs
INFO:root:expected: 0.250000, actual: 0.263697
INFO:root:SUCCEED in dissemination: (2/1000) rounds
# ok: test finished successfully
#####################################################################
# Test #3: PROTO: gossip; LOSS: 25%; ARGS: push-pull 30 5
## Sourcing local environment...
## Starting test (args: --loss-chance 25 --nodes 100 gossip push-pull 30 5)...
INFO:root:total: 1624 msgs, discarded: 398 msgs
INFO:root:expected: 0.250000, actual: 0.245074
INFO:root:SUCCEED in dissemination: (2/1000) rounds
# ok: test finished successfully
#####################################################################
# Test #4: PROTO: gossip; LOSS: 25%; ARGS: push-pull 30 5
## Sourcing local environment...
## Starting test (args: --loss-chance 25 --nodes 100 gossip push-pull 30 5)...
INFO:root:total: 1567 msgs, discarded: 362 msgs
INFO:root:expected: 0.250000, actual: 0.231015
INFO:root:SUCCEED in dissemination: (2/1000) rounds
# ok: test finished successfully
#####################################################################
# Test #5: PROTO: gossip; LOSS: 25%; ARGS: push-pull 30 5
## Sourcing local environment...
## Starting test (args: --loss-chance 25 --nodes 100 gossip push-pull 30 5)...
INFO:root:total: 1589 msgs, discarded: 409 msgs
INFO:root:expected: 0.250000, actual: 0.257395
INFO:root:SUCCEED in dissemination: (2/1000) rounds
# ok: test finished successfully
#####################################################################
# Test #6: PROTO: gossip; LOSS: 25%; ARGS: push-pull 30 5
## Sourcing local environment...
## Starting test (args: --loss-chance 25 --nodes 100 gossip push-pull 30 5)...
INFO:root:total: 1526 msgs, discarded: 392 msgs
INFO:root:expected: 0.250000, actual: 0.256881
INFO:root:SUCCEED in dissemination: (2/1000) rounds
# ok: test finished successfully
#####################################################################
# Test #7: PROTO: gossip; LOSS: 25%; ARGS: push-pull 30 5
## Sourcing local environment...
## Starting test (args: --loss-chance 25 --nodes 100 gossip push-pull 30 5)...
INFO:root:total: 1654 msgs, discarded: 403 msgs
INFO:root:expected: 0.250000, actual: 0.243652
INFO:root:SUCCEED in dissemination: (2/1000) rounds
# ok: test finished successfully
#####################################################################
# Test #8: PROTO: gossip; LOSS: 25%; ARGS: push-pull 30 5
## Sourcing local environment...
## Starting test (args: --loss-chance 25 --nodes 100 gossip push-pull 30 5)...
INFO:root:total: 1591 msgs, discarded: 367 msgs
INFO:root:expected: 0.250000, actual: 0.230673
INFO:root:SUCCEED in dissemination: (2/1000) rounds
# ok: test finished successfully
#####################################################################
# Test #9: PROTO: gossip; LOSS: 25%; ARGS: push-pull 30 5
## Sourcing local environment...
## Starting test (args: --loss-chance 25 --nodes 100 gossip push-pull 30 5)...
INFO:root:total: 1657 msgs, discarded: 430 msgs
INFO:root:expected: 0.250000, actual: 0.259505
INFO:root:SUCCEED in dissemination: (2/1000) rounds
# ok: test finished successfully
#####################################################################
