# Test #0: PROTO: gossip; LOSS: 50%; ARGS: push-pull 5 80
## Sourcing local environment...
## Starting test (args: --loss-chance 50 --nodes 100 gossip push-pull 5 80)...
INFO:root:total: 10098 msgs, discarded: 5012 msgs
INFO:root:expected: 0.500000, actual: 0.496336
INFO:root:SUCCEED in dissemination: (2/2000) rounds
# ok: test finished successfully
#####################################################################
# Test #1: PROTO: gossip; LOSS: 50%; ARGS: push-pull 5 80
## Sourcing local environment...
## Starting test (args: --loss-chance 50 --nodes 100 gossip push-pull 5 80)...
INFO:root:total: 10832 msgs, discarded: 5392 msgs
INFO:root:expected: 0.500000, actual: 0.497784
INFO:root:SUCCEED in dissemination: (2/2000) rounds
# ok: test finished successfully
#####################################################################
# Test #2: PROTO: gossip; LOSS: 50%; ARGS: push-pull 5 80
## Sourcing local environment...
## Starting test (args: --loss-chance 50 --nodes 100 gossip push-pull 5 80)...
INFO:root:total: 10596 msgs, discarded: 5244 msgs
INFO:root:expected: 0.500000, actual: 0.494904
INFO:root:SUCCEED in dissemination: (2/2000) rounds
# ok: test finished successfully
#####################################################################
# Test #3: PROTO: gossip; LOSS: 50%; ARGS: push-pull 5 80
## Sourcing local environment...
## Starting test (args: --loss-chance 50 --nodes 100 gossip push-pull 5 80)...
INFO:root:total: 10122 msgs, discarded: 5116 msgs
INFO:root:expected: 0.500000, actual: 0.505434
INFO:root:SUCCEED in dissemination: (2/2000) rounds
# ok: test finished successfully
#####################################################################
# Test #4: PROTO: gossip; LOSS: 50%; ARGS: push-pull 5 80
## Sourcing local environment...
## Starting test (args: --loss-chance 50 --nodes 100 gossip push-pull 5 80)...
INFO:root:total: 10227 msgs, discarded: 5039 msgs
INFO:root:expected: 0.500000, actual: 0.492715
INFO:root:SUCCEED in dissemination: (2/2000) rounds
# ok: test finished successfully
#####################################################################
# Test #5: PROTO: gossip; LOSS: 50%; ARGS: push-pull 5 80
## Sourcing local environment...
## Starting test (args: --loss-chance 50 --nodes 100 gossip push-pull 5 80)...
INFO:root:total: 10371 msgs, discarded: 5158 msgs
INFO:root:expected: 0.500000, actual: 0.497348
INFO:root:SUCCEED in dissemination: (2/2000) rounds
# ok: test finished successfully
#####################################################################
# Test #6: PROTO: gossip; LOSS: 50%; ARGS: push-pull 5 80
## Sourcing local environment...
## Starting test (args: --loss-chance 50 --nodes 100 gossip push-pull 5 80)...
INFO:root:total: 10360 msgs, discarded: 5189 msgs
INFO:root:expected: 0.500000, actual: 0.500869
INFO:root:SUCCEED in dissemination: (2/2000) rounds
# ok: test finished successfully
#####################################################################
# Test #7: PROTO: gossip; LOSS: 50%; ARGS: push-pull 5 80
## Sourcing local environment...
## Starting test (args: --loss-chance 50 --nodes 100 gossip push-pull 5 80)...
INFO:root:total: 10029 msgs, discarded: 5010 msgs
INFO:root:expected: 0.500000, actual: 0.499551
INFO:root:SUCCEED in dissemination: (1/2000) rounds
# ok: test finished successfully
#####################################################################
# Test #8: PROTO: gossip; LOSS: 50%; ARGS: push-pull 5 80
## Sourcing local environment...
## Starting test (args: --loss-chance 50 --nodes 100 gossip push-pull 5 80)...
INFO:root:total: 11548 msgs, discarded: 5762 msgs
INFO:root:expected: 0.500000, actual: 0.498961
INFO:root:SUCCEED in dissemination: (2/2000) rounds
# ok: test finished successfully
#####################################################################
# Test #9: PROTO: gossip; LOSS: 50%; ARGS: push-pull 5 80
## Sourcing local environment...
## Starting test (args: --loss-chance 50 --nodes 100 gossip push-pull 5 80)...
INFO:root:total: 10185 msgs, discarded: 5153 msgs
INFO:root:expected: 0.500000, actual: 0.505940
INFO:root:SUCCEED in dissemination: (2/2000) rounds
# ok: test finished successfully
#####################################################################
