# Test #0: PROTO: gossip; LOSS: 50%; ARGS: push 30
## Sourcing local environment...
## Starting test (args: --loss-chance 50 --nodes 100 gossip push 30)...
INFO:root:total: 3420 msgs, discarded: 1728 msgs
INFO:root:expected: 0.500000, actual: 0.505263
INFO:root:SUCCEED in dissemination: (3/2000) rounds
# ok: test finished successfully
#####################################################################
# Test #1: PROTO: gossip; LOSS: 50%; ARGS: push 30
## Sourcing local environment...
## Starting test (args: --loss-chance 50 --nodes 100 gossip push 30)...
INFO:root:total: 3600 msgs, discarded: 1850 msgs
INFO:root:expected: 0.500000, actual: 0.513889
INFO:root:SUCCEED in dissemination: (3/2000) rounds
# ok: test finished successfully
#####################################################################
# Test #2: PROTO: gossip; LOSS: 50%; ARGS: push 30
## Sourcing local environment...
## Starting test (args: --loss-chance 50 --nodes 100 gossip push 30)...
INFO:root:total: 3180 msgs, discarded: 1633 msgs
INFO:root:expected: 0.500000, actual: 0.513522
INFO:root:SUCCEED in dissemination: (3/2000) rounds
# ok: test finished successfully
#####################################################################
# Test #3: PROTO: gossip; LOSS: 50%; ARGS: push 30
## Sourcing local environment...
## Starting test (args: --loss-chance 50 --nodes 100 gossip push 30)...
INFO:root:total: 3000 msgs, discarded: 1522 msgs
INFO:root:expected: 0.500000, actual: 0.507333
INFO:root:SUCCEED in dissemination: (3/2000) rounds
# ok: test finished successfully
#####################################################################
# Test #4: PROTO: gossip; LOSS: 50%; ARGS: push 30
## Sourcing local environment...
## Starting test (args: --loss-chance 50 --nodes 100 gossip push 30)...
INFO:root:total: 3120 msgs, discarded: 1600 msgs
INFO:root:expected: 0.500000, actual: 0.512821
INFO:root:SUCCEED in dissemination: (3/2000) rounds
# ok: test finished successfully
#####################################################################
# Test #5: PROTO: gossip; LOSS: 50%; ARGS: push 30
## Sourcing local environment...
## Starting test (args: --loss-chance 50 --nodes 100 gossip push 30)...
INFO:root:total: 3450 msgs, discarded: 1750 msgs
INFO:root:expected: 0.500000, actual: 0.507246
INFO:root:SUCCEED in dissemination: (3/2000) rounds
# ok: test finished successfully
#####################################################################
# Test #6: PROTO: gossip; LOSS: 50%; ARGS: push 30
## Sourcing local environment...
## Starting test (args: --loss-chance 50 --nodes 100 gossip push 30)...
INFO:root:total: 3330 msgs, discarded: 1676 msgs
INFO:root:expected: 0.500000, actual: 0.503303
INFO:root:SUCCEED in dissemination: (3/2000) rounds
# ok: test finished successfully
#####################################################################
# Test #7: PROTO: gossip; LOSS: 50%; ARGS: push 30
## Sourcing local environment...
## Starting test (args: --loss-chance 50 --nodes 100 gossip push 30)...
INFO:root:total: 3330 msgs, discarded: 1654 msgs
INFO:root:expected: 0.500000, actual: 0.496697
INFO:root:SUCCEED in dissemination: (3/2000) rounds
# ok: test finished successfully
#####################################################################
# Test #8: PROTO: gossip; LOSS: 50%; ARGS: push 30
## Sourcing local environment...
## Starting test (args: --loss-chance 50 --nodes 100 gossip push 30)...
INFO:root:total: 3300 msgs, discarded: 1657 msgs
INFO:root:expected: 0.500000, actual: 0.502121
INFO:root:SUCCEED in dissemination: (3/2000) rounds
# ok: test finished successfully
#####################################################################
# Test #9: PROTO: gossip; LOSS: 50%; ARGS: push 30
## Sourcing local environment...
## Starting test (args: --loss-chance 50 --nodes 100 gossip push 30)...
INFO:root:total: 3390 msgs, discarded: 1672 msgs
INFO:root:expected: 0.500000, actual: 0.493215
INFO:root:SUCCEED in dissemination: (3/2000) rounds
# ok: test finished successfully
#####################################################################
