# Test #0: PROTO: gossip; LOSS: 50%; ARGS: push-pull 10 70
## Sourcing local environment...
## Starting test (args: --loss-chance 50 --nodes 100 gossip push-pull 10 70)...
INFO:root:total: 8993 msgs, discarded: 4547 msgs
INFO:root:expected: 0.500000, actual: 0.505615
INFO:root:SUCCEED in dissemination: (2/500) rounds
# ok: test finished successfully
#####################################################################
# Test #1: PROTO: gossip; LOSS: 50%; ARGS: push-pull 10 70
## Sourcing local environment...
## Starting test (args: --loss-chance 50 --nodes 100 gossip push-pull 10 70)...
INFO:root:total: 8714 msgs, discarded: 4419 msgs
INFO:root:expected: 0.500000, actual: 0.507115
INFO:root:SUCCEED in dissemination: (1/500) rounds
# ok: test finished successfully
#####################################################################
# Test #2: PROTO: gossip; LOSS: 50%; ARGS: push-pull 10 70
## Sourcing local environment...
## Starting test (args: --loss-chance 50 --nodes 100 gossip push-pull 10 70)...
INFO:root:total: 9351 msgs, discarded: 4702 msgs
INFO:root:expected: 0.500000, actual: 0.502834
INFO:root:SUCCEED in dissemination: (2/500) rounds
# ok: test finished successfully
#####################################################################
# Test #3: PROTO: gossip; LOSS: 50%; ARGS: push-pull 10 70
## Sourcing local environment...
## Starting test (args: --loss-chance 50 --nodes 100 gossip push-pull 10 70)...
INFO:root:total: 9134 msgs, discarded: 4639 msgs
INFO:root:expected: 0.500000, actual: 0.507883
INFO:root:SUCCEED in dissemination: (2/500) rounds
# ok: test finished successfully
#####################################################################
# Test #4: PROTO: gossip; LOSS: 50%; ARGS: push-pull 10 70
## Sourcing local environment...
## Starting test (args: --loss-chance 50 --nodes 100 gossip push-pull 10 70)...
INFO:root:total: 8954 msgs, discarded: 4445 msgs
INFO:root:expected: 0.500000, actual: 0.496426
INFO:root:SUCCEED in dissemination: (2/500) rounds
# ok: test finished successfully
#####################################################################
# Test #5: PROTO: gossip; LOSS: 50%; ARGS: push-pull 10 70
## Sourcing local environment...
## Starting test (args: --loss-chance 50 --nodes 100 gossip push-pull 10 70)...
INFO:root:total: 8782 msgs, discarded: 4402 msgs
INFO:root:expected: 0.500000, actual: 0.501253
INFO:root:SUCCEED in dissemination: (1/500) rounds
# ok: test finished successfully
#####################################################################
# Test #6: PROTO: gossip; LOSS: 50%; ARGS: push-pull 10 70
## Sourcing local environment...
## Starting test (args: --loss-chance 50 --nodes 100 gossip push-pull 10 70)...
INFO:root:total: 9204 msgs, discarded: 4524 msgs
INFO:root:expected: 0.500000, actual: 0.491525
INFO:root:SUCCEED in dissemination: (2/500) rounds
# ok: test finished successfully
#####################################################################
# Test #7: PROTO: gossip; LOSS: 50%; ARGS: push-pull 10 70
## Sourcing local environment...
## Starting test (args: --loss-chance 50 --nodes 100 gossip push-pull 10 70)...
INFO:root:total: 8757 msgs, discarded: 4419 msgs
INFO:root:expected: 0.500000, actual: 0.504625
INFO:root:SUCCEED in dissemination: (1/500) rounds
# ok: test finished successfully
#####################################################################
# Test #8: PROTO: gossip; LOSS: 50%; ARGS: push-pull 10 70
## Sourcing local environment...
## Starting test (args: --loss-chance 50 --nodes 100 gossip push-pull 10 70)...
INFO:root:total: 9050 msgs, discarded: 4554 msgs
INFO:root:expected: 0.500000, actual: 0.503204
INFO:root:SUCCEED in dissemination: (2/500) rounds
# ok: test finished successfully
#####################################################################
# Test #9: PROTO: gossip; LOSS: 50%; ARGS: push-pull 10 70
## Sourcing local environment...
## Starting test (args: --loss-chance 50 --nodes 100 gossip push-pull 10 70)...
INFO:root:total: 9122 msgs, discarded: 4562 msgs
INFO:root:expected: 0.500000, actual: 0.500110
INFO:root:SUCCEED in dissemination: (2/500) rounds
# ok: test finished successfully
#####################################################################
