# Test #0: PROTO: gossip; LOSS: 50%; ARGS: push-pull 80 80
## Sourcing local environment...
## Starting test (args: --loss-chance 50 --nodes 100 gossip push-pull 80 80)...
INFO:root:total: 10730 msgs, discarded: 5339 msgs
INFO:root:expected: 0.500000, actual: 0.497577
INFO:root:SUCCEED in dissemination: (1/1000) rounds
# ok: test finished successfully
#####################################################################
# Test #1: PROTO: gossip; LOSS: 50%; ARGS: push-pull 80 80
## Sourcing local environment...
## Starting test (args: --loss-chance 50 --nodes 100 gossip push-pull 80 80)...
INFO:root:total: 10749 msgs, discarded: 5401 msgs
INFO:root:expected: 0.500000, actual: 0.502465
INFO:root:SUCCEED in dissemination: (1/1000) rounds
# ok: test finished successfully
#####################################################################
# Test #2: PROTO: gossip; LOSS: 50%; ARGS: push-pull 80 80
## Sourcing local environment...
## Starting test (args: --loss-chance 50 --nodes 100 gossip push-pull 80 80)...
INFO:root:total: 10750 msgs, discarded: 5359 msgs
INFO:root:expected: 0.500000, actual: 0.498512
INFO:root:SUCCEED in dissemination: (1/1000) rounds
# ok: test finished successfully
#####################################################################
# Test #3: PROTO: gossip; LOSS: 50%; ARGS: push-pull 80 80
## Sourcing local environment...
## Starting test (args: --loss-chance 50 --nodes 100 gossip push-pull 80 80)...
INFO:root:total: 10897 msgs, discarded: 5418 msgs
INFO:root:expected: 0.500000, actual: 0.497201
INFO:root:SUCCEED in dissemination: (1/1000) rounds
# ok: test finished successfully
#####################################################################
# Test #4: PROTO: gossip; LOSS: 50%; ARGS: push-pull 80 80
## Sourcing local environment...
## Starting test (args: --loss-chance 50 --nodes 100 gossip push-pull 80 80)...
INFO:root:total: 10856 msgs, discarded: 5359 msgs
INFO:root:expected: 0.500000, actual: 0.493644
INFO:root:SUCCEED in dissemination: (1/1000) rounds
# ok: test finished successfully
#####################################################################
# Test #5: PROTO: gossip; LOSS: 50%; ARGS: push-pull 80 80
## Sourcing local environment...
## Starting test (args: --loss-chance 50 --nodes 100 gossip push-pull 80 80)...
INFO:root:total: 11048 msgs, discarded: 5487 msgs
INFO:root:expected: 0.500000, actual: 0.496651
INFO:root:SUCCEED in dissemination: (1/1000) rounds
# ok: test finished successfully
#####################################################################
# Test #6: PROTO: gossip; LOSS: 50%; ARGS: push-pull 80 80
## Sourcing local environment...
## Starting test (args: --loss-chance 50 --nodes 100 gossip push-pull 80 80)...
INFO:root:total: 10912 msgs, discarded: 5378 msgs
INFO:root:expected: 0.500000, actual: 0.492852
INFO:root:SUCCEED in dissemination: (1/1000) rounds
# ok: test finished successfully
#####################################################################
# Test #7: PROTO: gossip; LOSS: 50%; ARGS: push-pull 80 80
## Sourcing local environment...
## Starting test (args: --loss-chance 50 --nodes 100 gossip push-pull 80 80)...
INFO:root:total: 10657 msgs, discarded: 5337 msgs
INFO:root:expected: 0.500000, actual: 0.500798
INFO:root:SUCCEED in dissemination: (1/1000) rounds
# ok: test finished successfully
#####################################################################
# Test #8: PROTO: gossip; LOSS: 50%; ARGS: push-pull 80 80
## Sourcing local environment...
## Starting test (args: --loss-chance 50 --nodes 100 gossip push-pull 80 80)...
INFO:root:total: 10934 msgs, discarded: 5569 msgs
INFO:root:expected: 0.500000, actual: 0.509329
INFO:root:SUCCEED in dissemination: (1/1000) rounds
# ok: test finished successfully
#####################################################################
# Test #9: PROTO: gossip; LOSS: 50%; ARGS: push-pull 80 80
## Sourcing local environment...
## Starting test (args: --loss-chance 50 --nodes 100 gossip push-pull 80 80)...
INFO:root:total: 10971 msgs, discarded: 5541 msgs
INFO:root:expected: 0.500000, actual: 0.505059
INFO:root:SUCCEED in dissemination: (1/1000) rounds
# ok: test finished successfully
#####################################################################
