# Test #0: PROTO: gossip; LOSS: 50%; ARGS: push 5
## Sourcing local environment...
## Starting test (args: --loss-chance 50 --nodes 100 gossip push 5)...
INFO:root:total: 1250 msgs, discarded: 619 msgs
INFO:root:expected: 0.500000, actual: 0.495200
INFO:root:SUCCEED in dissemination: (6/2000) rounds
# ok: test finished successfully
#####################################################################
# Test #1: PROTO: gossip; LOSS: 50%; ARGS: push 5
## Sourcing local environment...
## Starting test (args: --loss-chance 50 --nodes 100 gossip push 5)...
INFO:root:total: 1080 msgs, discarded: 556 msgs
INFO:root:expected: 0.500000, actual: 0.514815
INFO:root:SUCCEED in dissemination: (6/2000) rounds
# ok: test finished successfully
#####################################################################
# Test #2: PROTO: gossip; LOSS: 50%; ARGS: push 5
## Sourcing local environment...
## Starting test (args: --loss-chance 50 --nodes 100 gossip push 5)...
INFO:root:total: 1190 msgs, discarded: 608 msgs
INFO:root:expected: 0.500000, actual: 0.510924
INFO:root:SUCCEED in dissemination: (6/2000) rounds
# ok: test finished successfully
#####################################################################
# Test #3: PROTO: gossip; LOSS: 50%; ARGS: push 5
## Sourcing local environment...
## Starting test (args: --loss-chance 50 --nodes 100 gossip push 5)...
INFO:root:total: 1465 msgs, discarded: 752 msgs
INFO:root:expected: 0.500000, actual: 0.513311
INFO:root:SUCCEED in dissemination: (7/2000) rounds
# ok: test finished successfully
#####################################################################
# Test #4: PROTO: gossip; LOSS: 50%; ARGS: push 5
## Sourcing local environment...
## Starting test (args: --loss-chance 50 --nodes 100 gossip push 5)...
INFO:root:total: 995 msgs, discarded: 504 msgs
INFO:root:expected: 0.500000, actual: 0.506533
INFO:root:SUCCEED in dissemination: (7/2000) rounds
# ok: test finished successfully
#####################################################################
# Test #5: PROTO: gossip; LOSS: 50%; ARGS: push 5
## Sourcing local environment...
## Starting test (args: --loss-chance 50 --nodes 100 gossip push 5)...
INFO:root:total: 1820 msgs, discarded: 930 msgs
INFO:root:expected: 0.500000, actual: 0.510989
INFO:root:SUCCEED in dissemination: (8/2000) rounds
# ok: test finished successfully
#####################################################################
# Test #6: PROTO: gossip; LOSS: 50%; ARGS: push 5
## Sourcing local environment...
## Starting test (args: --loss-chance 50 --nodes 100 gossip push 5)...
INFO:root:total: 1200 msgs, discarded: 578 msgs
INFO:root:expected: 0.500000, actual: 0.481667
INFO:root:SUCCEED in dissemination: (6/2000) rounds
# ok: test finished successfully
#####################################################################
# Test #7: PROTO: gossip; LOSS: 50%; ARGS: push 5
## Sourcing local environment...
## Starting test (args: --loss-chance 50 --nodes 100 gossip push 5)...
INFO:root:total: 1235 msgs, discarded: 627 msgs
INFO:root:expected: 0.500000, actual: 0.507692
INFO:root:SUCCEED in dissemination: (6/2000) rounds
# ok: test finished successfully
#####################################################################
# Test #8: PROTO: gossip; LOSS: 50%; ARGS: push 5
## Sourcing local environment...
## Starting test (args: --loss-chance 50 --nodes 100 gossip push 5)...
INFO:root:total: 1170 msgs, discarded: 578 msgs
INFO:root:expected: 0.500000, actual: 0.494017
INFO:root:SUCCEED in dissemination: (6/2000) rounds
# ok: test finished successfully
#####################################################################
# Test #9: PROTO: gossip; LOSS: 50%; ARGS: push 5
## Sourcing local environment...
## Starting test (args: --loss-chance 50 --nodes 100 gossip push 5)...
INFO:root:total: 1080 msgs, discarded: 536 msgs
INFO:root:expected: 0.500000, actual: 0.496296
INFO:root:SUCCEED in dissemination: (6/2000) rounds
# ok: test finished successfully
#####################################################################
