# Test #0: PROTO: gossip; LOSS: 50%; ARGS: push-pull 80 5
## Sourcing local environment...
## Starting test (args: --loss-chance 50 --nodes 100 gossip push-pull 80 5)...
INFO:root:total: 3999 msgs, discarded: 1952 msgs
INFO:root:expected: 0.500000, actual: 0.488122
INFO:root:SUCCEED in dissemination: (2/1000) rounds
# ok: test finished successfully
#####################################################################
# Test #1: PROTO: gossip; LOSS: 50%; ARGS: push-pull 80 5
## Sourcing local environment...
## Starting test (args: --loss-chance 50 --nodes 100 gossip push-pull 80 5)...
INFO:root:total: 4344 msgs, discarded: 2192 msgs
INFO:root:expected: 0.500000, actual: 0.504604
INFO:root:SUCCEED in dissemination: (2/1000) rounds
# ok: test finished successfully
#####################################################################
# Test #2: PROTO: gossip; LOSS: 50%; ARGS: push-pull 80 5
## Sourcing local environment...
## Starting test (args: --loss-chance 50 --nodes 100 gossip push-pull 80 5)...
INFO:root:total: 4242 msgs, discarded: 2129 msgs
INFO:root:expected: 0.500000, actual: 0.501886
INFO:root:SUCCEED in dissemination: (2/1000) rounds
# ok: test finished successfully
#####################################################################
# Test #3: PROTO: gossip; LOSS: 50%; ARGS: push-pull 80 5
## Sourcing local environment...
## Starting test (args: --loss-chance 50 --nodes 100 gossip push-pull 80 5)...
INFO:root:total: 4023 msgs, discarded: 2009 msgs
INFO:root:expected: 0.500000, actual: 0.499379
INFO:root:SUCCEED in dissemination: (2/1000) rounds
# ok: test finished successfully
#####################################################################
# Test #4: PROTO: gossip; LOSS: 50%; ARGS: push-pull 80 5
## Sourcing local environment...
## Starting test (args: --loss-chance 50 --nodes 100 gossip push-pull 80 5)...
INFO:root:total: 4428 msgs, discarded: 2221 msgs
INFO:root:expected: 0.500000, actual: 0.501581
INFO:root:SUCCEED in dissemination: (2/1000) rounds
# ok: test finished successfully
#####################################################################
# Test #5: PROTO: gossip; LOSS: 50%; ARGS: push-pull 80 5
## Sourcing local environment...
## Starting test (args: --loss-chance 50 --nodes 100 gossip push-pull 80 5)...
INFO:root:total: 4702 msgs, discarded: 2313 msgs
INFO:root:expected: 0.500000, actual: 0.491918
INFO:root:SUCCEED in dissemination: (2/1000) rounds
# ok: test finished successfully
#####################################################################
# Test #6: PROTO: gossip; LOSS: 50%; ARGS: push-pull 80 5
## Sourcing local environment...
## Starting test (args: --loss-chance 50 --nodes 100 gossip push-pull 80 5)...
INFO:root:total: 3913 msgs, discarded: 1992 msgs
INFO:root:expected: 0.500000, actual: 0.509072
INFO:root:SUCCEED in dissemination: (2/1000) rounds
# ok: test finished successfully
#####################################################################
# Test #7: PROTO: gossip; LOSS: 50%; ARGS: push-pull 80 5
## Sourcing local environment...
## Starting test (args: --loss-chance 50 --nodes 100 gossip push-pull 80 5)...
INFO:root:total: 4153 msgs, discarded: 2078 msgs
INFO:root:expected: 0.500000, actual: 0.500361
INFO:root:SUCCEED in dissemination: (2/1000) rounds
# ok: test finished successfully
#####################################################################
# Test #8: PROTO: gossip; LOSS: 50%; ARGS: push-pull 80 5
## Sourcing local environment...
## Starting test (args: --loss-chance 50 --nodes 100 gossip push-pull 80 5)...
INFO:root:total: 4376 msgs, discarded: 2200 msgs
INFO:root:expected: 0.500000, actual: 0.502742
INFO:root:SUCCEED in dissemination: (2/1000) rounds
# ok: test finished successfully
#####################################################################
# Test #9: PROTO: gossip; LOSS: 50%; ARGS: push-pull 80 5
## Sourcing local environment...
## Starting test (args: --loss-chance 50 --nodes 100 gossip push-pull 80 5)...
INFO:root:total: 4534 msgs, discarded: 2290 msgs
INFO:root:expected: 0.500000, actual: 0.505073
INFO:root:SUCCEED in dissemination: (2/1000) rounds
# ok: test finished successfully
#####################################################################
