# Test #0: PROTO: gossip; LOSS: 50%; ARGS: push-pull 55 30
## Sourcing local environment...
## Starting test (args: --loss-chance 50 --nodes 100 gossip push-pull 55 30)...
INFO:root:total: 5908 msgs, discarded: 2909 msgs
INFO:root:expected: 0.500000, actual: 0.492383
INFO:root:SUCCEED in dissemination: (2/2000) rounds
# ok: test finished successfully
#####################################################################
# Test #1: PROTO: gossip; LOSS: 50%; ARGS: push-pull 55 30
## Sourcing local environment...
## Starting test (args: --loss-chance 50 --nodes 100 gossip push-pull 55 30)...
INFO:root:total: 5701 msgs, discarded: 2849 msgs
INFO:root:expected: 0.500000, actual: 0.499737
INFO:root:SUCCEED in dissemination: (2/2000) rounds
# ok: test finished successfully
#####################################################################
# Test #2: PROTO: gossip; LOSS: 50%; ARGS: push-pull 55 30
## Sourcing local environment...
## Starting test (args: --loss-chance 50 --nodes 100 gossip push-pull 55 30)...
INFO:root:total: 5828 msgs, discarded: 2905 msgs
INFO:root:expected: 0.500000, actual: 0.498456
INFO:root:SUCCEED in dissemination: (2/2000) rounds
# ok: test finished successfully
#####################################################################
# Test #3: PROTO: gossip; LOSS: 50%; ARGS: push-pull 55 30
## Sourcing local environment...
## Starting test (args: --loss-chance 50 --nodes 100 gossip push-pull 55 30)...
INFO:root:total: 5497 msgs, discarded: 2787 msgs
INFO:root:expected: 0.500000, actual: 0.507004
INFO:root:SUCCEED in dissemination: (2/2000) rounds
# ok: test finished successfully
#####################################################################
# Test #4: PROTO: gossip; LOSS: 50%; ARGS: push-pull 55 30
## Sourcing local environment...
## Starting test (args: --loss-chance 50 --nodes 100 gossip push-pull 55 30)...
INFO:root:total: 5142 msgs, discarded: 2566 msgs
INFO:root:expected: 0.500000, actual: 0.499028
INFO:root:SUCCEED in dissemination: (2/2000) rounds
# ok: test finished successfully
#####################################################################
# Test #5: PROTO: gossip; LOSS: 50%; ARGS: push-pull 55 30
## Sourcing local environment...
## Starting test (args: --loss-chance 50 --nodes 100 gossip push-pull 55 30)...
INFO:root:total: 4018 msgs, discarded: 2018 msgs
INFO:root:expected: 0.500000, actual: 0.502240
INFO:root:SUCCEED in dissemination: (1/2000) rounds
# ok: test finished successfully
#####################################################################
# Test #6: PROTO: gossip; LOSS: 50%; ARGS: push-pull 55 30
## Sourcing local environment...
## Starting test (args: --loss-chance 50 --nodes 100 gossip push-pull 55 30)...
INFO:root:total: 5737 msgs, discarded: 2852 msgs
INFO:root:expected: 0.500000, actual: 0.497124
INFO:root:SUCCEED in dissemination: (2/2000) rounds
# ok: test finished successfully
#####################################################################
# Test #7: PROTO: gossip; LOSS: 50%; ARGS: push-pull 55 30
## Sourcing local environment...
## Starting test (args: --loss-chance 50 --nodes 100 gossip push-pull 55 30)...
INFO:root:total: 3986 msgs, discarded: 2005 msgs
INFO:root:expected: 0.500000, actual: 0.503011
INFO:root:SUCCEED in dissemination: (1/2000) rounds
# ok: test finished successfully
#####################################################################
# Test #8: PROTO: gossip; LOSS: 50%; ARGS: push-pull 55 30
## Sourcing local environment...
## Starting test (args: --loss-chance 50 --nodes 100 gossip push-pull 55 30)...
INFO:root:total: 5668 msgs, discarded: 2849 msgs
INFO:root:expected: 0.500000, actual: 0.502646
INFO:root:SUCCEED in dissemination: (2/2000) rounds
# ok: test finished successfully
#####################################################################
# Test #9: PROTO: gossip; LOSS: 50%; ARGS: push-pull 55 30
## Sourcing local environment...
## Starting test (args: --loss-chance 50 --nodes 100 gossip push-pull 55 30)...
INFO:root:total: 5798 msgs, discarded: 2872 msgs
INFO:root:expected: 0.500000, actual: 0.495343
INFO:root:SUCCEED in dissemination: (2/2000) rounds
# ok: test finished successfully
#####################################################################
