# Test #0: PROTO: gossip; LOSS: 50%; ARGS: pull 55
## Sourcing local environment...
## Starting test (args: --loss-chance 50 --nodes 100 gossip pull 55)...
INFO:root:total: 7459 msgs, discarded: 3708 msgs
INFO:root:expected: 0.500000, actual: 0.497118
INFO:root:SUCCEED in dissemination: (2/1000) rounds
# ok: test finished successfully
#####################################################################
# Test #1: PROTO: gossip; LOSS: 50%; ARGS: pull 55
## Sourcing local environment...
## Starting test (args: --loss-chance 50 --nodes 100 gossip pull 55)...
INFO:root:total: 8240 msgs, discarded: 4153 msgs
INFO:root:expected: 0.500000, actual: 0.504005
INFO:root:SUCCEED in dissemination: (2/1000) rounds
# ok: test finished successfully
#####################################################################
# Test #2: PROTO: gossip; LOSS: 50%; ARGS: pull 55
## Sourcing local environment...
## Starting test (args: --loss-chance 50 --nodes 100 gossip pull 55)...
INFO:root:total: 7307 msgs, discarded: 3654 msgs
INFO:root:expected: 0.500000, actual: 0.500068
INFO:root:SUCCEED in dissemination: (2/1000) rounds
# ok: test finished successfully
#####################################################################
# Test #3: PROTO: gossip; LOSS: 50%; ARGS: pull 55
## Sourcing local environment...
## Starting test (args: --loss-chance 50 --nodes 100 gossip pull 55)...
INFO:root:total: 7648 msgs, discarded: 3810 msgs
INFO:root:expected: 0.500000, actual: 0.498169
INFO:root:SUCCEED in dissemination: (2/1000) rounds
# ok: test finished successfully
#####################################################################
# Test #4: PROTO: gossip; LOSS: 50%; ARGS: pull 55
## Sourcing local environment...
## Starting test (args: --loss-chance 50 --nodes 100 gossip pull 55)...
INFO:root:total: 7726 msgs, discarded: 3856 msgs
INFO:root:expected: 0.500000, actual: 0.499094
INFO:root:SUCCEED in dissemination: (2/1000) rounds
# ok: test finished successfully
#####################################################################
# Test #5: PROTO: gossip; LOSS: 50%; ARGS: pull 55
## Sourcing local environment...
## Starting test (args: --loss-chance 50 --nodes 100 gossip pull 55)...
INFO:root:total: 7151 msgs, discarded: 3568 msgs
INFO:root:expected: 0.500000, actual: 0.498951
INFO:root:SUCCEED in dissemination: (2/1000) rounds
# ok: test finished successfully
#####################################################################
# Test #6: PROTO: gossip; LOSS: 50%; ARGS: pull 55
## Sourcing local environment...
## Starting test (args: --loss-chance 50 --nodes 100 gossip pull 55)...
INFO:root:total: 7422 msgs, discarded: 3758 msgs
INFO:root:expected: 0.500000, actual: 0.506333
INFO:root:SUCCEED in dissemination: (2/1000) rounds
# ok: test finished successfully
#####################################################################
# Test #7: PROTO: gossip; LOSS: 50%; ARGS: pull 55
## Sourcing local environment...
## Starting test (args: --loss-chance 50 --nodes 100 gossip pull 55)...
INFO:root:total: 8931 msgs, discarded: 4434 msgs
INFO:root:expected: 0.500000, actual: 0.496473
INFO:root:SUCCEED in dissemination: (2/1000) rounds
# ok: test finished successfully
#####################################################################
# Test #8: PROTO: gossip; LOSS: 50%; ARGS: pull 55
## Sourcing local environment...
## Starting test (args: --loss-chance 50 --nodes 100 gossip pull 55)...
INFO:root:total: 7525 msgs, discarded: 3755 msgs
INFO:root:expected: 0.500000, actual: 0.499003
INFO:root:SUCCEED in dissemination: (2/1000) rounds
# ok: test finished successfully
#####################################################################
# Test #9: PROTO: gossip; LOSS: 50%; ARGS: pull 55
## Sourcing local environment...
## Starting test (args: --loss-chance 50 --nodes 100 gossip pull 55)...
INFO:root:total: 7299 msgs, discarded: 3554 msgs
INFO:root:expected: 0.500000, actual: 0.486916
INFO:root:SUCCEED in dissemination: (2/1000) rounds
# ok: test finished successfully
#####################################################################
