# Test #0: PROTO: gossip; LOSS: 50%; ARGS: push-pull 5 5
## Sourcing local environment...
## Starting test (args: --loss-chance 50 --nodes 100 gossip push-pull 5 5)...
INFO:root:total: 2387 msgs, discarded: 1182 msgs
INFO:root:expected: 0.500000, actual: 0.495182
INFO:root:SUCCEED in dissemination: (5/1000) rounds
# ok: test finished successfully
#####################################################################
# Test #1: PROTO: gossip; LOSS: 50%; ARGS: push-pull 5 5
## Sourcing local environment...
## Starting test (args: --loss-chance 50 --nodes 100 gossip push-pull 5 5)...
INFO:root:total: 1939 msgs, discarded: 968 msgs
INFO:root:expected: 0.500000, actual: 0.499226
INFO:root:SUCCEED in dissemination: (4/1000) rounds
# ok: test finished successfully
#####################################################################
# Test #2: PROTO: gossip; LOSS: 50%; ARGS: push-pull 5 5
## Sourcing local environment...
## Starting test (args: --loss-chance 50 --nodes 100 gossip push-pull 5 5)...
INFO:root:total: 1955 msgs, discarded: 986 msgs
INFO:root:expected: 0.500000, actual: 0.504348
INFO:root:SUCCEED in dissemination: (4/1000) rounds
# ok: test finished successfully
#####################################################################
# Test #3: PROTO: gossip; LOSS: 50%; ARGS: push-pull 5 5
## Sourcing local environment...
## Starting test (args: --loss-chance 50 --nodes 100 gossip push-pull 5 5)...
INFO:root:total: 1909 msgs, discarded: 958 msgs
INFO:root:expected: 0.500000, actual: 0.501833
INFO:root:SUCCEED in dissemination: (4/1000) rounds
# ok: test finished successfully
#####################################################################
# Test #4: PROTO: gossip; LOSS: 50%; ARGS: push-pull 5 5
## Sourcing local environment...
## Starting test (args: --loss-chance 50 --nodes 100 gossip push-pull 5 5)...
INFO:root:total: 1921 msgs, discarded: 986 msgs
INFO:root:expected: 0.500000, actual: 0.513274
INFO:root:SUCCEED in dissemination: (4/1000) rounds
# ok: test finished successfully
#####################################################################
# Test #5: PROTO: gossip; LOSS: 50%; ARGS: push-pull 5 5
## Sourcing local environment...
## Starting test (args: --loss-chance 50 --nodes 100 gossip push-pull 5 5)...
INFO:root:total: 1861 msgs, discarded: 905 msgs
INFO:root:expected: 0.500000, actual: 0.486298
INFO:root:SUCCEED in dissemination: (4/1000) rounds
# ok: test finished successfully
#####################################################################
# Test #6: PROTO: gossip; LOSS: 50%; ARGS: push-pull 5 5
## Sourcing local environment...
## Starting test (args: --loss-chance 50 --nodes 100 gossip push-pull 5 5)...
INFO:root:total: 1929 msgs, discarded: 943 msgs
INFO:root:expected: 0.500000, actual: 0.488854
INFO:root:SUCCEED in dissemination: (4/1000) rounds
# ok: test finished successfully
#####################################################################
# Test #7: PROTO: gossip; LOSS: 50%; ARGS: push-pull 5 5
## Sourcing local environment...
## Starting test (args: --loss-chance 50 --nodes 100 gossip push-pull 5 5)...
INFO:root:total: 1926 msgs, discarded: 959 msgs
INFO:root:expected: 0.500000, actual: 0.497923
INFO:root:SUCCEED in dissemination: (4/1000) rounds
# ok: test finished successfully
#####################################################################
# Test #8: PROTO: gossip; LOSS: 50%; ARGS: push-pull 5 5
## Sourcing local environment...
## Starting test (args: --loss-chance 50 --nodes 100 gossip push-pull 5 5)...
INFO:root:total: 1958 msgs, discarded: 988 msgs
INFO:root:expected: 0.500000, actual: 0.504597
INFO:root:SUCCEED in dissemination: (4/1000) rounds
# ok: test finished successfully
#####################################################################
# Test #9: PROTO: gossip; LOSS: 50%; ARGS: push-pull 5 5
## Sourcing local environment...
## Starting test (args: --loss-chance 50 --nodes 100 gossip push-pull 5 5)...
INFO:root:total: 1959 msgs, discarded: 941 msgs
INFO:root:expected: 0.500000, actual: 0.480347
INFO:root:SUCCEED in dissemination: (4/1000) rounds
# ok: test finished successfully
#####################################################################
