# Test #0: PROTO: gossip; LOSS: 50%; ARGS: push 55
## Sourcing local environment...
## Starting test (args: --loss-chance 50 --nodes 100 gossip push 55)...
INFO:root:total: 1870 msgs, discarded: 941 msgs
INFO:root:expected: 0.500000, actual: 0.503209
INFO:root:SUCCEED in dissemination: (2/2000) rounds
# ok: test finished successfully
#####################################################################
# Test #1: PROTO: gossip; LOSS: 50%; ARGS: push 55
## Sourcing local environment...
## Starting test (args: --loss-chance 50 --nodes 100 gossip push 55)...
INFO:root:total: 1265 msgs, discarded: 602 msgs
INFO:root:expected: 0.500000, actual: 0.475889
INFO:root:SUCCEED in dissemination: (2/2000) rounds
# ok: test finished successfully
#####################################################################
# Test #2: PROTO: gossip; LOSS: 50%; ARGS: push 55
## Sourcing local environment...
## Starting test (args: --loss-chance 50 --nodes 100 gossip push 55)...
INFO:root:total: 1595 msgs, discarded: 802 msgs
INFO:root:expected: 0.500000, actual: 0.502821
INFO:root:SUCCEED in dissemination: (2/2000) rounds
# ok: test finished successfully
#####################################################################
# Test #3: PROTO: gossip; LOSS: 50%; ARGS: push 55
## Sourcing local environment...
## Starting test (args: --loss-chance 50 --nodes 100 gossip push 55)...
INFO:root:total: 1430 msgs, discarded: 722 msgs
INFO:root:expected: 0.500000, actual: 0.504895
INFO:root:SUCCEED in dissemination: (2/2000) rounds
# ok: test finished successfully
#####################################################################
# Test #4: PROTO: gossip; LOSS: 50%; ARGS: push 55
## Sourcing local environment...
## Starting test (args: --loss-chance 50 --nodes 100 gossip push 55)...
INFO:root:total: 1705 msgs, discarded: 873 msgs
INFO:root:expected: 0.500000, actual: 0.512023
INFO:root:SUCCEED in dissemination: (2/2000) rounds
# ok: test finished successfully
#####################################################################
# Test #5: PROTO: gossip; LOSS: 50%; ARGS: push 55
## Sourcing local environment...
## Starting test (args: --loss-chance 50 --nodes 100 gossip push 55)...
INFO:root:total: 1485 msgs, discarded: 703 msgs
INFO:root:expected: 0.500000, actual: 0.473401
INFO:root:SUCCEED in dissemination: (2/2000) rounds
# ok: test finished successfully
#####################################################################
# Test #6: PROTO: gossip; LOSS: 50%; ARGS: push 55
## Sourcing local environment...
## Starting test (args: --loss-chance 50 --nodes 100 gossip push 55)...
INFO:root:total: 1595 msgs, discarded: 806 msgs
INFO:root:expected: 0.500000, actual: 0.505329
INFO:root:SUCCEED in dissemination: (2/2000) rounds
# ok: test finished successfully
#####################################################################
# Test #7: PROTO: gossip; LOSS: 50%; ARGS: push 55
## Sourcing local environment...
## Starting test (args: --loss-chance 50 --nodes 100 gossip push 55)...
INFO:root:total: 1650 msgs, discarded: 825 msgs
INFO:root:expected: 0.500000, actual: 0.500000
INFO:root:SUCCEED in dissemination: (2/2000) rounds
# ok: test finished successfully
#####################################################################
# Test #8: PROTO: gossip; LOSS: 50%; ARGS: push 55
## Sourcing local environment...
## Starting test (args: --loss-chance 50 --nodes 100 gossip push 55)...
INFO:root:total: 1595 msgs, discarded: 790 msgs
INFO:root:expected: 0.500000, actual: 0.495298
INFO:root:SUCCEED in dissemination: (2/2000) rounds
# ok: test finished successfully
#####################################################################
# Test #9: PROTO: gossip; LOSS: 50%; ARGS: push 55
## Sourcing local environment...
## Starting test (args: --loss-chance 50 --nodes 100 gossip push 55)...
INFO:root:total: 1540 msgs, discarded: 751 msgs
INFO:root:expected: 0.500000, actual: 0.487662
INFO:root:SUCCEED in dissemination: (2/2000) rounds
# ok: test finished successfully
#####################################################################
