# Test #0: PROTO: gossip; LOSS: 50%; ARGS: push-pull 55 55
## Sourcing local environment...
## Starting test (args: --loss-chance 50 --nodes 100 gossip push-pull 55 55)...
INFO:root:total: 7362 msgs, discarded: 3701 msgs
INFO:root:expected: 0.500000, actual: 0.502717
INFO:root:SUCCEED in dissemination: (1/1000) rounds
# ok: test finished successfully
#####################################################################
# Test #1: PROTO: gossip; LOSS: 50%; ARGS: push-pull 55 55
## Sourcing local environment...
## Starting test (args: --loss-chance 50 --nodes 100 gossip push-pull 55 55)...
INFO:root:total: 7360 msgs, discarded: 3696 msgs
INFO:root:expected: 0.500000, actual: 0.502174
INFO:root:SUCCEED in dissemination: (1/1000) rounds
# ok: test finished successfully
#####################################################################
# Test #2: PROTO: gossip; LOSS: 50%; ARGS: push-pull 55 55
## Sourcing local environment...
## Starting test (args: --loss-chance 50 --nodes 100 gossip push-pull 55 55)...
INFO:root:total: 8749 msgs, discarded: 4508 msgs
INFO:root:expected: 0.500000, actual: 0.515259
INFO:root:SUCCEED in dissemination: (2/1000) rounds
# ok: test finished successfully
#####################################################################
# Test #3: PROTO: gossip; LOSS: 50%; ARGS: push-pull 55 55
## Sourcing local environment...
## Starting test (args: --loss-chance 50 --nodes 100 gossip push-pull 55 55)...
INFO:root:total: 7307 msgs, discarded: 3684 msgs
INFO:root:expected: 0.500000, actual: 0.504174
INFO:root:SUCCEED in dissemination: (1/1000) rounds
# ok: test finished successfully
#####################################################################
# Test #4: PROTO: gossip; LOSS: 50%; ARGS: push-pull 55 55
## Sourcing local environment...
## Starting test (args: --loss-chance 50 --nodes 100 gossip push-pull 55 55)...
INFO:root:total: 8783 msgs, discarded: 4339 msgs
INFO:root:expected: 0.500000, actual: 0.494023
INFO:root:SUCCEED in dissemination: (2/1000) rounds
# ok: test finished successfully
#####################################################################
# Test #5: PROTO: gossip; LOSS: 50%; ARGS: push-pull 55 55
## Sourcing local environment...
## Starting test (args: --loss-chance 50 --nodes 100 gossip push-pull 55 55)...
INFO:root:total: 7291 msgs, discarded: 3645 msgs
INFO:root:expected: 0.500000, actual: 0.499931
INFO:root:SUCCEED in dissemination: (1/1000) rounds
# ok: test finished successfully
#####################################################################
# Test #6: PROTO: gossip; LOSS: 50%; ARGS: push-pull 55 55
## Sourcing local environment...
## Starting test (args: --loss-chance 50 --nodes 100 gossip push-pull 55 55)...
INFO:root:total: 7210 msgs, discarded: 3591 msgs
INFO:root:expected: 0.500000, actual: 0.498058
INFO:root:SUCCEED in dissemination: (1/1000) rounds
# ok: test finished successfully
#####################################################################
# Test #7: PROTO: gossip; LOSS: 50%; ARGS: push-pull 55 55
## Sourcing local environment...
## Starting test (args: --loss-chance 50 --nodes 100 gossip push-pull 55 55)...
INFO:root:total: 7318 msgs, discarded: 3619 msgs
INFO:root:expected: 0.500000, actual: 0.494534
INFO:root:SUCCEED in dissemination: (1/1000) rounds
# ok: test finished successfully
#####################################################################
# Test #8: PROTO: gossip; LOSS: 50%; ARGS: push-pull 55 55
## Sourcing local environment...
## Starting test (args: --loss-chance 50 --nodes 100 gossip push-pull 55 55)...
INFO:root:total: 7335 msgs, discarded: 3627 msgs
INFO:root:expected: 0.500000, actual: 0.494479
INFO:root:SUCCEED in dissemination: (1/1000) rounds
# ok: test finished successfully
#####################################################################
# Test #9: PROTO: gossip; LOSS: 50%; ARGS: push-pull 55 55
## Sourcing local environment...
## Starting test (args: --loss-chance 50 --nodes 100 gossip push-pull 55 55)...
INFO:root:total: 7183 msgs, discarded: 3645 msgs
INFO:root:expected: 0.500000, actual: 0.507448
INFO:root:SUCCEED in dissemination: (1/1000) rounds
# ok: test finished successfully
#####################################################################
