# Test #0: PROTO: gossip; LOSS: 50%; ARGS: push-pull 70 70
## Sourcing local environment...
## Starting test (args: --loss-chance 50 --nodes 100 gossip push-pull 70 70)...
INFO:root:total: 9491 msgs, discarded: 4721 msgs
INFO:root:expected: 0.500000, actual: 0.497419
INFO:root:SUCCEED in dissemination: (1/500) rounds
# ok: test finished successfully
#####################################################################
# Test #1: PROTO: gossip; LOSS: 50%; ARGS: push-pull 70 70
## Sourcing local environment...
## Starting test (args: --loss-chance 50 --nodes 100 gossip push-pull 70 70)...
INFO:root:total: 9430 msgs, discarded: 4764 msgs
INFO:root:expected: 0.500000, actual: 0.505196
INFO:root:SUCCEED in dissemination: (1/500) rounds
# ok: test finished successfully
#####################################################################
# Test #2: PROTO: gossip; LOSS: 50%; ARGS: push-pull 70 70
## Sourcing local environment...
## Starting test (args: --loss-chance 50 --nodes 100 gossip push-pull 70 70)...
INFO:root:total: 9462 msgs, discarded: 4748 msgs
INFO:root:expected: 0.500000, actual: 0.501797
INFO:root:SUCCEED in dissemination: (1/500) rounds
# ok: test finished successfully
#####################################################################
# Test #3: PROTO: gossip; LOSS: 50%; ARGS: push-pull 70 70
## Sourcing local environment...
## Starting test (args: --loss-chance 50 --nodes 100 gossip push-pull 70 70)...
INFO:root:total: 9397 msgs, discarded: 4727 msgs
INFO:root:expected: 0.500000, actual: 0.503033
INFO:root:SUCCEED in dissemination: (1/500) rounds
# ok: test finished successfully
#####################################################################
# Test #4: PROTO: gossip; LOSS: 50%; ARGS: push-pull 70 70
## Sourcing local environment...
## Starting test (args: --loss-chance 50 --nodes 100 gossip push-pull 70 70)...
INFO:root:total: 9188 msgs, discarded: 4520 msgs
INFO:root:expected: 0.500000, actual: 0.491946
INFO:root:SUCCEED in dissemination: (1/500) rounds
# ok: test finished successfully
#####################################################################
# Test #5: PROTO: gossip; LOSS: 50%; ARGS: push-pull 70 70
## Sourcing local environment...
## Starting test (args: --loss-chance 50 --nodes 100 gossip push-pull 70 70)...
INFO:root:total: 9411 msgs, discarded: 4701 msgs
INFO:root:expected: 0.500000, actual: 0.499522
INFO:root:SUCCEED in dissemination: (1/500) rounds
# ok: test finished successfully
#####################################################################
# Test #6: PROTO: gossip; LOSS: 50%; ARGS: push-pull 70 70
## Sourcing local environment...
## Starting test (args: --loss-chance 50 --nodes 100 gossip push-pull 70 70)...
INFO:root:total: 9369 msgs, discarded: 4627 msgs
INFO:root:expected: 0.500000, actual: 0.493863
INFO:root:SUCCEED in dissemination: (1/500) rounds
# ok: test finished successfully
#####################################################################
# Test #7: PROTO: gossip; LOSS: 50%; ARGS: push-pull 70 70
## Sourcing local environment...
## Starting test (args: --loss-chance 50 --nodes 100 gossip push-pull 70 70)...
INFO:root:total: 9433 msgs, discarded: 4738 msgs
INFO:root:expected: 0.500000, actual: 0.502279
INFO:root:SUCCEED in dissemination: (1/500) rounds
# ok: test finished successfully
#####################################################################
# Test #8: PROTO: gossip; LOSS: 50%; ARGS: push-pull 70 70
## Sourcing local environment...
## Starting test (args: --loss-chance 50 --nodes 100 gossip push-pull 70 70)...
INFO:root:total: 9440 msgs, discarded: 4662 msgs
INFO:root:expected: 0.500000, actual: 0.493856
INFO:root:SUCCEED in dissemination: (1/500) rounds
# ok: test finished successfully
#####################################################################
# Test #9: PROTO: gossip; LOSS: 50%; ARGS: push-pull 70 70
## Sourcing local environment...
## Starting test (args: --loss-chance 50 --nodes 100 gossip push-pull 70 70)...
INFO:root:total: 9463 msgs, discarded: 4757 msgs
INFO:root:expected: 0.500000, actual: 0.502695
INFO:root:SUCCEED in dissemination: (1/500) rounds
# ok: test finished successfully
#####################################################################
