# Test #0: PROTO: gossip; LOSS: 50%; ARGS: push-pull 10 40
## Sourcing local environment...
## Starting test (args: --loss-chance 50 --nodes 100 gossip push-pull 10 40)...
INFO:root:total: 5447 msgs, discarded: 2707 msgs
INFO:root:expected: 0.500000, actual: 0.496971
INFO:root:SUCCEED in dissemination: (2/500) rounds
# ok: test finished successfully
#####################################################################
# Test #1: PROTO: gossip; LOSS: 50%; ARGS: push-pull 10 40
## Sourcing local environment...
## Starting test (args: --loss-chance 50 --nodes 100 gossip push-pull 10 40)...
INFO:root:total: 5916 msgs, discarded: 2962 msgs
INFO:root:expected: 0.500000, actual: 0.500676
INFO:root:SUCCEED in dissemination: (2/500) rounds
# ok: test finished successfully
#####################################################################
# Test #2: PROTO: gossip; LOSS: 50%; ARGS: push-pull 10 40
## Sourcing local environment...
## Starting test (args: --loss-chance 50 --nodes 100 gossip push-pull 10 40)...
INFO:root:total: 5488 msgs, discarded: 2773 msgs
INFO:root:expected: 0.500000, actual: 0.505284
INFO:root:SUCCEED in dissemination: (2/500) rounds
# ok: test finished successfully
#####################################################################
# Test #3: PROTO: gossip; LOSS: 50%; ARGS: push-pull 10 40
## Sourcing local environment...
## Starting test (args: --loss-chance 50 --nodes 100 gossip push-pull 10 40)...
INFO:root:total: 5393 msgs, discarded: 2680 msgs
INFO:root:expected: 0.500000, actual: 0.496940
INFO:root:SUCCEED in dissemination: (2/500) rounds
# ok: test finished successfully
#####################################################################
# Test #4: PROTO: gossip; LOSS: 50%; ARGS: push-pull 10 40
## Sourcing local environment...
## Starting test (args: --loss-chance 50 --nodes 100 gossip push-pull 10 40)...
INFO:root:total: 5398 msgs, discarded: 2713 msgs
INFO:root:expected: 0.500000, actual: 0.502594
INFO:root:SUCCEED in dissemination: (2/500) rounds
# ok: test finished successfully
#####################################################################
# Test #5: PROTO: gossip; LOSS: 50%; ARGS: push-pull 10 40
## Sourcing local environment...
## Starting test (args: --loss-chance 50 --nodes 100 gossip push-pull 10 40)...
INFO:root:total: 5421 msgs, discarded: 2657 msgs
INFO:root:expected: 0.500000, actual: 0.490131
INFO:root:SUCCEED in dissemination: (2/500) rounds
# ok: test finished successfully
#####################################################################
# Test #6: PROTO: gossip; LOSS: 50%; ARGS: push-pull 10 40
## Sourcing local environment...
## Starting test (args: --loss-chance 50 --nodes 100 gossip push-pull 10 40)...
INFO:root:total: 5242 msgs, discarded: 2576 msgs
INFO:root:expected: 0.500000, actual: 0.491415
INFO:root:SUCCEED in dissemination: (2/500) rounds
# ok: test finished successfully
#####################################################################
# Test #7: PROTO: gossip; LOSS: 50%; ARGS: push-pull 10 40
## Sourcing local environment...
## Starting test (args: --loss-chance 50 --nodes 100 gossip push-pull 10 40)...
INFO:root:total: 5399 msgs, discarded: 2717 msgs
INFO:root:expected: 0.500000, actual: 0.503241
INFO:root:SUCCEED in dissemination: (2/500) rounds
# ok: test finished successfully
#####################################################################
# Test #8: PROTO: gossip; LOSS: 50%; ARGS: push-pull 10 40
## Sourcing local environment...
## Starting test (args: --loss-chance 50 --nodes 100 gossip push-pull 10 40)...
INFO:root:total: 5185 msgs, discarded: 2573 msgs
INFO:root:expected: 0.500000, actual: 0.496239
INFO:root:SUCCEED in dissemination: (2/500) rounds
# ok: test finished successfully
#####################################################################
# Test #9: PROTO: gossip; LOSS: 50%; ARGS: push-pull 10 40
## Sourcing local environment...
## Starting test (args: --loss-chance 50 --nodes 100 gossip push-pull 10 40)...
INFO:root:total: 5459 msgs, discarded: 2763 msgs
INFO:root:expected: 0.500000, actual: 0.506137
INFO:root:SUCCEED in dissemination: (2/500) rounds
# ok: test finished successfully
#####################################################################
