# Test #0: PROTO: gossip; LOSS: 50%; ARGS: push-pull 40 10
## Sourcing local environment...
## Starting test (args: --loss-chance 50 --nodes 100 gossip push-pull 40 10)...
INFO:root:total: 2455 msgs, discarded: 1266 msgs
INFO:root:expected: 0.500000, actual: 0.515682
INFO:root:SUCCEED in dissemination: (2/500) rounds
# ok: test finished successfully
#####################################################################
# Test #1: PROTO: gossip; LOSS: 50%; ARGS: push-pull 40 10
## Sourcing local environment...
## Starting test (args: --loss-chance 50 --nodes 100 gossip push-pull 40 10)...
INFO:root:total: 2468 msgs, discarded: 1182 msgs
INFO:root:expected: 0.500000, actual: 0.478930
INFO:root:SUCCEED in dissemination: (2/500) rounds
# ok: test finished successfully
#####################################################################
# Test #2: PROTO: gossip; LOSS: 50%; ARGS: push-pull 40 10
## Sourcing local environment...
## Starting test (args: --loss-chance 50 --nodes 100 gossip push-pull 40 10)...
INFO:root:total: 2574 msgs, discarded: 1271 msgs
INFO:root:expected: 0.500000, actual: 0.493784
INFO:root:SUCCEED in dissemination: (2/500) rounds
# ok: test finished successfully
#####################################################################
# Test #3: PROTO: gossip; LOSS: 50%; ARGS: push-pull 40 10
## Sourcing local environment...
## Starting test (args: --loss-chance 50 --nodes 100 gossip push-pull 40 10)...
INFO:root:total: 2398 msgs, discarded: 1192 msgs
INFO:root:expected: 0.500000, actual: 0.497081
INFO:root:SUCCEED in dissemination: (2/500) rounds
# ok: test finished successfully
#####################################################################
# Test #4: PROTO: gossip; LOSS: 50%; ARGS: push-pull 40 10
## Sourcing local environment...
## Starting test (args: --loss-chance 50 --nodes 100 gossip push-pull 40 10)...
INFO:root:total: 2449 msgs, discarded: 1220 msgs
INFO:root:expected: 0.500000, actual: 0.498163
INFO:root:SUCCEED in dissemination: (2/500) rounds
# ok: test finished successfully
#####################################################################
# Test #5: PROTO: gossip; LOSS: 50%; ARGS: push-pull 40 10
## Sourcing local environment...
## Starting test (args: --loss-chance 50 --nodes 100 gossip push-pull 40 10)...
INFO:root:total: 2604 msgs, discarded: 1290 msgs
INFO:root:expected: 0.500000, actual: 0.495392
INFO:root:SUCCEED in dissemination: (2/500) rounds
# ok: test finished successfully
#####################################################################
# Test #6: PROTO: gossip; LOSS: 50%; ARGS: push-pull 40 10
## Sourcing local environment...
## Starting test (args: --loss-chance 50 --nodes 100 gossip push-pull 40 10)...
INFO:root:total: 2486 msgs, discarded: 1259 msgs
INFO:root:expected: 0.500000, actual: 0.506436
INFO:root:SUCCEED in dissemination: (2/500) rounds
# ok: test finished successfully
#####################################################################
# Test #7: PROTO: gossip; LOSS: 50%; ARGS: push-pull 40 10
## Sourcing local environment...
## Starting test (args: --loss-chance 50 --nodes 100 gossip push-pull 40 10)...
INFO:root:total: 2577 msgs, discarded: 1269 msgs
INFO:root:expected: 0.500000, actual: 0.492433
INFO:root:SUCCEED in dissemination: (2/500) rounds
# ok: test finished successfully
#####################################################################
# Test #8: PROTO: gossip; LOSS: 50%; ARGS: push-pull 40 10
## Sourcing local environment...
## Starting test (args: --loss-chance 50 --nodes 100 gossip push-pull 40 10)...
INFO:root:total: 2365 msgs, discarded: 1155 msgs
INFO:root:expected: 0.500000, actual: 0.488372
INFO:root:SUCCEED in dissemination: (2/500) rounds
# ok: test finished successfully
#####################################################################
# Test #9: PROTO: gossip; LOSS: 50%; ARGS: push-pull 40 10
## Sourcing local environment...
## Starting test (args: --loss-chance 50 --nodes 100 gossip push-pull 40 10)...
INFO:root:total: 2464 msgs, discarded: 1213 msgs
INFO:root:expected: 0.500000, actual: 0.492289
INFO:root:SUCCEED in dissemination: (2/500) rounds
# ok: test finished successfully
#####################################################################
