# Test #0: PROTO: gossip; LOSS: 50%; ARGS: pull 5
## Sourcing local environment...
## Starting test (args: --loss-chance 50 --nodes 100 gossip pull 5)...
INFO:root:total: 2550 msgs, discarded: 1287 msgs
INFO:root:expected: 0.500000, actual: 0.504706
INFO:root:SUCCEED in dissemination: (8/2000) rounds
# ok: test finished successfully
#####################################################################
# Test #1: PROTO: gossip; LOSS: 50%; ARGS: pull 5
## Sourcing local environment...
## Starting test (args: --loss-chance 50 --nodes 100 gossip pull 5)...
INFO:root:total: 2391 msgs, discarded: 1220 msgs
INFO:root:expected: 0.500000, actual: 0.510247
INFO:root:SUCCEED in dissemination: (9/2000) rounds
# ok: test finished successfully
#####################################################################
# Test #2: PROTO: gossip; LOSS: 50%; ARGS: pull 5
## Sourcing local environment...
## Starting test (args: --loss-chance 50 --nodes 100 gossip pull 5)...
INFO:root:total: 2258 msgs, discarded: 1161 msgs
INFO:root:expected: 0.500000, actual: 0.514172
INFO:root:SUCCEED in dissemination: (7/2000) rounds
# ok: test finished successfully
#####################################################################
# Test #3: PROTO: gossip; LOSS: 50%; ARGS: pull 5
## Sourcing local environment...
## Starting test (args: --loss-chance 50 --nodes 100 gossip pull 5)...
INFO:root:total: 1878 msgs, discarded: 949 msgs
INFO:root:expected: 0.500000, actual: 0.505325
INFO:root:SUCCEED in dissemination: (6/2000) rounds
# ok: test finished successfully
#####################################################################
# Test #4: PROTO: gossip; LOSS: 50%; ARGS: pull 5
## Sourcing local environment...
## Starting test (args: --loss-chance 50 --nodes 100 gossip pull 5)...
INFO:root:total: 2243 msgs, discarded: 1127 msgs
INFO:root:expected: 0.500000, actual: 0.502452
INFO:root:SUCCEED in dissemination: (8/2000) rounds
# ok: test finished successfully
#####################################################################
# Test #5: PROTO: gossip; LOSS: 50%; ARGS: pull 5
## Sourcing local environment...
## Starting test (args: --loss-chance 50 --nodes 100 gossip pull 5)...
INFO:root:total: 3303 msgs, discarded: 1704 msgs
INFO:root:expected: 0.500000, actual: 0.515895
INFO:root:SUCCEED in dissemination: (9/2000) rounds
# ok: test finished successfully
#####################################################################
# Test #6: PROTO: gossip; LOSS: 50%; ARGS: pull 5
## Sourcing local environment...
## Starting test (args: --loss-chance 50 --nodes 100 gossip pull 5)...
INFO:root:total: 3525 msgs, discarded: 1806 msgs
INFO:root:expected: 0.500000, actual: 0.512340
INFO:root:SUCCEED in dissemination: (10/2000) rounds
# ok: test finished successfully
#####################################################################
# Test #7: PROTO: gossip; LOSS: 50%; ARGS: pull 5
## Sourcing local environment...
## Starting test (args: --loss-chance 50 --nodes 100 gossip pull 5)...
INFO:root:total: 5579 msgs, discarded: 2768 msgs
INFO:root:expected: 0.500000, actual: 0.496146
INFO:root:SUCCEED in dissemination: (14/2000) rounds
# ok: test finished successfully
#####################################################################
# Test #8: PROTO: gossip; LOSS: 50%; ARGS: pull 5
## Sourcing local environment...
## Starting test (args: --loss-chance 50 --nodes 100 gossip pull 5)...
INFO:root:total: 2662 msgs, discarded: 1377 msgs
INFO:root:expected: 0.500000, actual: 0.517280
INFO:root:SUCCEED in dissemination: (8/2000) rounds
# ok: test finished successfully
#####################################################################
# Test #9: PROTO: gossip; LOSS: 50%; ARGS: pull 5
## Sourcing local environment...
## Starting test (args: --loss-chance 50 --nodes 100 gossip pull 5)...
INFO:root:total: 2173 msgs, discarded: 1047 msgs
INFO:root:expected: 0.500000, actual: 0.481822
INFO:root:SUCCEED in dissemination: (7/2000) rounds
# ok: test finished successfully
#####################################################################
