# Test #0: PROTO: gossip; LOSS: 50%; ARGS: push-pull 30 55
## Sourcing local environment...
## Starting test (args: --loss-chance 50 --nodes 100 gossip push-pull 30 55)...
INFO:root:total: 7406 msgs, discarded: 3712 msgs
INFO:root:expected: 0.500000, actual: 0.501215
INFO:root:SUCCEED in dissemination: (2/1000) rounds
# ok: test finished successfully
#####################################################################
# Test #1: PROTO: gossip; LOSS: 50%; ARGS: push-pull 30 55
## Sourcing local environment...
## Starting test (args: --loss-chance 50 --nodes 100 gossip push-pull 30 55)...
INFO:root:total: 7068 msgs, discarded: 3553 msgs
INFO:root:expected: 0.500000, actual: 0.502688
INFO:root:SUCCEED in dissemination: (1/1000) rounds
# ok: test finished successfully
#####################################################################
# Test #2: PROTO: gossip; LOSS: 50%; ARGS: push-pull 30 55
## Sourcing local environment...
## Starting test (args: --loss-chance 50 --nodes 100 gossip push-pull 30 55)...
INFO:root:total: 7310 msgs, discarded: 3741 msgs
INFO:root:expected: 0.500000, actual: 0.511765
INFO:root:SUCCEED in dissemination: (2/1000) rounds
# ok: test finished successfully
#####################################################################
# Test #3: PROTO: gossip; LOSS: 50%; ARGS: push-pull 30 55
## Sourcing local environment...
## Starting test (args: --loss-chance 50 --nodes 100 gossip push-pull 30 55)...
INFO:root:total: 7813 msgs, discarded: 3886 msgs
INFO:root:expected: 0.500000, actual: 0.497376
INFO:root:SUCCEED in dissemination: (2/1000) rounds
# ok: test finished successfully
#####################################################################
# Test #4: PROTO: gossip; LOSS: 50%; ARGS: push-pull 30 55
## Sourcing local environment...
## Starting test (args: --loss-chance 50 --nodes 100 gossip push-pull 30 55)...
INFO:root:total: 7121 msgs, discarded: 3561 msgs
INFO:root:expected: 0.500000, actual: 0.500070
INFO:root:SUCCEED in dissemination: (1/1000) rounds
# ok: test finished successfully
#####################################################################
# Test #5: PROTO: gossip; LOSS: 50%; ARGS: push-pull 30 55
## Sourcing local environment...
## Starting test (args: --loss-chance 50 --nodes 100 gossip push-pull 30 55)...
INFO:root:total: 7505 msgs, discarded: 3752 msgs
INFO:root:expected: 0.500000, actual: 0.499933
INFO:root:SUCCEED in dissemination: (2/1000) rounds
# ok: test finished successfully
#####################################################################
# Test #6: PROTO: gossip; LOSS: 50%; ARGS: push-pull 30 55
## Sourcing local environment...
## Starting test (args: --loss-chance 50 --nodes 100 gossip push-pull 30 55)...
INFO:root:total: 7498 msgs, discarded: 3807 msgs
INFO:root:expected: 0.500000, actual: 0.507735
INFO:root:SUCCEED in dissemination: (2/1000) rounds
# ok: test finished successfully
#####################################################################
# Test #7: PROTO: gossip; LOSS: 50%; ARGS: push-pull 30 55
## Sourcing local environment...
## Starting test (args: --loss-chance 50 --nodes 100 gossip push-pull 30 55)...
INFO:root:total: 7476 msgs, discarded: 3685 msgs
INFO:root:expected: 0.500000, actual: 0.492911
INFO:root:SUCCEED in dissemination: (2/1000) rounds
# ok: test finished successfully
#####################################################################
# Test #8: PROTO: gossip; LOSS: 50%; ARGS: push-pull 30 55
## Sourcing local environment...
## Starting test (args: --loss-chance 50 --nodes 100 gossip push-pull 30 55)...
INFO:root:total: 7541 msgs, discarded: 3709 msgs
INFO:root:expected: 0.500000, actual: 0.491845
INFO:root:SUCCEED in dissemination: (2/1000) rounds
# ok: test finished successfully
#####################################################################
# Test #9: PROTO: gossip; LOSS: 50%; ARGS: push-pull 30 55
## Sourcing local environment...
## Starting test (args: --loss-chance 50 --nodes 100 gossip push-pull 30 55)...
INFO:root:total: 7062 msgs, discarded: 3551 msgs
INFO:root:expected: 0.500000, actual: 0.502832
INFO:root:SUCCEED in dissemination: (1/1000) rounds
# ok: test finished successfully
#####################################################################
