# Test #0: PROTO: gossip; LOSS: 50%; ARGS: push-pull 70 10
## Sourcing local environment...
## Starting test (args: --loss-chance 50 --nodes 100 gossip push-pull 70 10)...
INFO:root:total: 3982 msgs, discarded: 2024 msgs
INFO:root:expected: 0.500000, actual: 0.508287
INFO:root:SUCCEED in dissemination: (2/500) rounds
# ok: test finished successfully
#####################################################################
# Test #1: PROTO: gossip; LOSS: 50%; ARGS: push-pull 70 10
## Sourcing local environment...
## Starting test (args: --loss-chance 50 --nodes 100 gossip push-pull 70 10)...
INFO:root:total: 4349 msgs, discarded: 2112 msgs
INFO:root:expected: 0.500000, actual: 0.485629
INFO:root:SUCCEED in dissemination: (2/500) rounds
# ok: test finished successfully
#####################################################################
# Test #2: PROTO: gossip; LOSS: 50%; ARGS: push-pull 70 10
## Sourcing local environment...
## Starting test (args: --loss-chance 50 --nodes 100 gossip push-pull 70 10)...
INFO:root:total: 3969 msgs, discarded: 1998 msgs
INFO:root:expected: 0.500000, actual: 0.503401
INFO:root:SUCCEED in dissemination: (2/500) rounds
# ok: test finished successfully
#####################################################################
# Test #3: PROTO: gossip; LOSS: 50%; ARGS: push-pull 70 10
## Sourcing local environment...
## Starting test (args: --loss-chance 50 --nodes 100 gossip push-pull 70 10)...
INFO:root:total: 4165 msgs, discarded: 2082 msgs
INFO:root:expected: 0.500000, actual: 0.499880
INFO:root:SUCCEED in dissemination: (2/500) rounds
# ok: test finished successfully
#####################################################################
# Test #4: PROTO: gossip; LOSS: 50%; ARGS: push-pull 70 10
## Sourcing local environment...
## Starting test (args: --loss-chance 50 --nodes 100 gossip push-pull 70 10)...
INFO:root:total: 3746 msgs, discarded: 1918 msgs
INFO:root:expected: 0.500000, actual: 0.512013
INFO:root:SUCCEED in dissemination: (2/500) rounds
# ok: test finished successfully
#####################################################################
# Test #5: PROTO: gossip; LOSS: 50%; ARGS: push-pull 70 10
## Sourcing local environment...
## Starting test (args: --loss-chance 50 --nodes 100 gossip push-pull 70 10)...
INFO:root:total: 4165 msgs, discarded: 2112 msgs
INFO:root:expected: 0.500000, actual: 0.507083
INFO:root:SUCCEED in dissemination: (2/500) rounds
# ok: test finished successfully
#####################################################################
# Test #6: PROTO: gossip; LOSS: 50%; ARGS: push-pull 70 10
## Sourcing local environment...
## Starting test (args: --loss-chance 50 --nodes 100 gossip push-pull 70 10)...
INFO:root:total: 4437 msgs, discarded: 2186 msgs
INFO:root:expected: 0.500000, actual: 0.492675
INFO:root:SUCCEED in dissemination: (2/500) rounds
# ok: test finished successfully
#####################################################################
# Test #7: PROTO: gossip; LOSS: 50%; ARGS: push-pull 70 10
## Sourcing local environment...
## Starting test (args: --loss-chance 50 --nodes 100 gossip push-pull 70 10)...
INFO:root:total: 4024 msgs, discarded: 1969 msgs
INFO:root:expected: 0.500000, actual: 0.489314
INFO:root:SUCCEED in dissemination: (2/500) rounds
# ok: test finished successfully
#####################################################################
# Test #8: PROTO: gossip; LOSS: 50%; ARGS: push-pull 70 10
## Sourcing local environment...
## Starting test (args: --loss-chance 50 --nodes 100 gossip push-pull 70 10)...
INFO:root:total: 4294 msgs, discarded: 2204 msgs
INFO:root:expected: 0.500000, actual: 0.513274
INFO:root:SUCCEED in dissemination: (2/500) rounds
# ok: test finished successfully
#####################################################################
# Test #9: PROTO: gossip; LOSS: 50%; ARGS: push-pull 70 10
## Sourcing local environment...
## Starting test (args: --loss-chance 50 --nodes 100 gossip push-pull 70 10)...
INFO:root:total: 4135 msgs, discarded: 2067 msgs
INFO:root:expected: 0.500000, actual: 0.499879
INFO:root:SUCCEED in dissemination: (2/500) rounds
# ok: test finished successfully
#####################################################################
