# Test #0: PROTO: gossip; LOSS: 50%; ARGS: push-pull 55 5
## Sourcing local environment...
## Starting test (args: --loss-chance 50 --nodes 100 gossip push-pull 55 5)...
INFO:root:total: 2212 msgs, discarded: 1125 msgs
INFO:root:expected: 0.500000, actual: 0.508590
INFO:root:SUCCEED in dissemination: (2/2000) rounds
# ok: test finished successfully
#####################################################################
# Test #1: PROTO: gossip; LOSS: 50%; ARGS: push-pull 55 5
## Sourcing local environment...
## Starting test (args: --loss-chance 50 --nodes 100 gossip push-pull 55 5)...
INFO:root:total: 2689 msgs, discarded: 1367 msgs
INFO:root:expected: 0.500000, actual: 0.508367
INFO:root:SUCCEED in dissemination: (2/2000) rounds
# ok: test finished successfully
#####################################################################
# Test #2: PROTO: gossip; LOSS: 50%; ARGS: push-pull 55 5
## Sourcing local environment...
## Starting test (args: --loss-chance 50 --nodes 100 gossip push-pull 55 5)...
INFO:root:total: 2563 msgs, discarded: 1237 msgs
INFO:root:expected: 0.500000, actual: 0.482638
INFO:root:SUCCEED in dissemination: (2/2000) rounds
# ok: test finished successfully
#####################################################################
# Test #3: PROTO: gossip; LOSS: 50%; ARGS: push-pull 55 5
## Sourcing local environment...
## Starting test (args: --loss-chance 50 --nodes 100 gossip push-pull 55 5)...
INFO:root:total: 2279 msgs, discarded: 1120 msgs
INFO:root:expected: 0.500000, actual: 0.491444
INFO:root:SUCCEED in dissemination: (2/2000) rounds
# ok: test finished successfully
#####################################################################
# Test #4: PROTO: gossip; LOSS: 50%; ARGS: push-pull 55 5
## Sourcing local environment...
## Starting test (args: --loss-chance 50 --nodes 100 gossip push-pull 55 5)...
INFO:root:total: 1897 msgs, discarded: 962 msgs
INFO:root:expected: 0.500000, actual: 0.507116
INFO:root:SUCCEED in dissemination: (2/2000) rounds
# ok: test finished successfully
#####################################################################
# Test #5: PROTO: gossip; LOSS: 50%; ARGS: push-pull 55 5
## Sourcing local environment...
## Starting test (args: --loss-chance 50 --nodes 100 gossip push-pull 55 5)...
INFO:root:total: 2788 msgs, discarded: 1412 msgs
INFO:root:expected: 0.500000, actual: 0.506456
INFO:root:SUCCEED in dissemination: (2/2000) rounds
# ok: test finished successfully
#####################################################################
# Test #6: PROTO: gossip; LOSS: 50%; ARGS: push-pull 55 5
## Sourcing local environment...
## Starting test (args: --loss-chance 50 --nodes 100 gossip push-pull 55 5)...
INFO:root:total: 2738 msgs, discarded: 1375 msgs
INFO:root:expected: 0.500000, actual: 0.502191
INFO:root:SUCCEED in dissemination: (2/2000) rounds
# ok: test finished successfully
#####################################################################
# Test #7: PROTO: gossip; LOSS: 50%; ARGS: push-pull 55 5
## Sourcing local environment...
## Starting test (args: --loss-chance 50 --nodes 100 gossip push-pull 55 5)...
INFO:root:total: 2665 msgs, discarded: 1331 msgs
INFO:root:expected: 0.500000, actual: 0.499437
INFO:root:SUCCEED in dissemination: (2/2000) rounds
# ok: test finished successfully
#####################################################################
# Test #8: PROTO: gossip; LOSS: 50%; ARGS: push-pull 55 5
## Sourcing local environment...
## Starting test (args: --loss-chance 50 --nodes 100 gossip push-pull 55 5)...
INFO:root:total: 2538 msgs, discarded: 1291 msgs
INFO:root:expected: 0.500000, actual: 0.508668
INFO:root:SUCCEED in dissemination: (2/2000) rounds
# ok: test finished successfully
#####################################################################
# Test #9: PROTO: gossip; LOSS: 50%; ARGS: push-pull 55 5
## Sourcing local environment...
## Starting test (args: --loss-chance 50 --nodes 100 gossip push-pull 55 5)...
INFO:root:total: 2895 msgs, discarded: 1461 msgs
INFO:root:expected: 0.500000, actual: 0.504663
INFO:root:SUCCEED in dissemination: (2/2000) rounds
# ok: test finished successfully
#####################################################################
