# Test #0: PROTO: gossip; LOSS: 50%; ARGS: pull 80
## Sourcing local environment...
## Starting test (args: --loss-chance 50 --nodes 100 gossip pull 80)...
INFO:root:total: 10305 msgs, discarded: 5182 msgs
INFO:root:expected: 0.500000, actual: 0.502863
INFO:root:SUCCEED in dissemination: (2/1000) rounds
# ok: test finished successfully
#####################################################################
# Test #1: PROTO: gossip; LOSS: 50%; ARGS: pull 80
## Sourcing local environment...
## Starting test (args: --loss-chance 50 --nodes 100 gossip pull 80)...
INFO:root:total: 10707 msgs, discarded: 5346 msgs
INFO:root:expected: 0.500000, actual: 0.499300
INFO:root:SUCCEED in dissemination: (2/1000) rounds
# ok: test finished successfully
#####################################################################
# Test #2: PROTO: gossip; LOSS: 50%; ARGS: pull 80
## Sourcing local environment...
## Starting test (args: --loss-chance 50 --nodes 100 gossip pull 80)...
INFO:root:total: 10148 msgs, discarded: 5104 msgs
INFO:root:expected: 0.500000, actual: 0.502956
INFO:root:SUCCEED in dissemination: (2/1000) rounds
# ok: test finished successfully
#####################################################################
# Test #3: PROTO: gossip; LOSS: 50%; ARGS: pull 80
## Sourcing local environment...
## Starting test (args: --loss-chance 50 --nodes 100 gossip pull 80)...
INFO:root:total: 10394 msgs, discarded: 5188 msgs
INFO:root:expected: 0.500000, actual: 0.499134
INFO:root:SUCCEED in dissemination: (2/1000) rounds
# ok: test finished successfully
#####################################################################
# Test #4: PROTO: gossip; LOSS: 50%; ARGS: pull 80
## Sourcing local environment...
## Starting test (args: --loss-chance 50 --nodes 100 gossip pull 80)...
INFO:root:total: 10895 msgs, discarded: 5396 msgs
INFO:root:expected: 0.500000, actual: 0.495273
INFO:root:SUCCEED in dissemination: (2/1000) rounds
# ok: test finished successfully
#####################################################################
# Test #5: PROTO: gossip; LOSS: 50%; ARGS: pull 80
## Sourcing local environment...
## Starting test (args: --loss-chance 50 --nodes 100 gossip pull 80)...
INFO:root:total: 10240 msgs, discarded: 5226 msgs
INFO:root:expected: 0.500000, actual: 0.510352
INFO:root:SUCCEED in dissemination: (2/1000) rounds
# ok: test finished successfully
#####################################################################
# Test #6: PROTO: gossip; LOSS: 50%; ARGS: pull 80
## Sourcing local environment...
## Starting test (args: --loss-chance 50 --nodes 100 gossip pull 80)...
INFO:root:total: 10383 msgs, discarded: 5175 msgs
INFO:root:expected: 0.500000, actual: 0.498411
INFO:root:SUCCEED in dissemination: (2/1000) rounds
# ok: test finished successfully
#####################################################################
# Test #7: PROTO: gossip; LOSS: 50%; ARGS: pull 80
## Sourcing local environment...
## Starting test (args: --loss-chance 50 --nodes 100 gossip pull 80)...
INFO:root:total: 10785 msgs, discarded: 5348 msgs
INFO:root:expected: 0.500000, actual: 0.495874
INFO:root:SUCCEED in dissemination: (2/1000) rounds
# ok: test finished successfully
#####################################################################
# Test #8: PROTO: gossip; LOSS: 50%; ARGS: pull 80
## Sourcing local environment...
## Starting test (args: --loss-chance 50 --nodes 100 gossip pull 80)...
INFO:root:total: 10316 msgs, discarded: 5131 msgs
INFO:root:expected: 0.500000, actual: 0.497383
INFO:root:SUCCEED in dissemination: (2/1000) rounds
# ok: test finished successfully
#####################################################################
# Test #9: PROTO: gossip; LOSS: 50%; ARGS: pull 80
## Sourcing local environment...
## Starting test (args: --loss-chance 50 --nodes 100 gossip pull 80)...
INFO:root:total: 10386 msgs, discarded: 5296 msgs
INFO:root:expected: 0.500000, actual: 0.509917
INFO:root:SUCCEED in dissemination: (2/1000) rounds
# ok: test finished successfully
#####################################################################
