# Test #0: PROTO: gossip; LOSS: 50%; ARGS: push 80
## Sourcing local environment...
## Starting test (args: --loss-chance 50 --nodes 100 gossip push 80)...
INFO:root:total: 2960 msgs, discarded: 1476 msgs
INFO:root:expected: 0.500000, actual: 0.498649
INFO:root:SUCCEED in dissemination: (2/1000) rounds
# ok: test finished successfully
#####################################################################
# Test #1: PROTO: gossip; LOSS: 50%; ARGS: push 80
## Sourcing local environment...
## Starting test (args: --loss-chance 50 --nodes 100 gossip push 80)...
INFO:root:total: 3040 msgs, discarded: 1493 msgs
INFO:root:expected: 0.500000, actual: 0.491118
INFO:root:SUCCEED in dissemination: (2/1000) rounds
# ok: test finished successfully
#####################################################################
# Test #2: PROTO: gossip; LOSS: 50%; ARGS: push 80
## Sourcing local environment...
## Starting test (args: --loss-chance 50 --nodes 100 gossip push 80)...
INFO:root:total: 2800 msgs, discarded: 1367 msgs
INFO:root:expected: 0.500000, actual: 0.488214
INFO:root:SUCCEED in dissemination: (2/1000) rounds
# ok: test finished successfully
#####################################################################
# Test #3: PROTO: gossip; LOSS: 50%; ARGS: push 80
## Sourcing local environment...
## Starting test (args: --loss-chance 50 --nodes 100 gossip push 80)...
INFO:root:total: 3680 msgs, discarded: 1829 msgs
INFO:root:expected: 0.500000, actual: 0.497011
INFO:root:SUCCEED in dissemination: (2/1000) rounds
# ok: test finished successfully
#####################################################################
# Test #4: PROTO: gossip; LOSS: 50%; ARGS: push 80
## Sourcing local environment...
## Starting test (args: --loss-chance 50 --nodes 100 gossip push 80)...
INFO:root:total: 4160 msgs, discarded: 2072 msgs
INFO:root:expected: 0.500000, actual: 0.498077
INFO:root:SUCCEED in dissemination: (2/1000) rounds
# ok: test finished successfully
#####################################################################
# Test #5: PROTO: gossip; LOSS: 50%; ARGS: push 80
## Sourcing local environment...
## Starting test (args: --loss-chance 50 --nodes 100 gossip push 80)...
INFO:root:total: 3440 msgs, discarded: 1704 msgs
INFO:root:expected: 0.500000, actual: 0.495349
INFO:root:SUCCEED in dissemination: (2/1000) rounds
# ok: test finished successfully
#####################################################################
# Test #6: PROTO: gossip; LOSS: 50%; ARGS: push 80
## Sourcing local environment...
## Starting test (args: --loss-chance 50 --nodes 100 gossip push 80)...
INFO:root:total: 3360 msgs, discarded: 1706 msgs
INFO:root:expected: 0.500000, actual: 0.507738
INFO:root:SUCCEED in dissemination: (2/1000) rounds
# ok: test finished successfully
#####################################################################
# Test #7: PROTO: gossip; LOSS: 50%; ARGS: push 80
## Sourcing local environment...
## Starting test (args: --loss-chance 50 --nodes 100 gossip push 80)...
INFO:root:total: 3040 msgs, discarded: 1548 msgs
INFO:root:expected: 0.500000, actual: 0.509211
INFO:root:SUCCEED in dissemination: (2/1000) rounds
# ok: test finished successfully
#####################################################################
# Test #8: PROTO: gossip; LOSS: 50%; ARGS: push 80
## Sourcing local environment...
## Starting test (args: --loss-chance 50 --nodes 100 gossip push 80)...
INFO:root:total: 3200 msgs, discarded: 1582 msgs
INFO:root:expected: 0.500000, actual: 0.494375
INFO:root:SUCCEED in dissemination: (2/1000) rounds
# ok: test finished successfully
#####################################################################
# Test #9: PROTO: gossip; LOSS: 50%; ARGS: push 80
## Sourcing local environment...
## Starting test (args: --loss-chance 50 --nodes 100 gossip push 80)...
INFO:root:total: 3920 msgs, discarded: 1942 msgs
INFO:root:expected: 0.500000, actual: 0.495408
INFO:root:SUCCEED in dissemination: (2/1000) rounds
# ok: test finished successfully
#####################################################################
