# Test #0: PROTO: gossip; LOSS: 50%; ARGS: push-pull 40 70
## Sourcing local environment...
## Starting test (args: --loss-chance 50 --nodes 100 gossip push-pull 40 70)...
INFO:root:total: 9235 msgs, discarded: 4604 msgs
INFO:root:expected: 0.500000, actual: 0.498538
INFO:root:SUCCEED in dissemination: (1/500) rounds
# ok: test finished successfully
#####################################################################
# Test #1: PROTO: gossip; LOSS: 50%; ARGS: push-pull 40 70
## Sourcing local environment...
## Starting test (args: --loss-chance 50 --nodes 100 gossip push-pull 40 70)...
INFO:root:total: 8960 msgs, discarded: 4478 msgs
INFO:root:expected: 0.500000, actual: 0.499777
INFO:root:SUCCEED in dissemination: (1/500) rounds
# ok: test finished successfully
#####################################################################
# Test #2: PROTO: gossip; LOSS: 50%; ARGS: push-pull 40 70
## Sourcing local environment...
## Starting test (args: --loss-chance 50 --nodes 100 gossip push-pull 40 70)...
INFO:root:total: 9131 msgs, discarded: 4556 msgs
INFO:root:expected: 0.500000, actual: 0.498960
INFO:root:SUCCEED in dissemination: (1/500) rounds
# ok: test finished successfully
#####################################################################
# Test #3: PROTO: gossip; LOSS: 50%; ARGS: push-pull 40 70
## Sourcing local environment...
## Starting test (args: --loss-chance 50 --nodes 100 gossip push-pull 40 70)...
INFO:root:total: 9048 msgs, discarded: 4519 msgs
INFO:root:expected: 0.500000, actual: 0.499447
INFO:root:SUCCEED in dissemination: (1/500) rounds
# ok: test finished successfully
#####################################################################
# Test #4: PROTO: gossip; LOSS: 50%; ARGS: push-pull 40 70
## Sourcing local environment...
## Starting test (args: --loss-chance 50 --nodes 100 gossip push-pull 40 70)...
INFO:root:total: 9017 msgs, discarded: 4587 msgs
INFO:root:expected: 0.500000, actual: 0.508706
INFO:root:SUCCEED in dissemination: (1/500) rounds
# ok: test finished successfully
#####################################################################
# Test #5: PROTO: gossip; LOSS: 50%; ARGS: push-pull 40 70
## Sourcing local environment...
## Starting test (args: --loss-chance 50 --nodes 100 gossip push-pull 40 70)...
INFO:root:total: 8997 msgs, discarded: 4565 msgs
INFO:root:expected: 0.500000, actual: 0.507391
INFO:root:SUCCEED in dissemination: (1/500) rounds
# ok: test finished successfully
#####################################################################
# Test #6: PROTO: gossip; LOSS: 50%; ARGS: push-pull 40 70
## Sourcing local environment...
## Starting test (args: --loss-chance 50 --nodes 100 gossip push-pull 40 70)...
INFO:root:total: 8999 msgs, discarded: 4523 msgs
INFO:root:expected: 0.500000, actual: 0.502611
INFO:root:SUCCEED in dissemination: (1/500) rounds
# ok: test finished successfully
#####################################################################
# Test #7: PROTO: gossip; LOSS: 50%; ARGS: push-pull 40 70
## Sourcing local environment...
## Starting test (args: --loss-chance 50 --nodes 100 gossip push-pull 40 70)...
INFO:root:total: 9015 msgs, discarded: 4551 msgs
INFO:root:expected: 0.500000, actual: 0.504825
INFO:root:SUCCEED in dissemination: (1/500) rounds
# ok: test finished successfully
#####################################################################
# Test #8: PROTO: gossip; LOSS: 50%; ARGS: push-pull 40 70
## Sourcing local environment...
## Starting test (args: --loss-chance 50 --nodes 100 gossip push-pull 40 70)...
INFO:root:total: 9048 msgs, discarded: 4534 msgs
INFO:root:expected: 0.500000, actual: 0.501105
INFO:root:SUCCEED in dissemination: (1/500) rounds
# ok: test finished successfully
#####################################################################
# Test #9: PROTO: gossip; LOSS: 50%; ARGS: push-pull 40 70
## Sourcing local environment...
## Starting test (args: --loss-chance 50 --nodes 100 gossip push-pull 40 70)...
INFO:root:total: 8936 msgs, discarded: 4418 msgs
INFO:root:expected: 0.500000, actual: 0.494405
INFO:root:SUCCEED in dissemination: (1/500) rounds
# ok: test finished successfully
#####################################################################
