# Test #0: PROTO: gossip; LOSS: 50%; ARGS: push-pull 5 55
## Sourcing local environment...
## Starting test (args: --loss-chance 50 --nodes 100 gossip push-pull 5 55)...
INFO:root:total: 7169 msgs, discarded: 3577 msgs
INFO:root:expected: 0.500000, actual: 0.498954
INFO:root:SUCCEED in dissemination: (2/1000) rounds
# ok: test finished successfully
#####################################################################
# Test #1: PROTO: gossip; LOSS: 50%; ARGS: push-pull 5 55
## Sourcing local environment...
## Starting test (args: --loss-chance 50 --nodes 100 gossip push-pull 5 55)...
INFO:root:total: 7057 msgs, discarded: 3561 msgs
INFO:root:expected: 0.500000, actual: 0.504605
INFO:root:SUCCEED in dissemination: (2/1000) rounds
# ok: test finished successfully
#####################################################################
# Test #2: PROTO: gossip; LOSS: 50%; ARGS: push-pull 5 55
## Sourcing local environment...
## Starting test (args: --loss-chance 50 --nodes 100 gossip push-pull 5 55)...
INFO:root:total: 6829 msgs, discarded: 3411 msgs
INFO:root:expected: 0.500000, actual: 0.499487
INFO:root:SUCCEED in dissemination: (1/1000) rounds
# ok: test finished successfully
#####################################################################
# Test #3: PROTO: gossip; LOSS: 50%; ARGS: push-pull 5 55
## Sourcing local environment...
## Starting test (args: --loss-chance 50 --nodes 100 gossip push-pull 5 55)...
INFO:root:total: 7918 msgs, discarded: 4009 msgs
INFO:root:expected: 0.500000, actual: 0.506315
INFO:root:SUCCEED in dissemination: (2/1000) rounds
# ok: test finished successfully
#####################################################################
# Test #4: PROTO: gossip; LOSS: 50%; ARGS: push-pull 5 55
## Sourcing local environment...
## Starting test (args: --loss-chance 50 --nodes 100 gossip push-pull 5 55)...
INFO:root:total: 7524 msgs, discarded: 3796 msgs
INFO:root:expected: 0.500000, actual: 0.504519
INFO:root:SUCCEED in dissemination: (2/1000) rounds
# ok: test finished successfully
#####################################################################
# Test #5: PROTO: gossip; LOSS: 50%; ARGS: push-pull 5 55
## Sourcing local environment...
## Starting test (args: --loss-chance 50 --nodes 100 gossip push-pull 5 55)...
INFO:root:total: 7283 msgs, discarded: 3700 msgs
INFO:root:expected: 0.500000, actual: 0.508032
INFO:root:SUCCEED in dissemination: (2/1000) rounds
# ok: test finished successfully
#####################################################################
# Test #6: PROTO: gossip; LOSS: 50%; ARGS: push-pull 5 55
## Sourcing local environment...
## Starting test (args: --loss-chance 50 --nodes 100 gossip push-pull 5 55)...
INFO:root:total: 7390 msgs, discarded: 3729 msgs
INFO:root:expected: 0.500000, actual: 0.504601
INFO:root:SUCCEED in dissemination: (2/1000) rounds
# ok: test finished successfully
#####################################################################
# Test #7: PROTO: gossip; LOSS: 50%; ARGS: push-pull 5 55
## Sourcing local environment...
## Starting test (args: --loss-chance 50 --nodes 100 gossip push-pull 5 55)...
INFO:root:total: 7100 msgs, discarded: 3591 msgs
INFO:root:expected: 0.500000, actual: 0.505775
INFO:root:SUCCEED in dissemination: (2/1000) rounds
# ok: test finished successfully
#####################################################################
# Test #8: PROTO: gossip; LOSS: 50%; ARGS: push-pull 5 55
## Sourcing local environment...
## Starting test (args: --loss-chance 50 --nodes 100 gossip push-pull 5 55)...
INFO:root:total: 7085 msgs, discarded: 3521 msgs
INFO:root:expected: 0.500000, actual: 0.496965
INFO:root:SUCCEED in dissemination: (2/1000) rounds
# ok: test finished successfully
#####################################################################
# Test #9: PROTO: gossip; LOSS: 50%; ARGS: push-pull 5 55
## Sourcing local environment...
## Starting test (args: --loss-chance 50 --nodes 100 gossip push-pull 5 55)...
INFO:root:total: 7370 msgs, discarded: 3600 msgs
INFO:root:expected: 0.500000, actual: 0.488467
INFO:root:SUCCEED in dissemination: (2/1000) rounds
# ok: test finished successfully
#####################################################################
