# Test #0: PROTO: gossip; LOSS: 50%; ARGS: push-pull 30 30
## Sourcing local environment...
## Starting test (args: --loss-chance 50 --nodes 100 gossip push-pull 30 30)...
INFO:root:total: 4449 msgs, discarded: 2240 msgs
INFO:root:expected: 0.500000, actual: 0.503484
INFO:root:SUCCEED in dissemination: (2/1000) rounds
# ok: test finished successfully
#####################################################################
# Test #1: PROTO: gossip; LOSS: 50%; ARGS: push-pull 30 30
## Sourcing local environment...
## Starting test (args: --loss-chance 50 --nodes 100 gossip push-pull 30 30)...
INFO:root:total: 4463 msgs, discarded: 2285 msgs
INFO:root:expected: 0.500000, actual: 0.511987
INFO:root:SUCCEED in dissemination: (2/1000) rounds
# ok: test finished successfully
#####################################################################
# Test #2: PROTO: gossip; LOSS: 50%; ARGS: push-pull 30 30
## Sourcing local environment...
## Starting test (args: --loss-chance 50 --nodes 100 gossip push-pull 30 30)...
INFO:root:total: 4496 msgs, discarded: 2209 msgs
INFO:root:expected: 0.500000, actual: 0.491326
INFO:root:SUCCEED in dissemination: (2/1000) rounds
# ok: test finished successfully
#####################################################################
# Test #3: PROTO: gossip; LOSS: 50%; ARGS: push-pull 30 30
## Sourcing local environment...
## Starting test (args: --loss-chance 50 --nodes 100 gossip push-pull 30 30)...
INFO:root:total: 4515 msgs, discarded: 2271 msgs
INFO:root:expected: 0.500000, actual: 0.502990
INFO:root:SUCCEED in dissemination: (2/1000) rounds
# ok: test finished successfully
#####################################################################
# Test #4: PROTO: gossip; LOSS: 50%; ARGS: push-pull 30 30
## Sourcing local environment...
## Starting test (args: --loss-chance 50 --nodes 100 gossip push-pull 30 30)...
INFO:root:total: 4457 msgs, discarded: 2266 msgs
INFO:root:expected: 0.500000, actual: 0.508414
INFO:root:SUCCEED in dissemination: (2/1000) rounds
# ok: test finished successfully
#####################################################################
# Test #5: PROTO: gossip; LOSS: 50%; ARGS: push-pull 30 30
## Sourcing local environment...
## Starting test (args: --loss-chance 50 --nodes 100 gossip push-pull 30 30)...
INFO:root:total: 4420 msgs, discarded: 2187 msgs
INFO:root:expected: 0.500000, actual: 0.494796
INFO:root:SUCCEED in dissemination: (2/1000) rounds
# ok: test finished successfully
#####################################################################
# Test #6: PROTO: gossip; LOSS: 50%; ARGS: push-pull 30 30
## Sourcing local environment...
## Starting test (args: --loss-chance 50 --nodes 100 gossip push-pull 30 30)...
INFO:root:total: 4611 msgs, discarded: 2277 msgs
INFO:root:expected: 0.500000, actual: 0.493819
INFO:root:SUCCEED in dissemination: (2/1000) rounds
# ok: test finished successfully
#####################################################################
# Test #7: PROTO: gossip; LOSS: 50%; ARGS: push-pull 30 30
## Sourcing local environment...
## Starting test (args: --loss-chance 50 --nodes 100 gossip push-pull 30 30)...
INFO:root:total: 4518 msgs, discarded: 2204 msgs
INFO:root:expected: 0.500000, actual: 0.487826
INFO:root:SUCCEED in dissemination: (2/1000) rounds
# ok: test finished successfully
#####################################################################
# Test #8: PROTO: gossip; LOSS: 50%; ARGS: push-pull 30 30
## Sourcing local environment...
## Starting test (args: --loss-chance 50 --nodes 100 gossip push-pull 30 30)...
INFO:root:total: 4366 msgs, discarded: 2177 msgs
INFO:root:expected: 0.500000, actual: 0.498626
INFO:root:SUCCEED in dissemination: (2/1000) rounds
# ok: test finished successfully
#####################################################################
# Test #9: PROTO: gossip; LOSS: 50%; ARGS: push-pull 30 30
## Sourcing local environment...
## Starting test (args: --loss-chance 50 --nodes 100 gossip push-pull 30 30)...
INFO:root:total: 4459 msgs, discarded: 2214 msgs
INFO:root:expected: 0.500000, actual: 0.496524
INFO:root:SUCCEED in dissemination: (2/1000) rounds
# ok: test finished successfully
#####################################################################
