# Test #0: PROTO: gossip; LOSS: 50%; ARGS: push-pull 80 55
## Sourcing local environment...
## Starting test (args: --loss-chance 50 --nodes 100 gossip push-pull 80 55)...
INFO:root:total: 7567 msgs, discarded: 3723 msgs
INFO:root:expected: 0.500000, actual: 0.492005
INFO:root:SUCCEED in dissemination: (1/2000) rounds
# ok: test finished successfully
#####################################################################
# Test #1: PROTO: gossip; LOSS: 50%; ARGS: push-pull 80 55
## Sourcing local environment...
## Starting test (args: --loss-chance 50 --nodes 100 gossip push-pull 80 55)...
INFO:root:total: 7543 msgs, discarded: 3661 msgs
INFO:root:expected: 0.500000, actual: 0.485351
INFO:root:SUCCEED in dissemination: (1/2000) rounds
# ok: test finished successfully
#####################################################################
# Test #2: PROTO: gossip; LOSS: 50%; ARGS: push-pull 80 55
## Sourcing local environment...
## Starting test (args: --loss-chance 50 --nodes 100 gossip push-pull 80 55)...
INFO:root:total: 7484 msgs, discarded: 3705 msgs
INFO:root:expected: 0.500000, actual: 0.495056
INFO:root:SUCCEED in dissemination: (1/2000) rounds
# ok: test finished successfully
#####################################################################
# Test #3: PROTO: gossip; LOSS: 50%; ARGS: push-pull 80 55
## Sourcing local environment...
## Starting test (args: --loss-chance 50 --nodes 100 gossip push-pull 80 55)...
INFO:root:total: 7548 msgs, discarded: 3683 msgs
INFO:root:expected: 0.500000, actual: 0.487944
INFO:root:SUCCEED in dissemination: (1/2000) rounds
# ok: test finished successfully
#####################################################################
# Test #4: PROTO: gossip; LOSS: 50%; ARGS: push-pull 80 55
## Sourcing local environment...
## Starting test (args: --loss-chance 50 --nodes 100 gossip push-pull 80 55)...
INFO:root:total: 7577 msgs, discarded: 3702 msgs
INFO:root:expected: 0.500000, actual: 0.488584
INFO:root:SUCCEED in dissemination: (1/2000) rounds
# ok: test finished successfully
#####################################################################
# Test #5: PROTO: gossip; LOSS: 50%; ARGS: push-pull 80 55
## Sourcing local environment...
## Starting test (args: --loss-chance 50 --nodes 100 gossip push-pull 80 55)...
INFO:root:total: 7534 msgs, discarded: 3756 msgs
INFO:root:expected: 0.500000, actual: 0.498540
INFO:root:SUCCEED in dissemination: (1/2000) rounds
# ok: test finished successfully
#####################################################################
# Test #6: PROTO: gossip; LOSS: 50%; ARGS: push-pull 80 55
## Sourcing local environment...
## Starting test (args: --loss-chance 50 --nodes 100 gossip push-pull 80 55)...
INFO:root:total: 7340 msgs, discarded: 3676 msgs
INFO:root:expected: 0.500000, actual: 0.500817
INFO:root:SUCCEED in dissemination: (1/2000) rounds
# ok: test finished successfully
#####################################################################
# Test #7: PROTO: gossip; LOSS: 50%; ARGS: push-pull 80 55
## Sourcing local environment...
## Starting test (args: --loss-chance 50 --nodes 100 gossip push-pull 80 55)...
INFO:root:total: 7567 msgs, discarded: 3699 msgs
INFO:root:expected: 0.500000, actual: 0.488833
INFO:root:SUCCEED in dissemination: (1/2000) rounds
# ok: test finished successfully
#####################################################################
# Test #8: PROTO: gossip; LOSS: 50%; ARGS: push-pull 80 55
## Sourcing local environment...
## Starting test (args: --loss-chance 50 --nodes 100 gossip push-pull 80 55)...
INFO:root:total: 7409 msgs, discarded: 3685 msgs
INFO:root:expected: 0.500000, actual: 0.497368
INFO:root:SUCCEED in dissemination: (1/2000) rounds
# ok: test finished successfully
#####################################################################
# Test #9: PROTO: gossip; LOSS: 50%; ARGS: push-pull 80 55
## Sourcing local environment...
## Starting test (args: --loss-chance 50 --nodes 100 gossip push-pull 80 55)...
INFO:root:total: 7451 msgs, discarded: 3657 msgs
INFO:root:expected: 0.500000, actual: 0.490807
INFO:root:SUCCEED in dissemination: (1/2000) rounds
# ok: test finished successfully
#####################################################################
