# Test #0: PROTO: gossip; LOSS: 50%; ARGS: pull 30
## Sourcing local environment...
## Starting test (args: --loss-chance 50 --nodes 100 gossip pull 30)...
INFO:root:total: 4637 msgs, discarded: 2342 msgs
INFO:root:expected: 0.500000, actual: 0.505068
INFO:root:SUCCEED in dissemination: (2/500) rounds
# ok: test finished successfully
#####################################################################
# Test #1: PROTO: gossip; LOSS: 50%; ARGS: pull 30
## Sourcing local environment...
## Starting test (args: --loss-chance 50 --nodes 100 gossip pull 30)...
INFO:root:total: 4440 msgs, discarded: 2198 msgs
INFO:root:expected: 0.500000, actual: 0.495045
INFO:root:SUCCEED in dissemination: (2/500) rounds
# ok: test finished successfully
#####################################################################
# Test #2: PROTO: gossip; LOSS: 50%; ARGS: pull 30
## Sourcing local environment...
## Starting test (args: --loss-chance 50 --nodes 100 gossip pull 30)...
INFO:root:total: 4322 msgs, discarded: 2104 msgs
INFO:root:expected: 0.500000, actual: 0.486812
INFO:root:SUCCEED in dissemination: (2/500) rounds
# ok: test finished successfully
#####################################################################
# Test #3: PROTO: gossip; LOSS: 50%; ARGS: pull 30
## Sourcing local environment...
## Starting test (args: --loss-chance 50 --nodes 100 gossip pull 30)...
INFO:root:total: 6167 msgs, discarded: 3108 msgs
INFO:root:expected: 0.500000, actual: 0.503973
INFO:root:SUCCEED in dissemination: (3/500) rounds
# ok: test finished successfully
#####################################################################
# Test #4: PROTO: gossip; LOSS: 50%; ARGS: pull 30
## Sourcing local environment...
## Starting test (args: --loss-chance 50 --nodes 100 gossip pull 30)...
INFO:root:total: 4198 msgs, discarded: 2059 msgs
INFO:root:expected: 0.500000, actual: 0.490472
INFO:root:SUCCEED in dissemination: (2/500) rounds
# ok: test finished successfully
#####################################################################
# Test #5: PROTO: gossip; LOSS: 50%; ARGS: pull 30
## Sourcing local environment...
## Starting test (args: --loss-chance 50 --nodes 100 gossip pull 30)...
INFO:root:total: 4462 msgs, discarded: 2212 msgs
INFO:root:expected: 0.500000, actual: 0.495742
INFO:root:SUCCEED in dissemination: (2/500) rounds
# ok: test finished successfully
#####################################################################
# Test #6: PROTO: gossip; LOSS: 50%; ARGS: pull 30
## Sourcing local environment...
## Starting test (args: --loss-chance 50 --nodes 100 gossip pull 30)...
INFO:root:total: 4810 msgs, discarded: 2379 msgs
INFO:root:expected: 0.500000, actual: 0.494595
INFO:root:SUCCEED in dissemination: (2/500) rounds
# ok: test finished successfully
#####################################################################
# Test #7: PROTO: gossip; LOSS: 50%; ARGS: pull 30
## Sourcing local environment...
## Starting test (args: --loss-chance 50 --nodes 100 gossip pull 30)...
INFO:root:total: 4342 msgs, discarded: 2172 msgs
INFO:root:expected: 0.500000, actual: 0.500230
INFO:root:SUCCEED in dissemination: (2/500) rounds
# ok: test finished successfully
#####################################################################
# Test #8: PROTO: gossip; LOSS: 50%; ARGS: pull 30
## Sourcing local environment...
## Starting test (args: --loss-chance 50 --nodes 100 gossip pull 30)...
INFO:root:total: 5189 msgs, discarded: 2561 msgs
INFO:root:expected: 0.500000, actual: 0.493544
INFO:root:SUCCEED in dissemination: (2/500) rounds
# ok: test finished successfully
#####################################################################
# Test #9: PROTO: gossip; LOSS: 50%; ARGS: pull 30
## Sourcing local environment...
## Starting test (args: --loss-chance 50 --nodes 100 gossip pull 30)...
INFO:root:total: 5456 msgs, discarded: 2707 msgs
INFO:root:expected: 0.500000, actual: 0.496151
INFO:root:SUCCEED in dissemination: (3/500) rounds
# ok: test finished successfully
#####################################################################
