# Test #0: PROTO: gossip; LOSS: 50%; ARGS: push-pull 40 40
## Sourcing local environment...
## Starting test (args: --loss-chance 50 --nodes 100 gossip push-pull 40 40)...
INFO:root:total: 6016 msgs, discarded: 2915 msgs
INFO:root:expected: 0.500000, actual: 0.484541
INFO:root:SUCCEED in dissemination: (2/500) rounds
# ok: test finished successfully
#####################################################################
# Test #1: PROTO: gossip; LOSS: 50%; ARGS: push-pull 40 40
## Sourcing local environment...
## Starting test (args: --loss-chance 50 --nodes 100 gossip push-pull 40 40)...
INFO:root:total: 5175 msgs, discarded: 2567 msgs
INFO:root:expected: 0.500000, actual: 0.496039
INFO:root:SUCCEED in dissemination: (1/500) rounds
# ok: test finished successfully
#####################################################################
# Test #2: PROTO: gossip; LOSS: 50%; ARGS: push-pull 40 40
## Sourcing local environment...
## Starting test (args: --loss-chance 50 --nodes 100 gossip push-pull 40 40)...
INFO:root:total: 5231 msgs, discarded: 2555 msgs
INFO:root:expected: 0.500000, actual: 0.488434
INFO:root:SUCCEED in dissemination: (1/500) rounds
# ok: test finished successfully
#####################################################################
# Test #3: PROTO: gossip; LOSS: 50%; ARGS: push-pull 40 40
## Sourcing local environment...
## Starting test (args: --loss-chance 50 --nodes 100 gossip push-pull 40 40)...
INFO:root:total: 6228 msgs, discarded: 3192 msgs
INFO:root:expected: 0.500000, actual: 0.512524
INFO:root:SUCCEED in dissemination: (2/500) rounds
# ok: test finished successfully
#####################################################################
# Test #4: PROTO: gossip; LOSS: 50%; ARGS: push-pull 40 40
## Sourcing local environment...
## Starting test (args: --loss-chance 50 --nodes 100 gossip push-pull 40 40)...
INFO:root:total: 6028 msgs, discarded: 3038 msgs
INFO:root:expected: 0.500000, actual: 0.503981
INFO:root:SUCCEED in dissemination: (2/500) rounds
# ok: test finished successfully
#####################################################################
# Test #5: PROTO: gossip; LOSS: 50%; ARGS: push-pull 40 40
## Sourcing local environment...
## Starting test (args: --loss-chance 50 --nodes 100 gossip push-pull 40 40)...
INFO:root:total: 5959 msgs, discarded: 2989 msgs
INFO:root:expected: 0.500000, actual: 0.501594
INFO:root:SUCCEED in dissemination: (2/500) rounds
# ok: test finished successfully
#####################################################################
# Test #6: PROTO: gossip; LOSS: 50%; ARGS: push-pull 40 40
## Sourcing local environment...
## Starting test (args: --loss-chance 50 --nodes 100 gossip push-pull 40 40)...
INFO:root:total: 6111 msgs, discarded: 3047 msgs
INFO:root:expected: 0.500000, actual: 0.498609
INFO:root:SUCCEED in dissemination: (2/500) rounds
# ok: test finished successfully
#####################################################################
# Test #7: PROTO: gossip; LOSS: 50%; ARGS: push-pull 40 40
## Sourcing local environment...
## Starting test (args: --loss-chance 50 --nodes 100 gossip push-pull 40 40)...
INFO:root:total: 5259 msgs, discarded: 2569 msgs
INFO:root:expected: 0.500000, actual: 0.488496
INFO:root:SUCCEED in dissemination: (1/500) rounds
# ok: test finished successfully
#####################################################################
# Test #8: PROTO: gossip; LOSS: 50%; ARGS: push-pull 40 40
## Sourcing local environment...
## Starting test (args: --loss-chance 50 --nodes 100 gossip push-pull 40 40)...
INFO:root:total: 5936 msgs, discarded: 3001 msgs
INFO:root:expected: 0.500000, actual: 0.505559
INFO:root:SUCCEED in dissemination: (2/500) rounds
# ok: test finished successfully
#####################################################################
# Test #9: PROTO: gossip; LOSS: 50%; ARGS: push-pull 40 40
## Sourcing local environment...
## Starting test (args: --loss-chance 50 --nodes 100 gossip push-pull 40 40)...
INFO:root:total: 6266 msgs, discarded: 3140 msgs
INFO:root:expected: 0.500000, actual: 0.501117
INFO:root:SUCCEED in dissemination: (2/500) rounds
# ok: test finished successfully
#####################################################################
