# Test #0: PROTO: gossip; LOSS: 50%; ARGS: push-pull 80 30
## Sourcing local environment...
## Starting test (args: --loss-chance 50 --nodes 100 gossip push-pull 80 30)...
INFO:root:total: 4125 msgs, discarded: 2043 msgs
INFO:root:expected: 0.500000, actual: 0.495273
INFO:root:SUCCEED in dissemination: (1/2000) rounds
# ok: test finished successfully
#####################################################################
# Test #1: PROTO: gossip; LOSS: 50%; ARGS: push-pull 80 30
## Sourcing local environment...
## Starting test (args: --loss-chance 50 --nodes 100 gossip push-pull 80 30)...
INFO:root:total: 4008 msgs, discarded: 2039 msgs
INFO:root:expected: 0.500000, actual: 0.508733
INFO:root:SUCCEED in dissemination: (1/2000) rounds
# ok: test finished successfully
#####################################################################
# Test #2: PROTO: gossip; LOSS: 50%; ARGS: push-pull 80 30
## Sourcing local environment...
## Starting test (args: --loss-chance 50 --nodes 100 gossip push-pull 80 30)...
INFO:root:total: 6865 msgs, discarded: 3385 msgs
INFO:root:expected: 0.500000, actual: 0.493081
INFO:root:SUCCEED in dissemination: (2/2000) rounds
# ok: test finished successfully
#####################################################################
# Test #3: PROTO: gossip; LOSS: 50%; ARGS: push-pull 80 30
## Sourcing local environment...
## Starting test (args: --loss-chance 50 --nodes 100 gossip push-pull 80 30)...
INFO:root:total: 4104 msgs, discarded: 2051 msgs
INFO:root:expected: 0.500000, actual: 0.499756
INFO:root:SUCCEED in dissemination: (1/2000) rounds
# ok: test finished successfully
#####################################################################
# Test #4: PROTO: gossip; LOSS: 50%; ARGS: push-pull 80 30
## Sourcing local environment...
## Starting test (args: --loss-chance 50 --nodes 100 gossip push-pull 80 30)...
INFO:root:total: 4029 msgs, discarded: 2045 msgs
INFO:root:expected: 0.500000, actual: 0.507570
INFO:root:SUCCEED in dissemination: (1/2000) rounds
# ok: test finished successfully
#####################################################################
# Test #5: PROTO: gossip; LOSS: 50%; ARGS: push-pull 80 30
## Sourcing local environment...
## Starting test (args: --loss-chance 50 --nodes 100 gossip push-pull 80 30)...
INFO:root:total: 4153 msgs, discarded: 2063 msgs
INFO:root:expected: 0.500000, actual: 0.496749
INFO:root:SUCCEED in dissemination: (1/2000) rounds
# ok: test finished successfully
#####################################################################
# Test #6: PROTO: gossip; LOSS: 50%; ARGS: push-pull 80 30
## Sourcing local environment...
## Starting test (args: --loss-chance 50 --nodes 100 gossip push-pull 80 30)...
INFO:root:total: 4085 msgs, discarded: 2076 msgs
INFO:root:expected: 0.500000, actual: 0.508201
INFO:root:SUCCEED in dissemination: (1/2000) rounds
# ok: test finished successfully
#####################################################################
# Test #7: PROTO: gossip; LOSS: 50%; ARGS: push-pull 80 30
## Sourcing local environment...
## Starting test (args: --loss-chance 50 --nodes 100 gossip push-pull 80 30)...
INFO:root:total: 4072 msgs, discarded: 2024 msgs
INFO:root:expected: 0.500000, actual: 0.497053
INFO:root:SUCCEED in dissemination: (1/2000) rounds
# ok: test finished successfully
#####################################################################
# Test #8: PROTO: gossip; LOSS: 50%; ARGS: push-pull 80 30
## Sourcing local environment...
## Starting test (args: --loss-chance 50 --nodes 100 gossip push-pull 80 30)...
INFO:root:total: 7243 msgs, discarded: 3678 msgs
INFO:root:expected: 0.500000, actual: 0.507801
INFO:root:SUCCEED in dissemination: (2/2000) rounds
# ok: test finished successfully
#####################################################################
# Test #9: PROTO: gossip; LOSS: 50%; ARGS: push-pull 80 30
## Sourcing local environment...
## Starting test (args: --loss-chance 50 --nodes 100 gossip push-pull 80 30)...
INFO:root:total: 4085 msgs, discarded: 2078 msgs
INFO:root:expected: 0.500000, actual: 0.508690
INFO:root:SUCCEED in dissemination: (1/2000) rounds
# ok: test finished successfully
#####################################################################
