# Test #0: PROTO: gossip; LOSS: 50%; ARGS: push-pull 10 10
## Sourcing local environment...
## Starting test (args: --loss-chance 50 --nodes 100 gossip push-pull 10 10)...
INFO:root:total: 2593 msgs, discarded: 1297 msgs
INFO:root:expected: 0.500000, actual: 0.500193
INFO:root:SUCCEED in dissemination: (3/500) rounds
# ok: test finished successfully
#####################################################################
# Test #1: PROTO: gossip; LOSS: 50%; ARGS: push-pull 10 10
## Sourcing local environment...
## Starting test (args: --loss-chance 50 --nodes 100 gossip push-pull 10 10)...
INFO:root:total: 2610 msgs, discarded: 1258 msgs
INFO:root:expected: 0.500000, actual: 0.481992
INFO:root:SUCCEED in dissemination: (3/500) rounds
# ok: test finished successfully
#####################################################################
# Test #2: PROTO: gossip; LOSS: 50%; ARGS: push-pull 10 10
## Sourcing local environment...
## Starting test (args: --loss-chance 50 --nodes 100 gossip push-pull 10 10)...
INFO:root:total: 2585 msgs, discarded: 1304 msgs
INFO:root:expected: 0.500000, actual: 0.504449
INFO:root:SUCCEED in dissemination: (3/500) rounds
# ok: test finished successfully
#####################################################################
# Test #3: PROTO: gossip; LOSS: 50%; ARGS: push-pull 10 10
## Sourcing local environment...
## Starting test (args: --loss-chance 50 --nodes 100 gossip push-pull 10 10)...
INFO:root:total: 2627 msgs, discarded: 1259 msgs
INFO:root:expected: 0.500000, actual: 0.479254
INFO:root:SUCCEED in dissemination: (3/500) rounds
# ok: test finished successfully
#####################################################################
# Test #4: PROTO: gossip; LOSS: 50%; ARGS: push-pull 10 10
## Sourcing local environment...
## Starting test (args: --loss-chance 50 --nodes 100 gossip push-pull 10 10)...
INFO:root:total: 2710 msgs, discarded: 1374 msgs
INFO:root:expected: 0.500000, actual: 0.507011
INFO:root:SUCCEED in dissemination: (3/500) rounds
# ok: test finished successfully
#####################################################################
# Test #5: PROTO: gossip; LOSS: 50%; ARGS: push-pull 10 10
## Sourcing local environment...
## Starting test (args: --loss-chance 50 --nodes 100 gossip push-pull 10 10)...
INFO:root:total: 2716 msgs, discarded: 1371 msgs
INFO:root:expected: 0.500000, actual: 0.504786
INFO:root:SUCCEED in dissemination: (3/500) rounds
# ok: test finished successfully
#####################################################################
# Test #6: PROTO: gossip; LOSS: 50%; ARGS: push-pull 10 10
## Sourcing local environment...
## Starting test (args: --loss-chance 50 --nodes 100 gossip push-pull 10 10)...
INFO:root:total: 2590 msgs, discarded: 1315 msgs
INFO:root:expected: 0.500000, actual: 0.507722
INFO:root:SUCCEED in dissemination: (3/500) rounds
# ok: test finished successfully
#####################################################################
# Test #7: PROTO: gossip; LOSS: 50%; ARGS: push-pull 10 10
## Sourcing local environment...
## Starting test (args: --loss-chance 50 --nodes 100 gossip push-pull 10 10)...
INFO:root:total: 2561 msgs, discarded: 1260 msgs
INFO:root:expected: 0.500000, actual: 0.491995
INFO:root:SUCCEED in dissemination: (3/500) rounds
# ok: test finished successfully
#####################################################################
# Test #8: PROTO: gossip; LOSS: 50%; ARGS: push-pull 10 10
## Sourcing local environment...
## Starting test (args: --loss-chance 50 --nodes 100 gossip push-pull 10 10)...
INFO:root:total: 2585 msgs, discarded: 1288 msgs
INFO:root:expected: 0.500000, actual: 0.498259
INFO:root:SUCCEED in dissemination: (3/500) rounds
# ok: test finished successfully
#####################################################################
# Test #9: PROTO: gossip; LOSS: 50%; ARGS: push-pull 10 10
## Sourcing local environment...
## Starting test (args: --loss-chance 50 --nodes 100 gossip push-pull 10 10)...
INFO:root:total: 2720 msgs, discarded: 1364 msgs
INFO:root:expected: 0.500000, actual: 0.501471
INFO:root:SUCCEED in dissemination: (3/500) rounds
# ok: test finished successfully
#####################################################################
