# Test #0: PROTO: gossip; LOSS: 50%; ARGS: push-pull 55 80
## Sourcing local environment...
## Starting test (args: --loss-chance 50 --nodes 100 gossip push-pull 55 80)...
INFO:root:total: 10729 msgs, discarded: 5357 msgs
INFO:root:expected: 0.500000, actual: 0.499301
INFO:root:SUCCEED in dissemination: (1/2000) rounds
# ok: test finished successfully
#####################################################################
# Test #1: PROTO: gossip; LOSS: 50%; ARGS: push-pull 55 80
## Sourcing local environment...
## Starting test (args: --loss-chance 50 --nodes 100 gossip push-pull 55 80)...
INFO:root:total: 10466 msgs, discarded: 5250 msgs
INFO:root:expected: 0.500000, actual: 0.501624
INFO:root:SUCCEED in dissemination: (1/2000) rounds
# ok: test finished successfully
#####################################################################
# Test #2: PROTO: gossip; LOSS: 50%; ARGS: push-pull 55 80
## Sourcing local environment...
## Starting test (args: --loss-chance 50 --nodes 100 gossip push-pull 55 80)...
INFO:root:total: 10351 msgs, discarded: 5157 msgs
INFO:root:expected: 0.500000, actual: 0.498213
INFO:root:SUCCEED in dissemination: (1/2000) rounds
# ok: test finished successfully
#####################################################################
# Test #3: PROTO: gossip; LOSS: 50%; ARGS: push-pull 55 80
## Sourcing local environment...
## Starting test (args: --loss-chance 50 --nodes 100 gossip push-pull 55 80)...
INFO:root:total: 10439 msgs, discarded: 5286 msgs
INFO:root:expected: 0.500000, actual: 0.506370
INFO:root:SUCCEED in dissemination: (1/2000) rounds
# ok: test finished successfully
#####################################################################
# Test #4: PROTO: gossip; LOSS: 50%; ARGS: push-pull 55 80
## Sourcing local environment...
## Starting test (args: --loss-chance 50 --nodes 100 gossip push-pull 55 80)...
INFO:root:total: 10491 msgs, discarded: 5260 msgs
INFO:root:expected: 0.500000, actual: 0.501382
INFO:root:SUCCEED in dissemination: (1/2000) rounds
# ok: test finished successfully
#####################################################################
# Test #5: PROTO: gossip; LOSS: 50%; ARGS: push-pull 55 80
## Sourcing local environment...
## Starting test (args: --loss-chance 50 --nodes 100 gossip push-pull 55 80)...
INFO:root:total: 10525 msgs, discarded: 5223 msgs
INFO:root:expected: 0.500000, actual: 0.496247
INFO:root:SUCCEED in dissemination: (1/2000) rounds
# ok: test finished successfully
#####################################################################
# Test #6: PROTO: gossip; LOSS: 50%; ARGS: push-pull 55 80
## Sourcing local environment...
## Starting test (args: --loss-chance 50 --nodes 100 gossip push-pull 55 80)...
INFO:root:total: 10467 msgs, discarded: 5317 msgs
INFO:root:expected: 0.500000, actual: 0.507977
INFO:root:SUCCEED in dissemination: (1/2000) rounds
# ok: test finished successfully
#####################################################################
# Test #7: PROTO: gossip; LOSS: 50%; ARGS: push-pull 55 80
## Sourcing local environment...
## Starting test (args: --loss-chance 50 --nodes 100 gossip push-pull 55 80)...
INFO:root:total: 10520 msgs, discarded: 5299 msgs
INFO:root:expected: 0.500000, actual: 0.503707
INFO:root:SUCCEED in dissemination: (1/2000) rounds
# ok: test finished successfully
#####################################################################
# Test #8: PROTO: gossip; LOSS: 50%; ARGS: push-pull 55 80
## Sourcing local environment...
## Starting test (args: --loss-chance 50 --nodes 100 gossip push-pull 55 80)...
INFO:root:total: 10535 msgs, discarded: 5342 msgs
INFO:root:expected: 0.500000, actual: 0.507072
INFO:root:SUCCEED in dissemination: (1/2000) rounds
# ok: test finished successfully
#####################################################################
# Test #9: PROTO: gossip; LOSS: 50%; ARGS: push-pull 55 80
## Sourcing local environment...
## Starting test (args: --loss-chance 50 --nodes 100 gossip push-pull 55 80)...
INFO:root:total: 10520 msgs, discarded: 5333 msgs
INFO:root:expected: 0.500000, actual: 0.506939
INFO:root:SUCCEED in dissemination: (1/2000) rounds
# ok: test finished successfully
#####################################################################
