# Test #0: PROTO: gossip; LOSS: 50%; ARGS: push-pull 30 80
## Sourcing local environment...
## Starting test (args: --loss-chance 50 --nodes 100 gossip push-pull 30 80)...
INFO:root:total: 10221 msgs, discarded: 5112 msgs
INFO:root:expected: 0.500000, actual: 0.500147
INFO:root:SUCCEED in dissemination: (1/2000) rounds
# ok: test finished successfully
#####################################################################
# Test #1: PROTO: gossip; LOSS: 50%; ARGS: push-pull 30 80
## Sourcing local environment...
## Starting test (args: --loss-chance 50 --nodes 100 gossip push-pull 30 80)...
INFO:root:total: 10242 msgs, discarded: 5178 msgs
INFO:root:expected: 0.500000, actual: 0.505565
INFO:root:SUCCEED in dissemination: (1/2000) rounds
# ok: test finished successfully
#####################################################################
# Test #2: PROTO: gossip; LOSS: 50%; ARGS: push-pull 30 80
## Sourcing local environment...
## Starting test (args: --loss-chance 50 --nodes 100 gossip push-pull 30 80)...
INFO:root:total: 10152 msgs, discarded: 5144 msgs
INFO:root:expected: 0.500000, actual: 0.506698
INFO:root:SUCCEED in dissemination: (1/2000) rounds
# ok: test finished successfully
#####################################################################
# Test #3: PROTO: gossip; LOSS: 50%; ARGS: push-pull 30 80
## Sourcing local environment...
## Starting test (args: --loss-chance 50 --nodes 100 gossip push-pull 30 80)...
INFO:root:total: 10278 msgs, discarded: 5193 msgs
INFO:root:expected: 0.500000, actual: 0.505254
INFO:root:SUCCEED in dissemination: (1/2000) rounds
# ok: test finished successfully
#####################################################################
# Test #4: PROTO: gossip; LOSS: 50%; ARGS: push-pull 30 80
## Sourcing local environment...
## Starting test (args: --loss-chance 50 --nodes 100 gossip push-pull 30 80)...
INFO:root:total: 10675 msgs, discarded: 5428 msgs
INFO:root:expected: 0.500000, actual: 0.508478
INFO:root:SUCCEED in dissemination: (2/2000) rounds
# ok: test finished successfully
#####################################################################
# Test #5: PROTO: gossip; LOSS: 50%; ARGS: push-pull 30 80
## Sourcing local environment...
## Starting test (args: --loss-chance 50 --nodes 100 gossip push-pull 30 80)...
INFO:root:total: 10202 msgs, discarded: 5063 msgs
INFO:root:expected: 0.500000, actual: 0.496275
INFO:root:SUCCEED in dissemination: (1/2000) rounds
# ok: test finished successfully
#####################################################################
# Test #6: PROTO: gossip; LOSS: 50%; ARGS: push-pull 30 80
## Sourcing local environment...
## Starting test (args: --loss-chance 50 --nodes 100 gossip push-pull 30 80)...
INFO:root:total: 10295 msgs, discarded: 5183 msgs
INFO:root:expected: 0.500000, actual: 0.503448
INFO:root:SUCCEED in dissemination: (1/2000) rounds
# ok: test finished successfully
#####################################################################
# Test #7: PROTO: gossip; LOSS: 50%; ARGS: push-pull 30 80
## Sourcing local environment...
## Starting test (args: --loss-chance 50 --nodes 100 gossip push-pull 30 80)...
INFO:root:total: 10739 msgs, discarded: 5408 msgs
INFO:root:expected: 0.500000, actual: 0.503585
INFO:root:SUCCEED in dissemination: (2/2000) rounds
# ok: test finished successfully
#####################################################################
# Test #8: PROTO: gossip; LOSS: 50%; ARGS: push-pull 30 80
## Sourcing local environment...
## Starting test (args: --loss-chance 50 --nodes 100 gossip push-pull 30 80)...
INFO:root:total: 10349 msgs, discarded: 5094 msgs
INFO:root:expected: 0.500000, actual: 0.492221
INFO:root:SUCCEED in dissemination: (1/2000) rounds
# ok: test finished successfully
#####################################################################
# Test #9: PROTO: gossip; LOSS: 50%; ARGS: push-pull 30 80
## Sourcing local environment...
## Starting test (args: --loss-chance 50 --nodes 100 gossip push-pull 30 80)...
INFO:root:total: 10209 msgs, discarded: 5078 msgs
INFO:root:expected: 0.500000, actual: 0.497404
INFO:root:SUCCEED in dissemination: (1/2000) rounds
# ok: test finished successfully
#####################################################################
