# Test #0: PROTO: gossip; LOSS: 50%; ARGS: push-pull 70 40
## Sourcing local environment...
## Starting test (args: --loss-chance 50 --nodes 100 gossip push-pull 70 40)...
INFO:root:total: 5441 msgs, discarded: 2731 msgs
INFO:root:expected: 0.500000, actual: 0.501930
INFO:root:SUCCEED in dissemination: (1/500) rounds
# ok: test finished successfully
#####################################################################
# Test #1: PROTO: gossip; LOSS: 50%; ARGS: push-pull 70 40
## Sourcing local environment...
## Starting test (args: --loss-chance 50 --nodes 100 gossip push-pull 70 40)...
INFO:root:total: 5278 msgs, discarded: 2733 msgs
INFO:root:expected: 0.500000, actual: 0.517810
INFO:root:SUCCEED in dissemination: (1/500) rounds
# ok: test finished successfully
#####################################################################
# Test #2: PROTO: gossip; LOSS: 50%; ARGS: push-pull 70 40
## Sourcing local environment...
## Starting test (args: --loss-chance 50 --nodes 100 gossip push-pull 70 40)...
INFO:root:total: 5306 msgs, discarded: 2652 msgs
INFO:root:expected: 0.500000, actual: 0.499812
INFO:root:SUCCEED in dissemination: (1/500) rounds
# ok: test finished successfully
#####################################################################
# Test #3: PROTO: gossip; LOSS: 50%; ARGS: push-pull 70 40
## Sourcing local environment...
## Starting test (args: --loss-chance 50 --nodes 100 gossip push-pull 70 40)...
INFO:root:total: 5428 msgs, discarded: 2670 msgs
INFO:root:expected: 0.500000, actual: 0.491894
INFO:root:SUCCEED in dissemination: (1/500) rounds
# ok: test finished successfully
#####################################################################
# Test #4: PROTO: gossip; LOSS: 50%; ARGS: push-pull 70 40
## Sourcing local environment...
## Starting test (args: --loss-chance 50 --nodes 100 gossip push-pull 70 40)...
INFO:root:total: 5457 msgs, discarded: 2696 msgs
INFO:root:expected: 0.500000, actual: 0.494044
INFO:root:SUCCEED in dissemination: (1/500) rounds
# ok: test finished successfully
#####################################################################
# Test #5: PROTO: gossip; LOSS: 50%; ARGS: push-pull 70 40
## Sourcing local environment...
## Starting test (args: --loss-chance 50 --nodes 100 gossip push-pull 70 40)...
INFO:root:total: 5368 msgs, discarded: 2678 msgs
INFO:root:expected: 0.500000, actual: 0.498882
INFO:root:SUCCEED in dissemination: (1/500) rounds
# ok: test finished successfully
#####################################################################
# Test #6: PROTO: gossip; LOSS: 50%; ARGS: push-pull 70 40
## Sourcing local environment...
## Starting test (args: --loss-chance 50 --nodes 100 gossip push-pull 70 40)...
INFO:root:total: 5351 msgs, discarded: 2685 msgs
INFO:root:expected: 0.500000, actual: 0.501775
INFO:root:SUCCEED in dissemination: (1/500) rounds
# ok: test finished successfully
#####################################################################
# Test #7: PROTO: gossip; LOSS: 50%; ARGS: push-pull 70 40
## Sourcing local environment...
## Starting test (args: --loss-chance 50 --nodes 100 gossip push-pull 70 40)...
INFO:root:total: 8603 msgs, discarded: 4248 msgs
INFO:root:expected: 0.500000, actual: 0.493781
INFO:root:SUCCEED in dissemination: (2/500) rounds
# ok: test finished successfully
#####################################################################
# Test #8: PROTO: gossip; LOSS: 50%; ARGS: push-pull 70 40
## Sourcing local environment...
## Starting test (args: --loss-chance 50 --nodes 100 gossip push-pull 70 40)...
INFO:root:total: 5385 msgs, discarded: 2639 msgs
INFO:root:expected: 0.500000, actual: 0.490065
INFO:root:SUCCEED in dissemination: (1/500) rounds
# ok: test finished successfully
#####################################################################
# Test #9: PROTO: gossip; LOSS: 50%; ARGS: push-pull 70 40
## Sourcing local environment...
## Starting test (args: --loss-chance 50 --nodes 100 gossip push-pull 70 40)...
INFO:root:total: 5343 msgs, discarded: 2654 msgs
INFO:root:expected: 0.500000, actual: 0.496725
INFO:root:SUCCEED in dissemination: (1/500) rounds
# ok: test finished successfully
#####################################################################
