# Test #0: PROTO: gossip; LOSS: 75%; ARGS: push-pull 70 70
## Sourcing local environment...
## Starting test (args: --loss-chance 75 --nodes 100 gossip push-pull 70 70)...
INFO:root:total: 10029 msgs, discarded: 7555 msgs
INFO:root:expected: 0.750000, actual: 0.753315
INFO:root:SUCCEED in dissemination: (2/500) rounds
# ok: test finished successfully
#####################################################################
# Test #1: PROTO: gossip; LOSS: 75%; ARGS: push-pull 70 70
## Sourcing local environment...
## Starting test (args: --loss-chance 75 --nodes 100 gossip push-pull 70 70)...
INFO:root:total: 10364 msgs, discarded: 7753 msgs
INFO:root:expected: 0.750000, actual: 0.748070
INFO:root:SUCCEED in dissemination: (2/500) rounds
# ok: test finished successfully
#####################################################################
# Test #2: PROTO: gossip; LOSS: 75%; ARGS: push-pull 70 70
## Sourcing local environment...
## Starting test (args: --loss-chance 75 --nodes 100 gossip push-pull 70 70)...
INFO:root:total: 10691 msgs, discarded: 8026 msgs
INFO:root:expected: 0.750000, actual: 0.750725
INFO:root:SUCCEED in dissemination: (2/500) rounds
# ok: test finished successfully
#####################################################################
# Test #3: PROTO: gossip; LOSS: 75%; ARGS: push-pull 70 70
## Sourcing local environment...
## Starting test (args: --loss-chance 75 --nodes 100 gossip push-pull 70 70)...
INFO:root:total: 10545 msgs, discarded: 7947 msgs
INFO:root:expected: 0.750000, actual: 0.753627
INFO:root:SUCCEED in dissemination: (2/500) rounds
# ok: test finished successfully
#####################################################################
# Test #4: PROTO: gossip; LOSS: 75%; ARGS: push-pull 70 70
## Sourcing local environment...
## Starting test (args: --loss-chance 75 --nodes 100 gossip push-pull 70 70)...
INFO:root:total: 10028 msgs, discarded: 7465 msgs
INFO:root:expected: 0.750000, actual: 0.744416
INFO:root:SUCCEED in dissemination: (2/500) rounds
# ok: test finished successfully
#####################################################################
# Test #5: PROTO: gossip; LOSS: 75%; ARGS: push-pull 70 70
## Sourcing local environment...
## Starting test (args: --loss-chance 75 --nodes 100 gossip push-pull 70 70)...
INFO:root:total: 10521 msgs, discarded: 7838 msgs
INFO:root:expected: 0.750000, actual: 0.744986
INFO:root:SUCCEED in dissemination: (2/500) rounds
# ok: test finished successfully
#####################################################################
# Test #6: PROTO: gossip; LOSS: 75%; ARGS: push-pull 70 70
## Sourcing local environment...
## Starting test (args: --loss-chance 75 --nodes 100 gossip push-pull 70 70)...
INFO:root:total: 10683 msgs, discarded: 7962 msgs
INFO:root:expected: 0.750000, actual: 0.745296
INFO:root:SUCCEED in dissemination: (2/500) rounds
# ok: test finished successfully
#####################################################################
# Test #7: PROTO: gossip; LOSS: 75%; ARGS: push-pull 70 70
## Sourcing local environment...
## Starting test (args: --loss-chance 75 --nodes 100 gossip push-pull 70 70)...
INFO:root:total: 10876 msgs, discarded: 8168 msgs
INFO:root:expected: 0.750000, actual: 0.751011
INFO:root:SUCCEED in dissemination: (2/500) rounds
# ok: test finished successfully
#####################################################################
# Test #8: PROTO: gossip; LOSS: 75%; ARGS: push-pull 70 70
## Sourcing local environment...
## Starting test (args: --loss-chance 75 --nodes 100 gossip push-pull 70 70)...
INFO:root:total: 9539 msgs, discarded: 7190 msgs
INFO:root:expected: 0.750000, actual: 0.753748
INFO:root:SUCCEED in dissemination: (2/500) rounds
# ok: test finished successfully
#####################################################################
# Test #9: PROTO: gossip; LOSS: 75%; ARGS: push-pull 70 70
## Sourcing local environment...
## Starting test (args: --loss-chance 75 --nodes 100 gossip push-pull 70 70)...
INFO:root:total: 10231 msgs, discarded: 7711 msgs
INFO:root:expected: 0.750000, actual: 0.753690
INFO:root:SUCCEED in dissemination: (2/500) rounds
# ok: test finished successfully
#####################################################################
