# Test #0: PROTO: gossip; LOSS: 75%; ARGS: push-pull 80 5
## Sourcing local environment...
## Starting test (args: --loss-chance 75 --nodes 100 gossip push-pull 80 5)...
INFO:root:total: 11099 msgs, discarded: 8351 msgs
INFO:root:expected: 0.750000, actual: 0.752410
INFO:root:SUCCEED in dissemination: (3/2000) rounds
# ok: test finished successfully
#####################################################################
# Test #1: PROTO: gossip; LOSS: 75%; ARGS: push-pull 80 5
## Sourcing local environment...
## Starting test (args: --loss-chance 75 --nodes 100 gossip push-pull 80 5)...
INFO:root:total: 10162 msgs, discarded: 7546 msgs
INFO:root:expected: 0.750000, actual: 0.742570
INFO:root:SUCCEED in dissemination: (3/2000) rounds
# ok: test finished successfully
#####################################################################
# Test #2: PROTO: gossip; LOSS: 75%; ARGS: push-pull 80 5
## Sourcing local environment...
## Starting test (args: --loss-chance 75 --nodes 100 gossip push-pull 80 5)...
INFO:root:total: 2454 msgs, discarded: 1831 msgs
INFO:root:expected: 0.750000, actual: 0.746129
INFO:root:SUCCEED in dissemination: (2/2000) rounds
# ok: test finished successfully
#####################################################################
# Test #3: PROTO: gossip; LOSS: 75%; ARGS: push-pull 80 5
## Sourcing local environment...
## Starting test (args: --loss-chance 75 --nodes 100 gossip push-pull 80 5)...
INFO:root:total: 2901 msgs, discarded: 2184 msgs
INFO:root:expected: 0.750000, actual: 0.752844
INFO:root:SUCCEED in dissemination: (2/2000) rounds
# ok: test finished successfully
#####################################################################
# Test #4: PROTO: gossip; LOSS: 75%; ARGS: push-pull 80 5
## Sourcing local environment...
## Starting test (args: --loss-chance 75 --nodes 100 gossip push-pull 80 5)...
INFO:root:total: 2800 msgs, discarded: 2117 msgs
INFO:root:expected: 0.750000, actual: 0.756071
INFO:root:SUCCEED in dissemination: (2/2000) rounds
# ok: test finished successfully
#####################################################################
# Test #5: PROTO: gossip; LOSS: 75%; ARGS: push-pull 80 5
## Sourcing local environment...
## Starting test (args: --loss-chance 75 --nodes 100 gossip push-pull 80 5)...
INFO:root:total: 10211 msgs, discarded: 7674 msgs
INFO:root:expected: 0.750000, actual: 0.751542
INFO:root:SUCCEED in dissemination: (3/2000) rounds
# ok: test finished successfully
#####################################################################
# Test #6: PROTO: gossip; LOSS: 75%; ARGS: push-pull 80 5
## Sourcing local environment...
## Starting test (args: --loss-chance 75 --nodes 100 gossip push-pull 80 5)...
INFO:root:total: 2650 msgs, discarded: 1967 msgs
INFO:root:expected: 0.750000, actual: 0.742264
INFO:root:SUCCEED in dissemination: (2/2000) rounds
# ok: test finished successfully
#####################################################################
# Test #7: PROTO: gossip; LOSS: 75%; ARGS: push-pull 80 5
## Sourcing local environment...
## Starting test (args: --loss-chance 75 --nodes 100 gossip push-pull 80 5)...
INFO:root:total: 2805 msgs, discarded: 2059 msgs
INFO:root:expected: 0.750000, actual: 0.734046
INFO:root:SUCCEED in dissemination: (2/2000) rounds
# ok: test finished successfully
#####################################################################
# Test #8: PROTO: gossip; LOSS: 75%; ARGS: push-pull 80 5
## Sourcing local environment...
## Starting test (args: --loss-chance 75 --nodes 100 gossip push-pull 80 5)...
INFO:root:total: 10148 msgs, discarded: 7626 msgs
INFO:root:expected: 0.750000, actual: 0.751478
INFO:root:SUCCEED in dissemination: (3/2000) rounds
# ok: test finished successfully
#####################################################################
# Test #9: PROTO: gossip; LOSS: 75%; ARGS: push-pull 80 5
## Sourcing local environment...
## Starting test (args: --loss-chance 75 --nodes 100 gossip push-pull 80 5)...
INFO:root:total: 9407 msgs, discarded: 7068 msgs
INFO:root:expected: 0.750000, actual: 0.751355
INFO:root:SUCCEED in dissemination: (3/2000) rounds
# ok: test finished successfully
#####################################################################
