# Test #0: PROTO: gossip; LOSS: 75%; ARGS: pull 55
## Sourcing local environment...
## Starting test (args: --loss-chance 75 --nodes 100 gossip pull 55)...
INFO:root:total: 12003 msgs, discarded: 9010 msgs
INFO:root:expected: 0.750000, actual: 0.750646
INFO:root:SUCCEED in dissemination: (3/500) rounds
# ok: test finished successfully
#####################################################################
# Test #1: PROTO: gossip; LOSS: 75%; ARGS: pull 55
## Sourcing local environment...
## Starting test (args: --loss-chance 75 --nodes 100 gossip pull 55)...
INFO:root:total: 12545 msgs, discarded: 9418 msgs
INFO:root:expected: 0.750000, actual: 0.750737
INFO:root:SUCCEED in dissemination: (4/500) rounds
# ok: test finished successfully
#####################################################################
# Test #2: PROTO: gossip; LOSS: 75%; ARGS: pull 55
## Sourcing local environment...
## Starting test (args: --loss-chance 75 --nodes 100 gossip pull 55)...
INFO:root:total: 14180 msgs, discarded: 10651 msgs
INFO:root:expected: 0.750000, actual: 0.751128
INFO:root:SUCCEED in dissemination: (5/500) rounds
# ok: test finished successfully
#####################################################################
# Test #3: PROTO: gossip; LOSS: 75%; ARGS: pull 55
## Sourcing local environment...
## Starting test (args: --loss-chance 75 --nodes 100 gossip pull 55)...
INFO:root:total: 12741 msgs, discarded: 9482 msgs
INFO:root:expected: 0.750000, actual: 0.744212
INFO:root:SUCCEED in dissemination: (4/500) rounds
# ok: test finished successfully
#####################################################################
# Test #4: PROTO: gossip; LOSS: 75%; ARGS: pull 55
## Sourcing local environment...
## Starting test (args: --loss-chance 75 --nodes 100 gossip pull 55)...
INFO:root:total: 10533 msgs, discarded: 7887 msgs
INFO:root:expected: 0.750000, actual: 0.748790
INFO:root:SUCCEED in dissemination: (3/500) rounds
# ok: test finished successfully
#####################################################################
# Test #5: PROTO: gossip; LOSS: 75%; ARGS: pull 55
## Sourcing local environment...
## Starting test (args: --loss-chance 75 --nodes 100 gossip pull 55)...
INFO:root:total: 10960 msgs, discarded: 8191 msgs
INFO:root:expected: 0.750000, actual: 0.747354
INFO:root:SUCCEED in dissemination: (4/500) rounds
# ok: test finished successfully
#####################################################################
# Test #6: PROTO: gossip; LOSS: 75%; ARGS: pull 55
## Sourcing local environment...
## Starting test (args: --loss-chance 75 --nodes 100 gossip pull 55)...
INFO:root:total: 13589 msgs, discarded: 10152 msgs
INFO:root:expected: 0.750000, actual: 0.747075
INFO:root:SUCCEED in dissemination: (4/500) rounds
# ok: test finished successfully
#####################################################################
# Test #7: PROTO: gossip; LOSS: 75%; ARGS: pull 55
## Sourcing local environment...
## Starting test (args: --loss-chance 75 --nodes 100 gossip pull 55)...
INFO:root:total: 10544 msgs, discarded: 7942 msgs
INFO:root:expected: 0.750000, actual: 0.753225
INFO:root:SUCCEED in dissemination: (4/500) rounds
# ok: test finished successfully
#####################################################################
# Test #8: PROTO: gossip; LOSS: 75%; ARGS: pull 55
## Sourcing local environment...
## Starting test (args: --loss-chance 75 --nodes 100 gossip pull 55)...
INFO:root:total: 11802 msgs, discarded: 8863 msgs
INFO:root:expected: 0.750000, actual: 0.750974
INFO:root:SUCCEED in dissemination: (3/500) rounds
# ok: test finished successfully
#####################################################################
# Test #9: PROTO: gossip; LOSS: 75%; ARGS: pull 55
## Sourcing local environment...
## Starting test (args: --loss-chance 75 --nodes 100 gossip pull 55)...
INFO:root:total: 10076 msgs, discarded: 7551 msgs
INFO:root:expected: 0.750000, actual: 0.749405
INFO:root:SUCCEED in dissemination: (3/500) rounds
# ok: test finished successfully
#####################################################################
