# Test #0: PROTO: gossip; LOSS: 75%; ARGS: push-pull 30 30
## Sourcing local environment...
## Starting test (args: --loss-chance 75 --nodes 100 gossip push-pull 30 30)...
INFO:root:total: 7570 msgs, discarded: 5689 msgs
INFO:root:expected: 0.750000, actual: 0.751519
INFO:root:SUCCEED in dissemination: (3/2000) rounds
# ok: test finished successfully
#####################################################################
# Test #1: PROTO: gossip; LOSS: 75%; ARGS: push-pull 30 30
## Sourcing local environment...
## Starting test (args: --loss-chance 75 --nodes 100 gossip push-pull 30 30)...
INFO:root:total: 7964 msgs, discarded: 5983 msgs
INFO:root:expected: 0.750000, actual: 0.751256
INFO:root:SUCCEED in dissemination: (3/2000) rounds
# ok: test finished successfully
#####################################################################
# Test #2: PROTO: gossip; LOSS: 75%; ARGS: push-pull 30 30
## Sourcing local environment...
## Starting test (args: --loss-chance 75 --nodes 100 gossip push-pull 30 30)...
INFO:root:total: 8318 msgs, discarded: 6275 msgs
INFO:root:expected: 0.750000, actual: 0.754388
INFO:root:SUCCEED in dissemination: (3/2000) rounds
# ok: test finished successfully
#####################################################################
# Test #3: PROTO: gossip; LOSS: 75%; ARGS: push-pull 30 30
## Sourcing local environment...
## Starting test (args: --loss-chance 75 --nodes 100 gossip push-pull 30 30)...
INFO:root:total: 7964 msgs, discarded: 5959 msgs
INFO:root:expected: 0.750000, actual: 0.748242
INFO:root:SUCCEED in dissemination: (3/2000) rounds
# ok: test finished successfully
#####################################################################
# Test #4: PROTO: gossip; LOSS: 75%; ARGS: push-pull 30 30
## Sourcing local environment...
## Starting test (args: --loss-chance 75 --nodes 100 gossip push-pull 30 30)...
INFO:root:total: 7846 msgs, discarded: 5858 msgs
INFO:root:expected: 0.750000, actual: 0.746622
INFO:root:SUCCEED in dissemination: (3/2000) rounds
# ok: test finished successfully
#####################################################################
# Test #5: PROTO: gossip; LOSS: 75%; ARGS: push-pull 30 30
## Sourcing local environment...
## Starting test (args: --loss-chance 75 --nodes 100 gossip push-pull 30 30)...
INFO:root:total: 7541 msgs, discarded: 5666 msgs
INFO:root:expected: 0.750000, actual: 0.751359
INFO:root:SUCCEED in dissemination: (3/2000) rounds
# ok: test finished successfully
#####################################################################
# Test #6: PROTO: gossip; LOSS: 75%; ARGS: push-pull 30 30
## Sourcing local environment...
## Starting test (args: --loss-chance 75 --nodes 100 gossip push-pull 30 30)...
INFO:root:total: 8337 msgs, discarded: 6301 msgs
INFO:root:expected: 0.750000, actual: 0.755787
INFO:root:SUCCEED in dissemination: (3/2000) rounds
# ok: test finished successfully
#####################################################################
# Test #7: PROTO: gossip; LOSS: 75%; ARGS: push-pull 30 30
## Sourcing local environment...
## Starting test (args: --loss-chance 75 --nodes 100 gossip push-pull 30 30)...
INFO:root:total: 8092 msgs, discarded: 6103 msgs
INFO:root:expected: 0.750000, actual: 0.754202
INFO:root:SUCCEED in dissemination: (3/2000) rounds
# ok: test finished successfully
#####################################################################
# Test #8: PROTO: gossip; LOSS: 75%; ARGS: push-pull 30 30
## Sourcing local environment...
## Starting test (args: --loss-chance 75 --nodes 100 gossip push-pull 30 30)...
INFO:root:total: 7747 msgs, discarded: 5829 msgs
INFO:root:expected: 0.750000, actual: 0.752420
INFO:root:SUCCEED in dissemination: (3/2000) rounds
# ok: test finished successfully
#####################################################################
# Test #9: PROTO: gossip; LOSS: 75%; ARGS: push-pull 30 30
## Sourcing local environment...
## Starting test (args: --loss-chance 75 --nodes 100 gossip push-pull 30 30)...
INFO:root:total: 7976 msgs, discarded: 5996 msgs
INFO:root:expected: 0.750000, actual: 0.751755
INFO:root:SUCCEED in dissemination: (3/2000) rounds
# ok: test finished successfully
#####################################################################
