# Test #0: PROTO: gossip; LOSS: 75%; ARGS: push-pull 5 30
## Sourcing local environment...
## Starting test (args: --loss-chance 75 --nodes 100 gossip push-pull 5 30)...
INFO:root:total: 9861 msgs, discarded: 7360 msgs
INFO:root:expected: 0.750000, actual: 0.746375
INFO:root:SUCCEED in dissemination: (5/1000) rounds
# ok: test finished successfully
#####################################################################
# Test #1: PROTO: gossip; LOSS: 75%; ARGS: push-pull 5 30
## Sourcing local environment...
## Starting test (args: --loss-chance 75 --nodes 100 gossip push-pull 5 30)...
INFO:root:total: 7588 msgs, discarded: 5703 msgs
INFO:root:expected: 0.750000, actual: 0.751581
INFO:root:SUCCEED in dissemination: (4/1000) rounds
# ok: test finished successfully
#####################################################################
# Test #2: PROTO: gossip; LOSS: 75%; ARGS: push-pull 5 30
## Sourcing local environment...
## Starting test (args: --loss-chance 75 --nodes 100 gossip push-pull 5 30)...
INFO:root:total: 8856 msgs, discarded: 6691 msgs
INFO:root:expected: 0.750000, actual: 0.755533
INFO:root:SUCCEED in dissemination: (5/1000) rounds
# ok: test finished successfully
#####################################################################
# Test #3: PROTO: gossip; LOSS: 75%; ARGS: push-pull 5 30
## Sourcing local environment...
## Starting test (args: --loss-chance 75 --nodes 100 gossip push-pull 5 30)...
INFO:root:total: 7543 msgs, discarded: 5642 msgs
INFO:root:expected: 0.750000, actual: 0.747978
INFO:root:SUCCEED in dissemination: (4/1000) rounds
# ok: test finished successfully
#####################################################################
# Test #4: PROTO: gossip; LOSS: 75%; ARGS: push-pull 5 30
## Sourcing local environment...
## Starting test (args: --loss-chance 75 --nodes 100 gossip push-pull 5 30)...
INFO:root:total: 11778 msgs, discarded: 8874 msgs
INFO:root:expected: 0.750000, actual: 0.753439
INFO:root:SUCCEED in dissemination: (6/1000) rounds
# ok: test finished successfully
#####################################################################
# Test #5: PROTO: gossip; LOSS: 75%; ARGS: push-pull 5 30
## Sourcing local environment...
## Starting test (args: --loss-chance 75 --nodes 100 gossip push-pull 5 30)...
INFO:root:total: 7454 msgs, discarded: 5565 msgs
INFO:root:expected: 0.750000, actual: 0.746579
INFO:root:SUCCEED in dissemination: (4/1000) rounds
# ok: test finished successfully
#####################################################################
# Test #6: PROTO: gossip; LOSS: 75%; ARGS: push-pull 5 30
## Sourcing local environment...
## Starting test (args: --loss-chance 75 --nodes 100 gossip push-pull 5 30)...
INFO:root:total: 8553 msgs, discarded: 6450 msgs
INFO:root:expected: 0.750000, actual: 0.754121
INFO:root:SUCCEED in dissemination: (5/1000) rounds
# ok: test finished successfully
#####################################################################
# Test #7: PROTO: gossip; LOSS: 75%; ARGS: push-pull 5 30
## Sourcing local environment...
## Starting test (args: --loss-chance 75 --nodes 100 gossip push-pull 5 30)...
INFO:root:total: 7931 msgs, discarded: 5977 msgs
INFO:root:expected: 0.750000, actual: 0.753625
INFO:root:SUCCEED in dissemination: (4/1000) rounds
# ok: test finished successfully
#####################################################################
# Test #8: PROTO: gossip; LOSS: 75%; ARGS: push-pull 5 30
## Sourcing local environment...
## Starting test (args: --loss-chance 75 --nodes 100 gossip push-pull 5 30)...
INFO:root:total: 8028 msgs, discarded: 6023 msgs
INFO:root:expected: 0.750000, actual: 0.750249
INFO:root:SUCCEED in dissemination: (4/1000) rounds
# ok: test finished successfully
#####################################################################
# Test #9: PROTO: gossip; LOSS: 75%; ARGS: push-pull 5 30
## Sourcing local environment...
## Starting test (args: --loss-chance 75 --nodes 100 gossip push-pull 5 30)...
INFO:root:total: 7676 msgs, discarded: 5755 msgs
INFO:root:expected: 0.750000, actual: 0.749739
INFO:root:SUCCEED in dissemination: (4/1000) rounds
# ok: test finished successfully
#####################################################################
