# Test #0: PROTO: gossip; LOSS: 75%; ARGS: push-pull 40 10
## Sourcing local environment...
## Starting test (args: --loss-chance 75 --nodes 100 gossip push-pull 40 10)...
INFO:root:total: 5856 msgs, discarded: 4439 msgs
INFO:root:expected: 0.750000, actual: 0.758026
INFO:root:SUCCEED in dissemination: (3/500) rounds
# ok: test finished successfully
#####################################################################
# Test #1: PROTO: gossip; LOSS: 75%; ARGS: push-pull 40 10
## Sourcing local environment...
## Starting test (args: --loss-chance 75 --nodes 100 gossip push-pull 40 10)...
INFO:root:total: 5535 msgs, discarded: 4109 msgs
INFO:root:expected: 0.750000, actual: 0.742367
INFO:root:SUCCEED in dissemination: (3/500) rounds
# ok: test finished successfully
#####################################################################
# Test #2: PROTO: gossip; LOSS: 75%; ARGS: push-pull 40 10
## Sourcing local environment...
## Starting test (args: --loss-chance 75 --nodes 100 gossip push-pull 40 10)...
INFO:root:total: 5471 msgs, discarded: 4134 msgs
INFO:root:expected: 0.750000, actual: 0.755621
INFO:root:SUCCEED in dissemination: (3/500) rounds
# ok: test finished successfully
#####################################################################
# Test #3: PROTO: gossip; LOSS: 75%; ARGS: push-pull 40 10
## Sourcing local environment...
## Starting test (args: --loss-chance 75 --nodes 100 gossip push-pull 40 10)...
INFO:root:total: 6393 msgs, discarded: 4798 msgs
INFO:root:expected: 0.750000, actual: 0.750508
INFO:root:SUCCEED in dissemination: (3/500) rounds
# ok: test finished successfully
#####################################################################
# Test #4: PROTO: gossip; LOSS: 75%; ARGS: push-pull 40 10
## Sourcing local environment...
## Starting test (args: --loss-chance 75 --nodes 100 gossip push-pull 40 10)...
INFO:root:total: 5075 msgs, discarded: 3780 msgs
INFO:root:expected: 0.750000, actual: 0.744828
INFO:root:SUCCEED in dissemination: (3/500) rounds
# ok: test finished successfully
#####################################################################
# Test #5: PROTO: gossip; LOSS: 75%; ARGS: push-pull 40 10
## Sourcing local environment...
## Starting test (args: --loss-chance 75 --nodes 100 gossip push-pull 40 10)...
INFO:root:total: 6031 msgs, discarded: 4542 msgs
INFO:root:expected: 0.750000, actual: 0.753109
INFO:root:SUCCEED in dissemination: (3/500) rounds
# ok: test finished successfully
#####################################################################
# Test #6: PROTO: gossip; LOSS: 75%; ARGS: push-pull 40 10
## Sourcing local environment...
## Starting test (args: --loss-chance 75 --nodes 100 gossip push-pull 40 10)...
INFO:root:total: 6039 msgs, discarded: 4531 msgs
INFO:root:expected: 0.750000, actual: 0.750290
INFO:root:SUCCEED in dissemination: (3/500) rounds
# ok: test finished successfully
#####################################################################
# Test #7: PROTO: gossip; LOSS: 75%; ARGS: push-pull 40 10
## Sourcing local environment...
## Starting test (args: --loss-chance 75 --nodes 100 gossip push-pull 40 10)...
INFO:root:total: 5274 msgs, discarded: 3955 msgs
INFO:root:expected: 0.750000, actual: 0.749905
INFO:root:SUCCEED in dissemination: (3/500) rounds
# ok: test finished successfully
#####################################################################
# Test #8: PROTO: gossip; LOSS: 75%; ARGS: push-pull 40 10
## Sourcing local environment...
## Starting test (args: --loss-chance 75 --nodes 100 gossip push-pull 40 10)...
INFO:root:total: 5548 msgs, discarded: 4240 msgs
INFO:root:expected: 0.750000, actual: 0.764239
INFO:root:SUCCEED in dissemination: (3/500) rounds
# ok: test finished successfully
#####################################################################
# Test #9: PROTO: gossip; LOSS: 75%; ARGS: push-pull 40 10
## Sourcing local environment...
## Starting test (args: --loss-chance 75 --nodes 100 gossip push-pull 40 10)...
INFO:root:total: 5416 msgs, discarded: 4084 msgs
INFO:root:expected: 0.750000, actual: 0.754062
INFO:root:SUCCEED in dissemination: (3/500) rounds
# ok: test finished successfully
#####################################################################
