# Test #0: PROTO: gossip; LOSS: 75%; ARGS: push-pull 5 80
## Sourcing local environment...
## Starting test (args: --loss-chance 75 --nodes 100 gossip push-pull 5 80)...
INFO:root:total: 11484 msgs, discarded: 8531 msgs
INFO:root:expected: 0.750000, actual: 0.742860
INFO:root:SUCCEED in dissemination: (2/2000) rounds
# ok: test finished successfully
#####################################################################
# Test #1: PROTO: gossip; LOSS: 75%; ARGS: push-pull 5 80
## Sourcing local environment...
## Starting test (args: --loss-chance 75 --nodes 100 gossip push-pull 5 80)...
INFO:root:total: 15029 msgs, discarded: 11255 msgs
INFO:root:expected: 0.750000, actual: 0.748885
INFO:root:SUCCEED in dissemination: (3/2000) rounds
# ok: test finished successfully
#####################################################################
# Test #2: PROTO: gossip; LOSS: 75%; ARGS: push-pull 5 80
## Sourcing local environment...
## Starting test (args: --loss-chance 75 --nodes 100 gossip push-pull 5 80)...
INFO:root:total: 11401 msgs, discarded: 8583 msgs
INFO:root:expected: 0.750000, actual: 0.752829
INFO:root:SUCCEED in dissemination: (2/2000) rounds
# ok: test finished successfully
#####################################################################
# Test #3: PROTO: gossip; LOSS: 75%; ARGS: push-pull 5 80
## Sourcing local environment...
## Starting test (args: --loss-chance 75 --nodes 100 gossip push-pull 5 80)...
INFO:root:total: 10063 msgs, discarded: 7551 msgs
INFO:root:expected: 0.750000, actual: 0.750373
INFO:root:SUCCEED in dissemination: (2/2000) rounds
# ok: test finished successfully
#####################################################################
# Test #4: PROTO: gossip; LOSS: 75%; ARGS: push-pull 5 80
## Sourcing local environment...
## Starting test (args: --loss-chance 75 --nodes 100 gossip push-pull 5 80)...
INFO:root:total: 13000 msgs, discarded: 9680 msgs
INFO:root:expected: 0.750000, actual: 0.744615
INFO:root:SUCCEED in dissemination: (2/2000) rounds
# ok: test finished successfully
#####################################################################
# Test #5: PROTO: gossip; LOSS: 75%; ARGS: push-pull 5 80
## Sourcing local environment...
## Starting test (args: --loss-chance 75 --nodes 100 gossip push-pull 5 80)...
INFO:root:total: 13943 msgs, discarded: 10504 msgs
INFO:root:expected: 0.750000, actual: 0.753353
INFO:root:SUCCEED in dissemination: (3/2000) rounds
# ok: test finished successfully
#####################################################################
# Test #6: PROTO: gossip; LOSS: 75%; ARGS: push-pull 5 80
## Sourcing local environment...
## Starting test (args: --loss-chance 75 --nodes 100 gossip push-pull 5 80)...
INFO:root:total: 11038 msgs, discarded: 8189 msgs
INFO:root:expected: 0.750000, actual: 0.741892
INFO:root:SUCCEED in dissemination: (2/2000) rounds
# ok: test finished successfully
#####################################################################
# Test #7: PROTO: gossip; LOSS: 75%; ARGS: push-pull 5 80
## Sourcing local environment...
## Starting test (args: --loss-chance 75 --nodes 100 gossip push-pull 5 80)...
INFO:root:total: 17346 msgs, discarded: 12992 msgs
INFO:root:expected: 0.750000, actual: 0.748991
INFO:root:SUCCEED in dissemination: (3/2000) rounds
# ok: test finished successfully
#####################################################################
# Test #8: PROTO: gossip; LOSS: 75%; ARGS: push-pull 5 80
## Sourcing local environment...
## Starting test (args: --loss-chance 75 --nodes 100 gossip push-pull 5 80)...
INFO:root:total: 13618 msgs, discarded: 10190 msgs
INFO:root:expected: 0.750000, actual: 0.748274
INFO:root:SUCCEED in dissemination: (3/2000) rounds
# ok: test finished successfully
#####################################################################
# Test #9: PROTO: gossip; LOSS: 75%; ARGS: push-pull 5 80
## Sourcing local environment...
## Starting test (args: --loss-chance 75 --nodes 100 gossip push-pull 5 80)...
INFO:root:total: 12495 msgs, discarded: 9342 msgs
INFO:root:expected: 0.750000, actual: 0.747659
INFO:root:SUCCEED in dissemination: (2/2000) rounds
# ok: test finished successfully
#####################################################################
