# Test #0: PROTO: gossip; LOSS: 75%; ARGS: push-pull 10 70
## Sourcing local environment...
## Starting test (args: --loss-chance 75 --nodes 100 gossip push-pull 10 70)...
INFO:root:total: 10436 msgs, discarded: 7766 msgs
INFO:root:expected: 0.750000, actual: 0.744155
INFO:root:SUCCEED in dissemination: (2/500) rounds
# ok: test finished successfully
#####################################################################
# Test #1: PROTO: gossip; LOSS: 75%; ARGS: push-pull 10 70
## Sourcing local environment...
## Starting test (args: --loss-chance 75 --nodes 100 gossip push-pull 10 70)...
INFO:root:total: 12370 msgs, discarded: 9254 msgs
INFO:root:expected: 0.750000, actual: 0.748100
INFO:root:SUCCEED in dissemination: (3/500) rounds
# ok: test finished successfully
#####################################################################
# Test #2: PROTO: gossip; LOSS: 75%; ARGS: push-pull 10 70
## Sourcing local environment...
## Starting test (args: --loss-chance 75 --nodes 100 gossip push-pull 10 70)...
INFO:root:total: 16151 msgs, discarded: 12069 msgs
INFO:root:expected: 0.750000, actual: 0.747260
INFO:root:SUCCEED in dissemination: (3/500) rounds
# ok: test finished successfully
#####################################################################
# Test #3: PROTO: gossip; LOSS: 75%; ARGS: push-pull 10 70
## Sourcing local environment...
## Starting test (args: --loss-chance 75 --nodes 100 gossip push-pull 10 70)...
INFO:root:total: 12094 msgs, discarded: 9106 msgs
INFO:root:expected: 0.750000, actual: 0.752935
INFO:root:SUCCEED in dissemination: (3/500) rounds
# ok: test finished successfully
#####################################################################
# Test #4: PROTO: gossip; LOSS: 75%; ARGS: push-pull 10 70
## Sourcing local environment...
## Starting test (args: --loss-chance 75 --nodes 100 gossip push-pull 10 70)...
INFO:root:total: 13304 msgs, discarded: 10041 msgs
INFO:root:expected: 0.750000, actual: 0.754735
INFO:root:SUCCEED in dissemination: (3/500) rounds
# ok: test finished successfully
#####################################################################
# Test #5: PROTO: gossip; LOSS: 75%; ARGS: push-pull 10 70
## Sourcing local environment...
## Starting test (args: --loss-chance 75 --nodes 100 gossip push-pull 10 70)...
INFO:root:total: 12135 msgs, discarded: 9178 msgs
INFO:root:expected: 0.750000, actual: 0.756325
INFO:root:SUCCEED in dissemination: (3/500) rounds
# ok: test finished successfully
#####################################################################
# Test #6: PROTO: gossip; LOSS: 75%; ARGS: push-pull 10 70
## Sourcing local environment...
## Starting test (args: --loss-chance 75 --nodes 100 gossip push-pull 10 70)...
INFO:root:total: 13798 msgs, discarded: 10276 msgs
INFO:root:expected: 0.750000, actual: 0.744746
INFO:root:SUCCEED in dissemination: (3/500) rounds
# ok: test finished successfully
#####################################################################
# Test #7: PROTO: gossip; LOSS: 75%; ARGS: push-pull 10 70
## Sourcing local environment...
## Starting test (args: --loss-chance 75 --nodes 100 gossip push-pull 10 70)...
INFO:root:total: 12697 msgs, discarded: 9468 msgs
INFO:root:expected: 0.750000, actual: 0.745688
INFO:root:SUCCEED in dissemination: (3/500) rounds
# ok: test finished successfully
#####################################################################
# Test #8: PROTO: gossip; LOSS: 75%; ARGS: push-pull 10 70
## Sourcing local environment...
## Starting test (args: --loss-chance 75 --nodes 100 gossip push-pull 10 70)...
INFO:root:total: 11813 msgs, discarded: 8875 msgs
INFO:root:expected: 0.750000, actual: 0.751291
INFO:root:SUCCEED in dissemination: (3/500) rounds
# ok: test finished successfully
#####################################################################
# Test #9: PROTO: gossip; LOSS: 75%; ARGS: push-pull 10 70
## Sourcing local environment...
## Starting test (args: --loss-chance 75 --nodes 100 gossip push-pull 10 70)...
INFO:root:total: 12970 msgs, discarded: 9763 msgs
INFO:root:expected: 0.750000, actual: 0.752737
INFO:root:SUCCEED in dissemination: (3/500) rounds
# ok: test finished successfully
#####################################################################
