# Test #0: PROTO: gossip; LOSS: 75%; ARGS: push-pull 5 55
## Sourcing local environment...
## Starting test (args: --loss-chance 75 --nodes 100 gossip push-pull 5 55)...
INFO:root:total: 11484 msgs, discarded: 8633 msgs
INFO:root:expected: 0.750000, actual: 0.751742
INFO:root:SUCCEED in dissemination: (3/1000) rounds
# ok: test finished successfully
#####################################################################
# Test #1: PROTO: gossip; LOSS: 75%; ARGS: push-pull 5 55
## Sourcing local environment...
## Starting test (args: --loss-chance 75 --nodes 100 gossip push-pull 5 55)...
INFO:root:total: 10139 msgs, discarded: 7550 msgs
INFO:root:expected: 0.750000, actual: 0.744649
INFO:root:SUCCEED in dissemination: (3/1000) rounds
# ok: test finished successfully
#####################################################################
# Test #2: PROTO: gossip; LOSS: 75%; ARGS: push-pull 5 55
## Sourcing local environment...
## Starting test (args: --loss-chance 75 --nodes 100 gossip push-pull 5 55)...
INFO:root:total: 11636 msgs, discarded: 8731 msgs
INFO:root:expected: 0.750000, actual: 0.750344
INFO:root:SUCCEED in dissemination: (3/1000) rounds
# ok: test finished successfully
#####################################################################
# Test #3: PROTO: gossip; LOSS: 75%; ARGS: push-pull 5 55
## Sourcing local environment...
## Starting test (args: --loss-chance 75 --nodes 100 gossip push-pull 5 55)...
INFO:root:total: 12309 msgs, discarded: 9348 msgs
INFO:root:expected: 0.750000, actual: 0.759444
INFO:root:SUCCEED in dissemination: (4/1000) rounds
# ok: test finished successfully
#####################################################################
# Test #4: PROTO: gossip; LOSS: 75%; ARGS: push-pull 5 55
## Sourcing local environment...
## Starting test (args: --loss-chance 75 --nodes 100 gossip push-pull 5 55)...
INFO:root:total: 10965 msgs, discarded: 8340 msgs
INFO:root:expected: 0.750000, actual: 0.760602
INFO:root:SUCCEED in dissemination: (4/1000) rounds
# ok: test finished successfully
#####################################################################
# Test #5: PROTO: gossip; LOSS: 75%; ARGS: push-pull 5 55
## Sourcing local environment...
## Starting test (args: --loss-chance 75 --nodes 100 gossip push-pull 5 55)...
INFO:root:total: 8634 msgs, discarded: 6412 msgs
INFO:root:expected: 0.750000, actual: 0.742645
INFO:root:SUCCEED in dissemination: (3/1000) rounds
# ok: test finished successfully
#####################################################################
# Test #6: PROTO: gossip; LOSS: 75%; ARGS: push-pull 5 55
## Sourcing local environment...
## Starting test (args: --loss-chance 75 --nodes 100 gossip push-pull 5 55)...
INFO:root:total: 8917 msgs, discarded: 6713 msgs
INFO:root:expected: 0.750000, actual: 0.752832
INFO:root:SUCCEED in dissemination: (3/1000) rounds
# ok: test finished successfully
#####################################################################
# Test #7: PROTO: gossip; LOSS: 75%; ARGS: push-pull 5 55
## Sourcing local environment...
## Starting test (args: --loss-chance 75 --nodes 100 gossip push-pull 5 55)...
INFO:root:total: 11066 msgs, discarded: 8275 msgs
INFO:root:expected: 0.750000, actual: 0.747786
INFO:root:SUCCEED in dissemination: (3/1000) rounds
# ok: test finished successfully
#####################################################################
# Test #8: PROTO: gossip; LOSS: 75%; ARGS: push-pull 5 55
## Sourcing local environment...
## Starting test (args: --loss-chance 75 --nodes 100 gossip push-pull 5 55)...
INFO:root:total: 10223 msgs, discarded: 7680 msgs
INFO:root:expected: 0.750000, actual: 0.751247
INFO:root:SUCCEED in dissemination: (3/1000) rounds
# ok: test finished successfully
#####################################################################
# Test #9: PROTO: gossip; LOSS: 75%; ARGS: push-pull 5 55
## Sourcing local environment...
## Starting test (args: --loss-chance 75 --nodes 100 gossip push-pull 5 55)...
INFO:root:total: 9514 msgs, discarded: 7092 msgs
INFO:root:expected: 0.750000, actual: 0.745428
INFO:root:SUCCEED in dissemination: (3/1000) rounds
# ok: test finished successfully
#####################################################################
