# Test #0: PROTO: gossip; LOSS: 75%; ARGS: push-pull 55 30
## Sourcing local environment...
## Starting test (args: --loss-chance 75 --nodes 100 gossip push-pull 55 30)...
INFO:root:total: 10978 msgs, discarded: 8314 msgs
INFO:root:expected: 0.750000, actual: 0.757333
INFO:root:SUCCEED in dissemination: (3/1000) rounds
# ok: test finished successfully
#####################################################################
# Test #1: PROTO: gossip; LOSS: 75%; ARGS: push-pull 55 30
## Sourcing local environment...
## Starting test (args: --loss-chance 75 --nodes 100 gossip push-pull 55 30)...
INFO:root:total: 10768 msgs, discarded: 8041 msgs
INFO:root:expected: 0.750000, actual: 0.746750
INFO:root:SUCCEED in dissemination: (3/1000) rounds
# ok: test finished successfully
#####################################################################
# Test #2: PROTO: gossip; LOSS: 75%; ARGS: push-pull 55 30
## Sourcing local environment...
## Starting test (args: --loss-chance 75 --nodes 100 gossip push-pull 55 30)...
INFO:root:total: 5842 msgs, discarded: 4382 msgs
INFO:root:expected: 0.750000, actual: 0.750086
INFO:root:SUCCEED in dissemination: (2/1000) rounds
# ok: test finished successfully
#####################################################################
# Test #3: PROTO: gossip; LOSS: 75%; ARGS: push-pull 55 30
## Sourcing local environment...
## Starting test (args: --loss-chance 75 --nodes 100 gossip push-pull 55 30)...
INFO:root:total: 5372 msgs, discarded: 3999 msgs
INFO:root:expected: 0.750000, actual: 0.744415
INFO:root:SUCCEED in dissemination: (2/1000) rounds
# ok: test finished successfully
#####################################################################
# Test #4: PROTO: gossip; LOSS: 75%; ARGS: push-pull 55 30
## Sourcing local environment...
## Starting test (args: --loss-chance 75 --nodes 100 gossip push-pull 55 30)...
INFO:root:total: 11408 msgs, discarded: 8542 msgs
INFO:root:expected: 0.750000, actual: 0.748773
INFO:root:SUCCEED in dissemination: (3/1000) rounds
# ok: test finished successfully
#####################################################################
# Test #5: PROTO: gossip; LOSS: 75%; ARGS: push-pull 55 30
## Sourcing local environment...
## Starting test (args: --loss-chance 75 --nodes 100 gossip push-pull 55 30)...
INFO:root:total: 10924 msgs, discarded: 8233 msgs
INFO:root:expected: 0.750000, actual: 0.753662
INFO:root:SUCCEED in dissemination: (3/1000) rounds
# ok: test finished successfully
#####################################################################
# Test #6: PROTO: gossip; LOSS: 75%; ARGS: push-pull 55 30
## Sourcing local environment...
## Starting test (args: --loss-chance 75 --nodes 100 gossip push-pull 55 30)...
INFO:root:total: 5637 msgs, discarded: 4226 msgs
INFO:root:expected: 0.750000, actual: 0.749690
INFO:root:SUCCEED in dissemination: (2/1000) rounds
# ok: test finished successfully
#####################################################################
# Test #7: PROTO: gossip; LOSS: 75%; ARGS: push-pull 55 30
## Sourcing local environment...
## Starting test (args: --loss-chance 75 --nodes 100 gossip push-pull 55 30)...
INFO:root:total: 6016 msgs, discarded: 4566 msgs
INFO:root:expected: 0.750000, actual: 0.758976
INFO:root:SUCCEED in dissemination: (2/1000) rounds
# ok: test finished successfully
#####################################################################
# Test #8: PROTO: gossip; LOSS: 75%; ARGS: push-pull 55 30
## Sourcing local environment...
## Starting test (args: --loss-chance 75 --nodes 100 gossip push-pull 55 30)...
INFO:root:total: 5508 msgs, discarded: 4072 msgs
INFO:root:expected: 0.750000, actual: 0.739288
INFO:root:SUCCEED in dissemination: (2/1000) rounds
# ok: test finished successfully
#####################################################################
# Test #9: PROTO: gossip; LOSS: 75%; ARGS: push-pull 55 30
## Sourcing local environment...
## Starting test (args: --loss-chance 75 --nodes 100 gossip push-pull 55 30)...
INFO:root:total: 5858 msgs, discarded: 4386 msgs
INFO:root:expected: 0.750000, actual: 0.748720
INFO:root:SUCCEED in dissemination: (2/1000) rounds
# ok: test finished successfully
#####################################################################
