# Test #0: PROTO: gossip; LOSS: 75%; ARGS: push-pull 70 40
## Sourcing local environment...
## Starting test (args: --loss-chance 75 --nodes 100 gossip push-pull 70 40)...
INFO:root:total: 7065 msgs, discarded: 5290 msgs
INFO:root:expected: 0.750000, actual: 0.748762
INFO:root:SUCCEED in dissemination: (2/500) rounds
# ok: test finished successfully
#####################################################################
# Test #1: PROTO: gossip; LOSS: 75%; ARGS: push-pull 70 40
## Sourcing local environment...
## Starting test (args: --loss-chance 75 --nodes 100 gossip push-pull 70 40)...
INFO:root:total: 7322 msgs, discarded: 5461 msgs
INFO:root:expected: 0.750000, actual: 0.745834
INFO:root:SUCCEED in dissemination: (2/500) rounds
# ok: test finished successfully
#####################################################################
# Test #2: PROTO: gossip; LOSS: 75%; ARGS: push-pull 70 40
## Sourcing local environment...
## Starting test (args: --loss-chance 75 --nodes 100 gossip push-pull 70 40)...
INFO:root:total: 14077 msgs, discarded: 10591 msgs
INFO:root:expected: 0.750000, actual: 0.752362
INFO:root:SUCCEED in dissemination: (3/500) rounds
# ok: test finished successfully
#####################################################################
# Test #3: PROTO: gossip; LOSS: 75%; ARGS: push-pull 70 40
## Sourcing local environment...
## Starting test (args: --loss-chance 75 --nodes 100 gossip push-pull 70 40)...
INFO:root:total: 6909 msgs, discarded: 5241 msgs
INFO:root:expected: 0.750000, actual: 0.758576
INFO:root:SUCCEED in dissemination: (2/500) rounds
# ok: test finished successfully
#####################################################################
# Test #4: PROTO: gossip; LOSS: 75%; ARGS: push-pull 70 40
## Sourcing local environment...
## Starting test (args: --loss-chance 75 --nodes 100 gossip push-pull 70 40)...
INFO:root:total: 7334 msgs, discarded: 5523 msgs
INFO:root:expected: 0.750000, actual: 0.753068
INFO:root:SUCCEED in dissemination: (2/500) rounds
# ok: test finished successfully
#####################################################################
# Test #5: PROTO: gossip; LOSS: 75%; ARGS: push-pull 70 40
## Sourcing local environment...
## Starting test (args: --loss-chance 75 --nodes 100 gossip push-pull 70 40)...
INFO:root:total: 7029 msgs, discarded: 5248 msgs
INFO:root:expected: 0.750000, actual: 0.746621
INFO:root:SUCCEED in dissemination: (2/500) rounds
# ok: test finished successfully
#####################################################################
# Test #6: PROTO: gossip; LOSS: 75%; ARGS: push-pull 70 40
## Sourcing local environment...
## Starting test (args: --loss-chance 75 --nodes 100 gossip push-pull 70 40)...
INFO:root:total: 7376 msgs, discarded: 5552 msgs
INFO:root:expected: 0.750000, actual: 0.752711
INFO:root:SUCCEED in dissemination: (2/500) rounds
# ok: test finished successfully
#####################################################################
# Test #7: PROTO: gossip; LOSS: 75%; ARGS: push-pull 70 40
## Sourcing local environment...
## Starting test (args: --loss-chance 75 --nodes 100 gossip push-pull 70 40)...
INFO:root:total: 7200 msgs, discarded: 5378 msgs
INFO:root:expected: 0.750000, actual: 0.746944
INFO:root:SUCCEED in dissemination: (2/500) rounds
# ok: test finished successfully
#####################################################################
# Test #8: PROTO: gossip; LOSS: 75%; ARGS: push-pull 70 40
## Sourcing local environment...
## Starting test (args: --loss-chance 75 --nodes 100 gossip push-pull 70 40)...
INFO:root:total: 7119 msgs, discarded: 5355 msgs
INFO:root:expected: 0.750000, actual: 0.752212
INFO:root:SUCCEED in dissemination: (2/500) rounds
# ok: test finished successfully
#####################################################################
# Test #9: PROTO: gossip; LOSS: 75%; ARGS: push-pull 70 40
## Sourcing local environment...
## Starting test (args: --loss-chance 75 --nodes 100 gossip push-pull 70 40)...
INFO:root:total: 7203 msgs, discarded: 5376 msgs
INFO:root:expected: 0.750000, actual: 0.746356
INFO:root:SUCCEED in dissemination: (2/500) rounds
# ok: test finished successfully
#####################################################################
