# Test #0: PROTO: gossip; LOSS: 75%; ARGS: push 30
## Sourcing local environment...
## Starting test (args: --loss-chance 75 --nodes 100 gossip push 30)...
INFO:root:total: 4710 msgs, discarded: 3530 msgs
INFO:root:expected: 0.750000, actual: 0.749469
INFO:root:SUCCEED in dissemination: (4/500) rounds
# ok: test finished successfully
#####################################################################
# Test #1: PROTO: gossip; LOSS: 75%; ARGS: push 30
## Sourcing local environment...
## Starting test (args: --loss-chance 75 --nodes 100 gossip push 30)...
INFO:root:total: 4710 msgs, discarded: 3600 msgs
INFO:root:expected: 0.750000, actual: 0.764331
INFO:root:SUCCEED in dissemination: (4/500) rounds
# ok: test finished successfully
#####################################################################
# Test #2: PROTO: gossip; LOSS: 75%; ARGS: push 30
## Sourcing local environment...
## Starting test (args: --loss-chance 75 --nodes 100 gossip push 30)...
INFO:root:total: 4950 msgs, discarded: 3747 msgs
INFO:root:expected: 0.750000, actual: 0.756970
INFO:root:SUCCEED in dissemination: (4/500) rounds
# ok: test finished successfully
#####################################################################
# Test #3: PROTO: gossip; LOSS: 75%; ARGS: push 30
## Sourcing local environment...
## Starting test (args: --loss-chance 75 --nodes 100 gossip push 30)...
INFO:root:total: 3570 msgs, discarded: 2703 msgs
INFO:root:expected: 0.750000, actual: 0.757143
INFO:root:SUCCEED in dissemination: (4/500) rounds
# ok: test finished successfully
#####################################################################
# Test #4: PROTO: gossip; LOSS: 75%; ARGS: push 30
## Sourcing local environment...
## Starting test (args: --loss-chance 75 --nodes 100 gossip push 30)...
INFO:root:total: 4740 msgs, discarded: 3558 msgs
INFO:root:expected: 0.750000, actual: 0.750633
INFO:root:SUCCEED in dissemination: (4/500) rounds
# ok: test finished successfully
#####################################################################
# Test #5: PROTO: gossip; LOSS: 75%; ARGS: push 30
## Sourcing local environment...
## Starting test (args: --loss-chance 75 --nodes 100 gossip push 30)...
INFO:root:total: 4110 msgs, discarded: 3054 msgs
INFO:root:expected: 0.750000, actual: 0.743066
INFO:root:SUCCEED in dissemination: (4/500) rounds
# ok: test finished successfully
#####################################################################
# Test #6: PROTO: gossip; LOSS: 75%; ARGS: push 30
## Sourcing local environment...
## Starting test (args: --loss-chance 75 --nodes 100 gossip push 30)...
INFO:root:total: 2160 msgs, discarded: 1618 msgs
INFO:root:expected: 0.750000, actual: 0.749074
INFO:root:SUCCEED in dissemination: (3/500) rounds
# ok: test finished successfully
#####################################################################
# Test #7: PROTO: gossip; LOSS: 75%; ARGS: push 30
## Sourcing local environment...
## Starting test (args: --loss-chance 75 --nodes 100 gossip push 30)...
INFO:root:total: 4650 msgs, discarded: 3474 msgs
INFO:root:expected: 0.750000, actual: 0.747097
INFO:root:SUCCEED in dissemination: (4/500) rounds
# ok: test finished successfully
#####################################################################
# Test #8: PROTO: gossip; LOSS: 75%; ARGS: push 30
## Sourcing local environment...
## Starting test (args: --loss-chance 75 --nodes 100 gossip push 30)...
INFO:root:total: 2430 msgs, discarded: 1818 msgs
INFO:root:expected: 0.750000, actual: 0.748148
INFO:root:SUCCEED in dissemination: (3/500) rounds
# ok: test finished successfully
#####################################################################
# Test #9: PROTO: gossip; LOSS: 75%; ARGS: push 30
## Sourcing local environment...
## Starting test (args: --loss-chance 75 --nodes 100 gossip push 30)...
INFO:root:total: 5280 msgs, discarded: 3908 msgs
INFO:root:expected: 0.750000, actual: 0.740152
INFO:root:SUCCEED in dissemination: (4/500) rounds
# ok: test finished successfully
#####################################################################
