# Test #0: PROTO: gossip; LOSS: 75%; ARGS: push-pull 30 5
## Sourcing local environment...
## Starting test (args: --loss-chance 75 --nodes 100 gossip push-pull 30 5)...
INFO:root:total: 2974 msgs, discarded: 2245 msgs
INFO:root:expected: 0.750000, actual: 0.754876
INFO:root:SUCCEED in dissemination: (3/2000) rounds
# ok: test finished successfully
#####################################################################
# Test #1: PROTO: gossip; LOSS: 75%; ARGS: push-pull 30 5
## Sourcing local environment...
## Starting test (args: --loss-chance 75 --nodes 100 gossip push-pull 30 5)...
INFO:root:total: 5944 msgs, discarded: 4428 msgs
INFO:root:expected: 0.750000, actual: 0.744953
INFO:root:SUCCEED in dissemination: (4/2000) rounds
# ok: test finished successfully
#####################################################################
# Test #2: PROTO: gossip; LOSS: 75%; ARGS: push-pull 30 5
## Sourcing local environment...
## Starting test (args: --loss-chance 75 --nodes 100 gossip push-pull 30 5)...
INFO:root:total: 2863 msgs, discarded: 2167 msgs
INFO:root:expected: 0.750000, actual: 0.756898
INFO:root:SUCCEED in dissemination: (3/2000) rounds
# ok: test finished successfully
#####################################################################
# Test #3: PROTO: gossip; LOSS: 75%; ARGS: push-pull 30 5
## Sourcing local environment...
## Starting test (args: --loss-chance 75 --nodes 100 gossip push-pull 30 5)...
INFO:root:total: 6049 msgs, discarded: 4523 msgs
INFO:root:expected: 0.750000, actual: 0.747727
INFO:root:SUCCEED in dissemination: (4/2000) rounds
# ok: test finished successfully
#####################################################################
# Test #4: PROTO: gossip; LOSS: 75%; ARGS: push-pull 30 5
## Sourcing local environment...
## Starting test (args: --loss-chance 75 --nodes 100 gossip push-pull 30 5)...
INFO:root:total: 3081 msgs, discarded: 2380 msgs
INFO:root:expected: 0.750000, actual: 0.772476
INFO:root:SUCCEED in dissemination: (3/2000) rounds
# ok: test finished successfully
#####################################################################
# Test #5: PROTO: gossip; LOSS: 75%; ARGS: push-pull 30 5
## Sourcing local environment...
## Starting test (args: --loss-chance 75 --nodes 100 gossip push-pull 30 5)...
INFO:root:total: 3879 msgs, discarded: 2921 msgs
INFO:root:expected: 0.750000, actual: 0.753029
INFO:root:SUCCEED in dissemination: (3/2000) rounds
# ok: test finished successfully
#####################################################################
# Test #6: PROTO: gossip; LOSS: 75%; ARGS: push-pull 30 5
## Sourcing local environment...
## Starting test (args: --loss-chance 75 --nodes 100 gossip push-pull 30 5)...
INFO:root:total: 3517 msgs, discarded: 2670 msgs
INFO:root:expected: 0.750000, actual: 0.759170
INFO:root:SUCCEED in dissemination: (3/2000) rounds
# ok: test finished successfully
#####################################################################
# Test #7: PROTO: gossip; LOSS: 75%; ARGS: push-pull 30 5
## Sourcing local environment...
## Starting test (args: --loss-chance 75 --nodes 100 gossip push-pull 30 5)...
INFO:root:total: 3440 msgs, discarded: 2627 msgs
INFO:root:expected: 0.750000, actual: 0.763663
INFO:root:SUCCEED in dissemination: (3/2000) rounds
# ok: test finished successfully
#####################################################################
# Test #8: PROTO: gossip; LOSS: 75%; ARGS: push-pull 30 5
## Sourcing local environment...
## Starting test (args: --loss-chance 75 --nodes 100 gossip push-pull 30 5)...
INFO:root:total: 3499 msgs, discarded: 2635 msgs
INFO:root:expected: 0.750000, actual: 0.753072
INFO:root:SUCCEED in dissemination: (3/2000) rounds
# ok: test finished successfully
#####################################################################
# Test #9: PROTO: gossip; LOSS: 75%; ARGS: push-pull 30 5
## Sourcing local environment...
## Starting test (args: --loss-chance 75 --nodes 100 gossip push-pull 30 5)...
INFO:root:total: 3626 msgs, discarded: 2710 msgs
INFO:root:expected: 0.750000, actual: 0.747380
INFO:root:SUCCEED in dissemination: (3/2000) rounds
# ok: test finished successfully
#####################################################################
