# Test #0: PROTO: gossip; LOSS: 75%; ARGS: push-pull 80 30
## Sourcing local environment...
## Starting test (args: --loss-chance 75 --nodes 100 gossip push-pull 80 30)...
INFO:root:total: 6414 msgs, discarded: 4855 msgs
INFO:root:expected: 0.750000, actual: 0.756938
INFO:root:SUCCEED in dissemination: (2/1000) rounds
# ok: test finished successfully
#####################################################################
# Test #1: PROTO: gossip; LOSS: 75%; ARGS: push-pull 80 30
## Sourcing local environment...
## Starting test (args: --loss-chance 75 --nodes 100 gossip push-pull 80 30)...
INFO:root:total: 6832 msgs, discarded: 5121 msgs
INFO:root:expected: 0.750000, actual: 0.749561
INFO:root:SUCCEED in dissemination: (2/1000) rounds
# ok: test finished successfully
#####################################################################
# Test #2: PROTO: gossip; LOSS: 75%; ARGS: push-pull 80 30
## Sourcing local environment...
## Starting test (args: --loss-chance 75 --nodes 100 gossip push-pull 80 30)...
INFO:root:total: 6623 msgs, discarded: 4971 msgs
INFO:root:expected: 0.750000, actual: 0.750566
INFO:root:SUCCEED in dissemination: (2/1000) rounds
# ok: test finished successfully
#####################################################################
# Test #3: PROTO: gossip; LOSS: 75%; ARGS: push-pull 80 30
## Sourcing local environment...
## Starting test (args: --loss-chance 75 --nodes 100 gossip push-pull 80 30)...
INFO:root:total: 6739 msgs, discarded: 5119 msgs
INFO:root:expected: 0.750000, actual: 0.759608
INFO:root:SUCCEED in dissemination: (2/1000) rounds
# ok: test finished successfully
#####################################################################
# Test #4: PROTO: gossip; LOSS: 75%; ARGS: push-pull 80 30
## Sourcing local environment...
## Starting test (args: --loss-chance 75 --nodes 100 gossip push-pull 80 30)...
INFO:root:total: 6297 msgs, discarded: 4702 msgs
INFO:root:expected: 0.750000, actual: 0.746705
INFO:root:SUCCEED in dissemination: (2/1000) rounds
# ok: test finished successfully
#####################################################################
# Test #5: PROTO: gossip; LOSS: 75%; ARGS: push-pull 80 30
## Sourcing local environment...
## Starting test (args: --loss-chance 75 --nodes 100 gossip push-pull 80 30)...
INFO:root:total: 6554 msgs, discarded: 4946 msgs
INFO:root:expected: 0.750000, actual: 0.754654
INFO:root:SUCCEED in dissemination: (2/1000) rounds
# ok: test finished successfully
#####################################################################
# Test #6: PROTO: gossip; LOSS: 75%; ARGS: push-pull 80 30
## Sourcing local environment...
## Starting test (args: --loss-chance 75 --nodes 100 gossip push-pull 80 30)...
INFO:root:total: 6087 msgs, discarded: 4528 msgs
INFO:root:expected: 0.750000, actual: 0.743880
INFO:root:SUCCEED in dissemination: (2/1000) rounds
# ok: test finished successfully
#####################################################################
# Test #7: PROTO: gossip; LOSS: 75%; ARGS: push-pull 80 30
## Sourcing local environment...
## Starting test (args: --loss-chance 75 --nodes 100 gossip push-pull 80 30)...
INFO:root:total: 7071 msgs, discarded: 5356 msgs
INFO:root:expected: 0.750000, actual: 0.757460
INFO:root:SUCCEED in dissemination: (2/1000) rounds
# ok: test finished successfully
#####################################################################
# Test #8: PROTO: gossip; LOSS: 75%; ARGS: push-pull 80 30
## Sourcing local environment...
## Starting test (args: --loss-chance 75 --nodes 100 gossip push-pull 80 30)...
INFO:root:total: 6578 msgs, discarded: 4905 msgs
INFO:root:expected: 0.750000, actual: 0.745667
INFO:root:SUCCEED in dissemination: (2/1000) rounds
# ok: test finished successfully
#####################################################################
# Test #9: PROTO: gossip; LOSS: 75%; ARGS: push-pull 80 30
## Sourcing local environment...
## Starting test (args: --loss-chance 75 --nodes 100 gossip push-pull 80 30)...
INFO:root:total: 6511 msgs, discarded: 4836 msgs
INFO:root:expected: 0.750000, actual: 0.742743
INFO:root:SUCCEED in dissemination: (2/1000) rounds
# ok: test finished successfully
#####################################################################
