# Test #0: PROTO: gossip; LOSS: 75%; ARGS: pull 5
## Sourcing local environment...
## Starting test (args: --loss-chance 75 --nodes 100 gossip pull 5)...
INFO:root:total: 8017 msgs, discarded: 6027 msgs
INFO:root:expected: 0.750000, actual: 0.751777
INFO:root:SUCCEED in dissemination: (35/2000) rounds
# ok: test finished successfully
#####################################################################
# Test #1: PROTO: gossip; LOSS: 75%; ARGS: pull 5
## Sourcing local environment...
## Starting test (args: --loss-chance 75 --nodes 100 gossip pull 5)...
INFO:root:total: 11840 msgs, discarded: 8936 msgs
INFO:root:expected: 0.750000, actual: 0.754730
INFO:root:SUCCEED in dissemination: (37/2000) rounds
# ok: test finished successfully
#####################################################################
# Test #2: PROTO: gossip; LOSS: 75%; ARGS: pull 5
## Sourcing local environment...
## Starting test (args: --loss-chance 75 --nodes 100 gossip pull 5)...
INFO:root:total: 9048 msgs, discarded: 6816 msgs
INFO:root:expected: 0.750000, actual: 0.753316
INFO:root:SUCCEED in dissemination: (35/2000) rounds
# ok: test finished successfully
#####################################################################
# Test #3: PROTO: gossip; LOSS: 75%; ARGS: pull 5
## Sourcing local environment...
## Starting test (args: --loss-chance 75 --nodes 100 gossip pull 5)...
INFO:root:total: 6410 msgs, discarded: 4815 msgs
INFO:root:expected: 0.750000, actual: 0.751170
INFO:root:SUCCEED in dissemination: (32/2000) rounds
# ok: test finished successfully
#####################################################################
# Test #4: PROTO: gossip; LOSS: 75%; ARGS: pull 5
## Sourcing local environment...
## Starting test (args: --loss-chance 75 --nodes 100 gossip pull 5)...
INFO:root:total: 8145 msgs, discarded: 6069 msgs
INFO:root:expected: 0.750000, actual: 0.745120
INFO:root:SUCCEED in dissemination: (29/2000) rounds
# ok: test finished successfully
#####################################################################
# Test #5: PROTO: gossip; LOSS: 75%; ARGS: pull 5
## Sourcing local environment...
## Starting test (args: --loss-chance 75 --nodes 100 gossip pull 5)...
INFO:root:total: 7255 msgs, discarded: 5426 msgs
INFO:root:expected: 0.750000, actual: 0.747898
INFO:root:SUCCEED in dissemination: (30/2000) rounds
# ok: test finished successfully
#####################################################################
# Test #6: PROTO: gossip; LOSS: 75%; ARGS: pull 5
## Sourcing local environment...
## Starting test (args: --loss-chance 75 --nodes 100 gossip pull 5)...
INFO:root:total: 8774 msgs, discarded: 6648 msgs
INFO:root:expected: 0.750000, actual: 0.757693
INFO:root:SUCCEED in dissemination: (35/2000) rounds
# ok: test finished successfully
#####################################################################
# Test #7: PROTO: gossip; LOSS: 75%; ARGS: pull 5
## Sourcing local environment...
## Starting test (args: --loss-chance 75 --nodes 100 gossip pull 5)...
INFO:root:total: 8317 msgs, discarded: 6210 msgs
INFO:root:expected: 0.750000, actual: 0.746663
INFO:root:SUCCEED in dissemination: (35/2000) rounds
# ok: test finished successfully
#####################################################################
# Test #8: PROTO: gossip; LOSS: 75%; ARGS: pull 5
## Sourcing local environment...
## Starting test (args: --loss-chance 75 --nodes 100 gossip pull 5)...
INFO:root:total: 8359 msgs, discarded: 6234 msgs
INFO:root:expected: 0.750000, actual: 0.745783
INFO:root:SUCCEED in dissemination: (28/2000) rounds
# ok: test finished successfully
#####################################################################
# Test #9: PROTO: gossip; LOSS: 75%; ARGS: pull 5
## Sourcing local environment...
## Starting test (args: --loss-chance 75 --nodes 100 gossip pull 5)...
INFO:root:total: 9351 msgs, discarded: 6989 msgs
INFO:root:expected: 0.750000, actual: 0.747407
INFO:root:SUCCEED in dissemination: (35/2000) rounds
# ok: test finished successfully
#####################################################################
