# Test #0: PROTO: gossip; LOSS: 75%; ARGS: push-pull 80 80
## Sourcing local environment...
## Starting test (args: --loss-chance 75 --nodes 100 gossip push-pull 80 80)...
INFO:root:total: 11173 msgs, discarded: 8337 msgs
INFO:root:expected: 0.750000, actual: 0.746174
INFO:root:SUCCEED in dissemination: (2/1000) rounds
# ok: test finished successfully
#####################################################################
# Test #1: PROTO: gossip; LOSS: 75%; ARGS: push-pull 80 80
## Sourcing local environment...
## Starting test (args: --loss-chance 75 --nodes 100 gossip push-pull 80 80)...
INFO:root:total: 11933 msgs, discarded: 8929 msgs
INFO:root:expected: 0.750000, actual: 0.748261
INFO:root:SUCCEED in dissemination: (2/1000) rounds
# ok: test finished successfully
#####################################################################
# Test #2: PROTO: gossip; LOSS: 75%; ARGS: push-pull 80 80
## Sourcing local environment...
## Starting test (args: --loss-chance 75 --nodes 100 gossip push-pull 80 80)...
INFO:root:total: 11397 msgs, discarded: 8523 msgs
INFO:root:expected: 0.750000, actual: 0.747828
INFO:root:SUCCEED in dissemination: (2/1000) rounds
# ok: test finished successfully
#####################################################################
# Test #3: PROTO: gossip; LOSS: 75%; ARGS: push-pull 80 80
## Sourcing local environment...
## Starting test (args: --loss-chance 75 --nodes 100 gossip push-pull 80 80)...
INFO:root:total: 10993 msgs, discarded: 8240 msgs
INFO:root:expected: 0.750000, actual: 0.749568
INFO:root:SUCCEED in dissemination: (2/1000) rounds
# ok: test finished successfully
#####################################################################
# Test #4: PROTO: gossip; LOSS: 75%; ARGS: push-pull 80 80
## Sourcing local environment...
## Starting test (args: --loss-chance 75 --nodes 100 gossip push-pull 80 80)...
INFO:root:total: 11384 msgs, discarded: 8536 msgs
INFO:root:expected: 0.750000, actual: 0.749824
INFO:root:SUCCEED in dissemination: (2/1000) rounds
# ok: test finished successfully
#####################################################################
# Test #5: PROTO: gossip; LOSS: 75%; ARGS: push-pull 80 80
## Sourcing local environment...
## Starting test (args: --loss-chance 75 --nodes 100 gossip push-pull 80 80)...
INFO:root:total: 11786 msgs, discarded: 8848 msgs
INFO:root:expected: 0.750000, actual: 0.750721
INFO:root:SUCCEED in dissemination: (2/1000) rounds
# ok: test finished successfully
#####################################################################
# Test #6: PROTO: gossip; LOSS: 75%; ARGS: push-pull 80 80
## Sourcing local environment...
## Starting test (args: --loss-chance 75 --nodes 100 gossip push-pull 80 80)...
INFO:root:total: 11388 msgs, discarded: 8545 msgs
INFO:root:expected: 0.750000, actual: 0.750351
INFO:root:SUCCEED in dissemination: (2/1000) rounds
# ok: test finished successfully
#####################################################################
# Test #7: PROTO: gossip; LOSS: 75%; ARGS: push-pull 80 80
## Sourcing local environment...
## Starting test (args: --loss-chance 75 --nodes 100 gossip push-pull 80 80)...
INFO:root:total: 11875 msgs, discarded: 8889 msgs
INFO:root:expected: 0.750000, actual: 0.748547
INFO:root:SUCCEED in dissemination: (2/1000) rounds
# ok: test finished successfully
#####################################################################
# Test #8: PROTO: gossip; LOSS: 75%; ARGS: push-pull 80 80
## Sourcing local environment...
## Starting test (args: --loss-chance 75 --nodes 100 gossip push-pull 80 80)...
INFO:root:total: 11547 msgs, discarded: 8671 msgs
INFO:root:expected: 0.750000, actual: 0.750931
INFO:root:SUCCEED in dissemination: (2/1000) rounds
# ok: test finished successfully
#####################################################################
# Test #9: PROTO: gossip; LOSS: 75%; ARGS: push-pull 80 80
## Sourcing local environment...
## Starting test (args: --loss-chance 75 --nodes 100 gossip push-pull 80 80)...
INFO:root:total: 11276 msgs, discarded: 8475 msgs
INFO:root:expected: 0.750000, actual: 0.751596
INFO:root:SUCCEED in dissemination: (2/1000) rounds
# ok: test finished successfully
#####################################################################
