# Test #0: PROTO: gossip; LOSS: 75%; ARGS: push-pull 55 55
## Sourcing local environment...
## Starting test (args: --loss-chance 75 --nodes 100 gossip push-pull 55 55)...
INFO:root:total: 8184 msgs, discarded: 6178 msgs
INFO:root:expected: 0.750000, actual: 0.754888
INFO:root:SUCCEED in dissemination: (2/2000) rounds
# ok: test finished successfully
#####################################################################
# Test #1: PROTO: gossip; LOSS: 75%; ARGS: push-pull 55 55
## Sourcing local environment...
## Starting test (args: --loss-chance 75 --nodes 100 gossip push-pull 55 55)...
INFO:root:total: 8668 msgs, discarded: 6577 msgs
INFO:root:expected: 0.750000, actual: 0.758768
INFO:root:SUCCEED in dissemination: (2/2000) rounds
# ok: test finished successfully
#####################################################################
# Test #2: PROTO: gossip; LOSS: 75%; ARGS: push-pull 55 55
## Sourcing local environment...
## Starting test (args: --loss-chance 75 --nodes 100 gossip push-pull 55 55)...
INFO:root:total: 8079 msgs, discarded: 6075 msgs
INFO:root:expected: 0.750000, actual: 0.751949
INFO:root:SUCCEED in dissemination: (2/2000) rounds
# ok: test finished successfully
#####################################################################
# Test #3: PROTO: gossip; LOSS: 75%; ARGS: push-pull 55 55
## Sourcing local environment...
## Starting test (args: --loss-chance 75 --nodes 100 gossip push-pull 55 55)...
INFO:root:total: 8024 msgs, discarded: 6043 msgs
INFO:root:expected: 0.750000, actual: 0.753116
INFO:root:SUCCEED in dissemination: (2/2000) rounds
# ok: test finished successfully
#####################################################################
# Test #4: PROTO: gossip; LOSS: 75%; ARGS: push-pull 55 55
## Sourcing local environment...
## Starting test (args: --loss-chance 75 --nodes 100 gossip push-pull 55 55)...
INFO:root:total: 8325 msgs, discarded: 6303 msgs
INFO:root:expected: 0.750000, actual: 0.757117
INFO:root:SUCCEED in dissemination: (2/2000) rounds
# ok: test finished successfully
#####################################################################
# Test #5: PROTO: gossip; LOSS: 75%; ARGS: push-pull 55 55
## Sourcing local environment...
## Starting test (args: --loss-chance 75 --nodes 100 gossip push-pull 55 55)...
INFO:root:total: 8558 msgs, discarded: 6437 msgs
INFO:root:expected: 0.750000, actual: 0.752162
INFO:root:SUCCEED in dissemination: (2/2000) rounds
# ok: test finished successfully
#####################################################################
# Test #6: PROTO: gossip; LOSS: 75%; ARGS: push-pull 55 55
## Sourcing local environment...
## Starting test (args: --loss-chance 75 --nodes 100 gossip push-pull 55 55)...
INFO:root:total: 8930 msgs, discarded: 6693 msgs
INFO:root:expected: 0.750000, actual: 0.749496
INFO:root:SUCCEED in dissemination: (2/2000) rounds
# ok: test finished successfully
#####################################################################
# Test #7: PROTO: gossip; LOSS: 75%; ARGS: push-pull 55 55
## Sourcing local environment...
## Starting test (args: --loss-chance 75 --nodes 100 gossip push-pull 55 55)...
INFO:root:total: 8651 msgs, discarded: 6534 msgs
INFO:root:expected: 0.750000, actual: 0.755288
INFO:root:SUCCEED in dissemination: (2/2000) rounds
# ok: test finished successfully
#####################################################################
# Test #8: PROTO: gossip; LOSS: 75%; ARGS: push-pull 55 55
## Sourcing local environment...
## Starting test (args: --loss-chance 75 --nodes 100 gossip push-pull 55 55)...
INFO:root:total: 14243 msgs, discarded: 10624 msgs
INFO:root:expected: 0.750000, actual: 0.745910
INFO:root:SUCCEED in dissemination: (3/2000) rounds
# ok: test finished successfully
#####################################################################
# Test #9: PROTO: gossip; LOSS: 75%; ARGS: push-pull 55 55
## Sourcing local environment...
## Starting test (args: --loss-chance 75 --nodes 100 gossip push-pull 55 55)...
INFO:root:total: 8603 msgs, discarded: 6564 msgs
INFO:root:expected: 0.750000, actual: 0.762990
INFO:root:SUCCEED in dissemination: (2/2000) rounds
# ok: test finished successfully
#####################################################################
