# Test #0: PROTO: gossip; LOSS: 75%; ARGS: push 55
## Sourcing local environment...
## Starting test (args: --loss-chance 75 --nodes 100 gossip push 55)...
INFO:root:total: 5115 msgs, discarded: 3869 msgs
INFO:root:expected: 0.750000, actual: 0.756403
INFO:root:SUCCEED in dissemination: (3/2000) rounds
# ok: test finished successfully
#####################################################################
# Test #1: PROTO: gossip; LOSS: 75%; ARGS: push 55
## Sourcing local environment...
## Starting test (args: --loss-chance 75 --nodes 100 gossip push 55)...
INFO:root:total: 5830 msgs, discarded: 4371 msgs
INFO:root:expected: 0.750000, actual: 0.749743
INFO:root:SUCCEED in dissemination: (3/2000) rounds
# ok: test finished successfully
#####################################################################
# Test #2: PROTO: gossip; LOSS: 75%; ARGS: push 55
## Sourcing local environment...
## Starting test (args: --loss-chance 75 --nodes 100 gossip push 55)...
INFO:root:total: 5665 msgs, discarded: 4272 msgs
INFO:root:expected: 0.750000, actual: 0.754104
INFO:root:SUCCEED in dissemination: (3/2000) rounds
# ok: test finished successfully
#####################################################################
# Test #3: PROTO: gossip; LOSS: 75%; ARGS: push 55
## Sourcing local environment...
## Starting test (args: --loss-chance 75 --nodes 100 gossip push 55)...
INFO:root:total: 6325 msgs, discarded: 4726 msgs
INFO:root:expected: 0.750000, actual: 0.747194
INFO:root:SUCCEED in dissemination: (3/2000) rounds
# ok: test finished successfully
#####################################################################
# Test #4: PROTO: gossip; LOSS: 75%; ARGS: push 55
## Sourcing local environment...
## Starting test (args: --loss-chance 75 --nodes 100 gossip push 55)...
INFO:root:total: 6050 msgs, discarded: 4506 msgs
INFO:root:expected: 0.750000, actual: 0.744793
INFO:root:SUCCEED in dissemination: (3/2000) rounds
# ok: test finished successfully
#####################################################################
# Test #5: PROTO: gossip; LOSS: 75%; ARGS: push 55
## Sourcing local environment...
## Starting test (args: --loss-chance 75 --nodes 100 gossip push 55)...
INFO:root:total: 5995 msgs, discarded: 4443 msgs
INFO:root:expected: 0.750000, actual: 0.741118
INFO:root:SUCCEED in dissemination: (3/2000) rounds
# ok: test finished successfully
#####################################################################
# Test #6: PROTO: gossip; LOSS: 75%; ARGS: push 55
## Sourcing local environment...
## Starting test (args: --loss-chance 75 --nodes 100 gossip push 55)...
INFO:root:total: 4565 msgs, discarded: 3418 msgs
INFO:root:expected: 0.750000, actual: 0.748740
INFO:root:SUCCEED in dissemination: (3/2000) rounds
# ok: test finished successfully
#####################################################################
# Test #7: PROTO: gossip; LOSS: 75%; ARGS: push 55
## Sourcing local environment...
## Starting test (args: --loss-chance 75 --nodes 100 gossip push 55)...
INFO:root:total: 6380 msgs, discarded: 4787 msgs
INFO:root:expected: 0.750000, actual: 0.750313
INFO:root:SUCCEED in dissemination: (3/2000) rounds
# ok: test finished successfully
#####################################################################
# Test #8: PROTO: gossip; LOSS: 75%; ARGS: push 55
## Sourcing local environment...
## Starting test (args: --loss-chance 75 --nodes 100 gossip push 55)...
INFO:root:total: 5720 msgs, discarded: 4368 msgs
INFO:root:expected: 0.750000, actual: 0.763636
INFO:root:SUCCEED in dissemination: (3/2000) rounds
# ok: test finished successfully
#####################################################################
# Test #9: PROTO: gossip; LOSS: 75%; ARGS: push 55
## Sourcing local environment...
## Starting test (args: --loss-chance 75 --nodes 100 gossip push 55)...
INFO:root:total: 5170 msgs, discarded: 3838 msgs
INFO:root:expected: 0.750000, actual: 0.742360
INFO:root:SUCCEED in dissemination: (3/2000) rounds
# ok: test finished successfully
#####################################################################
