# Test #0: PROTO: gossip; LOSS: 75%; ARGS: push-pull 55 5
## Sourcing local environment...
## Starting test (args: --loss-chance 75 --nodes 100 gossip push-pull 55 5)...
INFO:root:total: 6150 msgs, discarded: 4648 msgs
INFO:root:expected: 0.750000, actual: 0.755772
INFO:root:SUCCEED in dissemination: (3/2000) rounds
# ok: test finished successfully
#####################################################################
# Test #1: PROTO: gossip; LOSS: 75%; ARGS: push-pull 55 5
## Sourcing local environment...
## Starting test (args: --loss-chance 75 --nodes 100 gossip push-pull 55 5)...
INFO:root:total: 6853 msgs, discarded: 5139 msgs
INFO:root:expected: 0.750000, actual: 0.749891
INFO:root:SUCCEED in dissemination: (3/2000) rounds
# ok: test finished successfully
#####################################################################
# Test #2: PROTO: gossip; LOSS: 75%; ARGS: push-pull 55 5
## Sourcing local environment...
## Starting test (args: --loss-chance 75 --nodes 100 gossip push-pull 55 5)...
INFO:root:total: 7040 msgs, discarded: 5267 msgs
INFO:root:expected: 0.750000, actual: 0.748153
INFO:root:SUCCEED in dissemination: (3/2000) rounds
# ok: test finished successfully
#####################################################################
# Test #3: PROTO: gossip; LOSS: 75%; ARGS: push-pull 55 5
## Sourcing local environment...
## Starting test (args: --loss-chance 75 --nodes 100 gossip push-pull 55 5)...
INFO:root:total: 5904 msgs, discarded: 4515 msgs
INFO:root:expected: 0.750000, actual: 0.764736
INFO:root:SUCCEED in dissemination: (3/2000) rounds
# ok: test finished successfully
#####################################################################
# Test #4: PROTO: gossip; LOSS: 75%; ARGS: push-pull 55 5
## Sourcing local environment...
## Starting test (args: --loss-chance 75 --nodes 100 gossip push-pull 55 5)...
INFO:root:total: 6758 msgs, discarded: 5083 msgs
INFO:root:expected: 0.750000, actual: 0.752146
INFO:root:SUCCEED in dissemination: (3/2000) rounds
# ok: test finished successfully
#####################################################################
# Test #5: PROTO: gossip; LOSS: 75%; ARGS: push-pull 55 5
## Sourcing local environment...
## Starting test (args: --loss-chance 75 --nodes 100 gossip push-pull 55 5)...
INFO:root:total: 6494 msgs, discarded: 4856 msgs
INFO:root:expected: 0.750000, actual: 0.747767
INFO:root:SUCCEED in dissemination: (3/2000) rounds
# ok: test finished successfully
#####################################################################
# Test #6: PROTO: gossip; LOSS: 75%; ARGS: push-pull 55 5
## Sourcing local environment...
## Starting test (args: --loss-chance 75 --nodes 100 gossip push-pull 55 5)...
INFO:root:total: 6824 msgs, discarded: 5070 msgs
INFO:root:expected: 0.750000, actual: 0.742966
INFO:root:SUCCEED in dissemination: (3/2000) rounds
# ok: test finished successfully
#####################################################################
# Test #7: PROTO: gossip; LOSS: 75%; ARGS: push-pull 55 5
## Sourcing local environment...
## Starting test (args: --loss-chance 75 --nodes 100 gossip push-pull 55 5)...
INFO:root:total: 7325 msgs, discarded: 5498 msgs
INFO:root:expected: 0.750000, actual: 0.750580
INFO:root:SUCCEED in dissemination: (3/2000) rounds
# ok: test finished successfully
#####################################################################
# Test #8: PROTO: gossip; LOSS: 75%; ARGS: push-pull 55 5
## Sourcing local environment...
## Starting test (args: --loss-chance 75 --nodes 100 gossip push-pull 55 5)...
INFO:root:total: 7072 msgs, discarded: 5367 msgs
INFO:root:expected: 0.750000, actual: 0.758908
INFO:root:SUCCEED in dissemination: (3/2000) rounds
# ok: test finished successfully
#####################################################################
# Test #9: PROTO: gossip; LOSS: 75%; ARGS: push-pull 55 5
## Sourcing local environment...
## Starting test (args: --loss-chance 75 --nodes 100 gossip push-pull 55 5)...
INFO:root:total: 6963 msgs, discarded: 5218 msgs
INFO:root:expected: 0.750000, actual: 0.749390
INFO:root:SUCCEED in dissemination: (3/2000) rounds
# ok: test finished successfully
#####################################################################
