# Test #0: PROTO: gossip; LOSS: 75%; ARGS: push-pull 70 10
## Sourcing local environment...
## Starting test (args: --loss-chance 75 --nodes 100 gossip push-pull 70 10)...
INFO:root:total: 10072 msgs, discarded: 7634 msgs
INFO:root:expected: 0.750000, actual: 0.757943
INFO:root:SUCCEED in dissemination: (3/500) rounds
# ok: test finished successfully
#####################################################################
# Test #1: PROTO: gossip; LOSS: 75%; ARGS: push-pull 70 10
## Sourcing local environment...
## Starting test (args: --loss-chance 75 --nodes 100 gossip push-pull 70 10)...
INFO:root:total: 3695 msgs, discarded: 2791 msgs
INFO:root:expected: 0.750000, actual: 0.755345
INFO:root:SUCCEED in dissemination: (2/500) rounds
# ok: test finished successfully
#####################################################################
# Test #2: PROTO: gossip; LOSS: 75%; ARGS: push-pull 70 10
## Sourcing local environment...
## Starting test (args: --loss-chance 75 --nodes 100 gossip push-pull 70 10)...
INFO:root:total: 10075 msgs, discarded: 7498 msgs
INFO:root:expected: 0.750000, actual: 0.744218
INFO:root:SUCCEED in dissemination: (3/500) rounds
# ok: test finished successfully
#####################################################################
# Test #3: PROTO: gossip; LOSS: 75%; ARGS: push-pull 70 10
## Sourcing local environment...
## Starting test (args: --loss-chance 75 --nodes 100 gossip push-pull 70 10)...
INFO:root:total: 10299 msgs, discarded: 7709 msgs
INFO:root:expected: 0.750000, actual: 0.748519
INFO:root:SUCCEED in dissemination: (3/500) rounds
# ok: test finished successfully
#####################################################################
# Test #4: PROTO: gossip; LOSS: 75%; ARGS: push-pull 70 10
## Sourcing local environment...
## Starting test (args: --loss-chance 75 --nodes 100 gossip push-pull 70 10)...
INFO:root:total: 9666 msgs, discarded: 7215 msgs
INFO:root:expected: 0.750000, actual: 0.746431
INFO:root:SUCCEED in dissemination: (3/500) rounds
# ok: test finished successfully
#####################################################################
# Test #5: PROTO: gossip; LOSS: 75%; ARGS: push-pull 70 10
## Sourcing local environment...
## Starting test (args: --loss-chance 75 --nodes 100 gossip push-pull 70 10)...
INFO:root:total: 3390 msgs, discarded: 2528 msgs
INFO:root:expected: 0.750000, actual: 0.745723
INFO:root:SUCCEED in dissemination: (2/500) rounds
# ok: test finished successfully
#####################################################################
# Test #6: PROTO: gossip; LOSS: 75%; ARGS: push-pull 70 10
## Sourcing local environment...
## Starting test (args: --loss-chance 75 --nodes 100 gossip push-pull 70 10)...
INFO:root:total: 3459 msgs, discarded: 2553 msgs
INFO:root:expected: 0.750000, actual: 0.738075
INFO:root:SUCCEED in dissemination: (2/500) rounds
# ok: test finished successfully
#####################################################################
# Test #7: PROTO: gossip; LOSS: 75%; ARGS: push-pull 70 10
## Sourcing local environment...
## Starting test (args: --loss-chance 75 --nodes 100 gossip push-pull 70 10)...
INFO:root:total: 9567 msgs, discarded: 7128 msgs
INFO:root:expected: 0.750000, actual: 0.745061
INFO:root:SUCCEED in dissemination: (3/500) rounds
# ok: test finished successfully
#####################################################################
# Test #8: PROTO: gossip; LOSS: 75%; ARGS: push-pull 70 10
## Sourcing local environment...
## Starting test (args: --loss-chance 75 --nodes 100 gossip push-pull 70 10)...
INFO:root:total: 3104 msgs, discarded: 2333 msgs
INFO:root:expected: 0.750000, actual: 0.751611
INFO:root:SUCCEED in dissemination: (2/500) rounds
# ok: test finished successfully
#####################################################################
# Test #9: PROTO: gossip; LOSS: 75%; ARGS: push-pull 70 10
## Sourcing local environment...
## Starting test (args: --loss-chance 75 --nodes 100 gossip push-pull 70 10)...
INFO:root:total: 10139 msgs, discarded: 7597 msgs
INFO:root:expected: 0.750000, actual: 0.749285
INFO:root:SUCCEED in dissemination: (3/500) rounds
# ok: test finished successfully
#####################################################################
