# Test #0: PROTO: gossip; LOSS: 75%; ARGS: push-pull 30 80
## Sourcing local environment...
## Starting test (args: --loss-chance 75 --nodes 100 gossip push-pull 30 80)...
INFO:root:total: 11500 msgs, discarded: 8568 msgs
INFO:root:expected: 0.750000, actual: 0.745043
INFO:root:SUCCEED in dissemination: (2/1000) rounds
# ok: test finished successfully
#####################################################################
# Test #1: PROTO: gossip; LOSS: 75%; ARGS: push-pull 30 80
## Sourcing local environment...
## Starting test (args: --loss-chance 75 --nodes 100 gossip push-pull 30 80)...
INFO:root:total: 12404 msgs, discarded: 9331 msgs
INFO:root:expected: 0.750000, actual: 0.752257
INFO:root:SUCCEED in dissemination: (2/1000) rounds
# ok: test finished successfully
#####################################################################
# Test #2: PROTO: gossip; LOSS: 75%; ARGS: push-pull 30 80
## Sourcing local environment...
## Starting test (args: --loss-chance 75 --nodes 100 gossip push-pull 30 80)...
INFO:root:total: 14192 msgs, discarded: 10726 msgs
INFO:root:expected: 0.750000, actual: 0.755778
INFO:root:SUCCEED in dissemination: (3/1000) rounds
# ok: test finished successfully
#####################################################################
# Test #3: PROTO: gossip; LOSS: 75%; ARGS: push-pull 30 80
## Sourcing local environment...
## Starting test (args: --loss-chance 75 --nodes 100 gossip push-pull 30 80)...
INFO:root:total: 10654 msgs, discarded: 7884 msgs
INFO:root:expected: 0.750000, actual: 0.740004
INFO:root:SUCCEED in dissemination: (2/1000) rounds
# ok: test finished successfully
#####################################################################
# Test #4: PROTO: gossip; LOSS: 75%; ARGS: push-pull 30 80
## Sourcing local environment...
## Starting test (args: --loss-chance 75 --nodes 100 gossip push-pull 30 80)...
INFO:root:total: 11088 msgs, discarded: 8392 msgs
INFO:root:expected: 0.750000, actual: 0.756854
INFO:root:SUCCEED in dissemination: (2/1000) rounds
# ok: test finished successfully
#####################################################################
# Test #5: PROTO: gossip; LOSS: 75%; ARGS: push-pull 30 80
## Sourcing local environment...
## Starting test (args: --loss-chance 75 --nodes 100 gossip push-pull 30 80)...
INFO:root:total: 10898 msgs, discarded: 8159 msgs
INFO:root:expected: 0.750000, actual: 0.748669
INFO:root:SUCCEED in dissemination: (2/1000) rounds
# ok: test finished successfully
#####################################################################
# Test #6: PROTO: gossip; LOSS: 75%; ARGS: push-pull 30 80
## Sourcing local environment...
## Starting test (args: --loss-chance 75 --nodes 100 gossip push-pull 30 80)...
INFO:root:total: 10931 msgs, discarded: 8166 msgs
INFO:root:expected: 0.750000, actual: 0.747050
INFO:root:SUCCEED in dissemination: (2/1000) rounds
# ok: test finished successfully
#####################################################################
# Test #7: PROTO: gossip; LOSS: 75%; ARGS: push-pull 30 80
## Sourcing local environment...
## Starting test (args: --loss-chance 75 --nodes 100 gossip push-pull 30 80)...
INFO:root:total: 10900 msgs, discarded: 8181 msgs
INFO:root:expected: 0.750000, actual: 0.750550
INFO:root:SUCCEED in dissemination: (2/1000) rounds
# ok: test finished successfully
#####################################################################
# Test #8: PROTO: gossip; LOSS: 75%; ARGS: push-pull 30 80
## Sourcing local environment...
## Starting test (args: --loss-chance 75 --nodes 100 gossip push-pull 30 80)...
INFO:root:total: 13918 msgs, discarded: 10409 msgs
INFO:root:expected: 0.750000, actual: 0.747880
INFO:root:SUCCEED in dissemination: (3/1000) rounds
# ok: test finished successfully
#####################################################################
# Test #9: PROTO: gossip; LOSS: 75%; ARGS: push-pull 30 80
## Sourcing local environment...
## Starting test (args: --loss-chance 75 --nodes 100 gossip push-pull 30 80)...
INFO:root:total: 11203 msgs, discarded: 8327 msgs
INFO:root:expected: 0.750000, actual: 0.743283
INFO:root:SUCCEED in dissemination: (2/1000) rounds
# ok: test finished successfully
#####################################################################
