# Test #0: PROTO: gossip; LOSS: 75%; ARGS: push-pull 30 55
## Sourcing local environment...
## Starting test (args: --loss-chance 75 --nodes 100 gossip push-pull 30 55)...
INFO:root:total: 8039 msgs, discarded: 5958 msgs
INFO:root:expected: 0.750000, actual: 0.741137
INFO:root:SUCCEED in dissemination: (2/1000) rounds
# ok: test finished successfully
#####################################################################
# Test #1: PROTO: gossip; LOSS: 75%; ARGS: push-pull 30 55
## Sourcing local environment...
## Starting test (args: --loss-chance 75 --nodes 100 gossip push-pull 30 55)...
INFO:root:total: 8036 msgs, discarded: 6010 msgs
INFO:root:expected: 0.750000, actual: 0.747885
INFO:root:SUCCEED in dissemination: (2/1000) rounds
# ok: test finished successfully
#####################################################################
# Test #2: PROTO: gossip; LOSS: 75%; ARGS: push-pull 30 55
## Sourcing local environment...
## Starting test (args: --loss-chance 75 --nodes 100 gossip push-pull 30 55)...
INFO:root:total: 11568 msgs, discarded: 8680 msgs
INFO:root:expected: 0.750000, actual: 0.750346
INFO:root:SUCCEED in dissemination: (3/1000) rounds
# ok: test finished successfully
#####################################################################
# Test #3: PROTO: gossip; LOSS: 75%; ARGS: push-pull 30 55
## Sourcing local environment...
## Starting test (args: --loss-chance 75 --nodes 100 gossip push-pull 30 55)...
INFO:root:total: 8786 msgs, discarded: 6579 msgs
INFO:root:expected: 0.750000, actual: 0.748805
INFO:root:SUCCEED in dissemination: (2/1000) rounds
# ok: test finished successfully
#####################################################################
# Test #4: PROTO: gossip; LOSS: 75%; ARGS: push-pull 30 55
## Sourcing local environment...
## Starting test (args: --loss-chance 75 --nodes 100 gossip push-pull 30 55)...
INFO:root:total: 10696 msgs, discarded: 7961 msgs
INFO:root:expected: 0.750000, actual: 0.744297
INFO:root:SUCCEED in dissemination: (3/1000) rounds
# ok: test finished successfully
#####################################################################
# Test #5: PROTO: gossip; LOSS: 75%; ARGS: push-pull 30 55
## Sourcing local environment...
## Starting test (args: --loss-chance 75 --nodes 100 gossip push-pull 30 55)...
INFO:root:total: 11242 msgs, discarded: 8357 msgs
INFO:root:expected: 0.750000, actual: 0.743373
INFO:root:SUCCEED in dissemination: (3/1000) rounds
# ok: test finished successfully
#####################################################################
# Test #6: PROTO: gossip; LOSS: 75%; ARGS: push-pull 30 55
## Sourcing local environment...
## Starting test (args: --loss-chance 75 --nodes 100 gossip push-pull 30 55)...
INFO:root:total: 8734 msgs, discarded: 6584 msgs
INFO:root:expected: 0.750000, actual: 0.753836
INFO:root:SUCCEED in dissemination: (2/1000) rounds
# ok: test finished successfully
#####################################################################
# Test #7: PROTO: gossip; LOSS: 75%; ARGS: push-pull 30 55
## Sourcing local environment...
## Starting test (args: --loss-chance 75 --nodes 100 gossip push-pull 30 55)...
INFO:root:total: 10356 msgs, discarded: 7810 msgs
INFO:root:expected: 0.750000, actual: 0.754152
INFO:root:SUCCEED in dissemination: (3/1000) rounds
# ok: test finished successfully
#####################################################################
# Test #8: PROTO: gossip; LOSS: 75%; ARGS: push-pull 30 55
## Sourcing local environment...
## Starting test (args: --loss-chance 75 --nodes 100 gossip push-pull 30 55)...
INFO:root:total: 10514 msgs, discarded: 7870 msgs
INFO:root:expected: 0.750000, actual: 0.748526
INFO:root:SUCCEED in dissemination: (3/1000) rounds
# ok: test finished successfully
#####################################################################
# Test #9: PROTO: gossip; LOSS: 75%; ARGS: push-pull 30 55
## Sourcing local environment...
## Starting test (args: --loss-chance 75 --nodes 100 gossip push-pull 30 55)...
INFO:root:total: 8129 msgs, discarded: 6075 msgs
INFO:root:expected: 0.750000, actual: 0.747324
INFO:root:SUCCEED in dissemination: (2/1000) rounds
# ok: test finished successfully
#####################################################################
