# Test #0: PROTO: gossip; LOSS: 75%; ARGS: push 80
## Sourcing local environment...
## Starting test (args: --loss-chance 75 --nodes 100 gossip push 80)...
INFO:root:total: 1600 msgs, discarded: 1194 msgs
INFO:root:expected: 0.750000, actual: 0.746250
INFO:root:SUCCEED in dissemination: (2/2000) rounds
# ok: test finished successfully
#####################################################################
# Test #1: PROTO: gossip; LOSS: 75%; ARGS: push 80
## Sourcing local environment...
## Starting test (args: --loss-chance 75 --nodes 100 gossip push 80)...
INFO:root:total: 1680 msgs, discarded: 1278 msgs
INFO:root:expected: 0.750000, actual: 0.760714
INFO:root:SUCCEED in dissemination: (2/2000) rounds
# ok: test finished successfully
#####################################################################
# Test #2: PROTO: gossip; LOSS: 75%; ARGS: push 80
## Sourcing local environment...
## Starting test (args: --loss-chance 75 --nodes 100 gossip push 80)...
INFO:root:total: 1600 msgs, discarded: 1207 msgs
INFO:root:expected: 0.750000, actual: 0.754375
INFO:root:SUCCEED in dissemination: (2/2000) rounds
# ok: test finished successfully
#####################################################################
# Test #3: PROTO: gossip; LOSS: 75%; ARGS: push 80
## Sourcing local environment...
## Starting test (args: --loss-chance 75 --nodes 100 gossip push 80)...
INFO:root:total: 2080 msgs, discarded: 1581 msgs
INFO:root:expected: 0.750000, actual: 0.760096
INFO:root:SUCCEED in dissemination: (2/2000) rounds
# ok: test finished successfully
#####################################################################
# Test #4: PROTO: gossip; LOSS: 75%; ARGS: push 80
## Sourcing local environment...
## Starting test (args: --loss-chance 75 --nodes 100 gossip push 80)...
INFO:root:total: 1440 msgs, discarded: 1063 msgs
INFO:root:expected: 0.750000, actual: 0.738194
INFO:root:SUCCEED in dissemination: (2/2000) rounds
# ok: test finished successfully
#####################################################################
# Test #5: PROTO: gossip; LOSS: 75%; ARGS: push 80
## Sourcing local environment...
## Starting test (args: --loss-chance 75 --nodes 100 gossip push 80)...
INFO:root:total: 9840 msgs, discarded: 7368 msgs
INFO:root:expected: 0.750000, actual: 0.748780
INFO:root:SUCCEED in dissemination: (3/2000) rounds
# ok: test finished successfully
#####################################################################
# Test #6: PROTO: gossip; LOSS: 75%; ARGS: push 80
## Sourcing local environment...
## Starting test (args: --loss-chance 75 --nodes 100 gossip push 80)...
INFO:root:total: 9600 msgs, discarded: 7157 msgs
INFO:root:expected: 0.750000, actual: 0.745521
INFO:root:SUCCEED in dissemination: (3/2000) rounds
# ok: test finished successfully
#####################################################################
# Test #7: PROTO: gossip; LOSS: 75%; ARGS: push 80
## Sourcing local environment...
## Starting test (args: --loss-chance 75 --nodes 100 gossip push 80)...
INFO:root:total: 9520 msgs, discarded: 7127 msgs
INFO:root:expected: 0.750000, actual: 0.748634
INFO:root:SUCCEED in dissemination: (3/2000) rounds
# ok: test finished successfully
#####################################################################
# Test #8: PROTO: gossip; LOSS: 75%; ARGS: push 80
## Sourcing local environment...
## Starting test (args: --loss-chance 75 --nodes 100 gossip push 80)...
INFO:root:total: 9200 msgs, discarded: 6829 msgs
INFO:root:expected: 0.750000, actual: 0.742283
INFO:root:SUCCEED in dissemination: (3/2000) rounds
# ok: test finished successfully
#####################################################################
# Test #9: PROTO: gossip; LOSS: 75%; ARGS: push 80
## Sourcing local environment...
## Starting test (args: --loss-chance 75 --nodes 100 gossip push 80)...
INFO:root:total: 9680 msgs, discarded: 7249 msgs
INFO:root:expected: 0.750000, actual: 0.748864
INFO:root:SUCCEED in dissemination: (3/2000) rounds
# ok: test finished successfully
#####################################################################
