# Test #0: PROTO: gossip; LOSS: 75%; ARGS: push-pull 40 40
## Sourcing local environment...
## Starting test (args: --loss-chance 75 --nodes 100 gossip push-pull 40 40)...
INFO:root:total: 10340 msgs, discarded: 7773 msgs
INFO:root:expected: 0.750000, actual: 0.751741
INFO:root:SUCCEED in dissemination: (3/500) rounds
# ok: test finished successfully
#####################################################################
# Test #1: PROTO: gossip; LOSS: 75%; ARGS: push-pull 40 40
## Sourcing local environment...
## Starting test (args: --loss-chance 75 --nodes 100 gossip push-pull 40 40)...
INFO:root:total: 10394 msgs, discarded: 7749 msgs
INFO:root:expected: 0.750000, actual: 0.745526
INFO:root:SUCCEED in dissemination: (3/500) rounds
# ok: test finished successfully
#####################################################################
# Test #2: PROTO: gossip; LOSS: 75%; ARGS: push-pull 40 40
## Sourcing local environment...
## Starting test (args: --loss-chance 75 --nodes 100 gossip push-pull 40 40)...
INFO:root:total: 10048 msgs, discarded: 7485 msgs
INFO:root:expected: 0.750000, actual: 0.744924
INFO:root:SUCCEED in dissemination: (3/500) rounds
# ok: test finished successfully
#####################################################################
# Test #3: PROTO: gossip; LOSS: 75%; ARGS: push-pull 40 40
## Sourcing local environment...
## Starting test (args: --loss-chance 75 --nodes 100 gossip push-pull 40 40)...
INFO:root:total: 10075 msgs, discarded: 7593 msgs
INFO:root:expected: 0.750000, actual: 0.753648
INFO:root:SUCCEED in dissemination: (3/500) rounds
# ok: test finished successfully
#####################################################################
# Test #4: PROTO: gossip; LOSS: 75%; ARGS: push-pull 40 40
## Sourcing local environment...
## Starting test (args: --loss-chance 75 --nodes 100 gossip push-pull 40 40)...
INFO:root:total: 7541 msgs, discarded: 5688 msgs
INFO:root:expected: 0.750000, actual: 0.754277
INFO:root:SUCCEED in dissemination: (2/500) rounds
# ok: test finished successfully
#####################################################################
# Test #5: PROTO: gossip; LOSS: 75%; ARGS: push-pull 40 40
## Sourcing local environment...
## Starting test (args: --loss-chance 75 --nodes 100 gossip push-pull 40 40)...
INFO:root:total: 10264 msgs, discarded: 7699 msgs
INFO:root:expected: 0.750000, actual: 0.750097
INFO:root:SUCCEED in dissemination: (3/500) rounds
# ok: test finished successfully
#####################################################################
# Test #6: PROTO: gossip; LOSS: 75%; ARGS: push-pull 40 40
## Sourcing local environment...
## Starting test (args: --loss-chance 75 --nodes 100 gossip push-pull 40 40)...
INFO:root:total: 10790 msgs, discarded: 8165 msgs
INFO:root:expected: 0.750000, actual: 0.756719
INFO:root:SUCCEED in dissemination: (3/500) rounds
# ok: test finished successfully
#####################################################################
# Test #7: PROTO: gossip; LOSS: 75%; ARGS: push-pull 40 40
## Sourcing local environment...
## Starting test (args: --loss-chance 75 --nodes 100 gossip push-pull 40 40)...
INFO:root:total: 10617 msgs, discarded: 7959 msgs
INFO:root:expected: 0.750000, actual: 0.749647
INFO:root:SUCCEED in dissemination: (3/500) rounds
# ok: test finished successfully
#####################################################################
# Test #8: PROTO: gossip; LOSS: 75%; ARGS: push-pull 40 40
## Sourcing local environment...
## Starting test (args: --loss-chance 75 --nodes 100 gossip push-pull 40 40)...
INFO:root:total: 10247 msgs, discarded: 7606 msgs
INFO:root:expected: 0.750000, actual: 0.742266
INFO:root:SUCCEED in dissemination: (3/500) rounds
# ok: test finished successfully
#####################################################################
# Test #9: PROTO: gossip; LOSS: 75%; ARGS: push-pull 40 40
## Sourcing local environment...
## Starting test (args: --loss-chance 75 --nodes 100 gossip push-pull 40 40)...
INFO:root:total: 10407 msgs, discarded: 7862 msgs
INFO:root:expected: 0.750000, actual: 0.755453
INFO:root:SUCCEED in dissemination: (3/500) rounds
# ok: test finished successfully
#####################################################################
