# Test #0: PROTO: gossip; LOSS: 75%; ARGS: push-pull 40 70
## Sourcing local environment...
## Starting test (args: --loss-chance 75 --nodes 100 gossip push-pull 40 70)...
INFO:root:total: 13199 msgs, discarded: 9753 msgs
INFO:root:expected: 0.750000, actual: 0.738920
INFO:root:SUCCEED in dissemination: (3/500) rounds
# ok: test finished successfully
#####################################################################
# Test #1: PROTO: gossip; LOSS: 75%; ARGS: push-pull 40 70
## Sourcing local environment...
## Starting test (args: --loss-chance 75 --nodes 100 gossip push-pull 40 70)...
INFO:root:total: 13380 msgs, discarded: 10052 msgs
INFO:root:expected: 0.750000, actual: 0.751271
INFO:root:SUCCEED in dissemination: (3/500) rounds
# ok: test finished successfully
#####################################################################
# Test #2: PROTO: gossip; LOSS: 75%; ARGS: push-pull 40 70
## Sourcing local environment...
## Starting test (args: --loss-chance 75 --nodes 100 gossip push-pull 40 70)...
INFO:root:total: 14729 msgs, discarded: 11045 msgs
INFO:root:expected: 0.750000, actual: 0.749881
INFO:root:SUCCEED in dissemination: (3/500) rounds
# ok: test finished successfully
#####################################################################
# Test #3: PROTO: gossip; LOSS: 75%; ARGS: push-pull 40 70
## Sourcing local environment...
## Starting test (args: --loss-chance 75 --nodes 100 gossip push-pull 40 70)...
INFO:root:total: 9417 msgs, discarded: 7060 msgs
INFO:root:expected: 0.750000, actual: 0.749708
INFO:root:SUCCEED in dissemination: (2/500) rounds
# ok: test finished successfully
#####################################################################
# Test #4: PROTO: gossip; LOSS: 75%; ARGS: push-pull 40 70
## Sourcing local environment...
## Starting test (args: --loss-chance 75 --nodes 100 gossip push-pull 40 70)...
INFO:root:total: 9556 msgs, discarded: 7164 msgs
INFO:root:expected: 0.750000, actual: 0.749686
INFO:root:SUCCEED in dissemination: (2/500) rounds
# ok: test finished successfully
#####################################################################
# Test #5: PROTO: gossip; LOSS: 75%; ARGS: push-pull 40 70
## Sourcing local environment...
## Starting test (args: --loss-chance 75 --nodes 100 gossip push-pull 40 70)...
INFO:root:total: 9675 msgs, discarded: 7225 msgs
INFO:root:expected: 0.750000, actual: 0.746770
INFO:root:SUCCEED in dissemination: (2/500) rounds
# ok: test finished successfully
#####################################################################
# Test #6: PROTO: gossip; LOSS: 75%; ARGS: push-pull 40 70
## Sourcing local environment...
## Starting test (args: --loss-chance 75 --nodes 100 gossip push-pull 40 70)...
INFO:root:total: 14515 msgs, discarded: 10874 msgs
INFO:root:expected: 0.750000, actual: 0.749156
INFO:root:SUCCEED in dissemination: (3/500) rounds
# ok: test finished successfully
#####################################################################
# Test #7: PROTO: gossip; LOSS: 75%; ARGS: push-pull 40 70
## Sourcing local environment...
## Starting test (args: --loss-chance 75 --nodes 100 gossip push-pull 40 70)...
INFO:root:total: 9769 msgs, discarded: 7295 msgs
INFO:root:expected: 0.750000, actual: 0.746750
INFO:root:SUCCEED in dissemination: (2/500) rounds
# ok: test finished successfully
#####################################################################
# Test #8: PROTO: gossip; LOSS: 75%; ARGS: push-pull 40 70
## Sourcing local environment...
## Starting test (args: --loss-chance 75 --nodes 100 gossip push-pull 40 70)...
INFO:root:total: 9520 msgs, discarded: 7002 msgs
INFO:root:expected: 0.750000, actual: 0.735504
INFO:root:SUCCEED in dissemination: (2/500) rounds
# ok: test finished successfully
#####################################################################
# Test #9: PROTO: gossip; LOSS: 75%; ARGS: push-pull 40 70
## Sourcing local environment...
## Starting test (args: --loss-chance 75 --nodes 100 gossip push-pull 40 70)...
INFO:root:total: 13730 msgs, discarded: 10352 msgs
INFO:root:expected: 0.750000, actual: 0.753969
INFO:root:SUCCEED in dissemination: (3/500) rounds
# ok: test finished successfully
#####################################################################
