# Test #0: PROTO: gossip; LOSS: 75%; ARGS: push-pull 5 5
## Sourcing local environment...
## Starting test (args: --loss-chance 75 --nodes 100 gossip push-pull 5 5)...
INFO:root:total: 4016 msgs, discarded: 3038 msgs
INFO:root:expected: 0.750000, actual: 0.756474
INFO:root:SUCCEED in dissemination: (8/2000) rounds
# ok: test finished successfully
#####################################################################
# Test #1: PROTO: gossip; LOSS: 75%; ARGS: push-pull 5 5
## Sourcing local environment...
## Starting test (args: --loss-chance 75 --nodes 100 gossip push-pull 5 5)...
INFO:root:total: 4568 msgs, discarded: 3466 msgs
INFO:root:expected: 0.750000, actual: 0.758757
INFO:root:SUCCEED in dissemination: (9/2000) rounds
# ok: test finished successfully
#####################################################################
# Test #2: PROTO: gossip; LOSS: 75%; ARGS: push-pull 5 5
## Sourcing local environment...
## Starting test (args: --loss-chance 75 --nodes 100 gossip push-pull 5 5)...
INFO:root:total: 3534 msgs, discarded: 2656 msgs
INFO:root:expected: 0.750000, actual: 0.751556
INFO:root:SUCCEED in dissemination: (7/2000) rounds
# ok: test finished successfully
#####################################################################
# Test #3: PROTO: gossip; LOSS: 75%; ARGS: push-pull 5 5
## Sourcing local environment...
## Starting test (args: --loss-chance 75 --nodes 100 gossip push-pull 5 5)...
INFO:root:total: 3509 msgs, discarded: 2603 msgs
INFO:root:expected: 0.750000, actual: 0.741807
INFO:root:SUCCEED in dissemination: (7/2000) rounds
# ok: test finished successfully
#####################################################################
# Test #4: PROTO: gossip; LOSS: 75%; ARGS: push-pull 5 5
## Sourcing local environment...
## Starting test (args: --loss-chance 75 --nodes 100 gossip push-pull 5 5)...
INFO:root:total: 4050 msgs, discarded: 3010 msgs
INFO:root:expected: 0.750000, actual: 0.743210
INFO:root:SUCCEED in dissemination: (8/2000) rounds
# ok: test finished successfully
#####################################################################
# Test #5: PROTO: gossip; LOSS: 75%; ARGS: push-pull 5 5
## Sourcing local environment...
## Starting test (args: --loss-chance 75 --nodes 100 gossip push-pull 5 5)...
INFO:root:total: 3540 msgs, discarded: 2651 msgs
INFO:root:expected: 0.750000, actual: 0.748870
INFO:root:SUCCEED in dissemination: (7/2000) rounds
# ok: test finished successfully
#####################################################################
# Test #6: PROTO: gossip; LOSS: 75%; ARGS: push-pull 5 5
## Sourcing local environment...
## Starting test (args: --loss-chance 75 --nodes 100 gossip push-pull 5 5)...
INFO:root:total: 4526 msgs, discarded: 3381 msgs
INFO:root:expected: 0.750000, actual: 0.747017
INFO:root:SUCCEED in dissemination: (9/2000) rounds
# ok: test finished successfully
#####################################################################
# Test #7: PROTO: gossip; LOSS: 75%; ARGS: push-pull 5 5
## Sourcing local environment...
## Starting test (args: --loss-chance 75 --nodes 100 gossip push-pull 5 5)...
INFO:root:total: 4003 msgs, discarded: 3019 msgs
INFO:root:expected: 0.750000, actual: 0.754184
INFO:root:SUCCEED in dissemination: (8/2000) rounds
# ok: test finished successfully
#####################################################################
# Test #8: PROTO: gossip; LOSS: 75%; ARGS: push-pull 5 5
## Sourcing local environment...
## Starting test (args: --loss-chance 75 --nodes 100 gossip push-pull 5 5)...
INFO:root:total: 4017 msgs, discarded: 2989 msgs
INFO:root:expected: 0.750000, actual: 0.744088
INFO:root:SUCCEED in dissemination: (8/2000) rounds
# ok: test finished successfully
#####################################################################
# Test #9: PROTO: gossip; LOSS: 75%; ARGS: push-pull 5 5
## Sourcing local environment...
## Starting test (args: --loss-chance 75 --nodes 100 gossip push-pull 5 5)...
INFO:root:total: 3530 msgs, discarded: 2661 msgs
INFO:root:expected: 0.750000, actual: 0.753824
INFO:root:SUCCEED in dissemination: (7/2000) rounds
# ok: test finished successfully
#####################################################################
