# Test #0: PROTO: gossip; LOSS: 75%; ARGS: push 5
## Sourcing local environment...
## Starting test (args: --loss-chance 75 --nodes 100 gossip push 5)...
INFO:root:total: 2460 msgs, discarded: 1853 msgs
INFO:root:expected: 0.750000, actual: 0.753252
INFO:root:SUCCEED in dissemination: (10/500) rounds
# ok: test finished successfully
#####################################################################
# Test #1: PROTO: gossip; LOSS: 75%; ARGS: push 5
## Sourcing local environment...
## Starting test (args: --loss-chance 75 --nodes 100 gossip push 5)...
INFO:root:total: 1790 msgs, discarded: 1325 msgs
INFO:root:expected: 0.750000, actual: 0.740223
INFO:root:SUCCEED in dissemination: (9/500) rounds
# ok: test finished successfully
#####################################################################
# Test #2: PROTO: gossip; LOSS: 75%; ARGS: push 5
## Sourcing local environment...
## Starting test (args: --loss-chance 75 --nodes 100 gossip push 5)...
INFO:root:total: 1885 msgs, discarded: 1403 msgs
INFO:root:expected: 0.750000, actual: 0.744297
INFO:root:SUCCEED in dissemination: (13/500) rounds
# ok: test finished successfully
#####################################################################
# Test #3: PROTO: gossip; LOSS: 75%; ARGS: push 5
## Sourcing local environment...
## Starting test (args: --loss-chance 75 --nodes 100 gossip push 5)...
INFO:root:total: 2325 msgs, discarded: 1720 msgs
INFO:root:expected: 0.750000, actual: 0.739785
INFO:root:SUCCEED in dissemination: (10/500) rounds
# ok: test finished successfully
#####################################################################
# Test #4: PROTO: gossip; LOSS: 75%; ARGS: push 5
## Sourcing local environment...
## Starting test (args: --loss-chance 75 --nodes 100 gossip push 5)...
INFO:root:total: 2215 msgs, discarded: 1681 msgs
INFO:root:expected: 0.750000, actual: 0.758916
INFO:root:SUCCEED in dissemination: (10/500) rounds
# ok: test finished successfully
#####################################################################
# Test #5: PROTO: gossip; LOSS: 75%; ARGS: push 5
## Sourcing local environment...
## Starting test (args: --loss-chance 75 --nodes 100 gossip push 5)...
INFO:root:total: 2380 msgs, discarded: 1797 msgs
INFO:root:expected: 0.750000, actual: 0.755042
INFO:root:SUCCEED in dissemination: (10/500) rounds
# ok: test finished successfully
#####################################################################
# Test #6: PROTO: gossip; LOSS: 75%; ARGS: push 5
## Sourcing local environment...
## Starting test (args: --loss-chance 75 --nodes 100 gossip push 5)...
INFO:root:total: 1810 msgs, discarded: 1326 msgs
INFO:root:expected: 0.750000, actual: 0.732597
INFO:root:SUCCEED in dissemination: (8/500) rounds
# ok: test finished successfully
#####################################################################
# Test #7: PROTO: gossip; LOSS: 75%; ARGS: push 5
## Sourcing local environment...
## Starting test (args: --loss-chance 75 --nodes 100 gossip push 5)...
INFO:root:total: 1855 msgs, discarded: 1369 msgs
INFO:root:expected: 0.750000, actual: 0.738005
INFO:root:SUCCEED in dissemination: (9/500) rounds
# ok: test finished successfully
#####################################################################
# Test #8: PROTO: gossip; LOSS: 75%; ARGS: push 5
## Sourcing local environment...
## Starting test (args: --loss-chance 75 --nodes 100 gossip push 5)...
INFO:root:total: 1655 msgs, discarded: 1211 msgs
INFO:root:expected: 0.750000, actual: 0.731722
INFO:root:SUCCEED in dissemination: (9/500) rounds
# ok: test finished successfully
#####################################################################
# Test #9: PROTO: gossip; LOSS: 75%; ARGS: push 5
## Sourcing local environment...
## Starting test (args: --loss-chance 75 --nodes 100 gossip push 5)...
INFO:root:total: 2250 msgs, discarded: 1680 msgs
INFO:root:expected: 0.750000, actual: 0.746667
INFO:root:SUCCEED in dissemination: (10/500) rounds
# ok: test finished successfully
#####################################################################
