# Test #0: PROTO: gossip; LOSS: 75%; ARGS: push-pull 80 55
## Sourcing local environment...
## Starting test (args: --loss-chance 75 --nodes 100 gossip push-pull 80 55)...
INFO:root:total: 9419 msgs, discarded: 6982 msgs
INFO:root:expected: 0.750000, actual: 0.741268
INFO:root:SUCCEED in dissemination: (2/1000) rounds
# ok: test finished successfully
#####################################################################
# Test #1: PROTO: gossip; LOSS: 75%; ARGS: push-pull 80 55
## Sourcing local environment...
## Starting test (args: --loss-chance 75 --nodes 100 gossip push-pull 80 55)...
INFO:root:total: 9193 msgs, discarded: 6877 msgs
INFO:root:expected: 0.750000, actual: 0.748069
INFO:root:SUCCEED in dissemination: (2/1000) rounds
# ok: test finished successfully
#####################################################################
# Test #2: PROTO: gossip; LOSS: 75%; ARGS: push-pull 80 55
## Sourcing local environment...
## Starting test (args: --loss-chance 75 --nodes 100 gossip push-pull 80 55)...
INFO:root:total: 9072 msgs, discarded: 6750 msgs
INFO:root:expected: 0.750000, actual: 0.744048
INFO:root:SUCCEED in dissemination: (2/1000) rounds
# ok: test finished successfully
#####################################################################
# Test #3: PROTO: gossip; LOSS: 75%; ARGS: push-pull 80 55
## Sourcing local environment...
## Starting test (args: --loss-chance 75 --nodes 100 gossip push-pull 80 55)...
INFO:root:total: 8754 msgs, discarded: 6551 msgs
INFO:root:expected: 0.750000, actual: 0.748344
INFO:root:SUCCEED in dissemination: (2/1000) rounds
# ok: test finished successfully
#####################################################################
# Test #4: PROTO: gossip; LOSS: 75%; ARGS: push-pull 80 55
## Sourcing local environment...
## Starting test (args: --loss-chance 75 --nodes 100 gossip push-pull 80 55)...
INFO:root:total: 9207 msgs, discarded: 6962 msgs
INFO:root:expected: 0.750000, actual: 0.756164
INFO:root:SUCCEED in dissemination: (2/1000) rounds
# ok: test finished successfully
#####################################################################
# Test #5: PROTO: gossip; LOSS: 75%; ARGS: push-pull 80 55
## Sourcing local environment...
## Starting test (args: --loss-chance 75 --nodes 100 gossip push-pull 80 55)...
INFO:root:total: 8873 msgs, discarded: 6722 msgs
INFO:root:expected: 0.750000, actual: 0.757579
INFO:root:SUCCEED in dissemination: (2/1000) rounds
# ok: test finished successfully
#####################################################################
# Test #6: PROTO: gossip; LOSS: 75%; ARGS: push-pull 80 55
## Sourcing local environment...
## Starting test (args: --loss-chance 75 --nodes 100 gossip push-pull 80 55)...
INFO:root:total: 9081 msgs, discarded: 6855 msgs
INFO:root:expected: 0.750000, actual: 0.754873
INFO:root:SUCCEED in dissemination: (2/1000) rounds
# ok: test finished successfully
#####################################################################
# Test #7: PROTO: gossip; LOSS: 75%; ARGS: push-pull 80 55
## Sourcing local environment...
## Starting test (args: --loss-chance 75 --nodes 100 gossip push-pull 80 55)...
INFO:root:total: 8827 msgs, discarded: 6577 msgs
INFO:root:expected: 0.750000, actual: 0.745100
INFO:root:SUCCEED in dissemination: (2/1000) rounds
# ok: test finished successfully
#####################################################################
# Test #8: PROTO: gossip; LOSS: 75%; ARGS: push-pull 80 55
## Sourcing local environment...
## Starting test (args: --loss-chance 75 --nodes 100 gossip push-pull 80 55)...
INFO:root:total: 8773 msgs, discarded: 6562 msgs
INFO:root:expected: 0.750000, actual: 0.747977
INFO:root:SUCCEED in dissemination: (2/1000) rounds
# ok: test finished successfully
#####################################################################
# Test #9: PROTO: gossip; LOSS: 75%; ARGS: push-pull 80 55
## Sourcing local environment...
## Starting test (args: --loss-chance 75 --nodes 100 gossip push-pull 80 55)...
INFO:root:total: 9071 msgs, discarded: 6823 msgs
INFO:root:expected: 0.750000, actual: 0.752177
INFO:root:SUCCEED in dissemination: (2/1000) rounds
# ok: test finished successfully
#####################################################################
