# Test #0: PROTO: gossip; LOSS: 75%; ARGS: pull 30
## Sourcing local environment...
## Starting test (args: --loss-chance 75 --nodes 100 gossip pull 30)...
INFO:root:total: 10006 msgs, discarded: 7555 msgs
INFO:root:expected: 0.750000, actual: 0.755047
INFO:root:SUCCEED in dissemination: (6/2000) rounds
# ok: test finished successfully
#####################################################################
# Test #1: PROTO: gossip; LOSS: 75%; ARGS: pull 30
## Sourcing local environment...
## Starting test (args: --loss-chance 75 --nodes 100 gossip pull 30)...
INFO:root:total: 11793 msgs, discarded: 8866 msgs
INFO:root:expected: 0.750000, actual: 0.751802
INFO:root:SUCCEED in dissemination: (6/2000) rounds
# ok: test finished successfully
#####################################################################
# Test #2: PROTO: gossip; LOSS: 75%; ARGS: pull 30
## Sourcing local environment...
## Starting test (args: --loss-chance 75 --nodes 100 gossip pull 30)...
INFO:root:total: 13649 msgs, discarded: 10237 msgs
INFO:root:expected: 0.750000, actual: 0.750018
INFO:root:SUCCEED in dissemination: (7/2000) rounds
# ok: test finished successfully
#####################################################################
# Test #3: PROTO: gossip; LOSS: 75%; ARGS: pull 30
## Sourcing local environment...
## Starting test (args: --loss-chance 75 --nodes 100 gossip pull 30)...
INFO:root:total: 8018 msgs, discarded: 6013 msgs
INFO:root:expected: 0.750000, actual: 0.749938
INFO:root:SUCCEED in dissemination: (5/2000) rounds
# ok: test finished successfully
#####################################################################
# Test #4: PROTO: gossip; LOSS: 75%; ARGS: pull 30
## Sourcing local environment...
## Starting test (args: --loss-chance 75 --nodes 100 gossip pull 30)...
INFO:root:total: 7903 msgs, discarded: 5888 msgs
INFO:root:expected: 0.750000, actual: 0.745034
INFO:root:SUCCEED in dissemination: (6/2000) rounds
# ok: test finished successfully
#####################################################################
# Test #5: PROTO: gossip; LOSS: 75%; ARGS: pull 30
## Sourcing local environment...
## Starting test (args: --loss-chance 75 --nodes 100 gossip pull 30)...
INFO:root:total: 10288 msgs, discarded: 7652 msgs
INFO:root:expected: 0.750000, actual: 0.743779
INFO:root:SUCCEED in dissemination: (6/2000) rounds
# ok: test finished successfully
#####################################################################
# Test #6: PROTO: gossip; LOSS: 75%; ARGS: pull 30
## Sourcing local environment...
## Starting test (args: --loss-chance 75 --nodes 100 gossip pull 30)...
INFO:root:total: 9288 msgs, discarded: 6963 msgs
INFO:root:expected: 0.750000, actual: 0.749677
INFO:root:SUCCEED in dissemination: (5/2000) rounds
# ok: test finished successfully
#####################################################################
# Test #7: PROTO: gossip; LOSS: 75%; ARGS: pull 30
## Sourcing local environment...
## Starting test (args: --loss-chance 75 --nodes 100 gossip pull 30)...
INFO:root:total: 10852 msgs, discarded: 8160 msgs
INFO:root:expected: 0.750000, actual: 0.751935
INFO:root:SUCCEED in dissemination: (7/2000) rounds
# ok: test finished successfully
#####################################################################
# Test #8: PROTO: gossip; LOSS: 75%; ARGS: pull 30
## Sourcing local environment...
## Starting test (args: --loss-chance 75 --nodes 100 gossip pull 30)...
INFO:root:total: 8340 msgs, discarded: 6264 msgs
INFO:root:expected: 0.750000, actual: 0.751079
INFO:root:SUCCEED in dissemination: (5/2000) rounds
# ok: test finished successfully
#####################################################################
# Test #9: PROTO: gossip; LOSS: 75%; ARGS: pull 30
## Sourcing local environment...
## Starting test (args: --loss-chance 75 --nodes 100 gossip pull 30)...
INFO:root:total: 11878 msgs, discarded: 8928 msgs
INFO:root:expected: 0.750000, actual: 0.751642
INFO:root:SUCCEED in dissemination: (6/2000) rounds
# ok: test finished successfully
#####################################################################
