# Test #0: PROTO: gossip; LOSS: 75%; ARGS: push-pull 10 10
## Sourcing local environment...
## Starting test (args: --loss-chance 75 --nodes 100 gossip push-pull 10 10)...
INFO:root:total: 4910 msgs, discarded: 3742 msgs
INFO:root:expected: 0.750000, actual: 0.762118
INFO:root:SUCCEED in dissemination: (5/500) rounds
# ok: test finished successfully
#####################################################################
# Test #1: PROTO: gossip; LOSS: 75%; ARGS: push-pull 10 10
## Sourcing local environment...
## Starting test (args: --loss-chance 75 --nodes 100 gossip push-pull 10 10)...
INFO:root:total: 5003 msgs, discarded: 3716 msgs
INFO:root:expected: 0.750000, actual: 0.742754
INFO:root:SUCCEED in dissemination: (5/500) rounds
# ok: test finished successfully
#####################################################################
# Test #2: PROTO: gossip; LOSS: 75%; ARGS: push-pull 10 10
## Sourcing local environment...
## Starting test (args: --loss-chance 75 --nodes 100 gossip push-pull 10 10)...
INFO:root:total: 4980 msgs, discarded: 3796 msgs
INFO:root:expected: 0.750000, actual: 0.762249
INFO:root:SUCCEED in dissemination: (5/500) rounds
# ok: test finished successfully
#####################################################################
# Test #3: PROTO: gossip; LOSS: 75%; ARGS: push-pull 10 10
## Sourcing local environment...
## Starting test (args: --loss-chance 75 --nodes 100 gossip push-pull 10 10)...
INFO:root:total: 4893 msgs, discarded: 3678 msgs
INFO:root:expected: 0.750000, actual: 0.751686
INFO:root:SUCCEED in dissemination: (5/500) rounds
# ok: test finished successfully
#####################################################################
# Test #4: PROTO: gossip; LOSS: 75%; ARGS: push-pull 10 10
## Sourcing local environment...
## Starting test (args: --loss-chance 75 --nodes 100 gossip push-pull 10 10)...
INFO:root:total: 6939 msgs, discarded: 5179 msgs
INFO:root:expected: 0.750000, actual: 0.746361
INFO:root:SUCCEED in dissemination: (7/500) rounds
# ok: test finished successfully
#####################################################################
# Test #5: PROTO: gossip; LOSS: 75%; ARGS: push-pull 10 10
## Sourcing local environment...
## Starting test (args: --loss-chance 75 --nodes 100 gossip push-pull 10 10)...
INFO:root:total: 5969 msgs, discarded: 4485 msgs
INFO:root:expected: 0.750000, actual: 0.751382
INFO:root:SUCCEED in dissemination: (6/500) rounds
# ok: test finished successfully
#####################################################################
# Test #6: PROTO: gossip; LOSS: 75%; ARGS: push-pull 10 10
## Sourcing local environment...
## Starting test (args: --loss-chance 75 --nodes 100 gossip push-pull 10 10)...
INFO:root:total: 4921 msgs, discarded: 3690 msgs
INFO:root:expected: 0.750000, actual: 0.749848
INFO:root:SUCCEED in dissemination: (5/500) rounds
# ok: test finished successfully
#####################################################################
# Test #7: PROTO: gossip; LOSS: 75%; ARGS: push-pull 10 10
## Sourcing local environment...
## Starting test (args: --loss-chance 75 --nodes 100 gossip push-pull 10 10)...
INFO:root:total: 4932 msgs, discarded: 3698 msgs
INFO:root:expected: 0.750000, actual: 0.749797
INFO:root:SUCCEED in dissemination: (5/500) rounds
# ok: test finished successfully
#####################################################################
# Test #8: PROTO: gossip; LOSS: 75%; ARGS: push-pull 10 10
## Sourcing local environment...
## Starting test (args: --loss-chance 75 --nodes 100 gossip push-pull 10 10)...
INFO:root:total: 4890 msgs, discarded: 3680 msgs
INFO:root:expected: 0.750000, actual: 0.752556
INFO:root:SUCCEED in dissemination: (5/500) rounds
# ok: test finished successfully
#####################################################################
# Test #9: PROTO: gossip; LOSS: 75%; ARGS: push-pull 10 10
## Sourcing local environment...
## Starting test (args: --loss-chance 75 --nodes 100 gossip push-pull 10 10)...
INFO:root:total: 4001 msgs, discarded: 3008 msgs
INFO:root:expected: 0.750000, actual: 0.751812
INFO:root:SUCCEED in dissemination: (4/500) rounds
# ok: test finished successfully
#####################################################################
