# Test #0: PROTO: gossip; LOSS: 75%; ARGS: push-pull 10 40
## Sourcing local environment...
## Starting test (args: --loss-chance 75 --nodes 100 gossip push-pull 10 40)...
INFO:root:total: 8539 msgs, discarded: 6356 msgs
INFO:root:expected: 0.750000, actual: 0.744349
INFO:root:SUCCEED in dissemination: (3/500) rounds
# ok: test finished successfully
#####################################################################
# Test #1: PROTO: gossip; LOSS: 75%; ARGS: push-pull 10 40
## Sourcing local environment...
## Starting test (args: --loss-chance 75 --nodes 100 gossip push-pull 10 40)...
INFO:root:total: 10713 msgs, discarded: 8044 msgs
INFO:root:expected: 0.750000, actual: 0.750863
INFO:root:SUCCEED in dissemination: (4/500) rounds
# ok: test finished successfully
#####################################################################
# Test #2: PROTO: gossip; LOSS: 75%; ARGS: push-pull 10 40
## Sourcing local environment...
## Starting test (args: --loss-chance 75 --nodes 100 gossip push-pull 10 40)...
INFO:root:total: 7875 msgs, discarded: 5867 msgs
INFO:root:expected: 0.750000, actual: 0.745016
INFO:root:SUCCEED in dissemination: (3/500) rounds
# ok: test finished successfully
#####################################################################
# Test #3: PROTO: gossip; LOSS: 75%; ARGS: push-pull 10 40
## Sourcing local environment...
## Starting test (args: --loss-chance 75 --nodes 100 gossip push-pull 10 40)...
INFO:root:total: 9446 msgs, discarded: 7032 msgs
INFO:root:expected: 0.750000, actual: 0.744442
INFO:root:SUCCEED in dissemination: (4/500) rounds
# ok: test finished successfully
#####################################################################
# Test #4: PROTO: gossip; LOSS: 75%; ARGS: push-pull 10 40
## Sourcing local environment...
## Starting test (args: --loss-chance 75 --nodes 100 gossip push-pull 10 40)...
INFO:root:total: 10956 msgs, discarded: 8230 msgs
INFO:root:expected: 0.750000, actual: 0.751187
INFO:root:SUCCEED in dissemination: (5/500) rounds
# ok: test finished successfully
#####################################################################
# Test #5: PROTO: gossip; LOSS: 75%; ARGS: push-pull 10 40
## Sourcing local environment...
## Starting test (args: --loss-chance 75 --nodes 100 gossip push-pull 10 40)...
INFO:root:total: 7831 msgs, discarded: 5808 msgs
INFO:root:expected: 0.750000, actual: 0.741668
INFO:root:SUCCEED in dissemination: (3/500) rounds
# ok: test finished successfully
#####################################################################
# Test #6: PROTO: gossip; LOSS: 75%; ARGS: push-pull 10 40
## Sourcing local environment...
## Starting test (args: --loss-chance 75 --nodes 100 gossip push-pull 10 40)...
INFO:root:total: 7961 msgs, discarded: 5957 msgs
INFO:root:expected: 0.750000, actual: 0.748273
INFO:root:SUCCEED in dissemination: (3/500) rounds
# ok: test finished successfully
#####################################################################
# Test #7: PROTO: gossip; LOSS: 75%; ARGS: push-pull 10 40
## Sourcing local environment...
## Starting test (args: --loss-chance 75 --nodes 100 gossip push-pull 10 40)...
INFO:root:total: 11266 msgs, discarded: 8472 msgs
INFO:root:expected: 0.750000, actual: 0.751997
INFO:root:SUCCEED in dissemination: (4/500) rounds
# ok: test finished successfully
#####################################################################
# Test #8: PROTO: gossip; LOSS: 75%; ARGS: push-pull 10 40
## Sourcing local environment...
## Starting test (args: --loss-chance 75 --nodes 100 gossip push-pull 10 40)...
INFO:root:total: 9876 msgs, discarded: 7461 msgs
INFO:root:expected: 0.750000, actual: 0.755468
INFO:root:SUCCEED in dissemination: (4/500) rounds
# ok: test finished successfully
#####################################################################
# Test #9: PROTO: gossip; LOSS: 75%; ARGS: push-pull 10 40
## Sourcing local environment...
## Starting test (args: --loss-chance 75 --nodes 100 gossip push-pull 10 40)...
INFO:root:total: 9787 msgs, discarded: 7360 msgs
INFO:root:expected: 0.750000, actual: 0.752018
INFO:root:SUCCEED in dissemination: (4/500) rounds
# ok: test finished successfully
#####################################################################
