# Test #0: PROTO: gossip; LOSS: 75%; ARGS: push-pull 55 80
## Sourcing local environment...
## Starting test (args: --loss-chance 75 --nodes 100 gossip push-pull 55 80)...
INFO:root:total: 11528 msgs, discarded: 8665 msgs
INFO:root:expected: 0.750000, actual: 0.751648
INFO:root:SUCCEED in dissemination: (2/2000) rounds
# ok: test finished successfully
#####################################################################
# Test #1: PROTO: gossip; LOSS: 75%; ARGS: push-pull 55 80
## Sourcing local environment...
## Starting test (args: --loss-chance 75 --nodes 100 gossip push-pull 55 80)...
INFO:root:total: 10832 msgs, discarded: 8135 msgs
INFO:root:expected: 0.750000, actual: 0.751016
INFO:root:SUCCEED in dissemination: (2/2000) rounds
# ok: test finished successfully
#####################################################################
# Test #2: PROTO: gossip; LOSS: 75%; ARGS: push-pull 55 80
## Sourcing local environment...
## Starting test (args: --loss-chance 75 --nodes 100 gossip push-pull 55 80)...
INFO:root:total: 11223 msgs, discarded: 8408 msgs
INFO:root:expected: 0.750000, actual: 0.749176
INFO:root:SUCCEED in dissemination: (2/2000) rounds
# ok: test finished successfully
#####################################################################
# Test #3: PROTO: gossip; LOSS: 75%; ARGS: push-pull 55 80
## Sourcing local environment...
## Starting test (args: --loss-chance 75 --nodes 100 gossip push-pull 55 80)...
INFO:root:total: 10087 msgs, discarded: 7616 msgs
INFO:root:expected: 0.750000, actual: 0.755031
INFO:root:SUCCEED in dissemination: (2/2000) rounds
# ok: test finished successfully
#####################################################################
# Test #4: PROTO: gossip; LOSS: 75%; ARGS: push-pull 55 80
## Sourcing local environment...
## Starting test (args: --loss-chance 75 --nodes 100 gossip push-pull 55 80)...
INFO:root:total: 11217 msgs, discarded: 8417 msgs
INFO:root:expected: 0.750000, actual: 0.750379
INFO:root:SUCCEED in dissemination: (2/2000) rounds
# ok: test finished successfully
#####################################################################
# Test #5: PROTO: gossip; LOSS: 75%; ARGS: push-pull 55 80
## Sourcing local environment...
## Starting test (args: --loss-chance 75 --nodes 100 gossip push-pull 55 80)...
INFO:root:total: 10685 msgs, discarded: 7989 msgs
INFO:root:expected: 0.750000, actual: 0.747684
INFO:root:SUCCEED in dissemination: (2/2000) rounds
# ok: test finished successfully
#####################################################################
# Test #6: PROTO: gossip; LOSS: 75%; ARGS: push-pull 55 80
## Sourcing local environment...
## Starting test (args: --loss-chance 75 --nodes 100 gossip push-pull 55 80)...
INFO:root:total: 10581 msgs, discarded: 7966 msgs
INFO:root:expected: 0.750000, actual: 0.752859
INFO:root:SUCCEED in dissemination: (2/2000) rounds
# ok: test finished successfully
#####################################################################
# Test #7: PROTO: gossip; LOSS: 75%; ARGS: push-pull 55 80
## Sourcing local environment...
## Starting test (args: --loss-chance 75 --nodes 100 gossip push-pull 55 80)...
INFO:root:total: 10832 msgs, discarded: 8231 msgs
INFO:root:expected: 0.750000, actual: 0.759878
INFO:root:SUCCEED in dissemination: (2/2000) rounds
# ok: test finished successfully
#####################################################################
# Test #8: PROTO: gossip; LOSS: 75%; ARGS: push-pull 55 80
## Sourcing local environment...
## Starting test (args: --loss-chance 75 --nodes 100 gossip push-pull 55 80)...
INFO:root:total: 10801 msgs, discarded: 8079 msgs
INFO:root:expected: 0.750000, actual: 0.747986
INFO:root:SUCCEED in dissemination: (2/2000) rounds
# ok: test finished successfully
#####################################################################
# Test #9: PROTO: gossip; LOSS: 75%; ARGS: push-pull 55 80
## Sourcing local environment...
## Starting test (args: --loss-chance 75 --nodes 100 gossip push-pull 55 80)...
INFO:root:total: 10605 msgs, discarded: 7985 msgs
INFO:root:expected: 0.750000, actual: 0.752947
INFO:root:SUCCEED in dissemination: (2/2000) rounds
# ok: test finished successfully
#####################################################################
