# Test #0: PROTO: gossip; LOSS: 90%; ARGS: push-pull 40 40
## Sourcing local environment...
## Starting test (args: --loss-chance 90 --nodes 100 gossip push-pull 40 40)...
INFO:root:total: 23776 msgs, discarded: 21475 msgs
INFO:root:expected: 0.900000, actual: 0.903222
INFO:root:SUCCEED in dissemination: (6/500) rounds
# ok: test finished successfully
#####################################################################
# Test #1: PROTO: gossip; LOSS: 90%; ARGS: push-pull 40 40
## Sourcing local environment...
## Starting test (args: --loss-chance 90 --nodes 100 gossip push-pull 40 40)...
INFO:root:total: 19923 msgs, discarded: 17955 msgs
INFO:root:expected: 0.900000, actual: 0.901220
INFO:root:SUCCEED in dissemination: (5/500) rounds
# ok: test finished successfully
#####################################################################
# Test #2: PROTO: gossip; LOSS: 90%; ARGS: push-pull 40 40
## Sourcing local environment...
## Starting test (args: --loss-chance 90 --nodes 100 gossip push-pull 40 40)...
INFO:root:total: 15897 msgs, discarded: 14241 msgs
INFO:root:expected: 0.900000, actual: 0.895829
INFO:root:SUCCEED in dissemination: (4/500) rounds
# ok: test finished successfully
#####################################################################
# Test #3: PROTO: gossip; LOSS: 90%; ARGS: push-pull 40 40
## Sourcing local environment...
## Starting test (args: --loss-chance 90 --nodes 100 gossip push-pull 40 40)...
INFO:root:total: 15489 msgs, discarded: 13901 msgs
INFO:root:expected: 0.900000, actual: 0.897476
INFO:root:SUCCEED in dissemination: (4/500) rounds
# ok: test finished successfully
#####################################################################
# Test #4: PROTO: gossip; LOSS: 90%; ARGS: push-pull 40 40
## Sourcing local environment...
## Starting test (args: --loss-chance 90 --nodes 100 gossip push-pull 40 40)...
INFO:root:total: 15686 msgs, discarded: 14122 msgs
INFO:root:expected: 0.900000, actual: 0.900293
INFO:root:SUCCEED in dissemination: (4/500) rounds
# ok: test finished successfully
#####################################################################
# Test #5: PROTO: gossip; LOSS: 90%; ARGS: push-pull 40 40
## Sourcing local environment...
## Starting test (args: --loss-chance 90 --nodes 100 gossip push-pull 40 40)...
INFO:root:total: 15482 msgs, discarded: 13939 msgs
INFO:root:expected: 0.900000, actual: 0.900336
INFO:root:SUCCEED in dissemination: (4/500) rounds
# ok: test finished successfully
#####################################################################
# Test #6: PROTO: gossip; LOSS: 90%; ARGS: push-pull 40 40
## Sourcing local environment...
## Starting test (args: --loss-chance 90 --nodes 100 gossip push-pull 40 40)...
INFO:root:total: 19863 msgs, discarded: 17904 msgs
INFO:root:expected: 0.900000, actual: 0.901374
INFO:root:SUCCEED in dissemination: (5/500) rounds
# ok: test finished successfully
#####################################################################
# Test #7: PROTO: gossip; LOSS: 90%; ARGS: push-pull 40 40
## Sourcing local environment...
## Starting test (args: --loss-chance 90 --nodes 100 gossip push-pull 40 40)...
INFO:root:total: 19830 msgs, discarded: 17875 msgs
INFO:root:expected: 0.900000, actual: 0.901412
INFO:root:SUCCEED in dissemination: (5/500) rounds
# ok: test finished successfully
#####################################################################
# Test #8: PROTO: gossip; LOSS: 90%; ARGS: push-pull 40 40
## Sourcing local environment...
## Starting test (args: --loss-chance 90 --nodes 100 gossip push-pull 40 40)...
INFO:root:total: 23877 msgs, discarded: 21513 msgs
INFO:root:expected: 0.900000, actual: 0.900993
INFO:root:SUCCEED in dissemination: (6/500) rounds
# ok: test finished successfully
#####################################################################
# Test #9: PROTO: gossip; LOSS: 90%; ARGS: push-pull 40 40
## Sourcing local environment...
## Starting test (args: --loss-chance 90 --nodes 100 gossip push-pull 40 40)...
INFO:root:total: 15780 msgs, discarded: 14222 msgs
INFO:root:expected: 0.900000, actual: 0.901267
INFO:root:SUCCEED in dissemination: (4/500) rounds
# ok: test finished successfully
#####################################################################
