# Test #0: PROTO: gossip; LOSS: 90%; ARGS: push-pull 40 70
## Sourcing local environment...
## Starting test (args: --loss-chance 90 --nodes 100 gossip push-pull 40 70)...
INFO:root:total: 23664 msgs, discarded: 21361 msgs
INFO:root:expected: 0.900000, actual: 0.902679
INFO:root:SUCCEED in dissemination: (4/500) rounds
# ok: test finished successfully
#####################################################################
# Test #1: PROTO: gossip; LOSS: 90%; ARGS: push-pull 40 70
## Sourcing local environment...
## Starting test (args: --loss-chance 90 --nodes 100 gossip push-pull 40 70)...
INFO:root:total: 22949 msgs, discarded: 20707 msgs
INFO:root:expected: 0.900000, actual: 0.902305
INFO:root:SUCCEED in dissemination: (4/500) rounds
# ok: test finished successfully
#####################################################################
# Test #2: PROTO: gossip; LOSS: 90%; ARGS: push-pull 40 70
## Sourcing local environment...
## Starting test (args: --loss-chance 90 --nodes 100 gossip push-pull 40 70)...
INFO:root:total: 28150 msgs, discarded: 25263 msgs
INFO:root:expected: 0.900000, actual: 0.897442
INFO:root:SUCCEED in dissemination: (5/500) rounds
# ok: test finished successfully
#####################################################################
# Test #3: PROTO: gossip; LOSS: 90%; ARGS: push-pull 40 70
## Sourcing local environment...
## Starting test (args: --loss-chance 90 --nodes 100 gossip push-pull 40 70)...
INFO:root:total: 27790 msgs, discarded: 25026 msgs
INFO:root:expected: 0.900000, actual: 0.900540
INFO:root:SUCCEED in dissemination: (5/500) rounds
# ok: test finished successfully
#####################################################################
# Test #4: PROTO: gossip; LOSS: 90%; ARGS: push-pull 40 70
## Sourcing local environment...
## Starting test (args: --loss-chance 90 --nodes 100 gossip push-pull 40 70)...
INFO:root:total: 27207 msgs, discarded: 24576 msgs
INFO:root:expected: 0.900000, actual: 0.903297
INFO:root:SUCCEED in dissemination: (5/500) rounds
# ok: test finished successfully
#####################################################################
# Test #5: PROTO: gossip; LOSS: 90%; ARGS: push-pull 40 70
## Sourcing local environment...
## Starting test (args: --loss-chance 90 --nodes 100 gossip push-pull 40 70)...
INFO:root:total: 23406 msgs, discarded: 20993 msgs
INFO:root:expected: 0.900000, actual: 0.896907
INFO:root:SUCCEED in dissemination: (4/500) rounds
# ok: test finished successfully
#####################################################################
# Test #6: PROTO: gossip; LOSS: 90%; ARGS: push-pull 40 70
## Sourcing local environment...
## Starting test (args: --loss-chance 90 --nodes 100 gossip push-pull 40 70)...
INFO:root:total: 23043 msgs, discarded: 20800 msgs
INFO:root:expected: 0.900000, actual: 0.902660
INFO:root:SUCCEED in dissemination: (4/500) rounds
# ok: test finished successfully
#####################################################################
# Test #7: PROTO: gossip; LOSS: 90%; ARGS: push-pull 40 70
## Sourcing local environment...
## Starting test (args: --loss-chance 90 --nodes 100 gossip push-pull 40 70)...
INFO:root:total: 29204 msgs, discarded: 26312 msgs
INFO:root:expected: 0.900000, actual: 0.900972
INFO:root:SUCCEED in dissemination: (5/500) rounds
# ok: test finished successfully
#####################################################################
# Test #8: PROTO: gossip; LOSS: 90%; ARGS: push-pull 40 70
## Sourcing local environment...
## Starting test (args: --loss-chance 90 --nodes 100 gossip push-pull 40 70)...
INFO:root:total: 23348 msgs, discarded: 20910 msgs
INFO:root:expected: 0.900000, actual: 0.895580
INFO:root:SUCCEED in dissemination: (4/500) rounds
# ok: test finished successfully
#####################################################################
# Test #9: PROTO: gossip; LOSS: 90%; ARGS: push-pull 40 70
## Sourcing local environment...
## Starting test (args: --loss-chance 90 --nodes 100 gossip push-pull 40 70)...
INFO:root:total: 24459 msgs, discarded: 21981 msgs
INFO:root:expected: 0.900000, actual: 0.898688
INFO:root:SUCCEED in dissemination: (4/500) rounds
# ok: test finished successfully
#####################################################################
