# Test #0: PROTO: gossip; LOSS: 90%; ARGS: push-pull 10 40
## Sourcing local environment...
## Starting test (args: --loss-chance 90 --nodes 100 gossip push-pull 10 40)...
INFO:root:total: 21517 msgs, discarded: 19400 msgs
INFO:root:expected: 0.900000, actual: 0.901613
INFO:root:SUCCEED in dissemination: (8/500) rounds
# ok: test finished successfully
#####################################################################
# Test #1: PROTO: gossip; LOSS: 90%; ARGS: push-pull 10 40
## Sourcing local environment...
## Starting test (args: --loss-chance 90 --nodes 100 gossip push-pull 10 40)...
INFO:root:total: 21893 msgs, discarded: 19711 msgs
INFO:root:expected: 0.900000, actual: 0.900333
INFO:root:SUCCEED in dissemination: (8/500) rounds
# ok: test finished successfully
#####################################################################
# Test #2: PROTO: gossip; LOSS: 90%; ARGS: push-pull 10 40
## Sourcing local environment...
## Starting test (args: --loss-chance 90 --nodes 100 gossip push-pull 10 40)...
INFO:root:total: 27048 msgs, discarded: 24348 msgs
INFO:root:expected: 0.900000, actual: 0.900177
INFO:root:SUCCEED in dissemination: (10/500) rounds
# ok: test finished successfully
#####################################################################
# Test #3: PROTO: gossip; LOSS: 90%; ARGS: push-pull 10 40
## Sourcing local environment...
## Starting test (args: --loss-chance 90 --nodes 100 gossip push-pull 10 40)...
INFO:root:total: 21540 msgs, discarded: 19275 msgs
INFO:root:expected: 0.900000, actual: 0.894847
INFO:root:SUCCEED in dissemination: (8/500) rounds
# ok: test finished successfully
#####################################################################
# Test #4: PROTO: gossip; LOSS: 90%; ARGS: push-pull 10 40
## Sourcing local environment...
## Starting test (args: --loss-chance 90 --nodes 100 gossip push-pull 10 40)...
INFO:root:total: 27818 msgs, discarded: 24982 msgs
INFO:root:expected: 0.900000, actual: 0.898052
INFO:root:SUCCEED in dissemination: (13/500) rounds
# ok: test finished successfully
#####################################################################
# Test #5: PROTO: gossip; LOSS: 90%; ARGS: push-pull 10 40
## Sourcing local environment...
## Starting test (args: --loss-chance 90 --nodes 100 gossip push-pull 10 40)...
INFO:root:total: 26343 msgs, discarded: 23679 msgs
INFO:root:expected: 0.900000, actual: 0.898873
INFO:root:SUCCEED in dissemination: (12/500) rounds
# ok: test finished successfully
#####################################################################
# Test #6: PROTO: gossip; LOSS: 90%; ARGS: push-pull 10 40
## Sourcing local environment...
## Starting test (args: --loss-chance 90 --nodes 100 gossip push-pull 10 40)...
INFO:root:total: 21607 msgs, discarded: 19469 msgs
INFO:root:expected: 0.900000, actual: 0.901051
INFO:root:SUCCEED in dissemination: (8/500) rounds
# ok: test finished successfully
#####################################################################
# Test #7: PROTO: gossip; LOSS: 90%; ARGS: push-pull 10 40
## Sourcing local environment...
## Starting test (args: --loss-chance 90 --nodes 100 gossip push-pull 10 40)...
INFO:root:total: 19970 msgs, discarded: 18013 msgs
INFO:root:expected: 0.900000, actual: 0.902003
INFO:root:SUCCEED in dissemination: (7/500) rounds
# ok: test finished successfully
#####################################################################
# Test #8: PROTO: gossip; LOSS: 90%; ARGS: push-pull 10 40
## Sourcing local environment...
## Starting test (args: --loss-chance 90 --nodes 100 gossip push-pull 10 40)...
INFO:root:total: 27032 msgs, discarded: 24357 msgs
INFO:root:expected: 0.900000, actual: 0.901043
INFO:root:SUCCEED in dissemination: (10/500) rounds
# ok: test finished successfully
#####################################################################
# Test #9: PROTO: gossip; LOSS: 90%; ARGS: push-pull 10 40
## Sourcing local environment...
## Starting test (args: --loss-chance 90 --nodes 100 gossip push-pull 10 40)...
INFO:root:total: 28009 msgs, discarded: 25133 msgs
INFO:root:expected: 0.900000, actual: 0.897319
INFO:root:SUCCEED in dissemination: (11/500) rounds
# ok: test finished successfully
#####################################################################
