# Test #0: PROTO: gossip; LOSS: 90%; ARGS: push-pull 10 10
## Sourcing local environment...
## Starting test (args: --loss-chance 90 --nodes 100 gossip push-pull 10 10)...
INFO:root:total: 11064 msgs, discarded: 9892 msgs
INFO:root:expected: 0.900000, actual: 0.894071
INFO:root:SUCCEED in dissemination: (11/500) rounds
# ok: test finished successfully
#####################################################################
# Test #1: PROTO: gossip; LOSS: 90%; ARGS: push-pull 10 10
## Sourcing local environment...
## Starting test (args: --loss-chance 90 --nodes 100 gossip push-pull 10 10)...
INFO:root:total: 12081 msgs, discarded: 10887 msgs
INFO:root:expected: 0.900000, actual: 0.901167
INFO:root:SUCCEED in dissemination: (12/500) rounds
# ok: test finished successfully
#####################################################################
# Test #2: PROTO: gossip; LOSS: 90%; ARGS: push-pull 10 10
## Sourcing local environment...
## Starting test (args: --loss-chance 90 --nodes 100 gossip push-pull 10 10)...
INFO:root:total: 10078 msgs, discarded: 9066 msgs
INFO:root:expected: 0.900000, actual: 0.899583
INFO:root:SUCCEED in dissemination: (10/500) rounds
# ok: test finished successfully
#####################################################################
# Test #3: PROTO: gossip; LOSS: 90%; ARGS: push-pull 10 10
## Sourcing local environment...
## Starting test (args: --loss-chance 90 --nodes 100 gossip push-pull 10 10)...
INFO:root:total: 10063 msgs, discarded: 9078 msgs
INFO:root:expected: 0.900000, actual: 0.902117
INFO:root:SUCCEED in dissemination: (10/500) rounds
# ok: test finished successfully
#####################################################################
# Test #4: PROTO: gossip; LOSS: 90%; ARGS: push-pull 10 10
## Sourcing local environment...
## Starting test (args: --loss-chance 90 --nodes 100 gossip push-pull 10 10)...
INFO:root:total: 14056 msgs, discarded: 12649 msgs
INFO:root:expected: 0.900000, actual: 0.899900
INFO:root:SUCCEED in dissemination: (14/500) rounds
# ok: test finished successfully
#####################################################################
# Test #5: PROTO: gossip; LOSS: 90%; ARGS: push-pull 10 10
## Sourcing local environment...
## Starting test (args: --loss-chance 90 --nodes 100 gossip push-pull 10 10)...
INFO:root:total: 14042 msgs, discarded: 12600 msgs
INFO:root:expected: 0.900000, actual: 0.897308
INFO:root:SUCCEED in dissemination: (14/500) rounds
# ok: test finished successfully
#####################################################################
# Test #6: PROTO: gossip; LOSS: 90%; ARGS: push-pull 10 10
## Sourcing local environment...
## Starting test (args: --loss-chance 90 --nodes 100 gossip push-pull 10 10)...
INFO:root:total: 9073 msgs, discarded: 8133 msgs
INFO:root:expected: 0.900000, actual: 0.896396
INFO:root:SUCCEED in dissemination: (9/500) rounds
# ok: test finished successfully
#####################################################################
# Test #7: PROTO: gossip; LOSS: 90%; ARGS: push-pull 10 10
## Sourcing local environment...
## Starting test (args: --loss-chance 90 --nodes 100 gossip push-pull 10 10)...
INFO:root:total: 12054 msgs, discarded: 10852 msgs
INFO:root:expected: 0.900000, actual: 0.900282
INFO:root:SUCCEED in dissemination: (12/500) rounds
# ok: test finished successfully
#####################################################################
# Test #8: PROTO: gossip; LOSS: 90%; ARGS: push-pull 10 10
## Sourcing local environment...
## Starting test (args: --loss-chance 90 --nodes 100 gossip push-pull 10 10)...
INFO:root:total: 14068 msgs, discarded: 12693 msgs
INFO:root:expected: 0.900000, actual: 0.902260
INFO:root:SUCCEED in dissemination: (14/500) rounds
# ok: test finished successfully
#####################################################################
# Test #9: PROTO: gossip; LOSS: 90%; ARGS: push-pull 10 10
## Sourcing local environment...
## Starting test (args: --loss-chance 90 --nodes 100 gossip push-pull 10 10)...
INFO:root:total: 12022 msgs, discarded: 10856 msgs
INFO:root:expected: 0.900000, actual: 0.903011
INFO:root:SUCCEED in dissemination: (12/500) rounds
# ok: test finished successfully
#####################################################################
