# Test #0: PROTO: gossip; LOSS: 90%; ARGS: push-pull 80 30
## Sourcing local environment...
## Starting test (args: --loss-chance 90 --nodes 100 gossip push-pull 80 30)...
INFO:root:total: 12340 msgs, discarded: 11052 msgs
INFO:root:expected: 0.900000, actual: 0.895624
INFO:root:SUCCEED in dissemination: (3/2000) rounds
# ok: test finished successfully
#####################################################################
# Test #1: PROTO: gossip; LOSS: 90%; ARGS: push-pull 80 30
## Sourcing local environment...
## Starting test (args: --loss-chance 90 --nodes 100 gossip push-pull 80 30)...
INFO:root:total: 20019 msgs, discarded: 18043 msgs
INFO:root:expected: 0.900000, actual: 0.901294
INFO:root:SUCCEED in dissemination: (4/2000) rounds
# ok: test finished successfully
#####################################################################
# Test #2: PROTO: gossip; LOSS: 90%; ARGS: push-pull 80 30
## Sourcing local environment...
## Starting test (args: --loss-chance 90 --nodes 100 gossip push-pull 80 30)...
INFO:root:total: 12612 msgs, discarded: 11387 msgs
INFO:root:expected: 0.900000, actual: 0.902870
INFO:root:SUCCEED in dissemination: (3/2000) rounds
# ok: test finished successfully
#####################################################################
# Test #3: PROTO: gossip; LOSS: 90%; ARGS: push-pull 80 30
## Sourcing local environment...
## Starting test (args: --loss-chance 90 --nodes 100 gossip push-pull 80 30)...
INFO:root:total: 12550 msgs, discarded: 11276 msgs
INFO:root:expected: 0.900000, actual: 0.898486
INFO:root:SUCCEED in dissemination: (3/2000) rounds
# ok: test finished successfully
#####################################################################
# Test #4: PROTO: gossip; LOSS: 90%; ARGS: push-pull 80 30
## Sourcing local environment...
## Starting test (args: --loss-chance 90 --nodes 100 gossip push-pull 80 30)...
INFO:root:total: 19219 msgs, discarded: 17346 msgs
INFO:root:expected: 0.900000, actual: 0.902544
INFO:root:SUCCEED in dissemination: (4/2000) rounds
# ok: test finished successfully
#####################################################################
# Test #5: PROTO: gossip; LOSS: 90%; ARGS: push-pull 80 30
## Sourcing local environment...
## Starting test (args: --loss-chance 90 --nodes 100 gossip push-pull 80 30)...
INFO:root:total: 11834 msgs, discarded: 10674 msgs
INFO:root:expected: 0.900000, actual: 0.901977
INFO:root:SUCCEED in dissemination: (3/2000) rounds
# ok: test finished successfully
#####################################################################
# Test #6: PROTO: gossip; LOSS: 90%; ARGS: push-pull 80 30
## Sourcing local environment...
## Starting test (args: --loss-chance 90 --nodes 100 gossip push-pull 80 30)...
INFO:root:total: 18892 msgs, discarded: 17006 msgs
INFO:root:expected: 0.900000, actual: 0.900169
INFO:root:SUCCEED in dissemination: (4/2000) rounds
# ok: test finished successfully
#####################################################################
# Test #7: PROTO: gossip; LOSS: 90%; ARGS: push-pull 80 30
## Sourcing local environment...
## Starting test (args: --loss-chance 90 --nodes 100 gossip push-pull 80 30)...
INFO:root:total: 19196 msgs, discarded: 17242 msgs
INFO:root:expected: 0.900000, actual: 0.898208
INFO:root:SUCCEED in dissemination: (4/2000) rounds
# ok: test finished successfully
#####################################################################
# Test #8: PROTO: gossip; LOSS: 90%; ARGS: push-pull 80 30
## Sourcing local environment...
## Starting test (args: --loss-chance 90 --nodes 100 gossip push-pull 80 30)...
INFO:root:total: 12579 msgs, discarded: 11277 msgs
INFO:root:expected: 0.900000, actual: 0.896494
INFO:root:SUCCEED in dissemination: (3/2000) rounds
# ok: test finished successfully
#####################################################################
# Test #9: PROTO: gossip; LOSS: 90%; ARGS: push-pull 80 30
## Sourcing local environment...
## Starting test (args: --loss-chance 90 --nodes 100 gossip push-pull 80 30)...
INFO:root:total: 19059 msgs, discarded: 17149 msgs
INFO:root:expected: 0.900000, actual: 0.899785
INFO:root:SUCCEED in dissemination: (4/2000) rounds
# ok: test finished successfully
#####################################################################
