# Test #0: PROTO: gossip; LOSS: 90%; ARGS: pull 80
## Sourcing local environment...
## Starting test (args: --loss-chance 90 --nodes 100 gossip pull 80)...
INFO:root:total: 79191 msgs, discarded: 71294 msgs
INFO:root:expected: 0.900000, actual: 0.900279
INFO:root:SUCCEED in dissemination: (15/500) rounds
# ok: test finished successfully
#####################################################################
# Test #1: PROTO: gossip; LOSS: 90%; ARGS: pull 80
## Sourcing local environment...
## Starting test (args: --loss-chance 90 --nodes 100 gossip pull 80)...
INFO:root:total: 55432 msgs, discarded: 49942 msgs
INFO:root:expected: 0.900000, actual: 0.900960
INFO:root:SUCCEED in dissemination: (12/500) rounds
# ok: test finished successfully
#####################################################################
# Test #2: PROTO: gossip; LOSS: 90%; ARGS: pull 80
## Sourcing local environment...
## Starting test (args: --loss-chance 90 --nodes 100 gossip pull 80)...
INFO:root:total: 51170 msgs, discarded: 45922 msgs
INFO:root:expected: 0.900000, actual: 0.897440
INFO:root:SUCCEED in dissemination: (13/500) rounds
# ok: test finished successfully
#####################################################################
# Test #3: PROTO: gossip; LOSS: 90%; ARGS: pull 80
## Sourcing local environment...
## Starting test (args: --loss-chance 90 --nodes 100 gossip pull 80)...
INFO:root:total: 45403 msgs, discarded: 40839 msgs
INFO:root:expected: 0.900000, actual: 0.899478
INFO:root:SUCCEED in dissemination: (15/500) rounds
# ok: test finished successfully
#####################################################################
# Test #4: PROTO: gossip; LOSS: 90%; ARGS: pull 80
## Sourcing local environment...
## Starting test (args: --loss-chance 90 --nodes 100 gossip pull 80)...
INFO:root:total: 65873 msgs, discarded: 59105 msgs
INFO:root:expected: 0.900000, actual: 0.897257
INFO:root:SUCCEED in dissemination: (14/500) rounds
# ok: test finished successfully
#####################################################################
# Test #5: PROTO: gossip; LOSS: 90%; ARGS: pull 80
## Sourcing local environment...
## Starting test (args: --loss-chance 90 --nodes 100 gossip pull 80)...
INFO:root:total: 47536 msgs, discarded: 42767 msgs
INFO:root:expected: 0.900000, actual: 0.899676
INFO:root:SUCCEED in dissemination: (14/500) rounds
# ok: test finished successfully
#####################################################################
# Test #6: PROTO: gossip; LOSS: 90%; ARGS: pull 80
## Sourcing local environment...
## Starting test (args: --loss-chance 90 --nodes 100 gossip pull 80)...
INFO:root:total: 47302 msgs, discarded: 42505 msgs
INFO:root:expected: 0.900000, actual: 0.898588
INFO:root:SUCCEED in dissemination: (15/500) rounds
# ok: test finished successfully
#####################################################################
# Test #7: PROTO: gossip; LOSS: 90%; ARGS: pull 80
## Sourcing local environment...
## Starting test (args: --loss-chance 90 --nodes 100 gossip pull 80)...
INFO:root:total: 35469 msgs, discarded: 31898 msgs
INFO:root:expected: 0.900000, actual: 0.899321
INFO:root:SUCCEED in dissemination: (12/500) rounds
# ok: test finished successfully
#####################################################################
# Test #8: PROTO: gossip; LOSS: 90%; ARGS: pull 80
## Sourcing local environment...
## Starting test (args: --loss-chance 90 --nodes 100 gossip pull 80)...
INFO:root:total: 48723 msgs, discarded: 43844 msgs
INFO:root:expected: 0.900000, actual: 0.899862
INFO:root:SUCCEED in dissemination: (12/500) rounds
# ok: test finished successfully
#####################################################################
# Test #9: PROTO: gossip; LOSS: 90%; ARGS: pull 80
## Sourcing local environment...
## Starting test (args: --loss-chance 90 --nodes 100 gossip pull 80)...
INFO:root:total: 50928 msgs, discarded: 45990 msgs
INFO:root:expected: 0.900000, actual: 0.903040
INFO:root:SUCCEED in dissemination: (11/500) rounds
# ok: test finished successfully
#####################################################################
