# Test #0: PROTO: gossip; LOSS: 90%; ARGS: pull 5
## Sourcing local environment...
## Starting test (args: --loss-chance 90 --nodes 100 gossip pull 5)...
INFO:root:total: 67592 msgs, discarded: 60932 msgs
INFO:root:expected: 0.900000, actual: 0.901468
INFO:root:SUCCEED in dissemination: (240/1000) rounds
# ok: test finished successfully
#####################################################################
# Test #1: PROTO: gossip; LOSS: 90%; ARGS: pull 5
## Sourcing local environment...
## Starting test (args: --loss-chance 90 --nodes 100 gossip pull 5)...
INFO:root:total: 66856 msgs, discarded: 60245 msgs
INFO:root:expected: 0.900000, actual: 0.901116
INFO:root:SUCCEED in dissemination: (223/1000) rounds
# ok: test finished successfully
#####################################################################
# Test #2: PROTO: gossip; LOSS: 90%; ARGS: pull 5
## Sourcing local environment...
## Starting test (args: --loss-chance 90 --nodes 100 gossip pull 5)...
INFO:root:total: 37940 msgs, discarded: 34107 msgs
INFO:root:expected: 0.900000, actual: 0.898972
INFO:root:SUCCEED in dissemination: (154/1000) rounds
# ok: test finished successfully
#####################################################################
# Test #3: PROTO: gossip; LOSS: 90%; ARGS: pull 5
## Sourcing local environment...
## Starting test (args: --loss-chance 90 --nodes 100 gossip pull 5)...
INFO:root:total: 52897 msgs, discarded: 47539 msgs
INFO:root:expected: 0.900000, actual: 0.898709
INFO:root:SUCCEED in dissemination: (208/1000) rounds
# ok: test finished successfully
#####################################################################
# Test #4: PROTO: gossip; LOSS: 90%; ARGS: pull 5
## Sourcing local environment...
## Starting test (args: --loss-chance 90 --nodes 100 gossip pull 5)...
INFO:root:total: 38642 msgs, discarded: 34810 msgs
INFO:root:expected: 0.900000, actual: 0.900833
INFO:root:SUCCEED in dissemination: (275/1000) rounds
# ok: test finished successfully
#####################################################################
# Test #5: PROTO: gossip; LOSS: 90%; ARGS: pull 5
## Sourcing local environment...
## Starting test (args: --loss-chance 90 --nodes 100 gossip pull 5)...
INFO:root:total: 53662 msgs, discarded: 48278 msgs
INFO:root:expected: 0.900000, actual: 0.899668
INFO:root:SUCCEED in dissemination: (182/1000) rounds
# ok: test finished successfully
#####################################################################
# Test #6: PROTO: gossip; LOSS: 90%; ARGS: pull 5
## Sourcing local environment...
## Starting test (args: --loss-chance 90 --nodes 100 gossip pull 5)...
INFO:root:total: 70949 msgs, discarded: 63713 msgs
INFO:root:expected: 0.900000, actual: 0.898011
INFO:root:SUCCEED in dissemination: (292/1000) rounds
# ok: test finished successfully
#####################################################################
# Test #7: PROTO: gossip; LOSS: 90%; ARGS: pull 5
## Sourcing local environment...
## Starting test (args: --loss-chance 90 --nodes 100 gossip pull 5)...
INFO:root:total: 42014 msgs, discarded: 37795 msgs
INFO:root:expected: 0.900000, actual: 0.899581
INFO:root:SUCCEED in dissemination: (166/1000) rounds
# ok: test finished successfully
#####################################################################
# Test #8: PROTO: gossip; LOSS: 90%; ARGS: pull 5
## Sourcing local environment...
## Starting test (args: --loss-chance 90 --nodes 100 gossip pull 5)...
INFO:root:total: 57639 msgs, discarded: 51927 msgs
INFO:root:expected: 0.900000, actual: 0.900900
INFO:root:SUCCEED in dissemination: (268/1000) rounds
# ok: test finished successfully
#####################################################################
# Test #9: PROTO: gossip; LOSS: 90%; ARGS: pull 5
## Sourcing local environment...
## Starting test (args: --loss-chance 90 --nodes 100 gossip pull 5)...
INFO:root:total: 57089 msgs, discarded: 51405 msgs
INFO:root:expected: 0.900000, actual: 0.900436
INFO:root:SUCCEED in dissemination: (190/1000) rounds
# ok: test finished successfully
#####################################################################
