# Test #0: PROTO: gossip; LOSS: 90%; ARGS: push-pull 5 30
## Sourcing local environment...
## Starting test (args: --loss-chance 90 --nodes 100 gossip push-pull 5 30)...
INFO:root:total: 26629 msgs, discarded: 23939 msgs
INFO:root:expected: 0.900000, actual: 0.898982
INFO:root:SUCCEED in dissemination: (14/2000) rounds
# ok: test finished successfully
#####################################################################
# Test #1: PROTO: gossip; LOSS: 90%; ARGS: push-pull 5 30
## Sourcing local environment...
## Starting test (args: --loss-chance 90 --nodes 100 gossip push-pull 5 30)...
INFO:root:total: 26701 msgs, discarded: 23994 msgs
INFO:root:expected: 0.900000, actual: 0.898618
INFO:root:SUCCEED in dissemination: (13/2000) rounds
# ok: test finished successfully
#####################################################################
# Test #2: PROTO: gossip; LOSS: 90%; ARGS: push-pull 5 30
## Sourcing local environment...
## Starting test (args: --loss-chance 90 --nodes 100 gossip push-pull 5 30)...
INFO:root:total: 39277 msgs, discarded: 35510 msgs
INFO:root:expected: 0.900000, actual: 0.904091
INFO:root:SUCCEED in dissemination: (20/2000) rounds
# ok: test finished successfully
#####################################################################
# Test #3: PROTO: gossip; LOSS: 90%; ARGS: push-pull 5 30
## Sourcing local environment...
## Starting test (args: --loss-chance 90 --nodes 100 gossip push-pull 5 30)...
INFO:root:total: 33936 msgs, discarded: 30657 msgs
INFO:root:expected: 0.900000, actual: 0.903377
INFO:root:SUCCEED in dissemination: (21/2000) rounds
# ok: test finished successfully
#####################################################################
# Test #4: PROTO: gossip; LOSS: 90%; ARGS: push-pull 5 30
## Sourcing local environment...
## Starting test (args: --loss-chance 90 --nodes 100 gossip push-pull 5 30)...
INFO:root:total: 29754 msgs, discarded: 26708 msgs
INFO:root:expected: 0.900000, actual: 0.897627
INFO:root:SUCCEED in dissemination: (15/2000) rounds
# ok: test finished successfully
#####################################################################
# Test #5: PROTO: gossip; LOSS: 90%; ARGS: push-pull 5 30
## Sourcing local environment...
## Starting test (args: --loss-chance 90 --nodes 100 gossip push-pull 5 30)...
INFO:root:total: 26702 msgs, discarded: 24099 msgs
INFO:root:expected: 0.900000, actual: 0.902517
INFO:root:SUCCEED in dissemination: (17/2000) rounds
# ok: test finished successfully
#####################################################################
# Test #6: PROTO: gossip; LOSS: 90%; ARGS: push-pull 5 30
## Sourcing local environment...
## Starting test (args: --loss-chance 90 --nodes 100 gossip push-pull 5 30)...
INFO:root:total: 28048 msgs, discarded: 25267 msgs
INFO:root:expected: 0.900000, actual: 0.900849
INFO:root:SUCCEED in dissemination: (14/2000) rounds
# ok: test finished successfully
#####################################################################
# Test #7: PROTO: gossip; LOSS: 90%; ARGS: push-pull 5 30
## Sourcing local environment...
## Starting test (args: --loss-chance 90 --nodes 100 gossip push-pull 5 30)...
INFO:root:total: 24743 msgs, discarded: 22261 msgs
INFO:root:expected: 0.900000, actual: 0.899689
INFO:root:SUCCEED in dissemination: (15/2000) rounds
# ok: test finished successfully
#####################################################################
# Test #8: PROTO: gossip; LOSS: 90%; ARGS: push-pull 5 30
## Sourcing local environment...
## Starting test (args: --loss-chance 90 --nodes 100 gossip push-pull 5 30)...
INFO:root:total: 28354 msgs, discarded: 25526 msgs
INFO:root:expected: 0.900000, actual: 0.900261
INFO:root:SUCCEED in dissemination: (15/2000) rounds
# ok: test finished successfully
#####################################################################
# Test #9: PROTO: gossip; LOSS: 90%; ARGS: push-pull 5 30
## Sourcing local environment...
## Starting test (args: --loss-chance 90 --nodes 100 gossip push-pull 5 30)...
INFO:root:total: 23061 msgs, discarded: 20790 msgs
INFO:root:expected: 0.900000, actual: 0.901522
INFO:root:SUCCEED in dissemination: (13/2000) rounds
# ok: test finished successfully
#####################################################################
