# Test #0: PROTO: gossip; LOSS: 90%; ARGS: push-pull 40 10
## Sourcing local environment...
## Starting test (args: --loss-chance 90 --nodes 100 gossip push-pull 40 10)...
INFO:root:total: 7103 msgs, discarded: 6399 msgs
INFO:root:expected: 0.900000, actual: 0.900887
INFO:root:SUCCEED in dissemination: (4/500) rounds
# ok: test finished successfully
#####################################################################
# Test #1: PROTO: gossip; LOSS: 90%; ARGS: push-pull 40 10
## Sourcing local environment...
## Starting test (args: --loss-chance 90 --nodes 100 gossip push-pull 40 10)...
INFO:root:total: 7754 msgs, discarded: 6924 msgs
INFO:root:expected: 0.900000, actual: 0.892958
INFO:root:SUCCEED in dissemination: (4/500) rounds
# ok: test finished successfully
#####################################################################
# Test #2: PROTO: gossip; LOSS: 90%; ARGS: push-pull 40 10
## Sourcing local environment...
## Starting test (args: --loss-chance 90 --nodes 100 gossip push-pull 40 10)...
INFO:root:total: 9680 msgs, discarded: 8695 msgs
INFO:root:expected: 0.900000, actual: 0.898244
INFO:root:SUCCEED in dissemination: (5/500) rounds
# ok: test finished successfully
#####################################################################
# Test #3: PROTO: gossip; LOSS: 90%; ARGS: push-pull 40 10
## Sourcing local environment...
## Starting test (args: --loss-chance 90 --nodes 100 gossip push-pull 40 10)...
INFO:root:total: 7456 msgs, discarded: 6699 msgs
INFO:root:expected: 0.900000, actual: 0.898471
INFO:root:SUCCEED in dissemination: (4/500) rounds
# ok: test finished successfully
#####################################################################
# Test #4: PROTO: gossip; LOSS: 90%; ARGS: push-pull 40 10
## Sourcing local environment...
## Starting test (args: --loss-chance 90 --nodes 100 gossip push-pull 40 10)...
INFO:root:total: 10357 msgs, discarded: 9320 msgs
INFO:root:expected: 0.900000, actual: 0.899874
INFO:root:SUCCEED in dissemination: (5/500) rounds
# ok: test finished successfully
#####################################################################
# Test #5: PROTO: gossip; LOSS: 90%; ARGS: push-pull 40 10
## Sourcing local environment...
## Starting test (args: --loss-chance 90 --nodes 100 gossip push-pull 40 10)...
INFO:root:total: 7692 msgs, discarded: 6859 msgs
INFO:root:expected: 0.900000, actual: 0.891706
INFO:root:SUCCEED in dissemination: (4/500) rounds
# ok: test finished successfully
#####################################################################
# Test #6: PROTO: gossip; LOSS: 90%; ARGS: push-pull 40 10
## Sourcing local environment...
## Starting test (args: --loss-chance 90 --nodes 100 gossip push-pull 40 10)...
INFO:root:total: 11925 msgs, discarded: 10744 msgs
INFO:root:expected: 0.900000, actual: 0.900964
INFO:root:SUCCEED in dissemination: (5/500) rounds
# ok: test finished successfully
#####################################################################
# Test #7: PROTO: gossip; LOSS: 90%; ARGS: push-pull 40 10
## Sourcing local environment...
## Starting test (args: --loss-chance 90 --nodes 100 gossip push-pull 40 10)...
INFO:root:total: 10968 msgs, discarded: 9847 msgs
INFO:root:expected: 0.900000, actual: 0.897794
INFO:root:SUCCEED in dissemination: (5/500) rounds
# ok: test finished successfully
#####################################################################
# Test #8: PROTO: gossip; LOSS: 90%; ARGS: push-pull 40 10
## Sourcing local environment...
## Starting test (args: --loss-chance 90 --nodes 100 gossip push-pull 40 10)...
INFO:root:total: 11023 msgs, discarded: 9903 msgs
INFO:root:expected: 0.900000, actual: 0.898394
INFO:root:SUCCEED in dissemination: (5/500) rounds
# ok: test finished successfully
#####################################################################
# Test #9: PROTO: gossip; LOSS: 90%; ARGS: push-pull 40 10
## Sourcing local environment...
## Starting test (args: --loss-chance 90 --nodes 100 gossip push-pull 40 10)...
INFO:root:total: 7593 msgs, discarded: 6816 msgs
INFO:root:expected: 0.900000, actual: 0.897669
INFO:root:SUCCEED in dissemination: (4/500) rounds
# ok: test finished successfully
#####################################################################
