# Test #0: PROTO: gossip; LOSS: 90%; ARGS: push-pull 30 30
## Sourcing local environment...
## Starting test (args: --loss-chance 90 --nodes 100 gossip push-pull 30 30)...
INFO:root:total: 14933 msgs, discarded: 13426 msgs
INFO:root:expected: 0.900000, actual: 0.899083
INFO:root:SUCCEED in dissemination: (5/1000) rounds
# ok: test finished successfully
#####################################################################
# Test #1: PROTO: gossip; LOSS: 90%; ARGS: push-pull 30 30
## Sourcing local environment...
## Starting test (args: --loss-chance 90 --nodes 100 gossip push-pull 30 30)...
INFO:root:total: 18023 msgs, discarded: 16230 msgs
INFO:root:expected: 0.900000, actual: 0.900516
INFO:root:SUCCEED in dissemination: (6/1000) rounds
# ok: test finished successfully
#####################################################################
# Test #2: PROTO: gossip; LOSS: 90%; ARGS: push-pull 30 30
## Sourcing local environment...
## Starting test (args: --loss-chance 90 --nodes 100 gossip push-pull 30 30)...
INFO:root:total: 14899 msgs, discarded: 13339 msgs
INFO:root:expected: 0.900000, actual: 0.895295
INFO:root:SUCCEED in dissemination: (5/1000) rounds
# ok: test finished successfully
#####################################################################
# Test #3: PROTO: gossip; LOSS: 90%; ARGS: push-pull 30 30
## Sourcing local environment...
## Starting test (args: --loss-chance 90 --nodes 100 gossip push-pull 30 30)...
INFO:root:total: 14913 msgs, discarded: 13440 msgs
INFO:root:expected: 0.900000, actual: 0.901227
INFO:root:SUCCEED in dissemination: (5/1000) rounds
# ok: test finished successfully
#####################################################################
# Test #4: PROTO: gossip; LOSS: 90%; ARGS: push-pull 30 30
## Sourcing local environment...
## Starting test (args: --loss-chance 90 --nodes 100 gossip push-pull 30 30)...
INFO:root:total: 14919 msgs, discarded: 13472 msgs
INFO:root:expected: 0.900000, actual: 0.903010
INFO:root:SUCCEED in dissemination: (5/1000) rounds
# ok: test finished successfully
#####################################################################
# Test #5: PROTO: gossip; LOSS: 90%; ARGS: push-pull 30 30
## Sourcing local environment...
## Starting test (args: --loss-chance 90 --nodes 100 gossip push-pull 30 30)...
INFO:root:total: 18046 msgs, discarded: 16226 msgs
INFO:root:expected: 0.900000, actual: 0.899147
INFO:root:SUCCEED in dissemination: (6/1000) rounds
# ok: test finished successfully
#####################################################################
# Test #6: PROTO: gossip; LOSS: 90%; ARGS: push-pull 30 30
## Sourcing local environment...
## Starting test (args: --loss-chance 90 --nodes 100 gossip push-pull 30 30)...
INFO:root:total: 14869 msgs, discarded: 13366 msgs
INFO:root:expected: 0.900000, actual: 0.898917
INFO:root:SUCCEED in dissemination: (5/1000) rounds
# ok: test finished successfully
#####################################################################
# Test #7: PROTO: gossip; LOSS: 90%; ARGS: push-pull 30 30
## Sourcing local environment...
## Starting test (args: --loss-chance 90 --nodes 100 gossip push-pull 30 30)...
INFO:root:total: 15022 msgs, discarded: 13555 msgs
INFO:root:expected: 0.900000, actual: 0.902343
INFO:root:SUCCEED in dissemination: (5/1000) rounds
# ok: test finished successfully
#####################################################################
# Test #8: PROTO: gossip; LOSS: 90%; ARGS: push-pull 30 30
## Sourcing local environment...
## Starting test (args: --loss-chance 90 --nodes 100 gossip push-pull 30 30)...
INFO:root:total: 14922 msgs, discarded: 13368 msgs
INFO:root:expected: 0.900000, actual: 0.895858
INFO:root:SUCCEED in dissemination: (5/1000) rounds
# ok: test finished successfully
#####################################################################
# Test #9: PROTO: gossip; LOSS: 90%; ARGS: push-pull 30 30
## Sourcing local environment...
## Starting test (args: --loss-chance 90 --nodes 100 gossip push-pull 30 30)...
INFO:root:total: 14929 msgs, discarded: 13462 msgs
INFO:root:expected: 0.900000, actual: 0.901735
INFO:root:SUCCEED in dissemination: (5/1000) rounds
# ok: test finished successfully
#####################################################################
