# Test #0: PROTO: gossip; LOSS: 90%; ARGS: push 5
## Sourcing local environment...
## Starting test (args: --loss-chance 90 --nodes 100 gossip push 5)...
INFO:root:total: 5450 msgs, discarded: 4916 msgs
INFO:root:expected: 0.900000, actual: 0.902018
INFO:root:SUCCEED in dissemination: (22/1000) rounds
# ok: test finished successfully
#####################################################################
# Test #1: PROTO: gossip; LOSS: 90%; ARGS: push 5
## Sourcing local environment...
## Starting test (args: --loss-chance 90 --nodes 100 gossip push 5)...
INFO:root:total: 6165 msgs, discarded: 5514 msgs
INFO:root:expected: 0.900000, actual: 0.894404
INFO:root:SUCCEED in dissemination: (23/1000) rounds
# ok: test finished successfully
#####################################################################
# Test #2: PROTO: gossip; LOSS: 90%; ARGS: push 5
## Sourcing local environment...
## Starting test (args: --loss-chance 90 --nodes 100 gossip push 5)...
INFO:root:total: 5260 msgs, discarded: 4733 msgs
INFO:root:expected: 0.900000, actual: 0.899810
INFO:root:SUCCEED in dissemination: (28/1000) rounds
# ok: test finished successfully
#####################################################################
# Test #3: PROTO: gossip; LOSS: 90%; ARGS: push 5
## Sourcing local environment...
## Starting test (args: --loss-chance 90 --nodes 100 gossip push 5)...
INFO:root:total: 5570 msgs, discarded: 4999 msgs
INFO:root:expected: 0.900000, actual: 0.897487
INFO:root:SUCCEED in dissemination: (24/1000) rounds
# ok: test finished successfully
#####################################################################
# Test #4: PROTO: gossip; LOSS: 90%; ARGS: push 5
## Sourcing local environment...
## Starting test (args: --loss-chance 90 --nodes 100 gossip push 5)...
INFO:root:total: 6235 msgs, discarded: 5594 msgs
INFO:root:expected: 0.900000, actual: 0.897193
INFO:root:SUCCEED in dissemination: (25/1000) rounds
# ok: test finished successfully
#####################################################################
# Test #5: PROTO: gossip; LOSS: 90%; ARGS: push 5
## Sourcing local environment...
## Starting test (args: --loss-chance 90 --nodes 100 gossip push 5)...
INFO:root:total: 3315 msgs, discarded: 2965 msgs
INFO:root:expected: 0.900000, actual: 0.894419
INFO:root:SUCCEED in dissemination: (16/1000) rounds
# ok: test finished successfully
#####################################################################
# Test #6: PROTO: gossip; LOSS: 90%; ARGS: push 5
## Sourcing local environment...
## Starting test (args: --loss-chance 90 --nodes 100 gossip push 5)...
INFO:root:total: 6355 msgs, discarded: 5731 msgs
INFO:root:expected: 0.900000, actual: 0.901810
INFO:root:SUCCEED in dissemination: (28/1000) rounds
# ok: test finished successfully
#####################################################################
# Test #7: PROTO: gossip; LOSS: 90%; ARGS: push 5
## Sourcing local environment...
## Starting test (args: --loss-chance 90 --nodes 100 gossip push 5)...
INFO:root:total: 6490 msgs, discarded: 5858 msgs
INFO:root:expected: 0.900000, actual: 0.902619
INFO:root:SUCCEED in dissemination: (28/1000) rounds
# ok: test finished successfully
#####################################################################
# Test #8: PROTO: gossip; LOSS: 90%; ARGS: push 5
## Sourcing local environment...
## Starting test (args: --loss-chance 90 --nodes 100 gossip push 5)...
INFO:root:total: 4595 msgs, discarded: 4153 msgs
INFO:root:expected: 0.900000, actual: 0.903808
INFO:root:SUCCEED in dissemination: (27/1000) rounds
# ok: test finished successfully
#####################################################################
# Test #9: PROTO: gossip; LOSS: 90%; ARGS: push 5
## Sourcing local environment...
## Starting test (args: --loss-chance 90 --nodes 100 gossip push 5)...
INFO:root:total: 4195 msgs, discarded: 3766 msgs
INFO:root:expected: 0.900000, actual: 0.897735
INFO:root:SUCCEED in dissemination: (20/1000) rounds
# ok: test finished successfully
#####################################################################
