# Test #0: PROTO: gossip; LOSS: 90%; ARGS: pull 30
## Sourcing local environment...
## Starting test (args: --loss-chance 90 --nodes 100 gossip pull 30)...
INFO:root:total: 69293 msgs, discarded: 62351 msgs
INFO:root:expected: 0.900000, actual: 0.899817
INFO:root:SUCCEED in dissemination: (37/1000) rounds
# ok: test finished successfully
#####################################################################
# Test #1: PROTO: gossip; LOSS: 90%; ARGS: pull 30
## Sourcing local environment...
## Starting test (args: --loss-chance 90 --nodes 100 gossip pull 30)...
INFO:root:total: 54277 msgs, discarded: 48966 msgs
INFO:root:expected: 0.900000, actual: 0.902150
INFO:root:SUCCEED in dissemination: (43/1000) rounds
# ok: test finished successfully
#####################################################################
# Test #2: PROTO: gossip; LOSS: 90%; ARGS: pull 30
## Sourcing local environment...
## Starting test (args: --loss-chance 90 --nodes 100 gossip pull 30)...
INFO:root:total: 38720 msgs, discarded: 34824 msgs
INFO:root:expected: 0.900000, actual: 0.899380
INFO:root:SUCCEED in dissemination: (28/1000) rounds
# ok: test finished successfully
#####################################################################
# Test #3: PROTO: gossip; LOSS: 90%; ARGS: pull 30
## Sourcing local environment...
## Starting test (args: --loss-chance 90 --nodes 100 gossip pull 30)...
INFO:root:total: 37580 msgs, discarded: 33881 msgs
INFO:root:expected: 0.900000, actual: 0.901570
INFO:root:SUCCEED in dissemination: (35/1000) rounds
# ok: test finished successfully
#####################################################################
# Test #4: PROTO: gossip; LOSS: 90%; ARGS: pull 30
## Sourcing local environment...
## Starting test (args: --loss-chance 90 --nodes 100 gossip pull 30)...
INFO:root:total: 51268 msgs, discarded: 46026 msgs
INFO:root:expected: 0.900000, actual: 0.897753
INFO:root:SUCCEED in dissemination: (37/1000) rounds
# ok: test finished successfully
#####################################################################
# Test #5: PROTO: gossip; LOSS: 90%; ARGS: pull 30
## Sourcing local environment...
## Starting test (args: --loss-chance 90 --nodes 100 gossip pull 30)...
INFO:root:total: 43117 msgs, discarded: 38757 msgs
INFO:root:expected: 0.900000, actual: 0.898880
INFO:root:SUCCEED in dissemination: (26/1000) rounds
# ok: test finished successfully
#####################################################################
# Test #6: PROTO: gossip; LOSS: 90%; ARGS: pull 30
## Sourcing local environment...
## Starting test (args: --loss-chance 90 --nodes 100 gossip pull 30)...
INFO:root:total: 68327 msgs, discarded: 61470 msgs
INFO:root:expected: 0.900000, actual: 0.899644
INFO:root:SUCCEED in dissemination: (39/1000) rounds
# ok: test finished successfully
#####################################################################
# Test #7: PROTO: gossip; LOSS: 90%; ARGS: pull 30
## Sourcing local environment...
## Starting test (args: --loss-chance 90 --nodes 100 gossip pull 30)...
INFO:root:total: 44229 msgs, discarded: 39705 msgs
INFO:root:expected: 0.900000, actual: 0.897714
INFO:root:SUCCEED in dissemination: (25/1000) rounds
# ok: test finished successfully
#####################################################################
# Test #8: PROTO: gossip; LOSS: 90%; ARGS: pull 30
## Sourcing local environment...
## Starting test (args: --loss-chance 90 --nodes 100 gossip pull 30)...
INFO:root:total: 43000 msgs, discarded: 38663 msgs
INFO:root:expected: 0.900000, actual: 0.899140
INFO:root:SUCCEED in dissemination: (29/1000) rounds
# ok: test finished successfully
#####################################################################
# Test #9: PROTO: gossip; LOSS: 90%; ARGS: pull 30
## Sourcing local environment...
## Starting test (args: --loss-chance 90 --nodes 100 gossip pull 30)...
INFO:root:total: 60076 msgs, discarded: 54021 msgs
INFO:root:expected: 0.900000, actual: 0.899211
INFO:root:SUCCEED in dissemination: (34/1000) rounds
# ok: test finished successfully
#####################################################################
