# Test #0: PROTO: gossip; LOSS: 90%; ARGS: push-pull 5 55
## Sourcing local environment...
## Starting test (args: --loss-chance 90 --nodes 100 gossip push-pull 5 55)...
INFO:root:total: 42211 msgs, discarded: 37973 msgs
INFO:root:expected: 0.900000, actual: 0.899600
INFO:root:SUCCEED in dissemination: (11/1000) rounds
# ok: test finished successfully
#####################################################################
# Test #1: PROTO: gossip; LOSS: 90%; ARGS: push-pull 5 55
## Sourcing local environment...
## Starting test (args: --loss-chance 90 --nodes 100 gossip push-pull 5 55)...
INFO:root:total: 33385 msgs, discarded: 30077 msgs
INFO:root:expected: 0.900000, actual: 0.900914
INFO:root:SUCCEED in dissemination: (11/1000) rounds
# ok: test finished successfully
#####################################################################
# Test #2: PROTO: gossip; LOSS: 90%; ARGS: push-pull 5 55
## Sourcing local environment...
## Starting test (args: --loss-chance 90 --nodes 100 gossip push-pull 5 55)...
INFO:root:total: 44613 msgs, discarded: 40046 msgs
INFO:root:expected: 0.900000, actual: 0.897631
INFO:root:SUCCEED in dissemination: (13/1000) rounds
# ok: test finished successfully
#####################################################################
# Test #3: PROTO: gossip; LOSS: 90%; ARGS: push-pull 5 55
## Sourcing local environment...
## Starting test (args: --loss-chance 90 --nodes 100 gossip push-pull 5 55)...
INFO:root:total: 41219 msgs, discarded: 37116 msgs
INFO:root:expected: 0.900000, actual: 0.900459
INFO:root:SUCCEED in dissemination: (13/1000) rounds
# ok: test finished successfully
#####################################################################
# Test #4: PROTO: gossip; LOSS: 90%; ARGS: push-pull 5 55
## Sourcing local environment...
## Starting test (args: --loss-chance 90 --nodes 100 gossip push-pull 5 55)...
INFO:root:total: 50898 msgs, discarded: 45782 msgs
INFO:root:expected: 0.900000, actual: 0.899485
INFO:root:SUCCEED in dissemination: (13/1000) rounds
# ok: test finished successfully
#####################################################################
# Test #5: PROTO: gossip; LOSS: 90%; ARGS: push-pull 5 55
## Sourcing local environment...
## Starting test (args: --loss-chance 90 --nodes 100 gossip push-pull 5 55)...
INFO:root:total: 35428 msgs, discarded: 31967 msgs
INFO:root:expected: 0.900000, actual: 0.902309
INFO:root:SUCCEED in dissemination: (12/1000) rounds
# ok: test finished successfully
#####################################################################
# Test #6: PROTO: gossip; LOSS: 90%; ARGS: push-pull 5 55
## Sourcing local environment...
## Starting test (args: --loss-chance 90 --nodes 100 gossip push-pull 5 55)...
INFO:root:total: 37891 msgs, discarded: 34079 msgs
INFO:root:expected: 0.900000, actual: 0.899396
INFO:root:SUCCEED in dissemination: (13/1000) rounds
# ok: test finished successfully
#####################################################################
# Test #7: PROTO: gossip; LOSS: 90%; ARGS: push-pull 5 55
## Sourcing local environment...
## Starting test (args: --loss-chance 90 --nodes 100 gossip push-pull 5 55)...
INFO:root:total: 42382 msgs, discarded: 38164 msgs
INFO:root:expected: 0.900000, actual: 0.900477
INFO:root:SUCCEED in dissemination: (12/1000) rounds
# ok: test finished successfully
#####################################################################
# Test #8: PROTO: gossip; LOSS: 90%; ARGS: push-pull 5 55
## Sourcing local environment...
## Starting test (args: --loss-chance 90 --nodes 100 gossip push-pull 5 55)...
INFO:root:total: 30010 msgs, discarded: 27035 msgs
INFO:root:expected: 0.900000, actual: 0.900866
INFO:root:SUCCEED in dissemination: (10/1000) rounds
# ok: test finished successfully
#####################################################################
# Test #9: PROTO: gossip; LOSS: 90%; ARGS: push-pull 5 55
## Sourcing local environment...
## Starting test (args: --loss-chance 90 --nodes 100 gossip push-pull 5 55)...
INFO:root:total: 52160 msgs, discarded: 47035 msgs
INFO:root:expected: 0.900000, actual: 0.901745
INFO:root:SUCCEED in dissemination: (16/1000) rounds
# ok: test finished successfully
#####################################################################
