# Test #0: PROTO: gossip; LOSS: 90%; ARGS: push-pull 30 5
## Sourcing local environment...
## Starting test (args: --loss-chance 90 --nodes 100 gossip push-pull 30 5)...
INFO:root:total: 7486 msgs, discarded: 6784 msgs
INFO:root:expected: 0.900000, actual: 0.906225
INFO:root:SUCCEED in dissemination: (6/1000) rounds
# ok: test finished successfully
#####################################################################
# Test #1: PROTO: gossip; LOSS: 90%; ARGS: push-pull 30 5
## Sourcing local environment...
## Starting test (args: --loss-chance 90 --nodes 100 gossip push-pull 30 5)...
INFO:root:total: 8477 msgs, discarded: 7586 msgs
INFO:root:expected: 0.900000, actual: 0.894892
INFO:root:SUCCEED in dissemination: (6/1000) rounds
# ok: test finished successfully
#####################################################################
# Test #2: PROTO: gossip; LOSS: 90%; ARGS: push-pull 30 5
## Sourcing local environment...
## Starting test (args: --loss-chance 90 --nodes 100 gossip push-pull 30 5)...
INFO:root:total: 6803 msgs, discarded: 6101 msgs
INFO:root:expected: 0.900000, actual: 0.896810
INFO:root:SUCCEED in dissemination: (5/1000) rounds
# ok: test finished successfully
#####################################################################
# Test #3: PROTO: gossip; LOSS: 90%; ARGS: push-pull 30 5
## Sourcing local environment...
## Starting test (args: --loss-chance 90 --nodes 100 gossip push-pull 30 5)...
INFO:root:total: 8704 msgs, discarded: 7821 msgs
INFO:root:expected: 0.900000, actual: 0.898552
INFO:root:SUCCEED in dissemination: (6/1000) rounds
# ok: test finished successfully
#####################################################################
# Test #4: PROTO: gossip; LOSS: 90%; ARGS: push-pull 30 5
## Sourcing local environment...
## Starting test (args: --loss-chance 90 --nodes 100 gossip push-pull 30 5)...
INFO:root:total: 6259 msgs, discarded: 5653 msgs
INFO:root:expected: 0.900000, actual: 0.903179
INFO:root:SUCCEED in dissemination: (5/1000) rounds
# ok: test finished successfully
#####################################################################
# Test #5: PROTO: gossip; LOSS: 90%; ARGS: push-pull 30 5
## Sourcing local environment...
## Starting test (args: --loss-chance 90 --nodes 100 gossip push-pull 30 5)...
INFO:root:total: 8385 msgs, discarded: 7539 msgs
INFO:root:expected: 0.900000, actual: 0.899106
INFO:root:SUCCEED in dissemination: (7/1000) rounds
# ok: test finished successfully
#####################################################################
# Test #6: PROTO: gossip; LOSS: 90%; ARGS: push-pull 30 5
## Sourcing local environment...
## Starting test (args: --loss-chance 90 --nodes 100 gossip push-pull 30 5)...
INFO:root:total: 9022 msgs, discarded: 8149 msgs
INFO:root:expected: 0.900000, actual: 0.903237
INFO:root:SUCCEED in dissemination: (6/1000) rounds
# ok: test finished successfully
#####################################################################
# Test #7: PROTO: gossip; LOSS: 90%; ARGS: push-pull 30 5
## Sourcing local environment...
## Starting test (args: --loss-chance 90 --nodes 100 gossip push-pull 30 5)...
INFO:root:total: 9662 msgs, discarded: 8712 msgs
INFO:root:expected: 0.900000, actual: 0.901677
INFO:root:SUCCEED in dissemination: (6/1000) rounds
# ok: test finished successfully
#####################################################################
# Test #8: PROTO: gossip; LOSS: 90%; ARGS: push-pull 30 5
## Sourcing local environment...
## Starting test (args: --loss-chance 90 --nodes 100 gossip push-pull 30 5)...
INFO:root:total: 7868 msgs, discarded: 7069 msgs
INFO:root:expected: 0.900000, actual: 0.898449
INFO:root:SUCCEED in dissemination: (5/1000) rounds
# ok: test finished successfully
#####################################################################
# Test #9: PROTO: gossip; LOSS: 90%; ARGS: push-pull 30 5
## Sourcing local environment...
## Starting test (args: --loss-chance 90 --nodes 100 gossip push-pull 30 5)...
INFO:root:total: 7075 msgs, discarded: 6351 msgs
INFO:root:expected: 0.900000, actual: 0.897668
INFO:root:SUCCEED in dissemination: (6/1000) rounds
# ok: test finished successfully
#####################################################################
