# Test #0: PROTO: gossip; LOSS: 90%; ARGS: push-pull 55 80
## Sourcing local environment...
## Starting test (args: --loss-chance 90 --nodes 100 gossip push-pull 55 80)...
INFO:root:total: 27004 msgs, discarded: 24332 msgs
INFO:root:expected: 0.900000, actual: 0.901052
INFO:root:SUCCEED in dissemination: (4/2000) rounds
# ok: test finished successfully
#####################################################################
# Test #1: PROTO: gossip; LOSS: 90%; ARGS: push-pull 55 80
## Sourcing local environment...
## Starting test (args: --loss-chance 90 --nodes 100 gossip push-pull 55 80)...
INFO:root:total: 26631 msgs, discarded: 23910 msgs
INFO:root:expected: 0.900000, actual: 0.897826
INFO:root:SUCCEED in dissemination: (4/2000) rounds
# ok: test finished successfully
#####################################################################
# Test #2: PROTO: gossip; LOSS: 90%; ARGS: push-pull 55 80
## Sourcing local environment...
## Starting test (args: --loss-chance 90 --nodes 100 gossip push-pull 55 80)...
INFO:root:total: 27664 msgs, discarded: 24923 msgs
INFO:root:expected: 0.900000, actual: 0.900918
INFO:root:SUCCEED in dissemination: (4/2000) rounds
# ok: test finished successfully
#####################################################################
# Test #3: PROTO: gossip; LOSS: 90%; ARGS: push-pull 55 80
## Sourcing local environment...
## Starting test (args: --loss-chance 90 --nodes 100 gossip push-pull 55 80)...
INFO:root:total: 20880 msgs, discarded: 18771 msgs
INFO:root:expected: 0.900000, actual: 0.898994
INFO:root:SUCCEED in dissemination: (3/2000) rounds
# ok: test finished successfully
#####################################################################
# Test #4: PROTO: gossip; LOSS: 90%; ARGS: push-pull 55 80
## Sourcing local environment...
## Starting test (args: --loss-chance 90 --nodes 100 gossip push-pull 55 80)...
INFO:root:total: 25852 msgs, discarded: 23242 msgs
INFO:root:expected: 0.900000, actual: 0.899041
INFO:root:SUCCEED in dissemination: (4/2000) rounds
# ok: test finished successfully
#####################################################################
# Test #5: PROTO: gossip; LOSS: 90%; ARGS: push-pull 55 80
## Sourcing local environment...
## Starting test (args: --loss-chance 90 --nodes 100 gossip push-pull 55 80)...
INFO:root:total: 19740 msgs, discarded: 17751 msgs
INFO:root:expected: 0.900000, actual: 0.899240
INFO:root:SUCCEED in dissemination: (3/2000) rounds
# ok: test finished successfully
#####################################################################
# Test #6: PROTO: gossip; LOSS: 90%; ARGS: push-pull 55 80
## Sourcing local environment...
## Starting test (args: --loss-chance 90 --nodes 100 gossip push-pull 55 80)...
INFO:root:total: 27088 msgs, discarded: 24444 msgs
INFO:root:expected: 0.900000, actual: 0.902392
INFO:root:SUCCEED in dissemination: (4/2000) rounds
# ok: test finished successfully
#####################################################################
# Test #7: PROTO: gossip; LOSS: 90%; ARGS: push-pull 55 80
## Sourcing local environment...
## Starting test (args: --loss-chance 90 --nodes 100 gossip push-pull 55 80)...
INFO:root:total: 26638 msgs, discarded: 24024 msgs
INFO:root:expected: 0.900000, actual: 0.901870
INFO:root:SUCCEED in dissemination: (4/2000) rounds
# ok: test finished successfully
#####################################################################
# Test #8: PROTO: gossip; LOSS: 90%; ARGS: push-pull 55 80
## Sourcing local environment...
## Starting test (args: --loss-chance 90 --nodes 100 gossip push-pull 55 80)...
INFO:root:total: 27327 msgs, discarded: 24659 msgs
INFO:root:expected: 0.900000, actual: 0.902368
INFO:root:SUCCEED in dissemination: (4/2000) rounds
# ok: test finished successfully
#####################################################################
# Test #9: PROTO: gossip; LOSS: 90%; ARGS: push-pull 55 80
## Sourcing local environment...
## Starting test (args: --loss-chance 90 --nodes 100 gossip push-pull 55 80)...
INFO:root:total: 21108 msgs, discarded: 18985 msgs
INFO:root:expected: 0.900000, actual: 0.899422
INFO:root:SUCCEED in dissemination: (3/2000) rounds
# ok: test finished successfully
#####################################################################
