# Test #0: PROTO: gossip; LOSS: 90%; ARGS: push-pull 10 70
## Sourcing local environment...
## Starting test (args: --loss-chance 90 --nodes 100 gossip push-pull 10 70)...
INFO:root:total: 30141 msgs, discarded: 27070 msgs
INFO:root:expected: 0.900000, actual: 0.898112
INFO:root:SUCCEED in dissemination: (7/500) rounds
# ok: test finished successfully
#####################################################################
# Test #1: PROTO: gossip; LOSS: 90%; ARGS: push-pull 10 70
## Sourcing local environment...
## Starting test (args: --loss-chance 90 --nodes 100 gossip push-pull 10 70)...
INFO:root:total: 50195 msgs, discarded: 45158 msgs
INFO:root:expected: 0.900000, actual: 0.899651
INFO:root:SUCCEED in dissemination: (11/500) rounds
# ok: test finished successfully
#####################################################################
# Test #2: PROTO: gossip; LOSS: 90%; ARGS: push-pull 10 70
## Sourcing local environment...
## Starting test (args: --loss-chance 90 --nodes 100 gossip push-pull 10 70)...
INFO:root:total: 37193 msgs, discarded: 33534 msgs
INFO:root:expected: 0.900000, actual: 0.901621
INFO:root:SUCCEED in dissemination: (8/500) rounds
# ok: test finished successfully
#####################################################################
# Test #3: PROTO: gossip; LOSS: 90%; ARGS: push-pull 10 70
## Sourcing local environment...
## Starting test (args: --loss-chance 90 --nodes 100 gossip push-pull 10 70)...
INFO:root:total: 28381 msgs, discarded: 25563 msgs
INFO:root:expected: 0.900000, actual: 0.900708
INFO:root:SUCCEED in dissemination: (7/500) rounds
# ok: test finished successfully
#####################################################################
# Test #4: PROTO: gossip; LOSS: 90%; ARGS: push-pull 10 70
## Sourcing local environment...
## Starting test (args: --loss-chance 90 --nodes 100 gossip push-pull 10 70)...
INFO:root:total: 28464 msgs, discarded: 25610 msgs
INFO:root:expected: 0.900000, actual: 0.899733
INFO:root:SUCCEED in dissemination: (7/500) rounds
# ok: test finished successfully
#####################################################################
# Test #5: PROTO: gossip; LOSS: 90%; ARGS: push-pull 10 70
## Sourcing local environment...
## Starting test (args: --loss-chance 90 --nodes 100 gossip push-pull 10 70)...
INFO:root:total: 38305 msgs, discarded: 34464 msgs
INFO:root:expected: 0.900000, actual: 0.899726
INFO:root:SUCCEED in dissemination: (9/500) rounds
# ok: test finished successfully
#####################################################################
# Test #6: PROTO: gossip; LOSS: 90%; ARGS: push-pull 10 70
## Sourcing local environment...
## Starting test (args: --loss-chance 90 --nodes 100 gossip push-pull 10 70)...
INFO:root:total: 33982 msgs, discarded: 30595 msgs
INFO:root:expected: 0.900000, actual: 0.900330
INFO:root:SUCCEED in dissemination: (8/500) rounds
# ok: test finished successfully
#####################################################################
# Test #7: PROTO: gossip; LOSS: 90%; ARGS: push-pull 10 70
## Sourcing local environment...
## Starting test (args: --loss-chance 90 --nodes 100 gossip push-pull 10 70)...
INFO:root:total: 28055 msgs, discarded: 25239 msgs
INFO:root:expected: 0.900000, actual: 0.899626
INFO:root:SUCCEED in dissemination: (7/500) rounds
# ok: test finished successfully
#####################################################################
# Test #8: PROTO: gossip; LOSS: 90%; ARGS: push-pull 10 70
## Sourcing local environment...
## Starting test (args: --loss-chance 90 --nodes 100 gossip push-pull 10 70)...
INFO:root:total: 32348 msgs, discarded: 29101 msgs
INFO:root:expected: 0.900000, actual: 0.899623
INFO:root:SUCCEED in dissemination: (8/500) rounds
# ok: test finished successfully
#####################################################################
# Test #9: PROTO: gossip; LOSS: 90%; ARGS: push-pull 10 70
## Sourcing local environment...
## Starting test (args: --loss-chance 90 --nodes 100 gossip push-pull 10 70)...
INFO:root:total: 32177 msgs, discarded: 29045 msgs
INFO:root:expected: 0.900000, actual: 0.902663
INFO:root:SUCCEED in dissemination: (8/500) rounds
# ok: test finished successfully
#####################################################################
