# Test #0: PROTO: gossip; LOSS: 90%; ARGS: push-pull 80 55
## Sourcing local environment...
## Starting test (args: --loss-chance 90 --nodes 100 gossip push-pull 80 55)...
INFO:root:total: 17506 msgs, discarded: 15710 msgs
INFO:root:expected: 0.900000, actual: 0.897407
INFO:root:SUCCEED in dissemination: (3/1000) rounds
# ok: test finished successfully
#####################################################################
# Test #1: PROTO: gossip; LOSS: 90%; ARGS: push-pull 80 55
## Sourcing local environment...
## Starting test (args: --loss-chance 90 --nodes 100 gossip push-pull 80 55)...
INFO:root:total: 17994 msgs, discarded: 16219 msgs
INFO:root:expected: 0.900000, actual: 0.901356
INFO:root:SUCCEED in dissemination: (3/1000) rounds
# ok: test finished successfully
#####################################################################
# Test #2: PROTO: gossip; LOSS: 90%; ARGS: push-pull 80 55
## Sourcing local environment...
## Starting test (args: --loss-chance 90 --nodes 100 gossip push-pull 80 55)...
INFO:root:total: 16990 msgs, discarded: 15321 msgs
INFO:root:expected: 0.900000, actual: 0.901766
INFO:root:SUCCEED in dissemination: (3/1000) rounds
# ok: test finished successfully
#####################################################################
# Test #3: PROTO: gossip; LOSS: 90%; ARGS: push-pull 80 55
## Sourcing local environment...
## Starting test (args: --loss-chance 90 --nodes 100 gossip push-pull 80 55)...
INFO:root:total: 26141 msgs, discarded: 23577 msgs
INFO:root:expected: 0.900000, actual: 0.901917
INFO:root:SUCCEED in dissemination: (4/1000) rounds
# ok: test finished successfully
#####################################################################
# Test #4: PROTO: gossip; LOSS: 90%; ARGS: push-pull 80 55
## Sourcing local environment...
## Starting test (args: --loss-chance 90 --nodes 100 gossip push-pull 80 55)...
INFO:root:total: 17514 msgs, discarded: 15781 msgs
INFO:root:expected: 0.900000, actual: 0.901051
INFO:root:SUCCEED in dissemination: (3/1000) rounds
# ok: test finished successfully
#####################################################################
# Test #5: PROTO: gossip; LOSS: 90%; ARGS: push-pull 80 55
## Sourcing local environment...
## Starting test (args: --loss-chance 90 --nodes 100 gossip push-pull 80 55)...
INFO:root:total: 25239 msgs, discarded: 22733 msgs
INFO:root:expected: 0.900000, actual: 0.900709
INFO:root:SUCCEED in dissemination: (4/1000) rounds
# ok: test finished successfully
#####################################################################
# Test #6: PROTO: gossip; LOSS: 90%; ARGS: push-pull 80 55
## Sourcing local environment...
## Starting test (args: --loss-chance 90 --nodes 100 gossip push-pull 80 55)...
INFO:root:total: 25636 msgs, discarded: 23024 msgs
INFO:root:expected: 0.900000, actual: 0.898112
INFO:root:SUCCEED in dissemination: (4/1000) rounds
# ok: test finished successfully
#####################################################################
# Test #7: PROTO: gossip; LOSS: 90%; ARGS: push-pull 80 55
## Sourcing local environment...
## Starting test (args: --loss-chance 90 --nodes 100 gossip push-pull 80 55)...
INFO:root:total: 18188 msgs, discarded: 16301 msgs
INFO:root:expected: 0.900000, actual: 0.896250
INFO:root:SUCCEED in dissemination: (3/1000) rounds
# ok: test finished successfully
#####################################################################
# Test #8: PROTO: gossip; LOSS: 90%; ARGS: push-pull 80 55
## Sourcing local environment...
## Starting test (args: --loss-chance 90 --nodes 100 gossip push-pull 80 55)...
INFO:root:total: 18018 msgs, discarded: 16279 msgs
INFO:root:expected: 0.900000, actual: 0.903485
INFO:root:SUCCEED in dissemination: (3/1000) rounds
# ok: test finished successfully
#####################################################################
# Test #9: PROTO: gossip; LOSS: 90%; ARGS: push-pull 80 55
## Sourcing local environment...
## Starting test (args: --loss-chance 90 --nodes 100 gossip push-pull 80 55)...
INFO:root:total: 17505 msgs, discarded: 15726 msgs
INFO:root:expected: 0.900000, actual: 0.898372
INFO:root:SUCCEED in dissemination: (3/1000) rounds
# ok: test finished successfully
#####################################################################
