# Test #0: PROTO: gossip; LOSS: 90%; ARGS: push-pull 55 30
## Sourcing local environment...
## Starting test (args: --loss-chance 90 --nodes 100 gossip push-pull 55 30)...
INFO:root:total: 14260 msgs, discarded: 12835 msgs
INFO:root:expected: 0.900000, actual: 0.900070
INFO:root:SUCCEED in dissemination: (4/2000) rounds
# ok: test finished successfully
#####################################################################
# Test #1: PROTO: gossip; LOSS: 90%; ARGS: push-pull 55 30
## Sourcing local environment...
## Starting test (args: --loss-chance 90 --nodes 100 gossip push-pull 55 30)...
INFO:root:total: 15746 msgs, discarded: 14171 msgs
INFO:root:expected: 0.900000, actual: 0.899975
INFO:root:SUCCEED in dissemination: (4/2000) rounds
# ok: test finished successfully
#####################################################################
# Test #2: PROTO: gossip; LOSS: 90%; ARGS: push-pull 55 30
## Sourcing local environment...
## Starting test (args: --loss-chance 90 --nodes 100 gossip push-pull 55 30)...
INFO:root:total: 15439 msgs, discarded: 13849 msgs
INFO:root:expected: 0.900000, actual: 0.897014
INFO:root:SUCCEED in dissemination: (4/2000) rounds
# ok: test finished successfully
#####################################################################
# Test #3: PROTO: gossip; LOSS: 90%; ARGS: push-pull 55 30
## Sourcing local environment...
## Starting test (args: --loss-chance 90 --nodes 100 gossip push-pull 55 30)...
INFO:root:total: 10106 msgs, discarded: 9083 msgs
INFO:root:expected: 0.900000, actual: 0.898773
INFO:root:SUCCEED in dissemination: (3/2000) rounds
# ok: test finished successfully
#####################################################################
# Test #4: PROTO: gossip; LOSS: 90%; ARGS: push-pull 55 30
## Sourcing local environment...
## Starting test (args: --loss-chance 90 --nodes 100 gossip push-pull 55 30)...
INFO:root:total: 10917 msgs, discarded: 9771 msgs
INFO:root:expected: 0.900000, actual: 0.895026
INFO:root:SUCCEED in dissemination: (3/2000) rounds
# ok: test finished successfully
#####################################################################
# Test #5: PROTO: gossip; LOSS: 90%; ARGS: push-pull 55 30
## Sourcing local environment...
## Starting test (args: --loss-chance 90 --nodes 100 gossip push-pull 55 30)...
INFO:root:total: 15052 msgs, discarded: 13569 msgs
INFO:root:expected: 0.900000, actual: 0.901475
INFO:root:SUCCEED in dissemination: (4/2000) rounds
# ok: test finished successfully
#####################################################################
# Test #6: PROTO: gossip; LOSS: 90%; ARGS: push-pull 55 30
## Sourcing local environment...
## Starting test (args: --loss-chance 90 --nodes 100 gossip push-pull 55 30)...
INFO:root:total: 16074 msgs, discarded: 14507 msgs
INFO:root:expected: 0.900000, actual: 0.902513
INFO:root:SUCCEED in dissemination: (4/2000) rounds
# ok: test finished successfully
#####################################################################
# Test #7: PROTO: gossip; LOSS: 90%; ARGS: push-pull 55 30
## Sourcing local environment...
## Starting test (args: --loss-chance 90 --nodes 100 gossip push-pull 55 30)...
INFO:root:total: 14812 msgs, discarded: 13320 msgs
INFO:root:expected: 0.900000, actual: 0.899271
INFO:root:SUCCEED in dissemination: (4/2000) rounds
# ok: test finished successfully
#####################################################################
# Test #8: PROTO: gossip; LOSS: 90%; ARGS: push-pull 55 30
## Sourcing local environment...
## Starting test (args: --loss-chance 90 --nodes 100 gossip push-pull 55 30)...
INFO:root:total: 16057 msgs, discarded: 14419 msgs
INFO:root:expected: 0.900000, actual: 0.897988
INFO:root:SUCCEED in dissemination: (4/2000) rounds
# ok: test finished successfully
#####################################################################
# Test #9: PROTO: gossip; LOSS: 90%; ARGS: push-pull 55 30
## Sourcing local environment...
## Starting test (args: --loss-chance 90 --nodes 100 gossip push-pull 55 30)...
INFO:root:total: 15695 msgs, discarded: 14125 msgs
INFO:root:expected: 0.900000, actual: 0.899968
INFO:root:SUCCEED in dissemination: (4/2000) rounds
# ok: test finished successfully
#####################################################################
