# Test #0: PROTO: gossip; LOSS: 90%; ARGS: push-pull 30 55
## Sourcing local environment...
## Starting test (args: --loss-chance 90 --nodes 100 gossip push-pull 30 55)...
INFO:root:total: 22974 msgs, discarded: 20673 msgs
INFO:root:expected: 0.900000, actual: 0.899843
INFO:root:SUCCEED in dissemination: (5/1000) rounds
# ok: test finished successfully
#####################################################################
# Test #1: PROTO: gossip; LOSS: 90%; ARGS: push-pull 30 55
## Sourcing local environment...
## Starting test (args: --loss-chance 90 --nodes 100 gossip push-pull 30 55)...
INFO:root:total: 22887 msgs, discarded: 20636 msgs
INFO:root:expected: 0.900000, actual: 0.901647
INFO:root:SUCCEED in dissemination: (5/1000) rounds
# ok: test finished successfully
#####################################################################
# Test #2: PROTO: gossip; LOSS: 90%; ARGS: push-pull 30 55
## Sourcing local environment...
## Starting test (args: --loss-chance 90 --nodes 100 gossip push-pull 30 55)...
INFO:root:total: 21995 msgs, discarded: 19839 msgs
INFO:root:expected: 0.900000, actual: 0.901978
INFO:root:SUCCEED in dissemination: (5/1000) rounds
# ok: test finished successfully
#####################################################################
# Test #3: PROTO: gossip; LOSS: 90%; ARGS: push-pull 30 55
## Sourcing local environment...
## Starting test (args: --loss-chance 90 --nodes 100 gossip push-pull 30 55)...
INFO:root:total: 21710 msgs, discarded: 19549 msgs
INFO:root:expected: 0.900000, actual: 0.900461
INFO:root:SUCCEED in dissemination: (5/1000) rounds
# ok: test finished successfully
#####################################################################
# Test #4: PROTO: gossip; LOSS: 90%; ARGS: push-pull 30 55
## Sourcing local environment...
## Starting test (args: --loss-chance 90 --nodes 100 gossip push-pull 30 55)...
INFO:root:total: 25851 msgs, discarded: 23216 msgs
INFO:root:expected: 0.900000, actual: 0.898070
INFO:root:SUCCEED in dissemination: (6/1000) rounds
# ok: test finished successfully
#####################################################################
# Test #5: PROTO: gossip; LOSS: 90%; ARGS: push-pull 30 55
## Sourcing local environment...
## Starting test (args: --loss-chance 90 --nodes 100 gossip push-pull 30 55)...
INFO:root:total: 18446 msgs, discarded: 16591 msgs
INFO:root:expected: 0.900000, actual: 0.899436
INFO:root:SUCCEED in dissemination: (4/1000) rounds
# ok: test finished successfully
#####################################################################
# Test #6: PROTO: gossip; LOSS: 90%; ARGS: push-pull 30 55
## Sourcing local environment...
## Starting test (args: --loss-chance 90 --nodes 100 gossip push-pull 30 55)...
INFO:root:total: 22151 msgs, discarded: 19968 msgs
INFO:root:expected: 0.900000, actual: 0.901449
INFO:root:SUCCEED in dissemination: (5/1000) rounds
# ok: test finished successfully
#####################################################################
# Test #7: PROTO: gossip; LOSS: 90%; ARGS: push-pull 30 55
## Sourcing local environment...
## Starting test (args: --loss-chance 90 --nodes 100 gossip push-pull 30 55)...
INFO:root:total: 26822 msgs, discarded: 24170 msgs
INFO:root:expected: 0.900000, actual: 0.901126
INFO:root:SUCCEED in dissemination: (6/1000) rounds
# ok: test finished successfully
#####################################################################
# Test #8: PROTO: gossip; LOSS: 90%; ARGS: push-pull 30 55
## Sourcing local environment...
## Starting test (args: --loss-chance 90 --nodes 100 gossip push-pull 30 55)...
INFO:root:total: 22397 msgs, discarded: 20159 msgs
INFO:root:expected: 0.900000, actual: 0.900076
INFO:root:SUCCEED in dissemination: (5/1000) rounds
# ok: test finished successfully
#####################################################################
# Test #9: PROTO: gossip; LOSS: 90%; ARGS: push-pull 30 55
## Sourcing local environment...
## Starting test (args: --loss-chance 90 --nodes 100 gossip push-pull 30 55)...
INFO:root:total: 21048 msgs, discarded: 18941 msgs
INFO:root:expected: 0.900000, actual: 0.899895
INFO:root:SUCCEED in dissemination: (5/1000) rounds
# ok: test finished successfully
#####################################################################
