# Test #0: PROTO: gossip; LOSS: 90%; ARGS: push-pull 30 80
## Sourcing local environment...
## Starting test (args: --loss-chance 90 --nodes 100 gossip push-pull 30 80)...
INFO:root:total: 30334 msgs, discarded: 27312 msgs
INFO:root:expected: 0.900000, actual: 0.900376
INFO:root:SUCCEED in dissemination: (5/1000) rounds
# ok: test finished successfully
#####################################################################
# Test #1: PROTO: gossip; LOSS: 90%; ARGS: push-pull 30 80
## Sourcing local environment...
## Starting test (args: --loss-chance 90 --nodes 100 gossip push-pull 30 80)...
INFO:root:total: 27745 msgs, discarded: 24960 msgs
INFO:root:expected: 0.900000, actual: 0.899622
INFO:root:SUCCEED in dissemination: (5/1000) rounds
# ok: test finished successfully
#####################################################################
# Test #2: PROTO: gossip; LOSS: 90%; ARGS: push-pull 30 80
## Sourcing local environment...
## Starting test (args: --loss-chance 90 --nodes 100 gossip push-pull 30 80)...
INFO:root:total: 29802 msgs, discarded: 26781 msgs
INFO:root:expected: 0.900000, actual: 0.898631
INFO:root:SUCCEED in dissemination: (5/1000) rounds
# ok: test finished successfully
#####################################################################
# Test #3: PROTO: gossip; LOSS: 90%; ARGS: push-pull 30 80
## Sourcing local environment...
## Starting test (args: --loss-chance 90 --nodes 100 gossip push-pull 30 80)...
INFO:root:total: 30301 msgs, discarded: 27254 msgs
INFO:root:expected: 0.900000, actual: 0.899442
INFO:root:SUCCEED in dissemination: (5/1000) rounds
# ok: test finished successfully
#####################################################################
# Test #4: PROTO: gossip; LOSS: 90%; ARGS: push-pull 30 80
## Sourcing local environment...
## Starting test (args: --loss-chance 90 --nodes 100 gossip push-pull 30 80)...
INFO:root:total: 31089 msgs, discarded: 28039 msgs
INFO:root:expected: 0.900000, actual: 0.901895
INFO:root:SUCCEED in dissemination: (5/1000) rounds
# ok: test finished successfully
#####################################################################
# Test #5: PROTO: gossip; LOSS: 90%; ARGS: push-pull 30 80
## Sourcing local environment...
## Starting test (args: --loss-chance 90 --nodes 100 gossip push-pull 30 80)...
INFO:root:total: 29453 msgs, discarded: 26489 msgs
INFO:root:expected: 0.900000, actual: 0.899365
INFO:root:SUCCEED in dissemination: (5/1000) rounds
# ok: test finished successfully
#####################################################################
# Test #6: PROTO: gossip; LOSS: 90%; ARGS: push-pull 30 80
## Sourcing local environment...
## Starting test (args: --loss-chance 90 --nodes 100 gossip push-pull 30 80)...
INFO:root:total: 29425 msgs, discarded: 26463 msgs
INFO:root:expected: 0.900000, actual: 0.899337
INFO:root:SUCCEED in dissemination: (5/1000) rounds
# ok: test finished successfully
#####################################################################
# Test #7: PROTO: gossip; LOSS: 90%; ARGS: push-pull 30 80
## Sourcing local environment...
## Starting test (args: --loss-chance 90 --nodes 100 gossip push-pull 30 80)...
INFO:root:total: 24820 msgs, discarded: 22322 msgs
INFO:root:expected: 0.900000, actual: 0.899355
INFO:root:SUCCEED in dissemination: (4/1000) rounds
# ok: test finished successfully
#####################################################################
# Test #8: PROTO: gossip; LOSS: 90%; ARGS: push-pull 30 80
## Sourcing local environment...
## Starting test (args: --loss-chance 90 --nodes 100 gossip push-pull 30 80)...
INFO:root:total: 27018 msgs, discarded: 24275 msgs
INFO:root:expected: 0.900000, actual: 0.898475
INFO:root:SUCCEED in dissemination: (4/1000) rounds
# ok: test finished successfully
#####################################################################
# Test #9: PROTO: gossip; LOSS: 90%; ARGS: push-pull 30 80
## Sourcing local environment...
## Starting test (args: --loss-chance 90 --nodes 100 gossip push-pull 30 80)...
INFO:root:total: 24796 msgs, discarded: 22284 msgs
INFO:root:expected: 0.900000, actual: 0.898693
INFO:root:SUCCEED in dissemination: (4/1000) rounds
# ok: test finished successfully
#####################################################################
