# Test #0: PROTO: gossip; LOSS: 90%; ARGS: push-pull 80 80
## Sourcing local environment...
## Starting test (args: --loss-chance 90 --nodes 100 gossip push-pull 80 80)...
INFO:root:total: 22637 msgs, discarded: 20294 msgs
INFO:root:expected: 0.900000, actual: 0.896497
INFO:root:SUCCEED in dissemination: (3/2000) rounds
# ok: test finished successfully
#####################################################################
# Test #1: PROTO: gossip; LOSS: 90%; ARGS: push-pull 80 80
## Sourcing local environment...
## Starting test (args: --loss-chance 90 --nodes 100 gossip push-pull 80 80)...
INFO:root:total: 23369 msgs, discarded: 21049 msgs
INFO:root:expected: 0.900000, actual: 0.900723
INFO:root:SUCCEED in dissemination: (3/2000) rounds
# ok: test finished successfully
#####################################################################
# Test #2: PROTO: gossip; LOSS: 90%; ARGS: push-pull 80 80
## Sourcing local environment...
## Starting test (args: --loss-chance 90 --nodes 100 gossip push-pull 80 80)...
INFO:root:total: 30794 msgs, discarded: 27731 msgs
INFO:root:expected: 0.900000, actual: 0.900533
INFO:root:SUCCEED in dissemination: (4/2000) rounds
# ok: test finished successfully
#####################################################################
# Test #3: PROTO: gossip; LOSS: 90%; ARGS: push-pull 80 80
## Sourcing local environment...
## Starting test (args: --loss-chance 90 --nodes 100 gossip push-pull 80 80)...
INFO:root:total: 22107 msgs, discarded: 19910 msgs
INFO:root:expected: 0.900000, actual: 0.900620
INFO:root:SUCCEED in dissemination: (3/2000) rounds
# ok: test finished successfully
#####################################################################
# Test #4: PROTO: gossip; LOSS: 90%; ARGS: push-pull 80 80
## Sourcing local environment...
## Starting test (args: --loss-chance 90 --nodes 100 gossip push-pull 80 80)...
INFO:root:total: 30371 msgs, discarded: 27246 msgs
INFO:root:expected: 0.900000, actual: 0.897106
INFO:root:SUCCEED in dissemination: (4/2000) rounds
# ok: test finished successfully
#####################################################################
# Test #5: PROTO: gossip; LOSS: 90%; ARGS: push-pull 80 80
## Sourcing local environment...
## Starting test (args: --loss-chance 90 --nodes 100 gossip push-pull 80 80)...
INFO:root:total: 22748 msgs, discarded: 20417 msgs
INFO:root:expected: 0.900000, actual: 0.897529
INFO:root:SUCCEED in dissemination: (3/2000) rounds
# ok: test finished successfully
#####################################################################
# Test #6: PROTO: gossip; LOSS: 90%; ARGS: push-pull 80 80
## Sourcing local environment...
## Starting test (args: --loss-chance 90 --nodes 100 gossip push-pull 80 80)...
INFO:root:total: 22798 msgs, discarded: 20559 msgs
INFO:root:expected: 0.900000, actual: 0.901790
INFO:root:SUCCEED in dissemination: (3/2000) rounds
# ok: test finished successfully
#####################################################################
# Test #7: PROTO: gossip; LOSS: 90%; ARGS: push-pull 80 80
## Sourcing local environment...
## Starting test (args: --loss-chance 90 --nodes 100 gossip push-pull 80 80)...
INFO:root:total: 22941 msgs, discarded: 20640 msgs
INFO:root:expected: 0.900000, actual: 0.899699
INFO:root:SUCCEED in dissemination: (3/2000) rounds
# ok: test finished successfully
#####################################################################
# Test #8: PROTO: gossip; LOSS: 90%; ARGS: push-pull 80 80
## Sourcing local environment...
## Starting test (args: --loss-chance 90 --nodes 100 gossip push-pull 80 80)...
INFO:root:total: 23350 msgs, discarded: 21054 msgs
INFO:root:expected: 0.900000, actual: 0.901670
INFO:root:SUCCEED in dissemination: (3/2000) rounds
# ok: test finished successfully
#####################################################################
# Test #9: PROTO: gossip; LOSS: 90%; ARGS: push-pull 80 80
## Sourcing local environment...
## Starting test (args: --loss-chance 90 --nodes 100 gossip push-pull 80 80)...
INFO:root:total: 22377 msgs, discarded: 20218 msgs
INFO:root:expected: 0.900000, actual: 0.903517
INFO:root:SUCCEED in dissemination: (3/2000) rounds
# ok: test finished successfully
#####################################################################
