# Test #0: PROTO: gossip; LOSS: 90%; ARGS: push-pull 5 5
## Sourcing local environment...
## Starting test (args: --loss-chance 90 --nodes 100 gossip push-pull 5 5)...
INFO:root:total: 9063 msgs, discarded: 8142 msgs
INFO:root:expected: 0.900000, actual: 0.898378
INFO:root:SUCCEED in dissemination: (18/2000) rounds
# ok: test finished successfully
#####################################################################
# Test #1: PROTO: gossip; LOSS: 90%; ARGS: push-pull 5 5
## Sourcing local environment...
## Starting test (args: --loss-chance 90 --nodes 100 gossip push-pull 5 5)...
INFO:root:total: 10053 msgs, discarded: 9042 msgs
INFO:root:expected: 0.900000, actual: 0.899433
INFO:root:SUCCEED in dissemination: (20/2000) rounds
# ok: test finished successfully
#####################################################################
# Test #2: PROTO: gossip; LOSS: 90%; ARGS: push-pull 5 5
## Sourcing local environment...
## Starting test (args: --loss-chance 90 --nodes 100 gossip push-pull 5 5)...
INFO:root:total: 11067 msgs, discarded: 9934 msgs
INFO:root:expected: 0.900000, actual: 0.897624
INFO:root:SUCCEED in dissemination: (22/2000) rounds
# ok: test finished successfully
#####################################################################
# Test #3: PROTO: gossip; LOSS: 90%; ARGS: push-pull 5 5
## Sourcing local environment...
## Starting test (args: --loss-chance 90 --nodes 100 gossip push-pull 5 5)...
INFO:root:total: 10088 msgs, discarded: 9120 msgs
INFO:root:expected: 0.900000, actual: 0.904044
INFO:root:SUCCEED in dissemination: (20/2000) rounds
# ok: test finished successfully
#####################################################################
# Test #4: PROTO: gossip; LOSS: 90%; ARGS: push-pull 5 5
## Sourcing local environment...
## Starting test (args: --loss-chance 90 --nodes 100 gossip push-pull 5 5)...
INFO:root:total: 8075 msgs, discarded: 7229 msgs
INFO:root:expected: 0.900000, actual: 0.895232
INFO:root:SUCCEED in dissemination: (16/2000) rounds
# ok: test finished successfully
#####################################################################
# Test #5: PROTO: gossip; LOSS: 90%; ARGS: push-pull 5 5
## Sourcing local environment...
## Starting test (args: --loss-chance 90 --nodes 100 gossip push-pull 5 5)...
INFO:root:total: 14104 msgs, discarded: 12686 msgs
INFO:root:expected: 0.900000, actual: 0.899461
INFO:root:SUCCEED in dissemination: (28/2000) rounds
# ok: test finished successfully
#####################################################################
# Test #6: PROTO: gossip; LOSS: 90%; ARGS: push-pull 5 5
## Sourcing local environment...
## Starting test (args: --loss-chance 90 --nodes 100 gossip push-pull 5 5)...
INFO:root:total: 8581 msgs, discarded: 7712 msgs
INFO:root:expected: 0.900000, actual: 0.898730
INFO:root:SUCCEED in dissemination: (17/2000) rounds
# ok: test finished successfully
#####################################################################
# Test #7: PROTO: gossip; LOSS: 90%; ARGS: push-pull 5 5
## Sourcing local environment...
## Starting test (args: --loss-chance 90 --nodes 100 gossip push-pull 5 5)...
INFO:root:total: 10580 msgs, discarded: 9536 msgs
INFO:root:expected: 0.900000, actual: 0.901323
INFO:root:SUCCEED in dissemination: (21/2000) rounds
# ok: test finished successfully
#####################################################################
# Test #8: PROTO: gossip; LOSS: 90%; ARGS: push-pull 5 5
## Sourcing local environment...
## Starting test (args: --loss-chance 90 --nodes 100 gossip push-pull 5 5)...
INFO:root:total: 10038 msgs, discarded: 8989 msgs
INFO:root:expected: 0.900000, actual: 0.895497
INFO:root:SUCCEED in dissemination: (20/2000) rounds
# ok: test finished successfully
#####################################################################
# Test #9: PROTO: gossip; LOSS: 90%; ARGS: push-pull 5 5
## Sourcing local environment...
## Starting test (args: --loss-chance 90 --nodes 100 gossip push-pull 5 5)...
INFO:root:total: 10060 msgs, discarded: 9043 msgs
INFO:root:expected: 0.900000, actual: 0.898907
INFO:root:SUCCEED in dissemination: (20/2000) rounds
# ok: test finished successfully
#####################################################################
