# Test #0: PROTO: gossip; LOSS: 90%; ARGS: push 55
## Sourcing local environment...
## Starting test (args: --loss-chance 90 --nodes 100 gossip push 55)...
INFO:root:total: 7150 msgs, discarded: 6420 msgs
INFO:root:expected: 0.900000, actual: 0.897902
INFO:root:SUCCEED in dissemination: (4/500) rounds
# ok: test finished successfully
#####################################################################
# Test #1: PROTO: gossip; LOSS: 90%; ARGS: push 55
## Sourcing local environment...
## Starting test (args: --loss-chance 90 --nodes 100 gossip push 55)...
INFO:root:total: 7480 msgs, discarded: 6748 msgs
INFO:root:expected: 0.900000, actual: 0.902139
INFO:root:SUCCEED in dissemination: (4/500) rounds
# ok: test finished successfully
#####################################################################
# Test #2: PROTO: gossip; LOSS: 90%; ARGS: push 55
## Sourcing local environment...
## Starting test (args: --loss-chance 90 --nodes 100 gossip push 55)...
INFO:root:total: 11715 msgs, discarded: 10553 msgs
INFO:root:expected: 0.900000, actual: 0.900811
INFO:root:SUCCEED in dissemination: (5/500) rounds
# ok: test finished successfully
#####################################################################
# Test #3: PROTO: gossip; LOSS: 90%; ARGS: push 55
## Sourcing local environment...
## Starting test (args: --loss-chance 90 --nodes 100 gossip push 55)...
INFO:root:total: 5610 msgs, discarded: 5048 msgs
INFO:root:expected: 0.900000, actual: 0.899822
INFO:root:SUCCEED in dissemination: (4/500) rounds
# ok: test finished successfully
#####################################################################
# Test #4: PROTO: gossip; LOSS: 90%; ARGS: push 55
## Sourcing local environment...
## Starting test (args: --loss-chance 90 --nodes 100 gossip push 55)...
INFO:root:total: 8580 msgs, discarded: 7708 msgs
INFO:root:expected: 0.900000, actual: 0.898368
INFO:root:SUCCEED in dissemination: (4/500) rounds
# ok: test finished successfully
#####################################################################
# Test #5: PROTO: gossip; LOSS: 90%; ARGS: push 55
## Sourcing local environment...
## Starting test (args: --loss-chance 90 --nodes 100 gossip push 55)...
INFO:root:total: 7645 msgs, discarded: 6866 msgs
INFO:root:expected: 0.900000, actual: 0.898103
INFO:root:SUCCEED in dissemination: (4/500) rounds
# ok: test finished successfully
#####################################################################
# Test #6: PROTO: gossip; LOSS: 90%; ARGS: push 55
## Sourcing local environment...
## Starting test (args: --loss-chance 90 --nodes 100 gossip push 55)...
INFO:root:total: 8030 msgs, discarded: 7197 msgs
INFO:root:expected: 0.900000, actual: 0.896264
INFO:root:SUCCEED in dissemination: (4/500) rounds
# ok: test finished successfully
#####################################################################
# Test #7: PROTO: gossip; LOSS: 90%; ARGS: push 55
## Sourcing local environment...
## Starting test (args: --loss-chance 90 --nodes 100 gossip push 55)...
INFO:root:total: 7700 msgs, discarded: 6893 msgs
INFO:root:expected: 0.900000, actual: 0.895195
INFO:root:SUCCEED in dissemination: (4/500) rounds
# ok: test finished successfully
#####################################################################
# Test #8: PROTO: gossip; LOSS: 90%; ARGS: push 55
## Sourcing local environment...
## Starting test (args: --loss-chance 90 --nodes 100 gossip push 55)...
INFO:root:total: 8085 msgs, discarded: 7238 msgs
INFO:root:expected: 0.900000, actual: 0.895238
INFO:root:SUCCEED in dissemination: (4/500) rounds
# ok: test finished successfully
#####################################################################
# Test #9: PROTO: gossip; LOSS: 90%; ARGS: push 55
## Sourcing local environment...
## Starting test (args: --loss-chance 90 --nodes 100 gossip push 55)...
INFO:root:total: 8195 msgs, discarded: 7387 msgs
INFO:root:expected: 0.900000, actual: 0.901403
INFO:root:SUCCEED in dissemination: (4/500) rounds
# ok: test finished successfully
#####################################################################
