# Test #0: PROTO: gossip; LOSS: 90%; ARGS: push 80
## Sourcing local environment...
## Starting test (args: --loss-chance 90 --nodes 100 gossip push 80)...
INFO:root:total: 6640 msgs, discarded: 5978 msgs
INFO:root:expected: 0.900000, actual: 0.900301
INFO:root:SUCCEED in dissemination: (3/500) rounds
# ok: test finished successfully
#####################################################################
# Test #1: PROTO: gossip; LOSS: 90%; ARGS: push 80
## Sourcing local environment...
## Starting test (args: --loss-chance 90 --nodes 100 gossip push 80)...
INFO:root:total: 4000 msgs, discarded: 3562 msgs
INFO:root:expected: 0.900000, actual: 0.890500
INFO:root:SUCCEED in dissemination: (3/500) rounds
# ok: test finished successfully
#####################################################################
# Test #2: PROTO: gossip; LOSS: 90%; ARGS: push 80
## Sourcing local environment...
## Starting test (args: --loss-chance 90 --nodes 100 gossip push 80)...
INFO:root:total: 4640 msgs, discarded: 4183 msgs
INFO:root:expected: 0.900000, actual: 0.901509
INFO:root:SUCCEED in dissemination: (3/500) rounds
# ok: test finished successfully
#####################################################################
# Test #3: PROTO: gossip; LOSS: 90%; ARGS: push 80
## Sourcing local environment...
## Starting test (args: --loss-chance 90 --nodes 100 gossip push 80)...
INFO:root:total: 5200 msgs, discarded: 4651 msgs
INFO:root:expected: 0.900000, actual: 0.894423
INFO:root:SUCCEED in dissemination: (3/500) rounds
# ok: test finished successfully
#####################################################################
# Test #4: PROTO: gossip; LOSS: 90%; ARGS: push 80
## Sourcing local environment...
## Starting test (args: --loss-chance 90 --nodes 100 gossip push 80)...
INFO:root:total: 5280 msgs, discarded: 4753 msgs
INFO:root:expected: 0.900000, actual: 0.900189
INFO:root:SUCCEED in dissemination: (3/500) rounds
# ok: test finished successfully
#####################################################################
# Test #5: PROTO: gossip; LOSS: 90%; ARGS: push 80
## Sourcing local environment...
## Starting test (args: --loss-chance 90 --nodes 100 gossip push 80)...
INFO:root:total: 11440 msgs, discarded: 10253 msgs
INFO:root:expected: 0.900000, actual: 0.896241
INFO:root:SUCCEED in dissemination: (4/500) rounds
# ok: test finished successfully
#####################################################################
# Test #6: PROTO: gossip; LOSS: 90%; ARGS: push 80
## Sourcing local environment...
## Starting test (args: --loss-chance 90 --nodes 100 gossip push 80)...
INFO:root:total: 12000 msgs, discarded: 10810 msgs
INFO:root:expected: 0.900000, actual: 0.900833
INFO:root:SUCCEED in dissemination: (4/500) rounds
# ok: test finished successfully
#####################################################################
# Test #7: PROTO: gossip; LOSS: 90%; ARGS: push 80
## Sourcing local environment...
## Starting test (args: --loss-chance 90 --nodes 100 gossip push 80)...
INFO:root:total: 11760 msgs, discarded: 10605 msgs
INFO:root:expected: 0.900000, actual: 0.901786
INFO:root:SUCCEED in dissemination: (4/500) rounds
# ok: test finished successfully
#####################################################################
# Test #8: PROTO: gossip; LOSS: 90%; ARGS: push 80
## Sourcing local environment...
## Starting test (args: --loss-chance 90 --nodes 100 gossip push 80)...
INFO:root:total: 5040 msgs, discarded: 4545 msgs
INFO:root:expected: 0.900000, actual: 0.901786
INFO:root:SUCCEED in dissemination: (3/500) rounds
# ok: test finished successfully
#####################################################################
# Test #9: PROTO: gossip; LOSS: 90%; ARGS: push 80
## Sourcing local environment...
## Starting test (args: --loss-chance 90 --nodes 100 gossip push 80)...
INFO:root:total: 4480 msgs, discarded: 4010 msgs
INFO:root:expected: 0.900000, actual: 0.895089
INFO:root:SUCCEED in dissemination: (3/500) rounds
# ok: test finished successfully
#####################################################################
