# Test #0: PROTO: gossip; LOSS: 90%; ARGS: push 30
## Sourcing local environment...
## Starting test (args: --loss-chance 90 --nodes 100 gossip push 30)...
INFO:root:total: 4830 msgs, discarded: 4327 msgs
INFO:root:expected: 0.900000, actual: 0.895859
INFO:root:SUCCEED in dissemination: (5/2000) rounds
# ok: test finished successfully
#####################################################################
# Test #1: PROTO: gossip; LOSS: 90%; ARGS: push 30
## Sourcing local environment...
## Starting test (args: --loss-chance 90 --nodes 100 gossip push 30)...
INFO:root:total: 5160 msgs, discarded: 4628 msgs
INFO:root:expected: 0.900000, actual: 0.896899
INFO:root:SUCCEED in dissemination: (5/2000) rounds
# ok: test finished successfully
#####################################################################
# Test #2: PROTO: gossip; LOSS: 90%; ARGS: push 30
## Sourcing local environment...
## Starting test (args: --loss-chance 90 --nodes 100 gossip push 30)...
INFO:root:total: 8970 msgs, discarded: 8050 msgs
INFO:root:expected: 0.900000, actual: 0.897436
INFO:root:SUCCEED in dissemination: (7/2000) rounds
# ok: test finished successfully
#####################################################################
# Test #3: PROTO: gossip; LOSS: 90%; ARGS: push 30
## Sourcing local environment...
## Starting test (args: --loss-chance 90 --nodes 100 gossip push 30)...
INFO:root:total: 5130 msgs, discarded: 4576 msgs
INFO:root:expected: 0.900000, actual: 0.892008
INFO:root:SUCCEED in dissemination: (5/2000) rounds
# ok: test finished successfully
#####################################################################
# Test #4: PROTO: gossip; LOSS: 90%; ARGS: push 30
## Sourcing local environment...
## Starting test (args: --loss-chance 90 --nodes 100 gossip push 30)...
INFO:root:total: 5820 msgs, discarded: 5244 msgs
INFO:root:expected: 0.900000, actual: 0.901031
INFO:root:SUCCEED in dissemination: (5/2000) rounds
# ok: test finished successfully
#####################################################################
# Test #5: PROTO: gossip; LOSS: 90%; ARGS: push 30
## Sourcing local environment...
## Starting test (args: --loss-chance 90 --nodes 100 gossip push 30)...
INFO:root:total: 4020 msgs, discarded: 3648 msgs
INFO:root:expected: 0.900000, actual: 0.907463
INFO:root:SUCCEED in dissemination: (5/2000) rounds
# ok: test finished successfully
#####################################################################
# Test #6: PROTO: gossip; LOSS: 90%; ARGS: push 30
## Sourcing local environment...
## Starting test (args: --loss-chance 90 --nodes 100 gossip push 30)...
INFO:root:total: 5100 msgs, discarded: 4576 msgs
INFO:root:expected: 0.900000, actual: 0.897255
INFO:root:SUCCEED in dissemination: (6/2000) rounds
# ok: test finished successfully
#####################################################################
# Test #7: PROTO: gossip; LOSS: 90%; ARGS: push 30
## Sourcing local environment...
## Starting test (args: --loss-chance 90 --nodes 100 gossip push 30)...
INFO:root:total: 8670 msgs, discarded: 7833 msgs
INFO:root:expected: 0.900000, actual: 0.903460
INFO:root:SUCCEED in dissemination: (7/2000) rounds
# ok: test finished successfully
#####################################################################
# Test #8: PROTO: gossip; LOSS: 90%; ARGS: push 30
## Sourcing local environment...
## Starting test (args: --loss-chance 90 --nodes 100 gossip push 30)...
INFO:root:total: 10560 msgs, discarded: 9458 msgs
INFO:root:expected: 0.900000, actual: 0.895644
INFO:root:SUCCEED in dissemination: (7/2000) rounds
# ok: test finished successfully
#####################################################################
# Test #9: PROTO: gossip; LOSS: 90%; ARGS: push 30
## Sourcing local environment...
## Starting test (args: --loss-chance 90 --nodes 100 gossip push 30)...
INFO:root:total: 7770 msgs, discarded: 6998 msgs
INFO:root:expected: 0.900000, actual: 0.900644
INFO:root:SUCCEED in dissemination: (6/2000) rounds
# ok: test finished successfully
#####################################################################
