# Test #0: PROTO: gossip; LOSS: 90%; ARGS: push-pull 70 10
## Sourcing local environment...
## Starting test (args: --loss-chance 90 --nodes 100 gossip push-pull 70 10)...
INFO:root:total: 7330 msgs, discarded: 6596 msgs
INFO:root:expected: 0.900000, actual: 0.899864
INFO:root:SUCCEED in dissemination: (3/500) rounds
# ok: test finished successfully
#####################################################################
# Test #1: PROTO: gossip; LOSS: 90%; ARGS: push-pull 70 10
## Sourcing local environment...
## Starting test (args: --loss-chance 90 --nodes 100 gossip push-pull 70 10)...
INFO:root:total: 12977 msgs, discarded: 11672 msgs
INFO:root:expected: 0.900000, actual: 0.899437
INFO:root:SUCCEED in dissemination: (4/500) rounds
# ok: test finished successfully
#####################################################################
# Test #2: PROTO: gossip; LOSS: 90%; ARGS: push-pull 70 10
## Sourcing local environment...
## Starting test (args: --loss-chance 90 --nodes 100 gossip push-pull 70 10)...
INFO:root:total: 14245 msgs, discarded: 12834 msgs
INFO:root:expected: 0.900000, actual: 0.900948
INFO:root:SUCCEED in dissemination: (4/500) rounds
# ok: test finished successfully
#####################################################################
# Test #3: PROTO: gossip; LOSS: 90%; ARGS: push-pull 70 10
## Sourcing local environment...
## Starting test (args: --loss-chance 90 --nodes 100 gossip push-pull 70 10)...
INFO:root:total: 6953 msgs, discarded: 6284 msgs
INFO:root:expected: 0.900000, actual: 0.903783
INFO:root:SUCCEED in dissemination: (3/500) rounds
# ok: test finished successfully
#####################################################################
# Test #4: PROTO: gossip; LOSS: 90%; ARGS: push-pull 70 10
## Sourcing local environment...
## Starting test (args: --loss-chance 90 --nodes 100 gossip push-pull 70 10)...
INFO:root:total: 10957 msgs, discarded: 9856 msgs
INFO:root:expected: 0.900000, actual: 0.899516
INFO:root:SUCCEED in dissemination: (4/500) rounds
# ok: test finished successfully
#####################################################################
# Test #5: PROTO: gossip; LOSS: 90%; ARGS: push-pull 70 10
## Sourcing local environment...
## Starting test (args: --loss-chance 90 --nodes 100 gossip push-pull 70 10)...
INFO:root:total: 11447 msgs, discarded: 10282 msgs
INFO:root:expected: 0.900000, actual: 0.898227
INFO:root:SUCCEED in dissemination: (4/500) rounds
# ok: test finished successfully
#####################################################################
# Test #6: PROTO: gossip; LOSS: 90%; ARGS: push-pull 70 10
## Sourcing local environment...
## Starting test (args: --loss-chance 90 --nodes 100 gossip push-pull 70 10)...
INFO:root:total: 12646 msgs, discarded: 11435 msgs
INFO:root:expected: 0.900000, actual: 0.904238
INFO:root:SUCCEED in dissemination: (4/500) rounds
# ok: test finished successfully
#####################################################################
# Test #7: PROTO: gossip; LOSS: 90%; ARGS: push-pull 70 10
## Sourcing local environment...
## Starting test (args: --loss-chance 90 --nodes 100 gossip push-pull 70 10)...
INFO:root:total: 11308 msgs, discarded: 10152 msgs
INFO:root:expected: 0.900000, actual: 0.897771
INFO:root:SUCCEED in dissemination: (4/500) rounds
# ok: test finished successfully
#####################################################################
# Test #8: PROTO: gossip; LOSS: 90%; ARGS: push-pull 70 10
## Sourcing local environment...
## Starting test (args: --loss-chance 90 --nodes 100 gossip push-pull 70 10)...
INFO:root:total: 13542 msgs, discarded: 12224 msgs
INFO:root:expected: 0.900000, actual: 0.902673
INFO:root:SUCCEED in dissemination: (4/500) rounds
# ok: test finished successfully
#####################################################################
# Test #9: PROTO: gossip; LOSS: 90%; ARGS: push-pull 70 10
## Sourcing local environment...
## Starting test (args: --loss-chance 90 --nodes 100 gossip push-pull 70 10)...
INFO:root:total: 11452 msgs, discarded: 10326 msgs
INFO:root:expected: 0.900000, actual: 0.901677
INFO:root:SUCCEED in dissemination: (4/500) rounds
# ok: test finished successfully
#####################################################################
