# Test #0: PROTO: gossip; LOSS: 90%; ARGS: push-pull 55 5
## Sourcing local environment...
## Starting test (args: --loss-chance 90 --nodes 100 gossip push-pull 55 5)...
INFO:root:total: 5058 msgs, discarded: 4508 msgs
INFO:root:expected: 0.900000, actual: 0.891261
INFO:root:SUCCEED in dissemination: (3/1000) rounds
# ok: test finished successfully
#####################################################################
# Test #1: PROTO: gossip; LOSS: 90%; ARGS: push-pull 55 5
## Sourcing local environment...
## Starting test (args: --loss-chance 90 --nodes 100 gossip push-pull 55 5)...
INFO:root:total: 6886 msgs, discarded: 6227 msgs
INFO:root:expected: 0.900000, actual: 0.904299
INFO:root:SUCCEED in dissemination: (4/1000) rounds
# ok: test finished successfully
#####################################################################
# Test #2: PROTO: gossip; LOSS: 90%; ARGS: push-pull 55 5
## Sourcing local environment...
## Starting test (args: --loss-chance 90 --nodes 100 gossip push-pull 55 5)...
INFO:root:total: 7286 msgs, discarded: 6542 msgs
INFO:root:expected: 0.900000, actual: 0.897886
INFO:root:SUCCEED in dissemination: (4/1000) rounds
# ok: test finished successfully
#####################################################################
# Test #3: PROTO: gossip; LOSS: 90%; ARGS: push-pull 55 5
## Sourcing local environment...
## Starting test (args: --loss-chance 90 --nodes 100 gossip push-pull 55 5)...
INFO:root:total: 8967 msgs, discarded: 8035 msgs
INFO:root:expected: 0.900000, actual: 0.896063
INFO:root:SUCCEED in dissemination: (4/1000) rounds
# ok: test finished successfully
#####################################################################
# Test #4: PROTO: gossip; LOSS: 90%; ARGS: push-pull 55 5
## Sourcing local environment...
## Starting test (args: --loss-chance 90 --nodes 100 gossip push-pull 55 5)...
INFO:root:total: 12636 msgs, discarded: 11363 msgs
INFO:root:expected: 0.900000, actual: 0.899256
INFO:root:SUCCEED in dissemination: (5/1000) rounds
# ok: test finished successfully
#####################################################################
# Test #5: PROTO: gossip; LOSS: 90%; ARGS: push-pull 55 5
## Sourcing local environment...
## Starting test (args: --loss-chance 90 --nodes 100 gossip push-pull 55 5)...
INFO:root:total: 12038 msgs, discarded: 10857 msgs
INFO:root:expected: 0.900000, actual: 0.901894
INFO:root:SUCCEED in dissemination: (5/1000) rounds
# ok: test finished successfully
#####################################################################
# Test #6: PROTO: gossip; LOSS: 90%; ARGS: push-pull 55 5
## Sourcing local environment...
## Starting test (args: --loss-chance 90 --nodes 100 gossip push-pull 55 5)...
INFO:root:total: 8845 msgs, discarded: 7905 msgs
INFO:root:expected: 0.900000, actual: 0.893725
INFO:root:SUCCEED in dissemination: (4/1000) rounds
# ok: test finished successfully
#####################################################################
# Test #7: PROTO: gossip; LOSS: 90%; ARGS: push-pull 55 5
## Sourcing local environment...
## Starting test (args: --loss-chance 90 --nodes 100 gossip push-pull 55 5)...
INFO:root:total: 11338 msgs, discarded: 10203 msgs
INFO:root:expected: 0.900000, actual: 0.899894
INFO:root:SUCCEED in dissemination: (5/1000) rounds
# ok: test finished successfully
#####################################################################
# Test #8: PROTO: gossip; LOSS: 90%; ARGS: push-pull 55 5
## Sourcing local environment...
## Starting test (args: --loss-chance 90 --nodes 100 gossip push-pull 55 5)...
INFO:root:total: 9445 msgs, discarded: 8466 msgs
INFO:root:expected: 0.900000, actual: 0.896347
INFO:root:SUCCEED in dissemination: (4/1000) rounds
# ok: test finished successfully
#####################################################################
# Test #9: PROTO: gossip; LOSS: 90%; ARGS: push-pull 55 5
## Sourcing local environment...
## Starting test (args: --loss-chance 90 --nodes 100 gossip push-pull 55 5)...
INFO:root:total: 7535 msgs, discarded: 6814 msgs
INFO:root:expected: 0.900000, actual: 0.904313
INFO:root:SUCCEED in dissemination: (4/1000) rounds
# ok: test finished successfully
#####################################################################
