# Test #0: PROTO: gossip; LOSS: 90%; ARGS: pull 55
## Sourcing local environment...
## Starting test (args: --loss-chance 90 --nodes 100 gossip pull 55)...
INFO:root:total: 48536 msgs, discarded: 43602 msgs
INFO:root:expected: 0.900000, actual: 0.898343
INFO:root:SUCCEED in dissemination: (17/500) rounds
# ok: test finished successfully
#####################################################################
# Test #1: PROTO: gossip; LOSS: 90%; ARGS: pull 55
## Sourcing local environment...
## Starting test (args: --loss-chance 90 --nodes 100 gossip pull 55)...
INFO:root:total: 59951 msgs, discarded: 54093 msgs
INFO:root:expected: 0.900000, actual: 0.902287
INFO:root:SUCCEED in dissemination: (20/500) rounds
# ok: test finished successfully
#####################################################################
# Test #2: PROTO: gossip; LOSS: 90%; ARGS: pull 55
## Sourcing local environment...
## Starting test (args: --loss-chance 90 --nodes 100 gossip pull 55)...
INFO:root:total: 61169 msgs, discarded: 55039 msgs
INFO:root:expected: 0.900000, actual: 0.899786
INFO:root:SUCCEED in dissemination: (23/500) rounds
# ok: test finished successfully
#####################################################################
# Test #3: PROTO: gossip; LOSS: 90%; ARGS: pull 55
## Sourcing local environment...
## Starting test (args: --loss-chance 90 --nodes 100 gossip pull 55)...
INFO:root:total: 53237 msgs, discarded: 47993 msgs
INFO:root:expected: 0.900000, actual: 0.901497
INFO:root:SUCCEED in dissemination: (18/500) rounds
# ok: test finished successfully
#####################################################################
# Test #4: PROTO: gossip; LOSS: 90%; ARGS: pull 55
## Sourcing local environment...
## Starting test (args: --loss-chance 90 --nodes 100 gossip pull 55)...
INFO:root:total: 45750 msgs, discarded: 41152 msgs
INFO:root:expected: 0.900000, actual: 0.899497
INFO:root:SUCCEED in dissemination: (15/500) rounds
# ok: test finished successfully
#####################################################################
# Test #5: PROTO: gossip; LOSS: 90%; ARGS: pull 55
## Sourcing local environment...
## Starting test (args: --loss-chance 90 --nodes 100 gossip pull 55)...
INFO:root:total: 47009 msgs, discarded: 42372 msgs
INFO:root:expected: 0.900000, actual: 0.901359
INFO:root:SUCCEED in dissemination: (15/500) rounds
# ok: test finished successfully
#####################################################################
# Test #6: PROTO: gossip; LOSS: 90%; ARGS: pull 55
## Sourcing local environment...
## Starting test (args: --loss-chance 90 --nodes 100 gossip pull 55)...
INFO:root:total: 44082 msgs, discarded: 39683 msgs
INFO:root:expected: 0.900000, actual: 0.900209
INFO:root:SUCCEED in dissemination: (17/500) rounds
# ok: test finished successfully
#####################################################################
# Test #7: PROTO: gossip; LOSS: 90%; ARGS: pull 55
## Sourcing local environment...
## Starting test (args: --loss-chance 90 --nodes 100 gossip pull 55)...
INFO:root:total: 54818 msgs, discarded: 49445 msgs
INFO:root:expected: 0.900000, actual: 0.901985
INFO:root:SUCCEED in dissemination: (19/500) rounds
# ok: test finished successfully
#####################################################################
# Test #8: PROTO: gossip; LOSS: 90%; ARGS: pull 55
## Sourcing local environment...
## Starting test (args: --loss-chance 90 --nodes 100 gossip pull 55)...
INFO:root:total: 68481 msgs, discarded: 61628 msgs
INFO:root:expected: 0.900000, actual: 0.899928
INFO:root:SUCCEED in dissemination: (22/500) rounds
# ok: test finished successfully
#####################################################################
# Test #9: PROTO: gossip; LOSS: 90%; ARGS: pull 55
## Sourcing local environment...
## Starting test (args: --loss-chance 90 --nodes 100 gossip pull 55)...
INFO:root:total: 36911 msgs, discarded: 33282 msgs
INFO:root:expected: 0.900000, actual: 0.901682
INFO:root:SUCCEED in dissemination: (15/500) rounds
# ok: test finished successfully
#####################################################################
