# Test #0: PROTO: gossip; LOSS: 90%; ARGS: push-pull 5 80
## Sourcing local environment...
## Starting test (args: --loss-chance 90 --nodes 100 gossip push-pull 5 80)...
INFO:root:total: 46368 msgs, discarded: 41751 msgs
INFO:root:expected: 0.900000, actual: 0.900427
INFO:root:SUCCEED in dissemination: (9/2000) rounds
# ok: test finished successfully
#####################################################################
# Test #1: PROTO: gossip; LOSS: 90%; ARGS: push-pull 5 80
## Sourcing local environment...
## Starting test (args: --loss-chance 90 --nodes 100 gossip push-pull 5 80)...
INFO:root:total: 42710 msgs, discarded: 38403 msgs
INFO:root:expected: 0.900000, actual: 0.899157
INFO:root:SUCCEED in dissemination: (9/2000) rounds
# ok: test finished successfully
#####################################################################
# Test #2: PROTO: gossip; LOSS: 90%; ARGS: push-pull 5 80
## Sourcing local environment...
## Starting test (args: --loss-chance 90 --nodes 100 gossip push-pull 5 80)...
INFO:root:total: 32083 msgs, discarded: 28815 msgs
INFO:root:expected: 0.900000, actual: 0.898139
INFO:root:SUCCEED in dissemination: (8/2000) rounds
# ok: test finished successfully
#####################################################################
# Test #3: PROTO: gossip; LOSS: 90%; ARGS: push-pull 5 80
## Sourcing local environment...
## Starting test (args: --loss-chance 90 --nodes 100 gossip push-pull 5 80)...
INFO:root:total: 39627 msgs, discarded: 35723 msgs
INFO:root:expected: 0.900000, actual: 0.901481
INFO:root:SUCCEED in dissemination: (9/2000) rounds
# ok: test finished successfully
#####################################################################
# Test #4: PROTO: gossip; LOSS: 90%; ARGS: push-pull 5 80
## Sourcing local environment...
## Starting test (args: --loss-chance 90 --nodes 100 gossip push-pull 5 80)...
INFO:root:total: 40580 msgs, discarded: 36602 msgs
INFO:root:expected: 0.900000, actual: 0.901971
INFO:root:SUCCEED in dissemination: (9/2000) rounds
# ok: test finished successfully
#####################################################################
# Test #5: PROTO: gossip; LOSS: 90%; ARGS: push-pull 5 80
## Sourcing local environment...
## Starting test (args: --loss-chance 90 --nodes 100 gossip push-pull 5 80)...
INFO:root:total: 49928 msgs, discarded: 44991 msgs
INFO:root:expected: 0.900000, actual: 0.901118
INFO:root:SUCCEED in dissemination: (10/2000) rounds
# ok: test finished successfully
#####################################################################
# Test #6: PROTO: gossip; LOSS: 90%; ARGS: push-pull 5 80
## Sourcing local environment...
## Starting test (args: --loss-chance 90 --nodes 100 gossip push-pull 5 80)...
INFO:root:total: 44937 msgs, discarded: 40417 msgs
INFO:root:expected: 0.900000, actual: 0.899415
INFO:root:SUCCEED in dissemination: (10/2000) rounds
# ok: test finished successfully
#####################################################################
# Test #7: PROTO: gossip; LOSS: 90%; ARGS: push-pull 5 80
## Sourcing local environment...
## Starting test (args: --loss-chance 90 --nodes 100 gossip push-pull 5 80)...
INFO:root:total: 39647 msgs, discarded: 35608 msgs
INFO:root:expected: 0.900000, actual: 0.898126
INFO:root:SUCCEED in dissemination: (8/2000) rounds
# ok: test finished successfully
#####################################################################
# Test #8: PROTO: gossip; LOSS: 90%; ARGS: push-pull 5 80
## Sourcing local environment...
## Starting test (args: --loss-chance 90 --nodes 100 gossip push-pull 5 80)...
INFO:root:total: 37986 msgs, discarded: 34114 msgs
INFO:root:expected: 0.900000, actual: 0.898068
INFO:root:SUCCEED in dissemination: (9/2000) rounds
# ok: test finished successfully
#####################################################################
# Test #9: PROTO: gossip; LOSS: 90%; ARGS: push-pull 5 80
## Sourcing local environment...
## Starting test (args: --loss-chance 90 --nodes 100 gossip push-pull 5 80)...
INFO:root:total: 35017 msgs, discarded: 31403 msgs
INFO:root:expected: 0.900000, actual: 0.896793
INFO:root:SUCCEED in dissemination: (8/2000) rounds
# ok: test finished successfully
#####################################################################
