# Test #0: PROTO: gossip; LOSS: 90%; ARGS: push-pull 70 70
## Sourcing local environment...
## Starting test (args: --loss-chance 90 --nodes 100 gossip push-pull 70 70)...
INFO:root:total: 27195 msgs, discarded: 24529 msgs
INFO:root:expected: 0.900000, actual: 0.901967
INFO:root:SUCCEED in dissemination: (4/500) rounds
# ok: test finished successfully
#####################################################################
# Test #1: PROTO: gossip; LOSS: 90%; ARGS: push-pull 70 70
## Sourcing local environment...
## Starting test (args: --loss-chance 90 --nodes 100 gossip push-pull 70 70)...
INFO:root:total: 26796 msgs, discarded: 24176 msgs
INFO:root:expected: 0.900000, actual: 0.902224
INFO:root:SUCCEED in dissemination: (4/500) rounds
# ok: test finished successfully
#####################################################################
# Test #2: PROTO: gossip; LOSS: 90%; ARGS: push-pull 70 70
## Sourcing local environment...
## Starting test (args: --loss-chance 90 --nodes 100 gossip push-pull 70 70)...
INFO:root:total: 26587 msgs, discarded: 23956 msgs
INFO:root:expected: 0.900000, actual: 0.901042
INFO:root:SUCCEED in dissemination: (4/500) rounds
# ok: test finished successfully
#####################################################################
# Test #3: PROTO: gossip; LOSS: 90%; ARGS: push-pull 70 70
## Sourcing local environment...
## Starting test (args: --loss-chance 90 --nodes 100 gossip push-pull 70 70)...
INFO:root:total: 20512 msgs, discarded: 18439 msgs
INFO:root:expected: 0.900000, actual: 0.898937
INFO:root:SUCCEED in dissemination: (3/500) rounds
# ok: test finished successfully
#####################################################################
# Test #4: PROTO: gossip; LOSS: 90%; ARGS: push-pull 70 70
## Sourcing local environment...
## Starting test (args: --loss-chance 90 --nodes 100 gossip push-pull 70 70)...
INFO:root:total: 26498 msgs, discarded: 23852 msgs
INFO:root:expected: 0.900000, actual: 0.900143
INFO:root:SUCCEED in dissemination: (4/500) rounds
# ok: test finished successfully
#####################################################################
# Test #5: PROTO: gossip; LOSS: 90%; ARGS: push-pull 70 70
## Sourcing local environment...
## Starting test (args: --loss-chance 90 --nodes 100 gossip push-pull 70 70)...
INFO:root:total: 27186 msgs, discarded: 24457 msgs
INFO:root:expected: 0.900000, actual: 0.899617
INFO:root:SUCCEED in dissemination: (4/500) rounds
# ok: test finished successfully
#####################################################################
# Test #6: PROTO: gossip; LOSS: 90%; ARGS: push-pull 70 70
## Sourcing local environment...
## Starting test (args: --loss-chance 90 --nodes 100 gossip push-pull 70 70)...
INFO:root:total: 20010 msgs, discarded: 18047 msgs
INFO:root:expected: 0.900000, actual: 0.901899
INFO:root:SUCCEED in dissemination: (3/500) rounds
# ok: test finished successfully
#####################################################################
# Test #7: PROTO: gossip; LOSS: 90%; ARGS: push-pull 70 70
## Sourcing local environment...
## Starting test (args: --loss-chance 90 --nodes 100 gossip push-pull 70 70)...
INFO:root:total: 27678 msgs, discarded: 24877 msgs
INFO:root:expected: 0.900000, actual: 0.898800
INFO:root:SUCCEED in dissemination: (4/500) rounds
# ok: test finished successfully
#####################################################################
# Test #8: PROTO: gossip; LOSS: 90%; ARGS: push-pull 70 70
## Sourcing local environment...
## Starting test (args: --loss-chance 90 --nodes 100 gossip push-pull 70 70)...
INFO:root:total: 19285 msgs, discarded: 17334 msgs
INFO:root:expected: 0.900000, actual: 0.898833
INFO:root:SUCCEED in dissemination: (3/500) rounds
# ok: test finished successfully
#####################################################################
# Test #9: PROTO: gossip; LOSS: 90%; ARGS: push-pull 70 70
## Sourcing local environment...
## Starting test (args: --loss-chance 90 --nodes 100 gossip push-pull 70 70)...
INFO:root:total: 20246 msgs, discarded: 18205 msgs
INFO:root:expected: 0.900000, actual: 0.899190
INFO:root:SUCCEED in dissemination: (3/500) rounds
# ok: test finished successfully
#####################################################################
