# Test #0: PROTO: singlecast; LOSS: 0%; ARGS: 
## Sourcing local environment...
## Starting test (args: --loss-chance 0 --nodes 100 singlecast)...
INFO:root:total: 4950 msgs, discarded: 0 msgs
INFO:root:expected: 0.000000, actual: 0.000000
INFO:root:SUCCEED in dissemination: (99/1000) rounds
# ok: test finished successfully
#####################################################################
# Test #1: PROTO: singlecast; LOSS: 0%; ARGS: 
## Sourcing local environment...
## Starting test (args: --loss-chance 0 --nodes 100 singlecast)...
INFO:root:total: 4950 msgs, discarded: 0 msgs
INFO:root:expected: 0.000000, actual: 0.000000
INFO:root:SUCCEED in dissemination: (99/1000) rounds
# ok: test finished successfully
#####################################################################
# Test #2: PROTO: singlecast; LOSS: 0%; ARGS: 
## Sourcing local environment...
## Starting test (args: --loss-chance 0 --nodes 100 singlecast)...
INFO:root:total: 4950 msgs, discarded: 0 msgs
INFO:root:expected: 0.000000, actual: 0.000000
INFO:root:SUCCEED in dissemination: (99/1000) rounds
# ok: test finished successfully
#####################################################################
# Test #3: PROTO: singlecast; LOSS: 0%; ARGS: 
## Sourcing local environment...
## Starting test (args: --loss-chance 0 --nodes 100 singlecast)...
INFO:root:total: 4950 msgs, discarded: 0 msgs
INFO:root:expected: 0.000000, actual: 0.000000
INFO:root:SUCCEED in dissemination: (99/1000) rounds
# ok: test finished successfully
#####################################################################
# Test #4: PROTO: singlecast; LOSS: 0%; ARGS: 
## Sourcing local environment...
## Starting test (args: --loss-chance 0 --nodes 100 singlecast)...
INFO:root:total: 4950 msgs, discarded: 0 msgs
INFO:root:expected: 0.000000, actual: 0.000000
INFO:root:SUCCEED in dissemination: (99/1000) rounds
# ok: test finished successfully
#####################################################################
# Test #5: PROTO: singlecast; LOSS: 0%; ARGS: 
## Sourcing local environment...
## Starting test (args: --loss-chance 0 --nodes 100 singlecast)...
INFO:root:total: 4950 msgs, discarded: 0 msgs
INFO:root:expected: 0.000000, actual: 0.000000
INFO:root:SUCCEED in dissemination: (99/1000) rounds
# ok: test finished successfully
#####################################################################
# Test #6: PROTO: singlecast; LOSS: 0%; ARGS: 
## Sourcing local environment...
## Starting test (args: --loss-chance 0 --nodes 100 singlecast)...
INFO:root:total: 4950 msgs, discarded: 0 msgs
INFO:root:expected: 0.000000, actual: 0.000000
INFO:root:SUCCEED in dissemination: (99/1000) rounds
# ok: test finished successfully
#####################################################################
# Test #7: PROTO: singlecast; LOSS: 0%; ARGS: 
## Sourcing local environment...
## Starting test (args: --loss-chance 0 --nodes 100 singlecast)...
INFO:root:total: 4950 msgs, discarded: 0 msgs
INFO:root:expected: 0.000000, actual: 0.000000
INFO:root:SUCCEED in dissemination: (99/1000) rounds
# ok: test finished successfully
#####################################################################
# Test #8: PROTO: singlecast; LOSS: 0%; ARGS: 
## Sourcing local environment...
## Starting test (args: --loss-chance 0 --nodes 100 singlecast)...
INFO:root:total: 4950 msgs, discarded: 0 msgs
INFO:root:expected: 0.000000, actual: 0.000000
INFO:root:SUCCEED in dissemination: (99/1000) rounds
# ok: test finished successfully
#####################################################################
# Test #9: PROTO: singlecast; LOSS: 0%; ARGS: 
## Sourcing local environment...
## Starting test (args: --loss-chance 0 --nodes 100 singlecast)...
INFO:root:total: 4950 msgs, discarded: 0 msgs
INFO:root:expected: 0.000000, actual: 0.000000
INFO:root:SUCCEED in dissemination: (99/1000) rounds
# ok: test finished successfully
#####################################################################
