# Test #0: PROTO: singlecast; LOSS: 25%; ARGS: 
## Sourcing local environment...
## Starting test (args: --loss-chance 25 --nodes 100 singlecast)...
INFO:root:total: 6210 msgs, discarded: 1549 msgs
INFO:root:expected: 0.250000, actual: 0.249436
INFO:root:SUCCEED in dissemination: (125/500) rounds
# ok: test finished successfully
#####################################################################
# Test #1: PROTO: singlecast; LOSS: 25%; ARGS: 
## Sourcing local environment...
## Starting test (args: --loss-chance 25 --nodes 100 singlecast)...
INFO:root:total: 6146 msgs, discarded: 1528 msgs
INFO:root:expected: 0.250000, actual: 0.248617
INFO:root:SUCCEED in dissemination: (127/500) rounds
# ok: test finished successfully
#####################################################################
# Test #2: PROTO: singlecast; LOSS: 25%; ARGS: 
## Sourcing local environment...
## Starting test (args: --loss-chance 25 --nodes 100 singlecast)...
INFO:root:total: 6524 msgs, discarded: 1594 msgs
INFO:root:expected: 0.250000, actual: 0.244329
INFO:root:SUCCEED in dissemination: (129/500) rounds
# ok: test finished successfully
#####################################################################
# Test #3: PROTO: singlecast; LOSS: 25%; ARGS: 
## Sourcing local environment...
## Starting test (args: --loss-chance 25 --nodes 100 singlecast)...
INFO:root:total: 6442 msgs, discarded: 1617 msgs
INFO:root:expected: 0.250000, actual: 0.251009
INFO:root:SUCCEED in dissemination: (126/500) rounds
# ok: test finished successfully
#####################################################################
# Test #4: PROTO: singlecast; LOSS: 25%; ARGS: 
## Sourcing local environment...
## Starting test (args: --loss-chance 25 --nodes 100 singlecast)...
INFO:root:total: 6721 msgs, discarded: 1686 msgs
INFO:root:expected: 0.250000, actual: 0.250856
INFO:root:SUCCEED in dissemination: (142/500) rounds
# ok: test finished successfully
#####################################################################
# Test #5: PROTO: singlecast; LOSS: 25%; ARGS: 
## Sourcing local environment...
## Starting test (args: --loss-chance 25 --nodes 100 singlecast)...
INFO:root:total: 7048 msgs, discarded: 1747 msgs
INFO:root:expected: 0.250000, actual: 0.247872
INFO:root:SUCCEED in dissemination: (137/500) rounds
# ok: test finished successfully
#####################################################################
# Test #6: PROTO: singlecast; LOSS: 25%; ARGS: 
## Sourcing local environment...
## Starting test (args: --loss-chance 25 --nodes 100 singlecast)...
INFO:root:total: 6723 msgs, discarded: 1645 msgs
INFO:root:expected: 0.250000, actual: 0.244682
INFO:root:SUCCEED in dissemination: (137/500) rounds
# ok: test finished successfully
#####################################################################
# Test #7: PROTO: singlecast; LOSS: 25%; ARGS: 
## Sourcing local environment...
## Starting test (args: --loss-chance 25 --nodes 100 singlecast)...
INFO:root:total: 6955 msgs, discarded: 1780 msgs
INFO:root:expected: 0.250000, actual: 0.255931
INFO:root:SUCCEED in dissemination: (139/500) rounds
# ok: test finished successfully
#####################################################################
# Test #8: PROTO: singlecast; LOSS: 25%; ARGS: 
## Sourcing local environment...
## Starting test (args: --loss-chance 25 --nodes 100 singlecast)...
INFO:root:total: 6421 msgs, discarded: 1625 msgs
INFO:root:expected: 0.250000, actual: 0.253076
INFO:root:SUCCEED in dissemination: (129/500) rounds
# ok: test finished successfully
#####################################################################
# Test #9: PROTO: singlecast; LOSS: 25%; ARGS: 
## Sourcing local environment...
## Starting test (args: --loss-chance 25 --nodes 100 singlecast)...
INFO:root:total: 7107 msgs, discarded: 1791 msgs
INFO:root:expected: 0.250000, actual: 0.252005
INFO:root:SUCCEED in dissemination: (138/500) rounds
# ok: test finished successfully
#####################################################################
