# Test #0: PROTO: singlecast; LOSS: 50%; ARGS: 
## Sourcing local environment...
## Starting test (args: --loss-chance 50 --nodes 100 singlecast)...
INFO:root:total: 9115 msgs, discarded: 4643 msgs
INFO:root:expected: 0.500000, actual: 0.509380
INFO:root:SUCCEED in dissemination: (185/1000) rounds
# ok: test finished successfully
#####################################################################
# Test #1: PROTO: singlecast; LOSS: 50%; ARGS: 
## Sourcing local environment...
## Starting test (args: --loss-chance 50 --nodes 100 singlecast)...
INFO:root:total: 10225 msgs, discarded: 5068 msgs
INFO:root:expected: 0.500000, actual: 0.495648
INFO:root:SUCCEED in dissemination: (212/1000) rounds
# ok: test finished successfully
#####################################################################
# Test #2: PROTO: singlecast; LOSS: 50%; ARGS: 
## Sourcing local environment...
## Starting test (args: --loss-chance 50 --nodes 100 singlecast)...
INFO:root:total: 10325 msgs, discarded: 5155 msgs
INFO:root:expected: 0.500000, actual: 0.499274
INFO:root:SUCCEED in dissemination: (193/1000) rounds
# ok: test finished successfully
#####################################################################
# Test #3: PROTO: singlecast; LOSS: 50%; ARGS: 
## Sourcing local environment...
## Starting test (args: --loss-chance 50 --nodes 100 singlecast)...
INFO:root:total: 8814 msgs, discarded: 4484 msgs
INFO:root:expected: 0.500000, actual: 0.508736
INFO:root:SUCCEED in dissemination: (179/1000) rounds
# ok: test finished successfully
#####################################################################
# Test #4: PROTO: singlecast; LOSS: 50%; ARGS: 
## Sourcing local environment...
## Starting test (args: --loss-chance 50 --nodes 100 singlecast)...
INFO:root:total: 9047 msgs, discarded: 4437 msgs
INFO:root:expected: 0.500000, actual: 0.490439
INFO:root:SUCCEED in dissemination: (191/1000) rounds
# ok: test finished successfully
#####################################################################
# Test #5: PROTO: singlecast; LOSS: 50%; ARGS: 
## Sourcing local environment...
## Starting test (args: --loss-chance 50 --nodes 100 singlecast)...
INFO:root:total: 7900 msgs, discarded: 3881 msgs
INFO:root:expected: 0.500000, actual: 0.491266
INFO:root:SUCCEED in dissemination: (169/1000) rounds
# ok: test finished successfully
#####################################################################
# Test #6: PROTO: singlecast; LOSS: 50%; ARGS: 
## Sourcing local environment...
## Starting test (args: --loss-chance 50 --nodes 100 singlecast)...
INFO:root:total: 9034 msgs, discarded: 4530 msgs
INFO:root:expected: 0.500000, actual: 0.501439
INFO:root:SUCCEED in dissemination: (188/1000) rounds
# ok: test finished successfully
#####################################################################
# Test #7: PROTO: singlecast; LOSS: 50%; ARGS: 
## Sourcing local environment...
## Starting test (args: --loss-chance 50 --nodes 100 singlecast)...
INFO:root:total: 10025 msgs, discarded: 5035 msgs
INFO:root:expected: 0.500000, actual: 0.502244
INFO:root:SUCCEED in dissemination: (199/1000) rounds
# ok: test finished successfully
#####################################################################
# Test #8: PROTO: singlecast; LOSS: 50%; ARGS: 
## Sourcing local environment...
## Starting test (args: --loss-chance 50 --nodes 100 singlecast)...
INFO:root:total: 10144 msgs, discarded: 5048 msgs
INFO:root:expected: 0.500000, actual: 0.497634
INFO:root:SUCCEED in dissemination: (201/1000) rounds
# ok: test finished successfully
#####################################################################
# Test #9: PROTO: singlecast; LOSS: 50%; ARGS: 
## Sourcing local environment...
## Starting test (args: --loss-chance 50 --nodes 100 singlecast)...
INFO:root:total: 9953 msgs, discarded: 5004 msgs
INFO:root:expected: 0.500000, actual: 0.502763
INFO:root:SUCCEED in dissemination: (188/1000) rounds
# ok: test finished successfully
#####################################################################
