# Test #0: PROTO: singlecast; LOSS: 75%; ARGS: 
## Sourcing local environment...
## Starting test (args: --loss-chance 75 --nodes 100 singlecast)...
INFO:root:total: 20332 msgs, discarded: 15271 msgs
INFO:root:expected: 0.750000, actual: 0.751082
INFO:root:SUCCEED in dissemination: (441/1000) rounds
# ok: test finished successfully
#####################################################################
# Test #1: PROTO: singlecast; LOSS: 75%; ARGS: 
## Sourcing local environment...
## Starting test (args: --loss-chance 75 --nodes 100 singlecast)...
INFO:root:total: 20923 msgs, discarded: 15657 msgs
INFO:root:expected: 0.750000, actual: 0.748315
INFO:root:SUCCEED in dissemination: (411/1000) rounds
# ok: test finished successfully
#####################################################################
# Test #2: PROTO: singlecast; LOSS: 75%; ARGS: 
## Sourcing local environment...
## Starting test (args: --loss-chance 75 --nodes 100 singlecast)...
INFO:root:total: 21773 msgs, discarded: 16276 msgs
INFO:root:expected: 0.750000, actual: 0.747531
INFO:root:SUCCEED in dissemination: (428/1000) rounds
# ok: test finished successfully
#####################################################################
# Test #3: PROTO: singlecast; LOSS: 75%; ARGS: 
## Sourcing local environment...
## Starting test (args: --loss-chance 75 --nodes 100 singlecast)...
INFO:root:total: 20439 msgs, discarded: 15300 msgs
INFO:root:expected: 0.750000, actual: 0.748569
INFO:root:SUCCEED in dissemination: (366/1000) rounds
# ok: test finished successfully
#####################################################################
# Test #4: PROTO: singlecast; LOSS: 75%; ARGS: 
## Sourcing local environment...
## Starting test (args: --loss-chance 75 --nodes 100 singlecast)...
INFO:root:total: 19027 msgs, discarded: 14240 msgs
INFO:root:expected: 0.750000, actual: 0.748410
INFO:root:SUCCEED in dissemination: (378/1000) rounds
# ok: test finished successfully
#####################################################################
# Test #5: PROTO: singlecast; LOSS: 75%; ARGS: 
## Sourcing local environment...
## Starting test (args: --loss-chance 75 --nodes 100 singlecast)...
INFO:root:total: 19839 msgs, discarded: 14952 msgs
INFO:root:expected: 0.750000, actual: 0.753667
INFO:root:SUCCEED in dissemination: (400/1000) rounds
# ok: test finished successfully
#####################################################################
# Test #6: PROTO: singlecast; LOSS: 75%; ARGS: 
## Sourcing local environment...
## Starting test (args: --loss-chance 75 --nodes 100 singlecast)...
INFO:root:total: 18309 msgs, discarded: 13656 msgs
INFO:root:expected: 0.750000, actual: 0.745863
INFO:root:SUCCEED in dissemination: (365/1000) rounds
# ok: test finished successfully
#####################################################################
# Test #7: PROTO: singlecast; LOSS: 75%; ARGS: 
## Sourcing local environment...
## Starting test (args: --loss-chance 75 --nodes 100 singlecast)...
INFO:root:total: 27107 msgs, discarded: 20440 msgs
INFO:root:expected: 0.750000, actual: 0.754049
INFO:root:SUCCEED in dissemination: (474/1000) rounds
# ok: test finished successfully
#####################################################################
# Test #8: PROTO: singlecast; LOSS: 75%; ARGS: 
## Sourcing local environment...
## Starting test (args: --loss-chance 75 --nodes 100 singlecast)...
INFO:root:total: 17470 msgs, discarded: 13135 msgs
INFO:root:expected: 0.750000, actual: 0.751860
INFO:root:SUCCEED in dissemination: (365/1000) rounds
# ok: test finished successfully
#####################################################################
# Test #9: PROTO: singlecast; LOSS: 75%; ARGS: 
## Sourcing local environment...
## Starting test (args: --loss-chance 75 --nodes 100 singlecast)...
INFO:root:total: 15141 msgs, discarded: 11359 msgs
INFO:root:expected: 0.750000, actual: 0.750215
INFO:root:SUCCEED in dissemination: (343/1000) rounds
# ok: test finished successfully
#####################################################################
