# Test #0: PROTO: singlecast; LOSS: 90%; ARGS: 
## Sourcing local environment...
## Starting test (args: --loss-chance 90 --nodes 100 singlecast)...
INFO:root:total: 51291 msgs, discarded: 46295 msgs
INFO:root:expected: 0.900000, actual: 0.902595
INFO:root:SUCCEED in dissemination: (975/1000) rounds
# ok: test finished successfully
#####################################################################
# Test #1: PROTO: singlecast; LOSS: 90%; ARGS: 
## Sourcing local environment...
## Starting test (args: --loss-chance 90 --nodes 100 singlecast)...
INFO:root:total: 46027 msgs, discarded: 41369 msgs
INFO:root:expected: 0.900000, actual: 0.898799
INFO:root:SUCCEED in dissemination: (955/1000) rounds
# ok: test finished successfully
#####################################################################
# Test #2: PROTO: singlecast; LOSS: 90%; ARGS: 
## Sourcing local environment...
## Starting test (args: --loss-chance 90 --nodes 100 singlecast)...
INFO:root:total: 48356 msgs, discarded: 43584 msgs
INFO:root:expected: 0.900000, actual: 0.901315
INFO:root:SUCCEED in dissemination: (921/1000) rounds
# ok: test finished successfully
#####################################################################
# Test #3: PROTO: singlecast; LOSS: 90%; ARGS: 
## Sourcing local environment...
## Starting test (args: --loss-chance 90 --nodes 100 singlecast)...
INFO:root:total: 45480 msgs, discarded: 40958 msgs
INFO:root:expected: 0.900000, actual: 0.900572
WARNING:root:not disseminated: [96, 97, 98, 99, 93, 94, 95]
INFO:root:FAILED to disseminate pool: [100/93/7], (1000/1000)
# ok: test finished successfully
#####################################################################
# Test #4: PROTO: singlecast; LOSS: 90%; ARGS: 
## Sourcing local environment...
## Starting test (args: --loss-chance 90 --nodes 100 singlecast)...
INFO:root:total: 46507 msgs, discarded: 41722 msgs
INFO:root:expected: 0.900000, actual: 0.897112
INFO:root:SUCCEED in dissemination: (923/1000) rounds
# ok: test finished successfully
#####################################################################
# Test #5: PROTO: singlecast; LOSS: 90%; ARGS: 
## Sourcing local environment...
## Starting test (args: --loss-chance 90 --nodes 100 singlecast)...
INFO:root:total: 40927 msgs, discarded: 36880 msgs
INFO:root:expected: 0.900000, actual: 0.901117
INFO:root:SUCCEED in dissemination: (997/1000) rounds
# ok: test finished successfully
#####################################################################
# Test #6: PROTO: singlecast; LOSS: 90%; ARGS: 
## Sourcing local environment...
## Starting test (args: --loss-chance 90 --nodes 100 singlecast)...
INFO:root:total: 45825 msgs, discarded: 41249 msgs
INFO:root:expected: 0.900000, actual: 0.900142
WARNING:root:not disseminated: [96, 97, 98, 99, 92, 93, 94, 95]
INFO:root:FAILED to disseminate pool: [100/92/8], (1000/1000)
# ok: test finished successfully
#####################################################################
# Test #7: PROTO: singlecast; LOSS: 90%; ARGS: 
## Sourcing local environment...
## Starting test (args: --loss-chance 90 --nodes 100 singlecast)...
INFO:root:total: 52628 msgs, discarded: 47262 msgs
INFO:root:expected: 0.900000, actual: 0.898039
WARNING:root:not disseminated: [99]
INFO:root:FAILED to disseminate pool: [100/99/1], (1000/1000)
# ok: test finished successfully
#####################################################################
# Test #8: PROTO: singlecast; LOSS: 90%; ARGS: 
## Sourcing local environment...
## Starting test (args: --loss-chance 90 --nodes 100 singlecast)...
INFO:root:total: 51860 msgs, discarded: 46687 msgs
INFO:root:expected: 0.900000, actual: 0.900251
WARNING:root:not disseminated: [97, 98, 99]
INFO:root:FAILED to disseminate pool: [100/97/3], (1000/1000)
# ok: test finished successfully
#####################################################################
# Test #9: PROTO: singlecast; LOSS: 90%; ARGS: 
## Sourcing local environment...
## Starting test (args: --loss-chance 90 --nodes 100 singlecast)...
INFO:root:total: 52281 msgs, discarded: 47193 msgs
INFO:root:expected: 0.900000, actual: 0.902680
WARNING:root:not disseminated: [98, 99]
INFO:root:FAILED to disseminate pool: [100/98/2], (1000/1000)
# ok: test finished successfully
#####################################################################
