# Test #0: PROTO: multicast; LOSS: 0%; ARGS: 55
## Sourcing local environment...
## Starting test (args: --loss-chance 0 --nodes 100 multicast 55)...
INFO:root:total: 3135 msgs, discarded: 0 msgs
INFO:root:expected: 0.000000, actual: 0.000000
INFO:root:SUCCEED in dissemination: (2/1000) rounds
# ok: test finished successfully
#####################################################################
# Test #1: PROTO: multicast; LOSS: 0%; ARGS: 55
## Sourcing local environment...
## Starting test (args: --loss-chance 0 --nodes 100 multicast 55)...
INFO:root:total: 3135 msgs, discarded: 0 msgs
INFO:root:expected: 0.000000, actual: 0.000000
INFO:root:SUCCEED in dissemination: (2/1000) rounds
# ok: test finished successfully
#####################################################################
# Test #2: PROTO: multicast; LOSS: 0%; ARGS: 55
## Sourcing local environment...
## Starting test (args: --loss-chance 0 --nodes 100 multicast 55)...
INFO:root:total: 3135 msgs, discarded: 0 msgs
INFO:root:expected: 0.000000, actual: 0.000000
INFO:root:SUCCEED in dissemination: (2/1000) rounds
# ok: test finished successfully
#####################################################################
# Test #3: PROTO: multicast; LOSS: 0%; ARGS: 55
## Sourcing local environment...
## Starting test (args: --loss-chance 0 --nodes 100 multicast 55)...
INFO:root:total: 3135 msgs, discarded: 0 msgs
INFO:root:expected: 0.000000, actual: 0.000000
INFO:root:SUCCEED in dissemination: (2/1000) rounds
# ok: test finished successfully
#####################################################################
# Test #4: PROTO: multicast; LOSS: 0%; ARGS: 55
## Sourcing local environment...
## Starting test (args: --loss-chance 0 --nodes 100 multicast 55)...
INFO:root:total: 3135 msgs, discarded: 0 msgs
INFO:root:expected: 0.000000, actual: 0.000000
INFO:root:SUCCEED in dissemination: (2/1000) rounds
# ok: test finished successfully
#####################################################################
# Test #5: PROTO: multicast; LOSS: 0%; ARGS: 55
## Sourcing local environment...
## Starting test (args: --loss-chance 0 --nodes 100 multicast 55)...
INFO:root:total: 3135 msgs, discarded: 0 msgs
INFO:root:expected: 0.000000, actual: 0.000000
INFO:root:SUCCEED in dissemination: (2/1000) rounds
# ok: test finished successfully
#####################################################################
# Test #6: PROTO: multicast; LOSS: 0%; ARGS: 55
## Sourcing local environment...
## Starting test (args: --loss-chance 0 --nodes 100 multicast 55)...
INFO:root:total: 3135 msgs, discarded: 0 msgs
INFO:root:expected: 0.000000, actual: 0.000000
INFO:root:SUCCEED in dissemination: (2/1000) rounds
# ok: test finished successfully
#####################################################################
# Test #7: PROTO: multicast; LOSS: 0%; ARGS: 55
## Sourcing local environment...
## Starting test (args: --loss-chance 0 --nodes 100 multicast 55)...
INFO:root:total: 3135 msgs, discarded: 0 msgs
INFO:root:expected: 0.000000, actual: 0.000000
INFO:root:SUCCEED in dissemination: (2/1000) rounds
# ok: test finished successfully
#####################################################################
# Test #8: PROTO: multicast; LOSS: 0%; ARGS: 55
## Sourcing local environment...
## Starting test (args: --loss-chance 0 --nodes 100 multicast 55)...
INFO:root:total: 3135 msgs, discarded: 0 msgs
INFO:root:expected: 0.000000, actual: 0.000000
INFO:root:SUCCEED in dissemination: (2/1000) rounds
# ok: test finished successfully
#####################################################################
# Test #9: PROTO: multicast; LOSS: 0%; ARGS: 55
## Sourcing local environment...
## Starting test (args: --loss-chance 0 --nodes 100 multicast 55)...
INFO:root:total: 3135 msgs, discarded: 0 msgs
INFO:root:expected: 0.000000, actual: 0.000000
INFO:root:SUCCEED in dissemination: (2/1000) rounds
# ok: test finished successfully
#####################################################################
