# Test #0: PROTO: multicast; LOSS: 25%; ARGS: 55
## Sourcing local environment...
## Starting test (args: --loss-chance 25 --nodes 100 multicast 55)...
INFO:root:total: 1925 msgs, discarded: 475 msgs
INFO:root:expected: 0.250000, actual: 0.246753
INFO:root:SUCCEED in dissemination: (2/1000) rounds
# ok: test finished successfully
#####################################################################
# Test #1: PROTO: multicast; LOSS: 25%; ARGS: 55
## Sourcing local environment...
## Starting test (args: --loss-chance 25 --nodes 100 multicast 55)...
INFO:root:total: 2090 msgs, discarded: 530 msgs
INFO:root:expected: 0.250000, actual: 0.253589
INFO:root:SUCCEED in dissemination: (2/1000) rounds
# ok: test finished successfully
#####################################################################
# Test #2: PROTO: multicast; LOSS: 25%; ARGS: 55
## Sourcing local environment...
## Starting test (args: --loss-chance 25 --nodes 100 multicast 55)...
INFO:root:total: 2420 msgs, discarded: 595 msgs
INFO:root:expected: 0.250000, actual: 0.245868
INFO:root:SUCCEED in dissemination: (2/1000) rounds
# ok: test finished successfully
#####################################################################
# Test #3: PROTO: multicast; LOSS: 25%; ARGS: 55
## Sourcing local environment...
## Starting test (args: --loss-chance 25 --nodes 100 multicast 55)...
INFO:root:total: 2475 msgs, discarded: 639 msgs
INFO:root:expected: 0.250000, actual: 0.258182
INFO:root:SUCCEED in dissemination: (2/1000) rounds
# ok: test finished successfully
#####################################################################
# Test #4: PROTO: multicast; LOSS: 25%; ARGS: 55
## Sourcing local environment...
## Starting test (args: --loss-chance 25 --nodes 100 multicast 55)...
INFO:root:total: 2255 msgs, discarded: 586 msgs
INFO:root:expected: 0.250000, actual: 0.259867
INFO:root:SUCCEED in dissemination: (2/1000) rounds
# ok: test finished successfully
#####################################################################
# Test #5: PROTO: multicast; LOSS: 25%; ARGS: 55
## Sourcing local environment...
## Starting test (args: --loss-chance 25 --nodes 100 multicast 55)...
INFO:root:total: 2530 msgs, discarded: 656 msgs
INFO:root:expected: 0.250000, actual: 0.259289
INFO:root:SUCCEED in dissemination: (2/1000) rounds
# ok: test finished successfully
#####################################################################
# Test #6: PROTO: multicast; LOSS: 25%; ARGS: 55
## Sourcing local environment...
## Starting test (args: --loss-chance 25 --nodes 100 multicast 55)...
INFO:root:total: 2090 msgs, discarded: 541 msgs
INFO:root:expected: 0.250000, actual: 0.258852
INFO:root:SUCCEED in dissemination: (2/1000) rounds
# ok: test finished successfully
#####################################################################
# Test #7: PROTO: multicast; LOSS: 25%; ARGS: 55
## Sourcing local environment...
## Starting test (args: --loss-chance 25 --nodes 100 multicast 55)...
INFO:root:total: 2420 msgs, discarded: 612 msgs
INFO:root:expected: 0.250000, actual: 0.252893
INFO:root:SUCCEED in dissemination: (2/1000) rounds
# ok: test finished successfully
#####################################################################
# Test #8: PROTO: multicast; LOSS: 25%; ARGS: 55
## Sourcing local environment...
## Starting test (args: --loss-chance 25 --nodes 100 multicast 55)...
INFO:root:total: 2365 msgs, discarded: 575 msgs
INFO:root:expected: 0.250000, actual: 0.243129
INFO:root:SUCCEED in dissemination: (2/1000) rounds
# ok: test finished successfully
#####################################################################
# Test #9: PROTO: multicast; LOSS: 25%; ARGS: 55
## Sourcing local environment...
## Starting test (args: --loss-chance 25 --nodes 100 multicast 55)...
INFO:root:total: 2420 msgs, discarded: 614 msgs
INFO:root:expected: 0.250000, actual: 0.253719
INFO:root:SUCCEED in dissemination: (2/1000) rounds
# ok: test finished successfully
#####################################################################
