# Test #0: PROTO: multicast; LOSS: 25%; ARGS: 80
## Sourcing local environment...
## Starting test (args: --loss-chance 25 --nodes 100 multicast 80)...
INFO:root:total: 5360 msgs, discarded: 1375 msgs
INFO:root:expected: 0.250000, actual: 0.256530
INFO:root:SUCCEED in dissemination: (2/500) rounds
# ok: test finished successfully
#####################################################################
# Test #1: PROTO: multicast; LOSS: 25%; ARGS: 80
## Sourcing local environment...
## Starting test (args: --loss-chance 25 --nodes 100 multicast 80)...
INFO:root:total: 4720 msgs, discarded: 1186 msgs
INFO:root:expected: 0.250000, actual: 0.251271
INFO:root:SUCCEED in dissemination: (2/500) rounds
# ok: test finished successfully
#####################################################################
# Test #2: PROTO: multicast; LOSS: 25%; ARGS: 80
## Sourcing local environment...
## Starting test (args: --loss-chance 25 --nodes 100 multicast 80)...
INFO:root:total: 4800 msgs, discarded: 1159 msgs
INFO:root:expected: 0.250000, actual: 0.241458
INFO:root:SUCCEED in dissemination: (2/500) rounds
# ok: test finished successfully
#####################################################################
# Test #3: PROTO: multicast; LOSS: 25%; ARGS: 80
## Sourcing local environment...
## Starting test (args: --loss-chance 25 --nodes 100 multicast 80)...
INFO:root:total: 5360 msgs, discarded: 1363 msgs
INFO:root:expected: 0.250000, actual: 0.254291
INFO:root:SUCCEED in dissemination: (2/500) rounds
# ok: test finished successfully
#####################################################################
# Test #4: PROTO: multicast; LOSS: 25%; ARGS: 80
## Sourcing local environment...
## Starting test (args: --loss-chance 25 --nodes 100 multicast 80)...
INFO:root:total: 5360 msgs, discarded: 1373 msgs
INFO:root:expected: 0.250000, actual: 0.256157
INFO:root:SUCCEED in dissemination: (2/500) rounds
# ok: test finished successfully
#####################################################################
# Test #5: PROTO: multicast; LOSS: 25%; ARGS: 80
## Sourcing local environment...
## Starting test (args: --loss-chance 25 --nodes 100 multicast 80)...
INFO:root:total: 4880 msgs, discarded: 1247 msgs
INFO:root:expected: 0.250000, actual: 0.255533
INFO:root:SUCCEED in dissemination: (2/500) rounds
# ok: test finished successfully
#####################################################################
# Test #6: PROTO: multicast; LOSS: 25%; ARGS: 80
## Sourcing local environment...
## Starting test (args: --loss-chance 25 --nodes 100 multicast 80)...
INFO:root:total: 5120 msgs, discarded: 1317 msgs
INFO:root:expected: 0.250000, actual: 0.257227
INFO:root:SUCCEED in dissemination: (2/500) rounds
# ok: test finished successfully
#####################################################################
# Test #7: PROTO: multicast; LOSS: 25%; ARGS: 80
## Sourcing local environment...
## Starting test (args: --loss-chance 25 --nodes 100 multicast 80)...
INFO:root:total: 5040 msgs, discarded: 1237 msgs
INFO:root:expected: 0.250000, actual: 0.245437
INFO:root:SUCCEED in dissemination: (2/500) rounds
# ok: test finished successfully
#####################################################################
# Test #8: PROTO: multicast; LOSS: 25%; ARGS: 80
## Sourcing local environment...
## Starting test (args: --loss-chance 25 --nodes 100 multicast 80)...
INFO:root:total: 4320 msgs, discarded: 1112 msgs
INFO:root:expected: 0.250000, actual: 0.257407
INFO:root:SUCCEED in dissemination: (2/500) rounds
# ok: test finished successfully
#####################################################################
# Test #9: PROTO: multicast; LOSS: 25%; ARGS: 80
## Sourcing local environment...
## Starting test (args: --loss-chance 25 --nodes 100 multicast 80)...
INFO:root:total: 5200 msgs, discarded: 1268 msgs
INFO:root:expected: 0.250000, actual: 0.243846
INFO:root:SUCCEED in dissemination: (2/500) rounds
# ok: test finished successfully
#####################################################################
