# Test #0: PROTO: multicast; LOSS: 25%; ARGS: 5
## Sourcing local environment...
## Starting test (args: --loss-chance 25 --nodes 100 multicast 5)...
INFO:root:total: 5005 msgs, discarded: 1202 msgs
INFO:root:expected: 0.250000, actual: 0.240160
INFO:root:SUCCEED in dissemination: (21/2000) rounds
# ok: test finished successfully
#####################################################################
# Test #1: PROTO: multicast; LOSS: 25%; ARGS: 5
## Sourcing local environment...
## Starting test (args: --loss-chance 25 --nodes 100 multicast 5)...
INFO:root:total: 5395 msgs, discarded: 1342 msgs
INFO:root:expected: 0.250000, actual: 0.248749
INFO:root:SUCCEED in dissemination: (22/2000) rounds
# ok: test finished successfully
#####################################################################
# Test #2: PROTO: multicast; LOSS: 25%; ARGS: 5
## Sourcing local environment...
## Starting test (args: --loss-chance 25 --nodes 100 multicast 5)...
INFO:root:total: 5150 msgs, discarded: 1294 msgs
INFO:root:expected: 0.250000, actual: 0.251262
INFO:root:SUCCEED in dissemination: (21/2000) rounds
# ok: test finished successfully
#####################################################################
# Test #3: PROTO: multicast; LOSS: 25%; ARGS: 5
## Sourcing local environment...
## Starting test (args: --loss-chance 25 --nodes 100 multicast 5)...
INFO:root:total: 5470 msgs, discarded: 1388 msgs
INFO:root:expected: 0.250000, actual: 0.253748
INFO:root:SUCCEED in dissemination: (22/2000) rounds
# ok: test finished successfully
#####################################################################
# Test #4: PROTO: multicast; LOSS: 25%; ARGS: 5
## Sourcing local environment...
## Starting test (args: --loss-chance 25 --nodes 100 multicast 5)...
INFO:root:total: 5210 msgs, discarded: 1293 msgs
INFO:root:expected: 0.250000, actual: 0.248177
INFO:root:SUCCEED in dissemination: (21/2000) rounds
# ok: test finished successfully
#####################################################################
# Test #5: PROTO: multicast; LOSS: 25%; ARGS: 5
## Sourcing local environment...
## Starting test (args: --loss-chance 25 --nodes 100 multicast 5)...
INFO:root:total: 5060 msgs, discarded: 1245 msgs
INFO:root:expected: 0.250000, actual: 0.246047
INFO:root:SUCCEED in dissemination: (21/2000) rounds
# ok: test finished successfully
#####################################################################
# Test #6: PROTO: multicast; LOSS: 25%; ARGS: 5
## Sourcing local environment...
## Starting test (args: --loss-chance 25 --nodes 100 multicast 5)...
INFO:root:total: 5535 msgs, discarded: 1329 msgs
INFO:root:expected: 0.250000, actual: 0.240108
INFO:root:SUCCEED in dissemination: (22/2000) rounds
# ok: test finished successfully
#####################################################################
# Test #7: PROTO: multicast; LOSS: 25%; ARGS: 5
## Sourcing local environment...
## Starting test (args: --loss-chance 25 --nodes 100 multicast 5)...
INFO:root:total: 5150 msgs, discarded: 1245 msgs
INFO:root:expected: 0.250000, actual: 0.241748
INFO:root:SUCCEED in dissemination: (21/2000) rounds
# ok: test finished successfully
#####################################################################
# Test #8: PROTO: multicast; LOSS: 25%; ARGS: 5
## Sourcing local environment...
## Starting test (args: --loss-chance 25 --nodes 100 multicast 5)...
INFO:root:total: 5290 msgs, discarded: 1351 msgs
INFO:root:expected: 0.250000, actual: 0.255388
INFO:root:SUCCEED in dissemination: (21/2000) rounds
# ok: test finished successfully
#####################################################################
# Test #9: PROTO: multicast; LOSS: 25%; ARGS: 5
## Sourcing local environment...
## Starting test (args: --loss-chance 25 --nodes 100 multicast 5)...
INFO:root:total: 5505 msgs, discarded: 1367 msgs
INFO:root:expected: 0.250000, actual: 0.248320
INFO:root:SUCCEED in dissemination: (22/2000) rounds
# ok: test finished successfully
#####################################################################
