# Test #0: PROTO: multicast; LOSS: 25%; ARGS: 30
## Sourcing local environment...
## Starting test (args: --loss-chance 25 --nodes 100 multicast 30)...
INFO:root:total: 5220 msgs, discarded: 1331 msgs
INFO:root:expected: 0.250000, actual: 0.254981
INFO:root:SUCCEED in dissemination: (4/1000) rounds
# ok: test finished successfully
#####################################################################
# Test #1: PROTO: multicast; LOSS: 25%; ARGS: 30
## Sourcing local environment...
## Starting test (args: --loss-chance 25 --nodes 100 multicast 30)...
INFO:root:total: 5310 msgs, discarded: 1287 msgs
INFO:root:expected: 0.250000, actual: 0.242373
INFO:root:SUCCEED in dissemination: (4/1000) rounds
# ok: test finished successfully
#####################################################################
# Test #2: PROTO: multicast; LOSS: 25%; ARGS: 30
## Sourcing local environment...
## Starting test (args: --loss-chance 25 --nodes 100 multicast 30)...
INFO:root:total: 5340 msgs, discarded: 1312 msgs
INFO:root:expected: 0.250000, actual: 0.245693
INFO:root:SUCCEED in dissemination: (4/1000) rounds
# ok: test finished successfully
#####################################################################
# Test #3: PROTO: multicast; LOSS: 25%; ARGS: 30
## Sourcing local environment...
## Starting test (args: --loss-chance 25 --nodes 100 multicast 30)...
INFO:root:total: 5250 msgs, discarded: 1289 msgs
INFO:root:expected: 0.250000, actual: 0.245524
INFO:root:SUCCEED in dissemination: (4/1000) rounds
# ok: test finished successfully
#####################################################################
# Test #4: PROTO: multicast; LOSS: 25%; ARGS: 30
## Sourcing local environment...
## Starting test (args: --loss-chance 25 --nodes 100 multicast 30)...
INFO:root:total: 5430 msgs, discarded: 1340 msgs
INFO:root:expected: 0.250000, actual: 0.246777
INFO:root:SUCCEED in dissemination: (4/1000) rounds
# ok: test finished successfully
#####################################################################
# Test #5: PROTO: multicast; LOSS: 25%; ARGS: 30
## Sourcing local environment...
## Starting test (args: --loss-chance 25 --nodes 100 multicast 30)...
INFO:root:total: 5160 msgs, discarded: 1342 msgs
INFO:root:expected: 0.250000, actual: 0.260078
INFO:root:SUCCEED in dissemination: (4/1000) rounds
# ok: test finished successfully
#####################################################################
# Test #6: PROTO: multicast; LOSS: 25%; ARGS: 30
## Sourcing local environment...
## Starting test (args: --loss-chance 25 --nodes 100 multicast 30)...
INFO:root:total: 5100 msgs, discarded: 1272 msgs
INFO:root:expected: 0.250000, actual: 0.249412
INFO:root:SUCCEED in dissemination: (4/1000) rounds
# ok: test finished successfully
#####################################################################
# Test #7: PROTO: multicast; LOSS: 25%; ARGS: 30
## Sourcing local environment...
## Starting test (args: --loss-chance 25 --nodes 100 multicast 30)...
INFO:root:total: 5010 msgs, discarded: 1323 msgs
INFO:root:expected: 0.250000, actual: 0.264072
INFO:root:SUCCEED in dissemination: (4/1000) rounds
# ok: test finished successfully
#####################################################################
# Test #8: PROTO: multicast; LOSS: 25%; ARGS: 30
## Sourcing local environment...
## Starting test (args: --loss-chance 25 --nodes 100 multicast 30)...
INFO:root:total: 5280 msgs, discarded: 1273 msgs
INFO:root:expected: 0.250000, actual: 0.241098
INFO:root:SUCCEED in dissemination: (4/1000) rounds
# ok: test finished successfully
#####################################################################
# Test #9: PROTO: multicast; LOSS: 25%; ARGS: 30
## Sourcing local environment...
## Starting test (args: --loss-chance 25 --nodes 100 multicast 30)...
INFO:root:total: 5280 msgs, discarded: 1309 msgs
INFO:root:expected: 0.250000, actual: 0.247917
INFO:root:SUCCEED in dissemination: (4/1000) rounds
# ok: test finished successfully
#####################################################################
