# Test #0: PROTO: multicast; LOSS: 50%; ARGS: 80
## Sourcing local environment...
## Starting test (args: --loss-chance 50 --nodes 100 multicast 80)...
INFO:root:total: 3920 msgs, discarded: 1965 msgs
INFO:root:expected: 0.500000, actual: 0.501276
INFO:root:SUCCEED in dissemination: (2/1000) rounds
# ok: test finished successfully
#####################################################################
# Test #1: PROTO: multicast; LOSS: 50%; ARGS: 80
## Sourcing local environment...
## Starting test (args: --loss-chance 50 --nodes 100 multicast 80)...
INFO:root:total: 3680 msgs, discarded: 1845 msgs
INFO:root:expected: 0.500000, actual: 0.501359
INFO:root:SUCCEED in dissemination: (2/1000) rounds
# ok: test finished successfully
#####################################################################
# Test #2: PROTO: multicast; LOSS: 50%; ARGS: 80
## Sourcing local environment...
## Starting test (args: --loss-chance 50 --nodes 100 multicast 80)...
INFO:root:total: 3120 msgs, discarded: 1580 msgs
INFO:root:expected: 0.500000, actual: 0.506410
INFO:root:SUCCEED in dissemination: (2/1000) rounds
# ok: test finished successfully
#####################################################################
# Test #3: PROTO: multicast; LOSS: 50%; ARGS: 80
## Sourcing local environment...
## Starting test (args: --loss-chance 50 --nodes 100 multicast 80)...
INFO:root:total: 3760 msgs, discarded: 1900 msgs
INFO:root:expected: 0.500000, actual: 0.505319
INFO:root:SUCCEED in dissemination: (2/1000) rounds
# ok: test finished successfully
#####################################################################
# Test #4: PROTO: multicast; LOSS: 50%; ARGS: 80
## Sourcing local environment...
## Starting test (args: --loss-chance 50 --nodes 100 multicast 80)...
INFO:root:total: 3200 msgs, discarded: 1619 msgs
INFO:root:expected: 0.500000, actual: 0.505938
INFO:root:SUCCEED in dissemination: (2/1000) rounds
# ok: test finished successfully
#####################################################################
# Test #5: PROTO: multicast; LOSS: 50%; ARGS: 80
## Sourcing local environment...
## Starting test (args: --loss-chance 50 --nodes 100 multicast 80)...
INFO:root:total: 3360 msgs, discarded: 1660 msgs
INFO:root:expected: 0.500000, actual: 0.494048
INFO:root:SUCCEED in dissemination: (2/1000) rounds
# ok: test finished successfully
#####################################################################
# Test #6: PROTO: multicast; LOSS: 50%; ARGS: 80
## Sourcing local environment...
## Starting test (args: --loss-chance 50 --nodes 100 multicast 80)...
INFO:root:total: 3280 msgs, discarded: 1648 msgs
INFO:root:expected: 0.500000, actual: 0.502439
INFO:root:SUCCEED in dissemination: (2/1000) rounds
# ok: test finished successfully
#####################################################################
# Test #7: PROTO: multicast; LOSS: 50%; ARGS: 80
## Sourcing local environment...
## Starting test (args: --loss-chance 50 --nodes 100 multicast 80)...
INFO:root:total: 2960 msgs, discarded: 1467 msgs
INFO:root:expected: 0.500000, actual: 0.495608
INFO:root:SUCCEED in dissemination: (2/1000) rounds
# ok: test finished successfully
#####################################################################
# Test #8: PROTO: multicast; LOSS: 50%; ARGS: 80
## Sourcing local environment...
## Starting test (args: --loss-chance 50 --nodes 100 multicast 80)...
INFO:root:total: 3280 msgs, discarded: 1628 msgs
INFO:root:expected: 0.500000, actual: 0.496341
INFO:root:SUCCEED in dissemination: (2/1000) rounds
# ok: test finished successfully
#####################################################################
# Test #9: PROTO: multicast; LOSS: 50%; ARGS: 80
## Sourcing local environment...
## Starting test (args: --loss-chance 50 --nodes 100 multicast 80)...
INFO:root:total: 3520 msgs, discarded: 1783 msgs
INFO:root:expected: 0.500000, actual: 0.506534
INFO:root:SUCCEED in dissemination: (2/1000) rounds
# ok: test finished successfully
#####################################################################
