# Test #0: PROTO: multicast; LOSS: 50%; ARGS: 55
## Sourcing local environment...
## Starting test (args: --loss-chance 50 --nodes 100 multicast 55)...
INFO:root:total: 1485 msgs, discarded: 765 msgs
INFO:root:expected: 0.500000, actual: 0.515152
INFO:root:SUCCEED in dissemination: (2/1000) rounds
# ok: test finished successfully
#####################################################################
# Test #1: PROTO: multicast; LOSS: 50%; ARGS: 55
## Sourcing local environment...
## Starting test (args: --loss-chance 50 --nodes 100 multicast 55)...
INFO:root:total: 7095 msgs, discarded: 3518 msgs
INFO:root:expected: 0.500000, actual: 0.495842
INFO:root:SUCCEED in dissemination: (3/1000) rounds
# ok: test finished successfully
#####################################################################
# Test #2: PROTO: multicast; LOSS: 50%; ARGS: 55
## Sourcing local environment...
## Starting test (args: --loss-chance 50 --nodes 100 multicast 55)...
INFO:root:total: 1265 msgs, discarded: 667 msgs
INFO:root:expected: 0.500000, actual: 0.527273
INFO:root:SUCCEED in dissemination: (2/1000) rounds
# ok: test finished successfully
#####################################################################
# Test #3: PROTO: multicast; LOSS: 50%; ARGS: 55
## Sourcing local environment...
## Starting test (args: --loss-chance 50 --nodes 100 multicast 55)...
INFO:root:total: 1870 msgs, discarded: 995 msgs
INFO:root:expected: 0.500000, actual: 0.532086
INFO:root:SUCCEED in dissemination: (2/1000) rounds
# ok: test finished successfully
#####################################################################
# Test #4: PROTO: multicast; LOSS: 50%; ARGS: 55
## Sourcing local environment...
## Starting test (args: --loss-chance 50 --nodes 100 multicast 55)...
INFO:root:total: 1815 msgs, discarded: 909 msgs
INFO:root:expected: 0.500000, actual: 0.500826
INFO:root:SUCCEED in dissemination: (2/1000) rounds
# ok: test finished successfully
#####################################################################
# Test #5: PROTO: multicast; LOSS: 50%; ARGS: 55
## Sourcing local environment...
## Starting test (args: --loss-chance 50 --nodes 100 multicast 55)...
INFO:root:total: 1705 msgs, discarded: 842 msgs
INFO:root:expected: 0.500000, actual: 0.493842
INFO:root:SUCCEED in dissemination: (2/1000) rounds
# ok: test finished successfully
#####################################################################
# Test #6: PROTO: multicast; LOSS: 50%; ARGS: 55
## Sourcing local environment...
## Starting test (args: --loss-chance 50 --nodes 100 multicast 55)...
INFO:root:total: 1375 msgs, discarded: 680 msgs
INFO:root:expected: 0.500000, actual: 0.494545
INFO:root:SUCCEED in dissemination: (2/1000) rounds
# ok: test finished successfully
#####################################################################
# Test #7: PROTO: multicast; LOSS: 50%; ARGS: 55
## Sourcing local environment...
## Starting test (args: --loss-chance 50 --nodes 100 multicast 55)...
INFO:root:total: 1925 msgs, discarded: 987 msgs
INFO:root:expected: 0.500000, actual: 0.512727
INFO:root:SUCCEED in dissemination: (2/1000) rounds
# ok: test finished successfully
#####################################################################
# Test #8: PROTO: multicast; LOSS: 50%; ARGS: 55
## Sourcing local environment...
## Starting test (args: --loss-chance 50 --nodes 100 multicast 55)...
INFO:root:total: 1760 msgs, discarded: 884 msgs
INFO:root:expected: 0.500000, actual: 0.502273
INFO:root:SUCCEED in dissemination: (2/1000) rounds
# ok: test finished successfully
#####################################################################
# Test #9: PROTO: multicast; LOSS: 50%; ARGS: 55
## Sourcing local environment...
## Starting test (args: --loss-chance 50 --nodes 100 multicast 55)...
INFO:root:total: 7040 msgs, discarded: 3576 msgs
INFO:root:expected: 0.500000, actual: 0.507955
INFO:root:SUCCEED in dissemination: (3/1000) rounds
# ok: test finished successfully
#####################################################################
