# Test #0: PROTO: multicast; LOSS: 50%; ARGS: 5
## Sourcing local environment...
## Starting test (args: --loss-chance 50 --nodes 100 multicast 5)...
INFO:root:total: 5640 msgs, discarded: 2826 msgs
INFO:root:expected: 0.500000, actual: 0.501064
INFO:root:SUCCEED in dissemination: (22/2000) rounds
# ok: test finished successfully
#####################################################################
# Test #1: PROTO: multicast; LOSS: 50%; ARGS: 5
## Sourcing local environment...
## Starting test (args: --loss-chance 50 --nodes 100 multicast 5)...
INFO:root:total: 5680 msgs, discarded: 2778 msgs
INFO:root:expected: 0.500000, actual: 0.489085
INFO:root:SUCCEED in dissemination: (23/2000) rounds
# ok: test finished successfully
#####################################################################
# Test #2: PROTO: multicast; LOSS: 50%; ARGS: 5
## Sourcing local environment...
## Starting test (args: --loss-chance 50 --nodes 100 multicast 5)...
INFO:root:total: 6235 msgs, discarded: 3135 msgs
INFO:root:expected: 0.500000, actual: 0.502807
INFO:root:SUCCEED in dissemination: (25/2000) rounds
# ok: test finished successfully
#####################################################################
# Test #3: PROTO: multicast; LOSS: 50%; ARGS: 5
## Sourcing local environment...
## Starting test (args: --loss-chance 50 --nodes 100 multicast 5)...
INFO:root:total: 6325 msgs, discarded: 3177 msgs
INFO:root:expected: 0.500000, actual: 0.502292
INFO:root:SUCCEED in dissemination: (25/2000) rounds
# ok: test finished successfully
#####################################################################
# Test #4: PROTO: multicast; LOSS: 50%; ARGS: 5
## Sourcing local environment...
## Starting test (args: --loss-chance 50 --nodes 100 multicast 5)...
INFO:root:total: 5855 msgs, discarded: 2971 msgs
INFO:root:expected: 0.500000, actual: 0.507430
INFO:root:SUCCEED in dissemination: (24/2000) rounds
# ok: test finished successfully
#####################################################################
# Test #5: PROTO: multicast; LOSS: 50%; ARGS: 5
## Sourcing local environment...
## Starting test (args: --loss-chance 50 --nodes 100 multicast 5)...
INFO:root:total: 5810 msgs, discarded: 2825 msgs
INFO:root:expected: 0.500000, actual: 0.486231
INFO:root:SUCCEED in dissemination: (23/2000) rounds
# ok: test finished successfully
#####################################################################
# Test #6: PROTO: multicast; LOSS: 50%; ARGS: 5
## Sourcing local environment...
## Starting test (args: --loss-chance 50 --nodes 100 multicast 5)...
INFO:root:total: 5860 msgs, discarded: 2927 msgs
INFO:root:expected: 0.500000, actual: 0.499488
INFO:root:SUCCEED in dissemination: (24/2000) rounds
# ok: test finished successfully
#####################################################################
# Test #7: PROTO: multicast; LOSS: 50%; ARGS: 5
## Sourcing local environment...
## Starting test (args: --loss-chance 50 --nodes 100 multicast 5)...
INFO:root:total: 5975 msgs, discarded: 2970 msgs
INFO:root:expected: 0.500000, actual: 0.497071
INFO:root:SUCCEED in dissemination: (25/2000) rounds
# ok: test finished successfully
#####################################################################
# Test #8: PROTO: multicast; LOSS: 50%; ARGS: 5
## Sourcing local environment...
## Starting test (args: --loss-chance 50 --nodes 100 multicast 5)...
INFO:root:total: 6045 msgs, discarded: 2996 msgs
INFO:root:expected: 0.500000, actual: 0.495616
INFO:root:SUCCEED in dissemination: (24/2000) rounds
# ok: test finished successfully
#####################################################################
# Test #9: PROTO: multicast; LOSS: 50%; ARGS: 5
## Sourcing local environment...
## Starting test (args: --loss-chance 50 --nodes 100 multicast 5)...
INFO:root:total: 6650 msgs, discarded: 3361 msgs
INFO:root:expected: 0.500000, actual: 0.505414
INFO:root:SUCCEED in dissemination: (26/2000) rounds
# ok: test finished successfully
#####################################################################
