# Test #0: PROTO: multicast; LOSS: 50%; ARGS: 30
## Sourcing local environment...
## Starting test (args: --loss-chance 50 --nodes 100 multicast 30)...
INFO:root:total: 4890 msgs, discarded: 2477 msgs
INFO:root:expected: 0.500000, actual: 0.506544
INFO:root:SUCCEED in dissemination: (4/2000) rounds
# ok: test finished successfully
#####################################################################
# Test #1: PROTO: multicast; LOSS: 50%; ARGS: 30
## Sourcing local environment...
## Starting test (args: --loss-chance 50 --nodes 100 multicast 30)...
INFO:root:total: 4950 msgs, discarded: 2504 msgs
INFO:root:expected: 0.500000, actual: 0.505859
INFO:root:SUCCEED in dissemination: (4/2000) rounds
# ok: test finished successfully
#####################################################################
# Test #2: PROTO: multicast; LOSS: 50%; ARGS: 30
## Sourcing local environment...
## Starting test (args: --loss-chance 50 --nodes 100 multicast 30)...
INFO:root:total: 4590 msgs, discarded: 2267 msgs
INFO:root:expected: 0.500000, actual: 0.493900
INFO:root:SUCCEED in dissemination: (4/2000) rounds
# ok: test finished successfully
#####################################################################
# Test #3: PROTO: multicast; LOSS: 50%; ARGS: 30
## Sourcing local environment...
## Starting test (args: --loss-chance 50 --nodes 100 multicast 30)...
INFO:root:total: 4710 msgs, discarded: 2317 msgs
INFO:root:expected: 0.500000, actual: 0.491932
INFO:root:SUCCEED in dissemination: (4/2000) rounds
# ok: test finished successfully
#####################################################################
# Test #4: PROTO: multicast; LOSS: 50%; ARGS: 30
## Sourcing local environment...
## Starting test (args: --loss-chance 50 --nodes 100 multicast 30)...
INFO:root:total: 4770 msgs, discarded: 2388 msgs
INFO:root:expected: 0.500000, actual: 0.500629
INFO:root:SUCCEED in dissemination: (4/2000) rounds
# ok: test finished successfully
#####################################################################
# Test #5: PROTO: multicast; LOSS: 50%; ARGS: 30
## Sourcing local environment...
## Starting test (args: --loss-chance 50 --nodes 100 multicast 30)...
INFO:root:total: 4980 msgs, discarded: 2500 msgs
INFO:root:expected: 0.500000, actual: 0.502008
INFO:root:SUCCEED in dissemination: (4/2000) rounds
# ok: test finished successfully
#####################################################################
# Test #6: PROTO: multicast; LOSS: 50%; ARGS: 30
## Sourcing local environment...
## Starting test (args: --loss-chance 50 --nodes 100 multicast 30)...
INFO:root:total: 4770 msgs, discarded: 2359 msgs
INFO:root:expected: 0.500000, actual: 0.494549
INFO:root:SUCCEED in dissemination: (4/2000) rounds
# ok: test finished successfully
#####################################################################
# Test #7: PROTO: multicast; LOSS: 50%; ARGS: 30
## Sourcing local environment...
## Starting test (args: --loss-chance 50 --nodes 100 multicast 30)...
INFO:root:total: 4800 msgs, discarded: 2413 msgs
INFO:root:expected: 0.500000, actual: 0.502708
INFO:root:SUCCEED in dissemination: (4/2000) rounds
# ok: test finished successfully
#####################################################################
# Test #8: PROTO: multicast; LOSS: 50%; ARGS: 30
## Sourcing local environment...
## Starting test (args: --loss-chance 50 --nodes 100 multicast 30)...
INFO:root:total: 4950 msgs, discarded: 2451 msgs
INFO:root:expected: 0.500000, actual: 0.495152
INFO:root:SUCCEED in dissemination: (4/2000) rounds
# ok: test finished successfully
#####################################################################
# Test #9: PROTO: multicast; LOSS: 50%; ARGS: 30
## Sourcing local environment...
## Starting test (args: --loss-chance 50 --nodes 100 multicast 30)...
INFO:root:total: 5010 msgs, discarded: 2556 msgs
INFO:root:expected: 0.500000, actual: 0.510180
INFO:root:SUCCEED in dissemination: (4/2000) rounds
# ok: test finished successfully
#####################################################################
