# Test #0: PROTO: multicast; LOSS: 75%; ARGS: 30
## Sourcing local environment...
## Starting test (args: --loss-chance 75 --nodes 100 multicast 30)...
INFO:root:total: 4200 msgs, discarded: 3176 msgs
INFO:root:expected: 0.750000, actual: 0.756190
INFO:root:SUCCEED in dissemination: (4/2000) rounds
# ok: test finished successfully
#####################################################################
# Test #1: PROTO: multicast; LOSS: 75%; ARGS: 30
## Sourcing local environment...
## Starting test (args: --loss-chance 75 --nodes 100 multicast 30)...
INFO:root:total: 4230 msgs, discarded: 3182 msgs
INFO:root:expected: 0.750000, actual: 0.752246
INFO:root:SUCCEED in dissemination: (4/2000) rounds
# ok: test finished successfully
#####################################################################
# Test #2: PROTO: multicast; LOSS: 75%; ARGS: 30
## Sourcing local environment...
## Starting test (args: --loss-chance 75 --nodes 100 multicast 30)...
INFO:root:total: 3930 msgs, discarded: 2910 msgs
INFO:root:expected: 0.750000, actual: 0.740458
INFO:root:SUCCEED in dissemination: (4/2000) rounds
# ok: test finished successfully
#####################################################################
# Test #3: PROTO: multicast; LOSS: 75%; ARGS: 30
## Sourcing local environment...
## Starting test (args: --loss-chance 75 --nodes 100 multicast 30)...
INFO:root:total: 3840 msgs, discarded: 2857 msgs
INFO:root:expected: 0.750000, actual: 0.744010
INFO:root:SUCCEED in dissemination: (4/2000) rounds
# ok: test finished successfully
#####################################################################
# Test #4: PROTO: multicast; LOSS: 75%; ARGS: 30
## Sourcing local environment...
## Starting test (args: --loss-chance 75 --nodes 100 multicast 30)...
INFO:root:total: 4020 msgs, discarded: 3050 msgs
INFO:root:expected: 0.750000, actual: 0.758706
INFO:root:SUCCEED in dissemination: (4/2000) rounds
# ok: test finished successfully
#####################################################################
# Test #5: PROTO: multicast; LOSS: 75%; ARGS: 30
## Sourcing local environment...
## Starting test (args: --loss-chance 75 --nodes 100 multicast 30)...
INFO:root:total: 3180 msgs, discarded: 2388 msgs
INFO:root:expected: 0.750000, actual: 0.750943
INFO:root:SUCCEED in dissemination: (4/2000) rounds
# ok: test finished successfully
#####################################################################
# Test #6: PROTO: multicast; LOSS: 75%; ARGS: 30
## Sourcing local environment...
## Starting test (args: --loss-chance 75 --nodes 100 multicast 30)...
INFO:root:total: 4230 msgs, discarded: 3183 msgs
INFO:root:expected: 0.750000, actual: 0.752482
INFO:root:SUCCEED in dissemination: (4/2000) rounds
# ok: test finished successfully
#####################################################################
# Test #7: PROTO: multicast; LOSS: 75%; ARGS: 30
## Sourcing local environment...
## Starting test (args: --loss-chance 75 --nodes 100 multicast 30)...
INFO:root:total: 4350 msgs, discarded: 3274 msgs
INFO:root:expected: 0.750000, actual: 0.752644
INFO:root:SUCCEED in dissemination: (4/2000) rounds
# ok: test finished successfully
#####################################################################
# Test #8: PROTO: multicast; LOSS: 75%; ARGS: 30
## Sourcing local environment...
## Starting test (args: --loss-chance 75 --nodes 100 multicast 30)...
INFO:root:total: 6630 msgs, discarded: 5003 msgs
INFO:root:expected: 0.750000, actual: 0.754600
INFO:root:SUCCEED in dissemination: (5/2000) rounds
# ok: test finished successfully
#####################################################################
# Test #9: PROTO: multicast; LOSS: 75%; ARGS: 30
## Sourcing local environment...
## Starting test (args: --loss-chance 75 --nodes 100 multicast 30)...
INFO:root:total: 3840 msgs, discarded: 2885 msgs
INFO:root:expected: 0.750000, actual: 0.751302
INFO:root:SUCCEED in dissemination: (4/2000) rounds
# ok: test finished successfully
#####################################################################
