# Test #0: PROTO: multicast; LOSS: 75%; ARGS: 55
## Sourcing local environment...
## Starting test (args: --loss-chance 75 --nodes 100 multicast 55)...
INFO:root:total: 6380 msgs, discarded: 4753 msgs
INFO:root:expected: 0.750000, actual: 0.744984
INFO:root:SUCCEED in dissemination: (3/500) rounds
# ok: test finished successfully
#####################################################################
# Test #1: PROTO: multicast; LOSS: 75%; ARGS: 55
## Sourcing local environment...
## Starting test (args: --loss-chance 75 --nodes 100 multicast 55)...
INFO:root:total: 5280 msgs, discarded: 3988 msgs
INFO:root:expected: 0.750000, actual: 0.755303
INFO:root:SUCCEED in dissemination: (3/500) rounds
# ok: test finished successfully
#####################################################################
# Test #2: PROTO: multicast; LOSS: 75%; ARGS: 55
## Sourcing local environment...
## Starting test (args: --loss-chance 75 --nodes 100 multicast 55)...
INFO:root:total: 5225 msgs, discarded: 3898 msgs
INFO:root:expected: 0.750000, actual: 0.746029
INFO:root:SUCCEED in dissemination: (3/500) rounds
# ok: test finished successfully
#####################################################################
# Test #3: PROTO: multicast; LOSS: 75%; ARGS: 55
## Sourcing local environment...
## Starting test (args: --loss-chance 75 --nodes 100 multicast 55)...
INFO:root:total: 5060 msgs, discarded: 3808 msgs
INFO:root:expected: 0.750000, actual: 0.752569
INFO:root:SUCCEED in dissemination: (3/500) rounds
# ok: test finished successfully
#####################################################################
# Test #4: PROTO: multicast; LOSS: 75%; ARGS: 55
## Sourcing local environment...
## Starting test (args: --loss-chance 75 --nodes 100 multicast 55)...
INFO:root:total: 5060 msgs, discarded: 3780 msgs
INFO:root:expected: 0.750000, actual: 0.747036
INFO:root:SUCCEED in dissemination: (3/500) rounds
# ok: test finished successfully
#####################################################################
# Test #5: PROTO: multicast; LOSS: 75%; ARGS: 55
## Sourcing local environment...
## Starting test (args: --loss-chance 75 --nodes 100 multicast 55)...
INFO:root:total: 5555 msgs, discarded: 4184 msgs
INFO:root:expected: 0.750000, actual: 0.753195
INFO:root:SUCCEED in dissemination: (3/500) rounds
# ok: test finished successfully
#####################################################################
# Test #6: PROTO: multicast; LOSS: 75%; ARGS: 55
## Sourcing local environment...
## Starting test (args: --loss-chance 75 --nodes 100 multicast 55)...
INFO:root:total: 5830 msgs, discarded: 4377 msgs
INFO:root:expected: 0.750000, actual: 0.750772
INFO:root:SUCCEED in dissemination: (3/500) rounds
# ok: test finished successfully
#####################################################################
# Test #7: PROTO: multicast; LOSS: 75%; ARGS: 55
## Sourcing local environment...
## Starting test (args: --loss-chance 75 --nodes 100 multicast 55)...
INFO:root:total: 5775 msgs, discarded: 4325 msgs
INFO:root:expected: 0.750000, actual: 0.748918
INFO:root:SUCCEED in dissemination: (3/500) rounds
# ok: test finished successfully
#####################################################################
# Test #8: PROTO: multicast; LOSS: 75%; ARGS: 55
## Sourcing local environment...
## Starting test (args: --loss-chance 75 --nodes 100 multicast 55)...
INFO:root:total: 6270 msgs, discarded: 4725 msgs
INFO:root:expected: 0.750000, actual: 0.753589
INFO:root:SUCCEED in dissemination: (3/500) rounds
# ok: test finished successfully
#####################################################################
# Test #9: PROTO: multicast; LOSS: 75%; ARGS: 55
## Sourcing local environment...
## Starting test (args: --loss-chance 75 --nodes 100 multicast 55)...
INFO:root:total: 5885 msgs, discarded: 4422 msgs
INFO:root:expected: 0.750000, actual: 0.751402
INFO:root:SUCCEED in dissemination: (3/500) rounds
# ok: test finished successfully
#####################################################################
