# Test #0: PROTO: multicast; LOSS: 75%; ARGS: 80
## Sourcing local environment...
## Starting test (args: --loss-chance 75 --nodes 100 multicast 80)...
INFO:root:total: 9520 msgs, discarded: 7093 msgs
INFO:root:expected: 0.750000, actual: 0.745063
INFO:root:SUCCEED in dissemination: (3/500) rounds
# ok: test finished successfully
#####################################################################
# Test #1: PROTO: multicast; LOSS: 75%; ARGS: 80
## Sourcing local environment...
## Starting test (args: --loss-chance 75 --nodes 100 multicast 80)...
INFO:root:total: 1760 msgs, discarded: 1324 msgs
INFO:root:expected: 0.750000, actual: 0.752273
INFO:root:SUCCEED in dissemination: (2/500) rounds
# ok: test finished successfully
#####################################################################
# Test #2: PROTO: multicast; LOSS: 75%; ARGS: 80
## Sourcing local environment...
## Starting test (args: --loss-chance 75 --nodes 100 multicast 80)...
INFO:root:total: 9600 msgs, discarded: 7165 msgs
INFO:root:expected: 0.750000, actual: 0.746354
INFO:root:SUCCEED in dissemination: (3/500) rounds
# ok: test finished successfully
#####################################################################
# Test #3: PROTO: multicast; LOSS: 75%; ARGS: 80
## Sourcing local environment...
## Starting test (args: --loss-chance 75 --nodes 100 multicast 80)...
INFO:root:total: 2000 msgs, discarded: 1499 msgs
INFO:root:expected: 0.750000, actual: 0.749500
INFO:root:SUCCEED in dissemination: (2/500) rounds
# ok: test finished successfully
#####################################################################
# Test #4: PROTO: multicast; LOSS: 75%; ARGS: 80
## Sourcing local environment...
## Starting test (args: --loss-chance 75 --nodes 100 multicast 80)...
INFO:root:total: 1600 msgs, discarded: 1197 msgs
INFO:root:expected: 0.750000, actual: 0.748125
INFO:root:SUCCEED in dissemination: (2/500) rounds
# ok: test finished successfully
#####################################################################
# Test #5: PROTO: multicast; LOSS: 75%; ARGS: 80
## Sourcing local environment...
## Starting test (args: --loss-chance 75 --nodes 100 multicast 80)...
INFO:root:total: 2000 msgs, discarded: 1491 msgs
INFO:root:expected: 0.750000, actual: 0.745500
INFO:root:SUCCEED in dissemination: (2/500) rounds
# ok: test finished successfully
#####################################################################
# Test #6: PROTO: multicast; LOSS: 75%; ARGS: 80
## Sourcing local environment...
## Starting test (args: --loss-chance 75 --nodes 100 multicast 80)...
INFO:root:total: 9360 msgs, discarded: 7042 msgs
INFO:root:expected: 0.750000, actual: 0.752350
INFO:root:SUCCEED in dissemination: (3/500) rounds
# ok: test finished successfully
#####################################################################
# Test #7: PROTO: multicast; LOSS: 75%; ARGS: 80
## Sourcing local environment...
## Starting test (args: --loss-chance 75 --nodes 100 multicast 80)...
INFO:root:total: 1600 msgs, discarded: 1175 msgs
INFO:root:expected: 0.750000, actual: 0.734375
INFO:root:SUCCEED in dissemination: (2/500) rounds
# ok: test finished successfully
#####################################################################
# Test #8: PROTO: multicast; LOSS: 75%; ARGS: 80
## Sourcing local environment...
## Starting test (args: --loss-chance 75 --nodes 100 multicast 80)...
INFO:root:total: 2080 msgs, discarded: 1566 msgs
INFO:root:expected: 0.750000, actual: 0.752885
INFO:root:SUCCEED in dissemination: (2/500) rounds
# ok: test finished successfully
#####################################################################
# Test #9: PROTO: multicast; LOSS: 75%; ARGS: 80
## Sourcing local environment...
## Starting test (args: --loss-chance 75 --nodes 100 multicast 80)...
INFO:root:total: 9520 msgs, discarded: 7192 msgs
INFO:root:expected: 0.750000, actual: 0.755462
INFO:root:SUCCEED in dissemination: (3/500) rounds
# ok: test finished successfully
#####################################################################
