# Test #0: PROTO: multicast; LOSS: 75%; ARGS: 5
## Sourcing local environment...
## Starting test (args: --loss-chance 75 --nodes 100 multicast 5)...
INFO:root:total: 7390 msgs, discarded: 5519 msgs
INFO:root:expected: 0.750000, actual: 0.746820
INFO:root:SUCCEED in dissemination: (29/1000) rounds
# ok: test finished successfully
#####################################################################
# Test #1: PROTO: multicast; LOSS: 75%; ARGS: 5
## Sourcing local environment...
## Starting test (args: --loss-chance 75 --nodes 100 multicast 5)...
INFO:root:total: 8065 msgs, discarded: 6062 msgs
INFO:root:expected: 0.750000, actual: 0.751643
INFO:root:SUCCEED in dissemination: (31/1000) rounds
# ok: test finished successfully
#####################################################################
# Test #2: PROTO: multicast; LOSS: 75%; ARGS: 5
## Sourcing local environment...
## Starting test (args: --loss-chance 75 --nodes 100 multicast 5)...
INFO:root:total: 7550 msgs, discarded: 5683 msgs
INFO:root:expected: 0.750000, actual: 0.752715
INFO:root:SUCCEED in dissemination: (30/1000) rounds
# ok: test finished successfully
#####################################################################
# Test #3: PROTO: multicast; LOSS: 75%; ARGS: 5
## Sourcing local environment...
## Starting test (args: --loss-chance 75 --nodes 100 multicast 5)...
INFO:root:total: 8140 msgs, discarded: 6140 msgs
INFO:root:expected: 0.750000, actual: 0.754300
INFO:root:SUCCEED in dissemination: (32/1000) rounds
# ok: test finished successfully
#####################################################################
# Test #4: PROTO: multicast; LOSS: 75%; ARGS: 5
## Sourcing local environment...
## Starting test (args: --loss-chance 75 --nodes 100 multicast 5)...
INFO:root:total: 7650 msgs, discarded: 5687 msgs
INFO:root:expected: 0.750000, actual: 0.743399
INFO:root:SUCCEED in dissemination: (31/1000) rounds
# ok: test finished successfully
#####################################################################
# Test #5: PROTO: multicast; LOSS: 75%; ARGS: 5
## Sourcing local environment...
## Starting test (args: --loss-chance 75 --nodes 100 multicast 5)...
INFO:root:total: 7825 msgs, discarded: 5809 msgs
INFO:root:expected: 0.750000, actual: 0.742364
INFO:root:SUCCEED in dissemination: (31/1000) rounds
# ok: test finished successfully
#####################################################################
# Test #6: PROTO: multicast; LOSS: 75%; ARGS: 5
## Sourcing local environment...
## Starting test (args: --loss-chance 75 --nodes 100 multicast 5)...
INFO:root:total: 7710 msgs, discarded: 5826 msgs
INFO:root:expected: 0.750000, actual: 0.755642
INFO:root:SUCCEED in dissemination: (31/1000) rounds
# ok: test finished successfully
#####################################################################
# Test #7: PROTO: multicast; LOSS: 75%; ARGS: 5
## Sourcing local environment...
## Starting test (args: --loss-chance 75 --nodes 100 multicast 5)...
INFO:root:total: 8950 msgs, discarded: 6723 msgs
INFO:root:expected: 0.750000, actual: 0.751173
INFO:root:SUCCEED in dissemination: (35/1000) rounds
# ok: test finished successfully
#####################################################################
# Test #8: PROTO: multicast; LOSS: 75%; ARGS: 5
## Sourcing local environment...
## Starting test (args: --loss-chance 75 --nodes 100 multicast 5)...
INFO:root:total: 8620 msgs, discarded: 6478 msgs
INFO:root:expected: 0.750000, actual: 0.751508
INFO:root:SUCCEED in dissemination: (34/1000) rounds
# ok: test finished successfully
#####################################################################
# Test #9: PROTO: multicast; LOSS: 75%; ARGS: 5
## Sourcing local environment...
## Starting test (args: --loss-chance 75 --nodes 100 multicast 5)...
INFO:root:total: 8275 msgs, discarded: 6236 msgs
INFO:root:expected: 0.750000, actual: 0.753595
INFO:root:SUCCEED in dissemination: (31/1000) rounds
# ok: test finished successfully
#####################################################################
