# Test #0: PROTO: multicast; LOSS: 90%; ARGS: 30
## Sourcing local environment...
## Starting test (args: --loss-chance 90 --nodes 100 multicast 30)...
INFO:root:total: 8160 msgs, discarded: 7356 msgs
INFO:root:expected: 0.900000, actual: 0.901471
INFO:root:SUCCEED in dissemination: (6/1000) rounds
# ok: test finished successfully
#####################################################################
# Test #1: PROTO: multicast; LOSS: 90%; ARGS: 30
## Sourcing local environment...
## Starting test (args: --loss-chance 90 --nodes 100 multicast 30)...
INFO:root:total: 7110 msgs, discarded: 6403 msgs
INFO:root:expected: 0.900000, actual: 0.900563
INFO:root:SUCCEED in dissemination: (6/1000) rounds
# ok: test finished successfully
#####################################################################
# Test #2: PROTO: multicast; LOSS: 90%; ARGS: 30
## Sourcing local environment...
## Starting test (args: --loss-chance 90 --nodes 100 multicast 30)...
INFO:root:total: 7890 msgs, discarded: 7150 msgs
INFO:root:expected: 0.900000, actual: 0.906210
INFO:root:SUCCEED in dissemination: (6/1000) rounds
# ok: test finished successfully
#####################################################################
# Test #3: PROTO: multicast; LOSS: 90%; ARGS: 30
## Sourcing local environment...
## Starting test (args: --loss-chance 90 --nodes 100 multicast 30)...
INFO:root:total: 7860 msgs, discarded: 7075 msgs
INFO:root:expected: 0.900000, actual: 0.900127
INFO:root:SUCCEED in dissemination: (7/1000) rounds
# ok: test finished successfully
#####################################################################
# Test #4: PROTO: multicast; LOSS: 90%; ARGS: 30
## Sourcing local environment...
## Starting test (args: --loss-chance 90 --nodes 100 multicast 30)...
INFO:root:total: 6990 msgs, discarded: 6270 msgs
INFO:root:expected: 0.900000, actual: 0.896996
INFO:root:SUCCEED in dissemination: (6/1000) rounds
# ok: test finished successfully
#####################################################################
# Test #5: PROTO: multicast; LOSS: 90%; ARGS: 30
## Sourcing local environment...
## Starting test (args: --loss-chance 90 --nodes 100 multicast 30)...
INFO:root:total: 13200 msgs, discarded: 11859 msgs
INFO:root:expected: 0.900000, actual: 0.898409
INFO:root:SUCCEED in dissemination: (8/1000) rounds
# ok: test finished successfully
#####################################################################
# Test #6: PROTO: multicast; LOSS: 90%; ARGS: 30
## Sourcing local environment...
## Starting test (args: --loss-chance 90 --nodes 100 multicast 30)...
INFO:root:total: 7440 msgs, discarded: 6630 msgs
INFO:root:expected: 0.900000, actual: 0.891129
INFO:root:SUCCEED in dissemination: (7/1000) rounds
# ok: test finished successfully
#####################################################################
# Test #7: PROTO: multicast; LOSS: 90%; ARGS: 30
## Sourcing local environment...
## Starting test (args: --loss-chance 90 --nodes 100 multicast 30)...
INFO:root:total: 10170 msgs, discarded: 9155 msgs
INFO:root:expected: 0.900000, actual: 0.900197
INFO:root:SUCCEED in dissemination: (7/1000) rounds
# ok: test finished successfully
#####################################################################
# Test #8: PROTO: multicast; LOSS: 90%; ARGS: 30
## Sourcing local environment...
## Starting test (args: --loss-chance 90 --nodes 100 multicast 30)...
INFO:root:total: 8010 msgs, discarded: 7188 msgs
INFO:root:expected: 0.900000, actual: 0.897378
INFO:root:SUCCEED in dissemination: (6/1000) rounds
# ok: test finished successfully
#####################################################################
# Test #9: PROTO: multicast; LOSS: 90%; ARGS: 30
## Sourcing local environment...
## Starting test (args: --loss-chance 90 --nodes 100 multicast 30)...
INFO:root:total: 9660 msgs, discarded: 8720 msgs
INFO:root:expected: 0.900000, actual: 0.902692
INFO:root:SUCCEED in dissemination: (7/1000) rounds
# ok: test finished successfully
#####################################################################
