# Test #0: PROTO: multicast; LOSS: 90%; ARGS: 55
## Sourcing local environment...
## Starting test (args: --loss-chance 90 --nodes 100 multicast 55)...
INFO:root:total: 8470 msgs, discarded: 7633 msgs
INFO:root:expected: 0.900000, actual: 0.901181
INFO:root:SUCCEED in dissemination: (4/2000) rounds
# ok: test finished successfully
#####################################################################
# Test #1: PROTO: multicast; LOSS: 90%; ARGS: 55
## Sourcing local environment...
## Starting test (args: --loss-chance 90 --nodes 100 multicast 55)...
INFO:root:total: 6765 msgs, discarded: 6100 msgs
INFO:root:expected: 0.900000, actual: 0.901700
INFO:root:SUCCEED in dissemination: (4/2000) rounds
# ok: test finished successfully
#####################################################################
# Test #2: PROTO: multicast; LOSS: 90%; ARGS: 55
## Sourcing local environment...
## Starting test (args: --loss-chance 90 --nodes 100 multicast 55)...
INFO:root:total: 7040 msgs, discarded: 6316 msgs
INFO:root:expected: 0.900000, actual: 0.897159
INFO:root:SUCCEED in dissemination: (4/2000) rounds
# ok: test finished successfully
#####################################################################
# Test #3: PROTO: multicast; LOSS: 90%; ARGS: 55
## Sourcing local environment...
## Starting test (args: --loss-chance 90 --nodes 100 multicast 55)...
INFO:root:total: 7260 msgs, discarded: 6514 msgs
INFO:root:expected: 0.900000, actual: 0.897245
INFO:root:SUCCEED in dissemination: (4/2000) rounds
# ok: test finished successfully
#####################################################################
# Test #4: PROTO: multicast; LOSS: 90%; ARGS: 55
## Sourcing local environment...
## Starting test (args: --loss-chance 90 --nodes 100 multicast 55)...
INFO:root:total: 8525 msgs, discarded: 7670 msgs
INFO:root:expected: 0.900000, actual: 0.899707
INFO:root:SUCCEED in dissemination: (4/2000) rounds
# ok: test finished successfully
#####################################################################
# Test #5: PROTO: multicast; LOSS: 90%; ARGS: 55
## Sourcing local environment...
## Starting test (args: --loss-chance 90 --nodes 100 multicast 55)...
INFO:root:total: 8415 msgs, discarded: 7606 msgs
INFO:root:expected: 0.900000, actual: 0.903862
INFO:root:SUCCEED in dissemination: (4/2000) rounds
# ok: test finished successfully
#####################################################################
# Test #6: PROTO: multicast; LOSS: 90%; ARGS: 55
## Sourcing local environment...
## Starting test (args: --loss-chance 90 --nodes 100 multicast 55)...
INFO:root:total: 6600 msgs, discarded: 5957 msgs
INFO:root:expected: 0.900000, actual: 0.902576
INFO:root:SUCCEED in dissemination: (4/2000) rounds
# ok: test finished successfully
#####################################################################
# Test #7: PROTO: multicast; LOSS: 90%; ARGS: 55
## Sourcing local environment...
## Starting test (args: --loss-chance 90 --nodes 100 multicast 55)...
INFO:root:total: 8305 msgs, discarded: 7445 msgs
INFO:root:expected: 0.900000, actual: 0.896448
INFO:root:SUCCEED in dissemination: (4/2000) rounds
# ok: test finished successfully
#####################################################################
# Test #8: PROTO: multicast; LOSS: 90%; ARGS: 55
## Sourcing local environment...
## Starting test (args: --loss-chance 90 --nodes 100 multicast 55)...
INFO:root:total: 7260 msgs, discarded: 6538 msgs
INFO:root:expected: 0.900000, actual: 0.900551
INFO:root:SUCCEED in dissemination: (4/2000) rounds
# ok: test finished successfully
#####################################################################
# Test #9: PROTO: multicast; LOSS: 90%; ARGS: 55
## Sourcing local environment...
## Starting test (args: --loss-chance 90 --nodes 100 multicast 55)...
INFO:root:total: 6710 msgs, discarded: 6072 msgs
INFO:root:expected: 0.900000, actual: 0.904918
INFO:root:SUCCEED in dissemination: (4/2000) rounds
# ok: test finished successfully
#####################################################################
