# Test #0: PROTO: multicast; LOSS: 90%; ARGS: 80
## Sourcing local environment...
## Starting test (args: --loss-chance 90 --nodes 100 multicast 80)...
INFO:root:total: 12480 msgs, discarded: 11208 msgs
INFO:root:expected: 0.900000, actual: 0.898077
INFO:root:SUCCEED in dissemination: (4/500) rounds
# ok: test finished successfully
#####################################################################
# Test #1: PROTO: multicast; LOSS: 90%; ARGS: 80
## Sourcing local environment...
## Starting test (args: --loss-chance 90 --nodes 100 multicast 80)...
INFO:root:total: 11840 msgs, discarded: 10639 msgs
INFO:root:expected: 0.900000, actual: 0.898564
INFO:root:SUCCEED in dissemination: (4/500) rounds
# ok: test finished successfully
#####################################################################
# Test #2: PROTO: multicast; LOSS: 90%; ARGS: 80
## Sourcing local environment...
## Starting test (args: --loss-chance 90 --nodes 100 multicast 80)...
INFO:root:total: 6320 msgs, discarded: 5718 msgs
INFO:root:expected: 0.900000, actual: 0.904747
INFO:root:SUCCEED in dissemination: (4/500) rounds
# ok: test finished successfully
#####################################################################
# Test #3: PROTO: multicast; LOSS: 90%; ARGS: 80
## Sourcing local environment...
## Starting test (args: --loss-chance 90 --nodes 100 multicast 80)...
INFO:root:total: 8000 msgs, discarded: 7188 msgs
INFO:root:expected: 0.900000, actual: 0.898500
INFO:root:SUCCEED in dissemination: (3/500) rounds
# ok: test finished successfully
#####################################################################
# Test #4: PROTO: multicast; LOSS: 90%; ARGS: 80
## Sourcing local environment...
## Starting test (args: --loss-chance 90 --nodes 100 multicast 80)...
INFO:root:total: 13280 msgs, discarded: 11980 msgs
INFO:root:expected: 0.900000, actual: 0.902108
INFO:root:SUCCEED in dissemination: (4/500) rounds
# ok: test finished successfully
#####################################################################
# Test #5: PROTO: multicast; LOSS: 90%; ARGS: 80
## Sourcing local environment...
## Starting test (args: --loss-chance 90 --nodes 100 multicast 80)...
INFO:root:total: 12240 msgs, discarded: 11037 msgs
INFO:root:expected: 0.900000, actual: 0.901716
INFO:root:SUCCEED in dissemination: (4/500) rounds
# ok: test finished successfully
#####################################################################
# Test #6: PROTO: multicast; LOSS: 90%; ARGS: 80
## Sourcing local environment...
## Starting test (args: --loss-chance 90 --nodes 100 multicast 80)...
INFO:root:total: 7520 msgs, discarded: 6742 msgs
INFO:root:expected: 0.900000, actual: 0.896543
INFO:root:SUCCEED in dissemination: (3/500) rounds
# ok: test finished successfully
#####################################################################
# Test #7: PROTO: multicast; LOSS: 90%; ARGS: 80
## Sourcing local environment...
## Starting test (args: --loss-chance 90 --nodes 100 multicast 80)...
INFO:root:total: 4320 msgs, discarded: 3882 msgs
INFO:root:expected: 0.900000, actual: 0.898611
INFO:root:SUCCEED in dissemination: (3/500) rounds
# ok: test finished successfully
#####################################################################
# Test #8: PROTO: multicast; LOSS: 90%; ARGS: 80
## Sourcing local environment...
## Starting test (args: --loss-chance 90 --nodes 100 multicast 80)...
INFO:root:total: 5040 msgs, discarded: 4528 msgs
INFO:root:expected: 0.900000, actual: 0.898413
INFO:root:SUCCEED in dissemination: (3/500) rounds
# ok: test finished successfully
#####################################################################
# Test #9: PROTO: multicast; LOSS: 90%; ARGS: 80
## Sourcing local environment...
## Starting test (args: --loss-chance 90 --nodes 100 multicast 80)...
INFO:root:total: 6000 msgs, discarded: 5387 msgs
INFO:root:expected: 0.900000, actual: 0.897833
INFO:root:SUCCEED in dissemination: (3/500) rounds
# ok: test finished successfully
#####################################################################
